[0.015s] Invoking command in '/home/pz10on/Work/ws01_plumbing/build/cpp07_exercise01': CMAKE_PREFIX_PATH=/home/pz10on/Work/ws01_plumbing/install/base_interfaces_demo:/home/pz10on/Work/ws01_plumbing/install/myfirst_matepkg:/home/pz10on/Work/ws01_plumbing/install/cpp07_exercise01:/home/pz10on/Work/ws01_plumbing/install/cpp06_time:/home/pz10on/Work/ws01_plumbing/install/cpp05_names:/home/pz10on/Work/ws01_plumbing/install/cpp04_param:/home/pz10on/Work/ws01_plumbing/install/cpp03_action:/home/pz10on/Work/ws01_plumbing/install/cpp02_service:/home/pz10on/Work/ws01_plumbing/install/cpp01_topic:/opt/ros/humble /usr/bin/cmake --build /home/pz10on/Work/ws01_plumbing/build/cpp07_exercise01 -- -j12 -l12
[0.032s] -- Found ament_cmake: 1.3.5 (/opt/ros/humble/share/ament_cmake/cmake)
[0.128s] -- Found rclcpp: 16.0.5 (/opt/ros/humble/share/rclcpp/cmake)
[0.147s] -- Found rosidl_generator_c: 3.1.5 (/opt/ros/humble/share/rosidl_generator_c/cmake)
[0.149s] -- Found rosidl_adapter: 3.1.5 (/opt/ros/humble/share/rosidl_adapter/cmake)
[0.152s] -- Found rosidl_generator_cpp: 3.1.5 (/opt/ros/humble/share/rosidl_generator_cpp/cmake)
[0.159s] -- Using all available rosidl_typesupport_c: rosidl_typesupport_fastrtps_c;rosidl_typesupport_introspection_c
[0.169s] -- Using all available rosidl_typesupport_cpp: rosidl_typesupport_fastrtps_cpp;rosidl_typesupport_introspection_cpp
[0.206s] -- Found rmw_implementation_cmake: 6.1.1 (/opt/ros/humble/share/rmw_implementation_cmake/cmake)
[0.207s] -- Found rmw_fastrtps_cpp: 6.2.3 (/opt/ros/humble/share/rmw_fastrtps_cpp/cmake)
[0.283s] -- Using RMW implementation 'rmw_fastrtps_cpp' as default
[0.384s] -- Found rclcpp_action: 16.0.5 (/opt/ros/humble/share/rclcpp_action/cmake)
[0.442s] -- Found base_interfaces_demo: 0.0.0 (/home/pz10on/Work/ws01_plumbing/install/base_interfaces_demo/share/base_interfaces_demo/cmake)
[0.474s] -- Found geometry_msgs: 4.2.3 (/opt/ros/humble/share/geometry_msgs/cmake)
[0.501s] -- Found turtlesim: 1.4.2 (/opt/ros/humble/share/turtlesim/cmake)
[0.540s] -- Found ament_lint_auto: 0.12.7 (/opt/ros/humble/share/ament_lint_auto/cmake)
[0.584s] -- Added test 'cppcheck' to perform static code analysis on C / C++ code
[0.584s] -- Configured cppcheck include dirs: $<BUILD_INTERFACE:/home/pz10on/Work/ws01_plumbing/src/cpp07_exercise01/include>
[0.584s] -- Configured cppcheck exclude dirs and/or files: 
[0.584s] -- Added test 'flake8' to check Python code syntax and style conventions
[0.584s] -- Added test 'lint_cmake' to check CMake code style
[0.585s] -- Added test 'pep257' to check Python code against some of the docstring style conventions in PEP 257
[0.585s] -- Added test 'uncrustify' to check C / C++ code style
[0.585s] -- Configured uncrustify additional arguments: 
[0.585s] -- Added test 'xmllint' to check XML markup files
[0.586s] -- Configuring done
[0.604s] -- Generating done
[0.605s] -- Build files have been written to: /home/pz10on/Work/ws01_plumbing/build/cpp07_exercise01
[0.626s] [35m[1mConsolidate compiler generated dependencies of target exer01_pub_sub[0m
[0.626s] [35m[1mConsolidate compiler generated dependencies of target exer03_client[0m
[0.626s] [35m[1mConsolidate compiler generated dependencies of target exer02_server[0m
[0.634s] [ 20%] [32mBuilding CXX object CMakeFiles/exer05_action_client.dir/src/exer05_action_client.cpp.o[0m
[0.634s] [ 20%] [32mBuilding CXX object CMakeFiles/exer04_action_server.dir/src/exer04_action_server.cpp.o[0m
[0.641s] [ 60%] [32mBuilding CXX object CMakeFiles/exer02_server.dir/src/exer02_server.cpp.o[0m
[0.641s] [ 60%] Built target exer01_pub_sub
[0.641s] [ 60%] [32mBuilding CXX object CMakeFiles/exer03_client.dir/src/exer03_client.cpp.o[0m
[2.807s] [ 70%] [32m[1mLinking CXX executable exer05_action_client[0m
[2.829s] [ 80%] [32m[1mLinking CXX executable exer04_action_server[0m
[2.905s] [ 80%] Built target exer05_action_client
[2.927s] [ 80%] Built target exer04_action_server
[3.330s] [ 90%] [32m[1mLinking CXX executable exer03_client[0m
[3.469s] [ 90%] Built target exer03_client
[6.857s] [100%] [32m[1mLinking CXX executable exer02_server[0m
[7.167s] [100%] Built target exer02_server
[7.176s] Invoked command in '/home/pz10on/Work/ws01_plumbing/build/cpp07_exercise01' returned '0': CMAKE_PREFIX_PATH=/home/pz10on/Work/ws01_plumbing/install/base_interfaces_demo:/home/pz10on/Work/ws01_plumbing/install/myfirst_matepkg:/home/pz10on/Work/ws01_plumbing/install/cpp07_exercise01:/home/pz10on/Work/ws01_plumbing/install/cpp06_time:/home/pz10on/Work/ws01_plumbing/install/cpp05_names:/home/pz10on/Work/ws01_plumbing/install/cpp04_param:/home/pz10on/Work/ws01_plumbing/install/cpp03_action:/home/pz10on/Work/ws01_plumbing/install/cpp02_service:/home/pz10on/Work/ws01_plumbing/install/cpp01_topic:/opt/ros/humble /usr/bin/cmake --build /home/pz10on/Work/ws01_plumbing/build/cpp07_exercise01 -- -j12 -l12
[7.205s] Invoking command in '/home/pz10on/Work/ws01_plumbing/build/cpp07_exercise01': CMAKE_PREFIX_PATH=/home/pz10on/Work/ws01_plumbing/install/base_interfaces_demo:/home/pz10on/Work/ws01_plumbing/install/myfirst_matepkg:/home/pz10on/Work/ws01_plumbing/install/cpp07_exercise01:/home/pz10on/Work/ws01_plumbing/install/cpp06_time:/home/pz10on/Work/ws01_plumbing/install/cpp05_names:/home/pz10on/Work/ws01_plumbing/install/cpp04_param:/home/pz10on/Work/ws01_plumbing/install/cpp03_action:/home/pz10on/Work/ws01_plumbing/install/cpp02_service:/home/pz10on/Work/ws01_plumbing/install/cpp01_topic:/opt/ros/humble /usr/bin/cmake --install /home/pz10on/Work/ws01_plumbing/build/cpp07_exercise01
[7.210s] -- Install configuration: ""
[7.210s] -- Up-to-date: /home/pz10on/Work/ws01_plumbing/install/cpp07_exercise01/lib/cpp07_exercise01/exer01_pub_sub
[7.210s] -- Installing: /home/pz10on/Work/ws01_plumbing/install/cpp07_exercise01/lib/cpp07_exercise01/exer02_server
[7.213s] -- Set runtime path of "/home/pz10on/Work/ws01_plumbing/install/cpp07_exercise01/lib/cpp07_exercise01/exer02_server" to ""
[7.213s] -- Installing: /home/pz10on/Work/ws01_plumbing/install/cpp07_exercise01/lib/cpp07_exercise01/exer03_client
[7.213s] -- Set runtime path of "/home/pz10on/Work/ws01_plumbing/install/cpp07_exercise01/lib/cpp07_exercise01/exer03_client" to ""
[7.214s] -- Installing: /home/pz10on/Work/ws01_plumbing/install/cpp07_exercise01/lib/cpp07_exercise01/exer04_action_server
[7.214s] -- Set runtime path of "/home/pz10on/Work/ws01_plumbing/install/cpp07_exercise01/lib/cpp07_exercise01/exer04_action_server" to ""
[7.214s] -- Installing: /home/pz10on/Work/ws01_plumbing/install/cpp07_exercise01/lib/cpp07_exercise01/exer05_action_client
[7.214s] -- Set runtime path of "/home/pz10on/Work/ws01_plumbing/install/cpp07_exercise01/lib/cpp07_exercise01/exer05_action_client" to ""
[7.214s] -- Up-to-date: /home/pz10on/Work/ws01_plumbing/install/cpp07_exercise01/share/cpp07_exercise01/launch
[7.214s] -- Installing: /home/pz10on/Work/ws01_plumbing/install/cpp07_exercise01/share/cpp07_exercise01/launch/exer05_action_client_launch.py
[7.214s] -- Up-to-date: /home/pz10on/Work/ws01_plumbing/install/cpp07_exercise01/share/cpp07_exercise01/launch/exer01_pub_sub_launch.py
[7.214s] -- Up-to-date: /home/pz10on/Work/ws01_plumbing/install/cpp07_exercise01/share/cpp07_exercise01/launch/exer03_client_launch.py
[7.214s] -- Up-to-date: /home/pz10on/Work/ws01_plumbing/install/cpp07_exercise01/share/cpp07_exercise01/launch/exer02_server_launch.py
[7.214s] -- Up-to-date: /home/pz10on/Work/ws01_plumbing/install/cpp07_exercise01/share/cpp07_exercise01/launch/exer04_action_server_launch.py
[7.214s] -- Up-to-date: /home/pz10on/Work/ws01_plumbing/install/cpp07_exercise01/share/ament_index/resource_index/package_run_dependencies/cpp07_exercise01
[7.214s] -- Up-to-date: /home/pz10on/Work/ws01_plumbing/install/cpp07_exercise01/share/ament_index/resource_index/parent_prefix_path/cpp07_exercise01
[7.215s] -- Up-to-date: /home/pz10on/Work/ws01_plumbing/install/cpp07_exercise01/share/cpp07_exercise01/environment/ament_prefix_path.sh
[7.215s] -- Installing: /home/pz10on/Work/ws01_plumbing/install/cpp07_exercise01/share/cpp07_exercise01/environment/ament_prefix_path.dsv
[7.215s] -- Up-to-date: /home/pz10on/Work/ws01_plumbing/install/cpp07_exercise01/share/cpp07_exercise01/environment/path.sh
[7.215s] -- Installing: /home/pz10on/Work/ws01_plumbing/install/cpp07_exercise01/share/cpp07_exercise01/environment/path.dsv
[7.215s] -- Up-to-date: /home/pz10on/Work/ws01_plumbing/install/cpp07_exercise01/share/cpp07_exercise01/local_setup.bash
[7.215s] -- Up-to-date: /home/pz10on/Work/ws01_plumbing/install/cpp07_exercise01/share/cpp07_exercise01/local_setup.sh
[7.215s] -- Up-to-date: /home/pz10on/Work/ws01_plumbing/install/cpp07_exercise01/share/cpp07_exercise01/local_setup.zsh
[7.215s] -- Installing: /home/pz10on/Work/ws01_plumbing/install/cpp07_exercise01/share/cpp07_exercise01/local_setup.dsv
[7.215s] -- Installing: /home/pz10on/Work/ws01_plumbing/install/cpp07_exercise01/share/cpp07_exercise01/package.dsv
[7.215s] -- Up-to-date: /home/pz10on/Work/ws01_plumbing/install/cpp07_exercise01/share/ament_index/resource_index/packages/cpp07_exercise01
[7.215s] -- Up-to-date: /home/pz10on/Work/ws01_plumbing/install/cpp07_exercise01/share/cpp07_exercise01/cmake/cpp07_exercise01Config.cmake
[7.215s] -- Up-to-date: /home/pz10on/Work/ws01_plumbing/install/cpp07_exercise01/share/cpp07_exercise01/cmake/cpp07_exercise01Config-version.cmake
[7.215s] -- Up-to-date: /home/pz10on/Work/ws01_plumbing/install/cpp07_exercise01/share/cpp07_exercise01/package.xml
[7.217s] Invoked command in '/home/pz10on/Work/ws01_plumbing/build/cpp07_exercise01' returned '0': CMAKE_PREFIX_PATH=/home/pz10on/Work/ws01_plumbing/install/base_interfaces_demo:/home/pz10on/Work/ws01_plumbing/install/myfirst_matepkg:/home/pz10on/Work/ws01_plumbing/install/cpp07_exercise01:/home/pz10on/Work/ws01_plumbing/install/cpp06_time:/home/pz10on/Work/ws01_plumbing/install/cpp05_names:/home/pz10on/Work/ws01_plumbing/install/cpp04_param:/home/pz10on/Work/ws01_plumbing/install/cpp03_action:/home/pz10on/Work/ws01_plumbing/install/cpp02_service:/home/pz10on/Work/ws01_plumbing/install/cpp01_topic:/opt/ros/humble /usr/bin/cmake --install /home/pz10on/Work/ws01_plumbing/build/cpp07_exercise01
