[0.012s] Invoking command in '/home/pz10on/Work/ws01_plumbing/build/cpp02_service': CMAKE_PREFIX_PATH=/home/pz10on/Work/ws01_plumbing/install/base_interfaces_demo:/home/pz10on/Work/ws01_plumbing/install/cpp02_service:/home/pz10on/Work/ws01_plumbing/install/cpp01_topic:/opt/ros/humble /usr/bin/cmake --build /home/pz10on/Work/ws01_plumbing/build/cpp02_service -- -j12 -l12
[0.041s] [35m[1mConsolidate compiler generated dependencies of target demo01_server[0m
[0.050s] [ 50%] Built target demo02_client
[0.053s] [ 75%] [32mBuilding CXX object CMakeFiles/demo01_server.dir/src/demo01_server.cpp.o[0m
[1.682s] In file included from [01m[K/opt/ros/humble/include/rclcpp/rclcpp/logging.hpp:24[m[K,
[1.682s]                  from [01m[K/opt/ros/humble/include/rclcpp/rclcpp/client.hpp:40[m[K,
[1.682s]                  from [01m[K/opt/ros/humble/include/rclcpp/rclcpp/callback_group.hpp:24[m[K,
[1.682s]                  from [01m[K/opt/ros/humble/include/rclcpp/rclcpp/any_executable.hpp:20[m[K,
[1.682s]                  from [01m[K/opt/ros/humble/include/rclcpp/rclcpp/memory_strategy.hpp:25[m[K,
[1.682s]                  from [01m[K/opt/ros/humble/include/rclcpp/rclcpp/memory_strategies.hpp:18[m[K,
[1.682s]                  from [01m[K/opt/ros/humble/include/rclcpp/rclcpp/executor_options.hpp:20[m[K,
[1.682s]                  from [01m[K/opt/ros/humble/include/rclcpp/rclcpp/executor.hpp:37[m[K,
[1.682s]                  from [01m[K/opt/ros/humble/include/rclcpp/rclcpp/executors/multi_threaded_executor.hpp:25[m[K,
[1.682s]                  from [01m[K/opt/ros/humble/include/rclcpp/rclcpp/executors.hpp:21[m[K,
[1.682s]                  from [01m[K/opt/ros/humble/include/rclcpp/rclcpp/rclcpp.hpp:155[m[K,
[1.682s]                  from [01m[K/home/pz10on/Work/ws01_plumbing/src/cpp02_service/src/demo01_server.cpp:13[m[K:
[1.683s] [01m[K/home/pz10on/Work/ws01_plumbing/src/cpp02_service/src/demo01_server.cpp:[m[K In member function ‘[01m[Kvoid AddintServer::add(base_interfaces_demo::srv::Addint_Request_<std::allocator<void> >::SharedPtr, base_interfaces_demo::srv::Addint_Response_<std::allocator<void> >::SharedPtr)[m[K’:
[1.683s] [01m[K/home/pz10on/Work/ws01_plumbing/src/cpp02_service/src/demo01_server.cpp:38:43:[m[K [01;35m[Kwarning: [m[Ktoo many arguments for format [[01;35m[K]8;;https://gcc.gnu.org/onlinedocs/gcc/Warning-Options.html#index-Wformat-extra-args-Wformat-extra-args]8;;[m[K]
[1.683s]    38 |           RCLCPP_INFO(this->get_logger(), [01;35m[K"+%d=%d"[m[K,req->num1, req->num2, res->num3);
[1.683s]       |                                           [01;35m[K^~~~~~~~[m[K
[2.476s] [100%] [32m[1mLinking CXX executable demo01_server[0m
[2.575s] [100%] Built target demo01_server
[2.584s] Invoked command in '/home/pz10on/Work/ws01_plumbing/build/cpp02_service' returned '0': CMAKE_PREFIX_PATH=/home/pz10on/Work/ws01_plumbing/install/base_interfaces_demo:/home/pz10on/Work/ws01_plumbing/install/cpp02_service:/home/pz10on/Work/ws01_plumbing/install/cpp01_topic:/opt/ros/humble /usr/bin/cmake --build /home/pz10on/Work/ws01_plumbing/build/cpp02_service -- -j12 -l12
[2.609s] Invoking command in '/home/pz10on/Work/ws01_plumbing/build/cpp02_service': CMAKE_PREFIX_PATH=/home/pz10on/Work/ws01_plumbing/install/base_interfaces_demo:/home/pz10on/Work/ws01_plumbing/install/cpp02_service:/home/pz10on/Work/ws01_plumbing/install/cpp01_topic:/opt/ros/humble /usr/bin/cmake --install /home/pz10on/Work/ws01_plumbing/build/cpp02_service
[2.614s] -- Install configuration: ""
[2.614s] -- Installing: /home/pz10on/Work/ws01_plumbing/install/cpp02_service/lib/cpp02_service/demo01_server
[2.614s] -- Set runtime path of "/home/pz10on/Work/ws01_plumbing/install/cpp02_service/lib/cpp02_service/demo01_server" to ""
[2.614s] -- Up-to-date: /home/pz10on/Work/ws01_plumbing/install/cpp02_service/lib/cpp02_service/demo02_client
[2.614s] -- Up-to-date: /home/pz10on/Work/ws01_plumbing/install/cpp02_service/share/ament_index/resource_index/package_run_dependencies/cpp02_service
[2.615s] -- Up-to-date: /home/pz10on/Work/ws01_plumbing/install/cpp02_service/share/ament_index/resource_index/parent_prefix_path/cpp02_service
[2.615s] -- Up-to-date: /home/pz10on/Work/ws01_plumbing/install/cpp02_service/share/cpp02_service/environment/ament_prefix_path.sh
[2.615s] -- Up-to-date: /home/pz10on/Work/ws01_plumbing/install/cpp02_service/share/cpp02_service/environment/ament_prefix_path.dsv
[2.615s] -- Up-to-date: /home/pz10on/Work/ws01_plumbing/install/cpp02_service/share/cpp02_service/environment/path.sh
[2.615s] -- Up-to-date: /home/pz10on/Work/ws01_plumbing/install/cpp02_service/share/cpp02_service/environment/path.dsv
[2.615s] -- Up-to-date: /home/pz10on/Work/ws01_plumbing/install/cpp02_service/share/cpp02_service/local_setup.bash
[2.615s] -- Up-to-date: /home/pz10on/Work/ws01_plumbing/install/cpp02_service/share/cpp02_service/local_setup.sh
[2.615s] -- Up-to-date: /home/pz10on/Work/ws01_plumbing/install/cpp02_service/share/cpp02_service/local_setup.zsh
[2.615s] -- Up-to-date: /home/pz10on/Work/ws01_plumbing/install/cpp02_service/share/cpp02_service/local_setup.dsv
[2.615s] -- Installing: /home/pz10on/Work/ws01_plumbing/install/cpp02_service/share/cpp02_service/package.dsv
[2.615s] -- Up-to-date: /home/pz10on/Work/ws01_plumbing/install/cpp02_service/share/ament_index/resource_index/packages/cpp02_service
[2.615s] -- Up-to-date: /home/pz10on/Work/ws01_plumbing/install/cpp02_service/share/cpp02_service/cmake/cpp02_serviceConfig.cmake
[2.615s] -- Up-to-date: /home/pz10on/Work/ws01_plumbing/install/cpp02_service/share/cpp02_service/cmake/cpp02_serviceConfig-version.cmake
[2.615s] -- Up-to-date: /home/pz10on/Work/ws01_plumbing/install/cpp02_service/share/cpp02_service/package.xml
[2.617s] Invoked command in '/home/pz10on/Work/ws01_plumbing/build/cpp02_service' returned '0': CMAKE_PREFIX_PATH=/home/pz10on/Work/ws01_plumbing/install/base_interfaces_demo:/home/pz10on/Work/ws01_plumbing/install/cpp02_service:/home/pz10on/Work/ws01_plumbing/install/cpp01_topic:/opt/ros/humble /usr/bin/cmake --install /home/pz10on/Work/ws01_plumbing/build/cpp02_service
