[0.012s] Invoking command in '/home/pz10on/Work/ws01_plumbing/build/cpp07_exercise01': CMAKE_PREFIX_PATH=/home/pz10on/Work/ws01_plumbing/install/base_interfaces_demo:/home/pz10on/Work/ws01_plumbing/install/myfirst_matepkg:/home/pz10on/Work/ws01_plumbing/install/cpp07_exercise01:/home/pz10on/Work/ws01_plumbing/install/cpp06_time:/home/pz10on/Work/ws01_plumbing/install/cpp05_names:/home/pz10on/Work/ws01_plumbing/install/cpp04_param:/home/pz10on/Work/ws01_plumbing/install/cpp03_action:/home/pz10on/Work/ws01_plumbing/install/cpp02_service:/home/pz10on/Work/ws01_plumbing/install/cpp01_topic:/opt/ros/humble /usr/bin/cmake --build /home/pz10on/Work/ws01_plumbing/build/cpp07_exercise01 -- -j12 -l12
[0.050s] [100%] Built target exer01_pub_sub
[0.057s] Invoked command in '/home/pz10on/Work/ws01_plumbing/build/cpp07_exercise01' returned '0': CMAKE_PREFIX_PATH=/home/pz10on/Work/ws01_plumbing/install/base_interfaces_demo:/home/pz10on/Work/ws01_plumbing/install/myfirst_matepkg:/home/pz10on/Work/ws01_plumbing/install/cpp07_exercise01:/home/pz10on/Work/ws01_plumbing/install/cpp06_time:/home/pz10on/Work/ws01_plumbing/install/cpp05_names:/home/pz10on/Work/ws01_plumbing/install/cpp04_param:/home/pz10on/Work/ws01_plumbing/install/cpp03_action:/home/pz10on/Work/ws01_plumbing/install/cpp02_service:/home/pz10on/Work/ws01_plumbing/install/cpp01_topic:/opt/ros/humble /usr/bin/cmake --build /home/pz10on/Work/ws01_plumbing/build/cpp07_exercise01 -- -j12 -l12
[0.079s] Invoking command in '/home/pz10on/Work/ws01_plumbing/build/cpp07_exercise01': CMAKE_PREFIX_PATH=/home/pz10on/Work/ws01_plumbing/install/base_interfaces_demo:/home/pz10on/Work/ws01_plumbing/install/myfirst_matepkg:/home/pz10on/Work/ws01_plumbing/install/cpp07_exercise01:/home/pz10on/Work/ws01_plumbing/install/cpp06_time:/home/pz10on/Work/ws01_plumbing/install/cpp05_names:/home/pz10on/Work/ws01_plumbing/install/cpp04_param:/home/pz10on/Work/ws01_plumbing/install/cpp03_action:/home/pz10on/Work/ws01_plumbing/install/cpp02_service:/home/pz10on/Work/ws01_plumbing/install/cpp01_topic:/opt/ros/humble /usr/bin/cmake --install /home/pz10on/Work/ws01_plumbing/build/cpp07_exercise01
[0.084s] -- Install configuration: ""
[0.085s] -- Up-to-date: /home/pz10on/Work/ws01_plumbing/install/cpp07_exercise01/lib/cpp07_exercise01/exer01_pub_sub
[0.085s] -- Up-to-date: /home/pz10on/Work/ws01_plumbing/install/cpp07_exercise01/share/cpp07_exercise01/launch
[0.085s] -- Installing: /home/pz10on/Work/ws01_plumbing/install/cpp07_exercise01/share/cpp07_exercise01/launch/exer01_pub_sub_launch.py
[0.085s] -- Up-to-date: /home/pz10on/Work/ws01_plumbing/install/cpp07_exercise01/share/ament_index/resource_index/package_run_dependencies/cpp07_exercise01
[0.085s] -- Up-to-date: /home/pz10on/Work/ws01_plumbing/install/cpp07_exercise01/share/ament_index/resource_index/parent_prefix_path/cpp07_exercise01
[0.085s] -- Up-to-date: /home/pz10on/Work/ws01_plumbing/install/cpp07_exercise01/share/cpp07_exercise01/environment/ament_prefix_path.sh
[0.085s] -- Up-to-date: /home/pz10on/Work/ws01_plumbing/install/cpp07_exercise01/share/cpp07_exercise01/environment/ament_prefix_path.dsv
[0.085s] -- Up-to-date: /home/pz10on/Work/ws01_plumbing/install/cpp07_exercise01/share/cpp07_exercise01/environment/path.sh
[0.085s] -- Up-to-date: /home/pz10on/Work/ws01_plumbing/install/cpp07_exercise01/share/cpp07_exercise01/environment/path.dsv
[0.085s] -- Up-to-date: /home/pz10on/Work/ws01_plumbing/install/cpp07_exercise01/share/cpp07_exercise01/local_setup.bash
[0.085s] -- Up-to-date: /home/pz10on/Work/ws01_plumbing/install/cpp07_exercise01/share/cpp07_exercise01/local_setup.sh
[0.085s] -- Up-to-date: /home/pz10on/Work/ws01_plumbing/install/cpp07_exercise01/share/cpp07_exercise01/local_setup.zsh
[0.085s] -- Up-to-date: /home/pz10on/Work/ws01_plumbing/install/cpp07_exercise01/share/cpp07_exercise01/local_setup.dsv
[0.085s] -- Installing: /home/pz10on/Work/ws01_plumbing/install/cpp07_exercise01/share/cpp07_exercise01/package.dsv
[0.085s] -- Up-to-date: /home/pz10on/Work/ws01_plumbing/install/cpp07_exercise01/share/ament_index/resource_index/packages/cpp07_exercise01
[0.085s] -- Up-to-date: /home/pz10on/Work/ws01_plumbing/install/cpp07_exercise01/share/cpp07_exercise01/cmake/cpp07_exercise01Config.cmake
[0.085s] -- Up-to-date: /home/pz10on/Work/ws01_plumbing/install/cpp07_exercise01/share/cpp07_exercise01/cmake/cpp07_exercise01Config-version.cmake
[0.085s] -- Up-to-date: /home/pz10on/Work/ws01_plumbing/install/cpp07_exercise01/share/cpp07_exercise01/package.xml
[0.087s] Invoked command in '/home/pz10on/Work/ws01_plumbing/build/cpp07_exercise01' returned '0': CMAKE_PREFIX_PATH=/home/pz10on/Work/ws01_plumbing/install/base_interfaces_demo:/home/pz10on/Work/ws01_plumbing/install/myfirst_matepkg:/home/pz10on/Work/ws01_plumbing/install/cpp07_exercise01:/home/pz10on/Work/ws01_plumbing/install/cpp06_time:/home/pz10on/Work/ws01_plumbing/install/cpp05_names:/home/pz10on/Work/ws01_plumbing/install/cpp04_param:/home/pz10on/Work/ws01_plumbing/install/cpp03_action:/home/pz10on/Work/ws01_plumbing/install/cpp02_service:/home/pz10on/Work/ws01_plumbing/install/cpp01_topic:/opt/ros/humble /usr/bin/cmake --install /home/pz10on/Work/ws01_plumbing/build/cpp07_exercise01
