[0.012s] Invoking command in '/home/pz10on/Work/ws01_plumbing/build/cpp03_action': CMAKE_PREFIX_PATH=/home/pz10on/Work/ws01_plumbing/install/base_interfaces_demo:/home/pz10on/Work/ws01_plumbing/install/cpp03_action:/home/pz10on/Work/ws01_plumbing/install/cpp02_service:/home/pz10on/Work/ws01_plumbing/install/cpp01_topic:/opt/ros/humble /usr/bin/cmake --build /home/pz10on/Work/ws01_plumbing/build/cpp03_action -- -j12 -l12
[0.041s] [35m[1mConsolidate compiler generated dependencies of target demo01_action_server[0m
[0.049s] [ 50%] Built target demo02_action_client
[0.053s] [ 75%] [32mBuilding CXX object CMakeFiles/demo01_action_server.dir/src/demo01_action_server.cpp.o[0m
[1.864s] [01m[K/home/pz10on/Work/ws01_plumbing/src/cpp03_action/src/demo01_action_server.cpp:[m[K In member function ‘[01m[Krclcpp_action::CancelResponse ProgressActionServer::handle_cancel(std::shared_ptr<rclcpp_action::ServerGoalHandle<base_interfaces_demo::action::Progress> >)[m[K’:
[1.864s] [01m[K/home/pz10on/Work/ws01_plumbing/src/cpp03_action/src/demo01_action_server.cpp:78:13:[m[K [01;35m[Kwarning: [m[Kunused parameter ‘[01m[Kgoal_handdle[m[K’ [[01;35m[K]8;;https://gcc.gnu.org/onlinedocs/gcc/Warning-Options.html#index-Wunused-parameter-Wunused-parameter]8;;[m[K]
[1.864s]    77 |         [01;35m[Kstd::shared_ptr<rclcpp_action::ServerGoalHandle<Progress>>[m[K
[1.864s]       |         [01;35m[K~~~~~~~~~~~~~~~~~~~~~~~~~~~~~~~~~~~~~~~~~~~~~~~~~~~~~~~~~~[m[K
[1.864s]    78 | [01;35m[K            goal_handdle[m[K) {
[1.864s]       |             [01;35m[K^~~~~~~~~~~~[m[K
[1.864s] [01m[K/home/pz10on/Work/ws01_plumbing/src/cpp03_action/src/demo01_action_server.cpp:[m[K In member function ‘[01m[Kvoid ProgressActionServer::handle_accept(std::shared_ptr<rclcpp_action::ServerGoalHandle<base_interfaces_demo::action::Progress> >)[m[K’:
[1.864s] [01m[K/home/pz10on/Work/ws01_plumbing/src/cpp03_action/src/demo01_action_server.cpp:88:13:[m[K [01;35m[Kwarning: [m[Kunused parameter ‘[01m[Kgoal_handdle[m[K’ [[01;35m[K]8;;https://gcc.gnu.org/onlinedocs/gcc/Warning-Options.html#index-Wunused-parameter-Wunused-parameter]8;;[m[K]
[1.864s]    87 |         [01;35m[Kstd::shared_ptr<rclcpp_action::ServerGoalHandle<Progress>>[m[K
[1.864s]       |         [01;35m[K~~~~~~~~~~~~~~~~~~~~~~~~~~~~~~~~~~~~~~~~~~~~~~~~~~~~~~~~~~[m[K
[1.864s]    88 | [01;35m[K            goal_handdle[m[K) {}
[1.864s]       |             [01;35m[K^~~~~~~~~~~~[m[K
[2.688s] [100%] [32m[1mLinking CXX executable demo01_action_server[0m
[2.801s] [100%] Built target demo01_action_server
[2.808s] Invoked command in '/home/pz10on/Work/ws01_plumbing/build/cpp03_action' returned '0': CMAKE_PREFIX_PATH=/home/pz10on/Work/ws01_plumbing/install/base_interfaces_demo:/home/pz10on/Work/ws01_plumbing/install/cpp03_action:/home/pz10on/Work/ws01_plumbing/install/cpp02_service:/home/pz10on/Work/ws01_plumbing/install/cpp01_topic:/opt/ros/humble /usr/bin/cmake --build /home/pz10on/Work/ws01_plumbing/build/cpp03_action -- -j12 -l12
[2.833s] Invoking command in '/home/pz10on/Work/ws01_plumbing/build/cpp03_action': CMAKE_PREFIX_PATH=/home/pz10on/Work/ws01_plumbing/install/base_interfaces_demo:/home/pz10on/Work/ws01_plumbing/install/cpp03_action:/home/pz10on/Work/ws01_plumbing/install/cpp02_service:/home/pz10on/Work/ws01_plumbing/install/cpp01_topic:/opt/ros/humble /usr/bin/cmake --install /home/pz10on/Work/ws01_plumbing/build/cpp03_action
[2.838s] -- Install configuration: ""
[2.838s] -- Installing: /home/pz10on/Work/ws01_plumbing/install/cpp03_action/lib/cpp03_action/demo01_action_server
[2.839s] -- Set runtime path of "/home/pz10on/Work/ws01_plumbing/install/cpp03_action/lib/cpp03_action/demo01_action_server" to ""
[2.839s] -- Up-to-date: /home/pz10on/Work/ws01_plumbing/install/cpp03_action/lib/cpp03_action/demo02_action_client
[2.839s] -- Up-to-date: /home/pz10on/Work/ws01_plumbing/install/cpp03_action/share/ament_index/resource_index/package_run_dependencies/cpp03_action
[2.839s] -- Up-to-date: /home/pz10on/Work/ws01_plumbing/install/cpp03_action/share/ament_index/resource_index/parent_prefix_path/cpp03_action
[2.839s] -- Up-to-date: /home/pz10on/Work/ws01_plumbing/install/cpp03_action/share/cpp03_action/environment/ament_prefix_path.sh
[2.839s] -- Up-to-date: /home/pz10on/Work/ws01_plumbing/install/cpp03_action/share/cpp03_action/environment/ament_prefix_path.dsv
[2.840s] -- Up-to-date: /home/pz10on/Work/ws01_plumbing/install/cpp03_action/share/cpp03_action/environment/path.sh
[2.840s] -- Up-to-date: /home/pz10on/Work/ws01_plumbing/install/cpp03_action/share/cpp03_action/environment/path.dsv
[2.840s] -- Up-to-date: /home/pz10on/Work/ws01_plumbing/install/cpp03_action/share/cpp03_action/local_setup.bash
[2.840s] -- Up-to-date: /home/pz10on/Work/ws01_plumbing/install/cpp03_action/share/cpp03_action/local_setup.sh
[2.840s] -- Up-to-date: /home/pz10on/Work/ws01_plumbing/install/cpp03_action/share/cpp03_action/local_setup.zsh
[2.840s] -- Up-to-date: /home/pz10on/Work/ws01_plumbing/install/cpp03_action/share/cpp03_action/local_setup.dsv
[2.840s] -- Installing: /home/pz10on/Work/ws01_plumbing/install/cpp03_action/share/cpp03_action/package.dsv
[2.840s] -- Up-to-date: /home/pz10on/Work/ws01_plumbing/install/cpp03_action/share/ament_index/resource_index/packages/cpp03_action
[2.840s] -- Up-to-date: /home/pz10on/Work/ws01_plumbing/install/cpp03_action/share/cpp03_action/cmake/cpp03_actionConfig.cmake
[2.840s] -- Up-to-date: /home/pz10on/Work/ws01_plumbing/install/cpp03_action/share/cpp03_action/cmake/cpp03_actionConfig-version.cmake
[2.840s] -- Up-to-date: /home/pz10on/Work/ws01_plumbing/install/cpp03_action/share/cpp03_action/package.xml
[2.841s] Invoked command in '/home/pz10on/Work/ws01_plumbing/build/cpp03_action' returned '0': CMAKE_PREFIX_PATH=/home/pz10on/Work/ws01_plumbing/install/base_interfaces_demo:/home/pz10on/Work/ws01_plumbing/install/cpp03_action:/home/pz10on/Work/ws01_plumbing/install/cpp02_service:/home/pz10on/Work/ws01_plumbing/install/cpp01_topic:/opt/ros/humble /usr/bin/cmake --install /home/pz10on/Work/ws01_plumbing/build/cpp03_action
