[0.012s] Invoking command in '/home/pz10on/Work/ws01_plumbing/build/base_interfaces_demo': CMAKE_PREFIX_PATH=/opt/ros/humble /usr/bin/cmake --build /home/pz10on/Work/ws01_plumbing/build/base_interfaces_demo -- -j12 -l12
[0.031s] -- Found ament_cmake: 1.3.5 (/opt/ros/humble/share/ament_cmake/cmake)
[0.133s] -- Found rosidl_default_generators: 1.2.0 (/opt/ros/humble/share/rosidl_default_generators/cmake)
[0.133s] -- Using all available rosidl_typesupport_c: rosidl_typesupport_fastrtps_c;rosidl_typesupport_introspection_c
[0.135s] -- Found rosidl_adapter: 3.1.5 (/opt/ros/humble/share/rosidl_adapter/cmake)
[0.154s] -- Using all available rosidl_typesupport_cpp: rosidl_typesupport_fastrtps_cpp;rosidl_typesupport_introspection_cpp
[0.344s] -- Found ament_cmake_ros: 0.10.0 (/opt/ros/humble/share/ament_cmake_ros/cmake)
[0.467s] -- Using all available rosidl_typesupport_c: rosidl_typesupport_fastrtps_c;rosidl_typesupport_introspection_c
[0.641s] -- Using all available rosidl_typesupport_cpp: rosidl_typesupport_fastrtps_cpp;rosidl_typesupport_introspection_cpp
[0.657s] -- Found python_cmake_module: 0.10.0 (/opt/ros/humble/share/python_cmake_module/cmake)
[0.674s] -- Using PYTHON_EXECUTABLE: /usr/bin/python3
[0.674s] -- Using PYTHON_INCLUDE_DIRS: /usr/include/python3.10
[0.674s] -- Using PYTHON_LIBRARIES: /usr/lib/x86_64-linux-gnu/libpython3.10.so
[0.681s] -- Found ament_lint_auto: 0.12.7 (/opt/ros/humble/share/ament_lint_auto/cmake)
[0.684s] -- Configuring done
[0.704s] -- Generating done
[0.705s] -- Build files have been written to: /home/pz10on/Work/ws01_plumbing/build/base_interfaces_demo
[0.724s] [  2%] [34m[1mGenerating C code for ROS interfaces[0m
[0.731s] [  5%] [34m[1mGenerating C++ code for ROS interfaces[0m
[0.737s] [  5%] Built target ament_cmake_python_copy_base_interfaces_demo
[0.897s] running egg_info
[0.897s] writing base_interfaces_demo.egg-info/PKG-INFO
[0.897s] writing dependency_links to base_interfaces_demo.egg-info/dependency_links.txt
[0.898s] writing top-level names to base_interfaces_demo.egg-info/top_level.txt
[0.899s] reading manifest file 'base_interfaces_demo.egg-info/SOURCES.txt'
[0.900s] writing manifest file 'base_interfaces_demo.egg-info/SOURCES.txt'
[0.921s] [  5%] Built target ament_cmake_python_build_base_interfaces_demo_egg
[0.958s] [  5%] Built target base_interfaces_demo__cpp
[0.964s] [35m[1mConsolidate compiler generated dependencies of target base_interfaces_demo__rosidl_generator_c[0m
[0.964s] [ 12%] [34m[1mGenerating C++ introspection for ROS interfaces[0m
[0.964s] [ 12%] [34m[1mGenerating C++ type support for eProsima Fast-RTPS[0m
[0.965s] [ 12%] [34m[1mGenerating C++ type support dispatch for ROS interfaces[0m
[0.971s] [ 17%] [32mBuilding C object CMakeFiles/base_interfaces_demo__rosidl_generator_c.dir/rosidl_generator_c/base_interfaces_demo/msg/detail/student__functions.c.o[0m
[0.971s] [ 17%] [32mBuilding C object CMakeFiles/base_interfaces_demo__rosidl_generator_c.dir/rosidl_generator_c/base_interfaces_demo/srv/detail/addint__functions.c.o[0m
[1.030s] [ 20%] [32m[1mLinking C shared library libbase_interfaces_demo__rosidl_generator_c.so[0m
[1.060s] [ 20%] Built target base_interfaces_demo__rosidl_generator_c
[1.068s] [ 28%] [34m[1mGenerating C introspection for ROS interfaces[0m
[1.068s] [ 28%] [34m[1mGenerating C type support dispatch for ROS interfaces[0m
[1.068s] [ 28%] [34m[1mGenerating C type support for eProsima Fast-RTPS[0m
[1.160s] [35m[1mConsolidate compiler generated dependencies of target base_interfaces_demo__rosidl_typesupport_cpp[0m
[1.169s] [ 30%] [32mBuilding CXX object CMakeFiles/base_interfaces_demo__rosidl_typesupport_cpp.dir/rosidl_typesupport_cpp/base_interfaces_demo/msg/student__type_support.cpp.o[0m
[1.171s] [ 33%] [32mBuilding CXX object CMakeFiles/base_interfaces_demo__rosidl_typesupport_cpp.dir/rosidl_typesupport_cpp/base_interfaces_demo/srv/addint__type_support.cpp.o[0m
[1.176s] [35m[1mConsolidate compiler generated dependencies of target base_interfaces_demo__rosidl_typesupport_introspection_cpp[0m
[1.185s] [ 35%] [32mBuilding CXX object CMakeFiles/base_interfaces_demo__rosidl_typesupport_introspection_cpp.dir/rosidl_typesupport_introspection_cpp/base_interfaces_demo/msg/detail/student__type_support.cpp.o[0m
[1.185s] [ 38%] [32mBuilding CXX object CMakeFiles/base_interfaces_demo__rosidl_typesupport_introspection_cpp.dir/rosidl_typesupport_introspection_cpp/base_interfaces_demo/srv/detail/addint__type_support.cpp.o[0m
[1.255s] [35m[1mConsolidate compiler generated dependencies of target base_interfaces_demo__rosidl_typesupport_c[0m
[1.265s] [ 41%] [32mBuilding CXX object CMakeFiles/base_interfaces_demo__rosidl_typesupport_c.dir/rosidl_typesupport_c/base_interfaces_demo/msg/student__type_support.cpp.o[0m
[1.265s] [ 43%] [32mBuilding CXX object CMakeFiles/base_interfaces_demo__rosidl_typesupport_c.dir/rosidl_typesupport_c/base_interfaces_demo/srv/addint__type_support.cpp.o[0m
[1.297s] [35m[1mConsolidate compiler generated dependencies of target base_interfaces_demo__rosidl_typesupport_introspection_c[0m
[1.299s] [ 46%] [32m[1mLinking CXX shared library libbase_interfaces_demo__rosidl_typesupport_c.so[0m
[1.307s] [ 51%] [32mBuilding C object CMakeFiles/base_interfaces_demo__rosidl_typesupport_introspection_c.dir/rosidl_typesupport_introspection_c/base_interfaces_demo/srv/detail/addint__type_support.c.o[0m
[1.308s] [ 51%] [32mBuilding C object CMakeFiles/base_interfaces_demo__rosidl_typesupport_introspection_c.dir/rosidl_typesupport_introspection_c/base_interfaces_demo/msg/detail/student__type_support.c.o[0m
[1.327s] [35m[1mConsolidate compiler generated dependencies of target base_interfaces_demo__rosidl_typesupport_fastrtps_cpp[0m
[1.340s] [ 53%] [32mBuilding CXX object CMakeFiles/base_interfaces_demo__rosidl_typesupport_fastrtps_cpp.dir/rosidl_typesupport_fastrtps_cpp/base_interfaces_demo/msg/detail/dds_fastrtps/student__type_support.cpp.o[0m
[1.340s] [ 56%] [32mBuilding CXX object CMakeFiles/base_interfaces_demo__rosidl_typesupport_fastrtps_cpp.dir/rosidl_typesupport_fastrtps_cpp/base_interfaces_demo/srv/detail/dds_fastrtps/addint__type_support.cpp.o[0m
[1.344s] [ 58%] [32m[1mLinking C shared library libbase_interfaces_demo__rosidl_typesupport_introspection_c.so[0m
[1.344s] [ 58%] Built target base_interfaces_demo__rosidl_typesupport_c
[1.368s] [ 58%] Built target base_interfaces_demo__rosidl_typesupport_introspection_c
[1.393s] [35m[1mConsolidate compiler generated dependencies of target base_interfaces_demo__rosidl_typesupport_fastrtps_c[0m
[1.403s] [ 61%] [32mBuilding CXX object CMakeFiles/base_interfaces_demo__rosidl_typesupport_fastrtps_c.dir/rosidl_typesupport_fastrtps_c/base_interfaces_demo/msg/detail/student__type_support_c.cpp.o[0m
[1.405s] [ 64%] [32mBuilding CXX object CMakeFiles/base_interfaces_demo__rosidl_typesupport_fastrtps_c.dir/rosidl_typesupport_fastrtps_c/base_interfaces_demo/srv/detail/addint__type_support_c.cpp.o[0m
[1.465s] [ 66%] [32m[1mLinking CXX shared library libbase_interfaces_demo__rosidl_typesupport_cpp.so[0m
[1.509s] [ 66%] Built target base_interfaces_demo__rosidl_typesupport_cpp
[1.562s] [ 69%] [32m[1mLinking CXX shared library libbase_interfaces_demo__rosidl_typesupport_introspection_cpp.so[0m
[1.609s] [ 69%] Built target base_interfaces_demo__rosidl_typesupport_introspection_cpp
[1.662s] [ 71%] [32m[1mLinking CXX shared library libbase_interfaces_demo__rosidl_typesupport_fastrtps_c.so[0m
[1.718s] [ 71%] Built target base_interfaces_demo__rosidl_typesupport_fastrtps_c
[1.746s] [ 74%] [32m[1mLinking CXX shared library libbase_interfaces_demo__rosidl_typesupport_fastrtps_cpp.so[0m
[1.796s] [ 74%] Built target base_interfaces_demo__rosidl_typesupport_fastrtps_cpp
[1.810s] [ 74%] Built target base_interfaces_demo
[1.824s] [ 76%] [34m[1mGenerating Python code for ROS interfaces[0m
[2.188s] [ 76%] Built target base_interfaces_demo__py
[2.195s] [35m[1mConsolidate compiler generated dependencies of target base_interfaces_demo__rosidl_generator_py[0m
[2.203s] [ 82%] [32mBuilding C object CMakeFiles/base_interfaces_demo__rosidl_generator_py.dir/rosidl_generator_py/base_interfaces_demo/srv/_addint_s.c.o[0m
[2.203s] [ 82%] [32mBuilding C object CMakeFiles/base_interfaces_demo__rosidl_generator_py.dir/rosidl_generator_py/base_interfaces_demo/msg/_student_s.c.o[0m
[2.292s] [ 84%] [32m[1mLinking C shared library rosidl_generator_py/base_interfaces_demo/libbase_interfaces_demo__rosidl_generator_py.so[0m
[2.319s] [ 84%] Built target base_interfaces_demo__rosidl_generator_py
[2.326s] [35m[1mConsolidate compiler generated dependencies of target base_interfaces_demo__rosidl_typesupport_fastrtps_c__pyext[0m
[2.327s] [35m[1mConsolidate compiler generated dependencies of target base_interfaces_demo__rosidl_typesupport_introspection_c__pyext[0m
[2.327s] [35m[1mConsolidate compiler generated dependencies of target base_interfaces_demo__rosidl_typesupport_c__pyext[0m
[2.335s] [ 92%] [32mBuilding C object CMakeFiles/base_interfaces_demo__rosidl_typesupport_fastrtps_c__pyext.dir/rosidl_generator_py/base_interfaces_demo/_base_interfaces_demo_s.ep.rosidl_typesupport_fastrtps_c.c.o[0m
[2.335s] [ 92%] [32mBuilding C object CMakeFiles/base_interfaces_demo__rosidl_typesupport_introspection_c__pyext.dir/rosidl_generator_py/base_interfaces_demo/_base_interfaces_demo_s.ep.rosidl_typesupport_introspection_c.c.o[0m
[2.335s] [ 92%] [32mBuilding C object CMakeFiles/base_interfaces_demo__rosidl_typesupport_c__pyext.dir/rosidl_generator_py/base_interfaces_demo/_base_interfaces_demo_s.ep.rosidl_typesupport_c.c.o[0m
[2.398s] [ 94%] [32m[1mLinking C shared library rosidl_generator_py/base_interfaces_demo/base_interfaces_demo_s__rosidl_typesupport_c.cpython-310-x86_64-linux-gnu.so[0m
[2.399s] [ 97%] [32m[1mLinking C shared library rosidl_generator_py/base_interfaces_demo/base_interfaces_demo_s__rosidl_typesupport_introspection_c.cpython-310-x86_64-linux-gnu.so[0m
[2.400s] [100%] [32m[1mLinking C shared library rosidl_generator_py/base_interfaces_demo/base_interfaces_demo_s__rosidl_typesupport_fastrtps_c.cpython-310-x86_64-linux-gnu.so[0m
[2.421s] [100%] Built target base_interfaces_demo__rosidl_typesupport_c__pyext
[2.421s] [100%] Built target base_interfaces_demo__rosidl_typesupport_introspection_c__pyext
[2.425s] [100%] Built target base_interfaces_demo__rosidl_typesupport_fastrtps_c__pyext
[2.433s] Invoked command in '/home/pz10on/Work/ws01_plumbing/build/base_interfaces_demo' returned '0': CMAKE_PREFIX_PATH=/opt/ros/humble /usr/bin/cmake --build /home/pz10on/Work/ws01_plumbing/build/base_interfaces_demo -- -j12 -l12
[2.484s] Invoking command in '/home/pz10on/Work/ws01_plumbing/build/base_interfaces_demo': CMAKE_PREFIX_PATH=/opt/ros/humble /usr/bin/cmake --install /home/pz10on/Work/ws01_plumbing/build/base_interfaces_demo
[2.490s] -- Install configuration: ""
[2.491s] -- Installing: /home/pz10on/Work/ws01_plumbing/install/base_interfaces_demo/share/ament_index/resource_index/rosidl_interfaces/base_interfaces_demo
[2.491s] -- Up-to-date: /home/pz10on/Work/ws01_plumbing/install/base_interfaces_demo/include/base_interfaces_demo/base_interfaces_demo
[2.491s] -- Up-to-date: /home/pz10on/Work/ws01_plumbing/install/base_interfaces_demo/include/base_interfaces_demo/base_interfaces_demo/msg
[2.491s] -- Up-to-date: /home/pz10on/Work/ws01_plumbing/install/base_interfaces_demo/include/base_interfaces_demo/base_interfaces_demo/msg/detail
[2.491s] -- Installing: /home/pz10on/Work/ws01_plumbing/install/base_interfaces_demo/include/base_interfaces_demo/base_interfaces_demo/msg/detail/student__functions.h
[2.491s] -- Installing: /home/pz10on/Work/ws01_plumbing/install/base_interfaces_demo/include/base_interfaces_demo/base_interfaces_demo/msg/detail/student__type_support.h
[2.491s] -- Installing: /home/pz10on/Work/ws01_plumbing/install/base_interfaces_demo/include/base_interfaces_demo/base_interfaces_demo/msg/detail/student__functions.c
[2.491s] -- Installing: /home/pz10on/Work/ws01_plumbing/install/base_interfaces_demo/include/base_interfaces_demo/base_interfaces_demo/msg/detail/student__struct.h
[2.491s] -- Up-to-date: /home/pz10on/Work/ws01_plumbing/install/base_interfaces_demo/include/base_interfaces_demo/base_interfaces_demo/msg/rosidl_generator_c__visibility_control.h
[2.491s] -- Installing: /home/pz10on/Work/ws01_plumbing/install/base_interfaces_demo/include/base_interfaces_demo/base_interfaces_demo/msg/student.h
[2.491s] -- Installing: /home/pz10on/Work/ws01_plumbing/install/base_interfaces_demo/include/base_interfaces_demo/base_interfaces_demo/srv
[2.491s] -- Installing: /home/pz10on/Work/ws01_plumbing/install/base_interfaces_demo/include/base_interfaces_demo/base_interfaces_demo/srv/detail
[2.491s] -- Installing: /home/pz10on/Work/ws01_plumbing/install/base_interfaces_demo/include/base_interfaces_demo/base_interfaces_demo/srv/detail/addint__type_support.h
[2.491s] -- Installing: /home/pz10on/Work/ws01_plumbing/install/base_interfaces_demo/include/base_interfaces_demo/base_interfaces_demo/srv/detail/addint__functions.h
[2.491s] -- Installing: /home/pz10on/Work/ws01_plumbing/install/base_interfaces_demo/include/base_interfaces_demo/base_interfaces_demo/srv/detail/addint__struct.h
[2.491s] -- Installing: /home/pz10on/Work/ws01_plumbing/install/base_interfaces_demo/include/base_interfaces_demo/base_interfaces_demo/srv/detail/addint__functions.c
[2.492s] -- Installing: /home/pz10on/Work/ws01_plumbing/install/base_interfaces_demo/include/base_interfaces_demo/base_interfaces_demo/srv/addint.h
[2.492s] -- Up-to-date: /home/pz10on/Work/ws01_plumbing/install/base_interfaces_demo/share/base_interfaces_demo/environment/library_path.sh
[2.492s] -- Installing: /home/pz10on/Work/ws01_plumbing/install/base_interfaces_demo/share/base_interfaces_demo/environment/library_path.dsv
[2.492s] -- Installing: /home/pz10on/Work/ws01_plumbing/install/base_interfaces_demo/lib/libbase_interfaces_demo__rosidl_generator_c.so
[2.492s] -- Set runtime path of "/home/pz10on/Work/ws01_plumbing/install/base_interfaces_demo/lib/libbase_interfaces_demo__rosidl_generator_c.so" to ""
[2.492s] -- Up-to-date: /home/pz10on/Work/ws01_plumbing/install/base_interfaces_demo/include/base_interfaces_demo/base_interfaces_demo
[2.492s] -- Up-to-date: /home/pz10on/Work/ws01_plumbing/install/base_interfaces_demo/include/base_interfaces_demo/base_interfaces_demo/msg
[2.492s] -- Up-to-date: /home/pz10on/Work/ws01_plumbing/install/base_interfaces_demo/include/base_interfaces_demo/base_interfaces_demo/msg/detail
[2.492s] -- Installing: /home/pz10on/Work/ws01_plumbing/install/base_interfaces_demo/include/base_interfaces_demo/base_interfaces_demo/msg/detail/student__rosidl_typesupport_fastrtps_c.h
[2.492s] -- Up-to-date: /home/pz10on/Work/ws01_plumbing/install/base_interfaces_demo/include/base_interfaces_demo/base_interfaces_demo/msg/rosidl_typesupport_fastrtps_c__visibility_control.h
[2.492s] -- Up-to-date: /home/pz10on/Work/ws01_plumbing/install/base_interfaces_demo/include/base_interfaces_demo/base_interfaces_demo/srv
[2.492s] -- Up-to-date: /home/pz10on/Work/ws01_plumbing/install/base_interfaces_demo/include/base_interfaces_demo/base_interfaces_demo/srv/detail
[2.492s] -- Installing: /home/pz10on/Work/ws01_plumbing/install/base_interfaces_demo/include/base_interfaces_demo/base_interfaces_demo/srv/detail/addint__rosidl_typesupport_fastrtps_c.h
[2.492s] -- Installing: /home/pz10on/Work/ws01_plumbing/install/base_interfaces_demo/lib/libbase_interfaces_demo__rosidl_typesupport_fastrtps_c.so
[2.493s] -- Set runtime path of "/home/pz10on/Work/ws01_plumbing/install/base_interfaces_demo/lib/libbase_interfaces_demo__rosidl_typesupport_fastrtps_c.so" to ""
[2.493s] -- Up-to-date: /home/pz10on/Work/ws01_plumbing/install/base_interfaces_demo/include/base_interfaces_demo/base_interfaces_demo
[2.493s] -- Up-to-date: /home/pz10on/Work/ws01_plumbing/install/base_interfaces_demo/include/base_interfaces_demo/base_interfaces_demo/msg
[2.493s] -- Up-to-date: /home/pz10on/Work/ws01_plumbing/install/base_interfaces_demo/include/base_interfaces_demo/base_interfaces_demo/msg/detail
[2.493s] -- Installing: /home/pz10on/Work/ws01_plumbing/install/base_interfaces_demo/include/base_interfaces_demo/base_interfaces_demo/msg/detail/student__type_support.c
[2.493s] -- Installing: /home/pz10on/Work/ws01_plumbing/install/base_interfaces_demo/include/base_interfaces_demo/base_interfaces_demo/msg/detail/student__rosidl_typesupport_introspection_c.h
[2.493s] -- Up-to-date: /home/pz10on/Work/ws01_plumbing/install/base_interfaces_demo/include/base_interfaces_demo/base_interfaces_demo/msg/rosidl_typesupport_introspection_c__visibility_control.h
[2.493s] -- Up-to-date: /home/pz10on/Work/ws01_plumbing/install/base_interfaces_demo/include/base_interfaces_demo/base_interfaces_demo/srv
[2.493s] -- Up-to-date: /home/pz10on/Work/ws01_plumbing/install/base_interfaces_demo/include/base_interfaces_demo/base_interfaces_demo/srv/detail
[2.493s] -- Installing: /home/pz10on/Work/ws01_plumbing/install/base_interfaces_demo/include/base_interfaces_demo/base_interfaces_demo/srv/detail/addint__type_support.c
[2.493s] -- Installing: /home/pz10on/Work/ws01_plumbing/install/base_interfaces_demo/include/base_interfaces_demo/base_interfaces_demo/srv/detail/addint__rosidl_typesupport_introspection_c.h
[2.493s] -- Installing: /home/pz10on/Work/ws01_plumbing/install/base_interfaces_demo/lib/libbase_interfaces_demo__rosidl_typesupport_introspection_c.so
[2.493s] -- Set runtime path of "/home/pz10on/Work/ws01_plumbing/install/base_interfaces_demo/lib/libbase_interfaces_demo__rosidl_typesupport_introspection_c.so" to ""
[2.493s] -- Installing: /home/pz10on/Work/ws01_plumbing/install/base_interfaces_demo/lib/libbase_interfaces_demo__rosidl_typesupport_c.so
[2.494s] -- Set runtime path of "/home/pz10on/Work/ws01_plumbing/install/base_interfaces_demo/lib/libbase_interfaces_demo__rosidl_typesupport_c.so" to ""
[2.494s] -- Up-to-date: /home/pz10on/Work/ws01_plumbing/install/base_interfaces_demo/include/base_interfaces_demo/base_interfaces_demo
[2.494s] -- Up-to-date: /home/pz10on/Work/ws01_plumbing/install/base_interfaces_demo/include/base_interfaces_demo/base_interfaces_demo/msg
[2.494s] -- Installing: /home/pz10on/Work/ws01_plumbing/install/base_interfaces_demo/include/base_interfaces_demo/base_interfaces_demo/msg/student.hpp
[2.494s] -- Up-to-date: /home/pz10on/Work/ws01_plumbing/install/base_interfaces_demo/include/base_interfaces_demo/base_interfaces_demo/msg/detail
[2.494s] -- Installing: /home/pz10on/Work/ws01_plumbing/install/base_interfaces_demo/include/base_interfaces_demo/base_interfaces_demo/msg/detail/student__struct.hpp
[2.494s] -- Installing: /home/pz10on/Work/ws01_plumbing/install/base_interfaces_demo/include/base_interfaces_demo/base_interfaces_demo/msg/detail/student__traits.hpp
[2.494s] -- Installing: /home/pz10on/Work/ws01_plumbing/install/base_interfaces_demo/include/base_interfaces_demo/base_interfaces_demo/msg/detail/student__builder.hpp
[2.494s] -- Up-to-date: /home/pz10on/Work/ws01_plumbing/install/base_interfaces_demo/include/base_interfaces_demo/base_interfaces_demo/srv
[2.494s] -- Installing: /home/pz10on/Work/ws01_plumbing/install/base_interfaces_demo/include/base_interfaces_demo/base_interfaces_demo/srv/addint.hpp
[2.494s] -- Up-to-date: /home/pz10on/Work/ws01_plumbing/install/base_interfaces_demo/include/base_interfaces_demo/base_interfaces_demo/srv/detail
[2.494s] -- Installing: /home/pz10on/Work/ws01_plumbing/install/base_interfaces_demo/include/base_interfaces_demo/base_interfaces_demo/srv/detail/addint__builder.hpp
[2.494s] -- Installing: /home/pz10on/Work/ws01_plumbing/install/base_interfaces_demo/include/base_interfaces_demo/base_interfaces_demo/srv/detail/addint__struct.hpp
[2.494s] -- Installing: /home/pz10on/Work/ws01_plumbing/install/base_interfaces_demo/include/base_interfaces_demo/base_interfaces_demo/srv/detail/addint__traits.hpp
[2.494s] -- Up-to-date: /home/pz10on/Work/ws01_plumbing/install/base_interfaces_demo/include/base_interfaces_demo/base_interfaces_demo
[2.494s] -- Up-to-date: /home/pz10on/Work/ws01_plumbing/install/base_interfaces_demo/include/base_interfaces_demo/base_interfaces_demo/msg
[2.494s] -- Up-to-date: /home/pz10on/Work/ws01_plumbing/install/base_interfaces_demo/include/base_interfaces_demo/base_interfaces_demo/msg/detail
[2.494s] -- Installing: /home/pz10on/Work/ws01_plumbing/install/base_interfaces_demo/include/base_interfaces_demo/base_interfaces_demo/msg/detail/student__rosidl_typesupport_fastrtps_cpp.hpp
[2.495s] -- Up-to-date: /home/pz10on/Work/ws01_plumbing/install/base_interfaces_demo/include/base_interfaces_demo/base_interfaces_demo/msg/detail/dds_fastrtps
[2.495s] -- Up-to-date: /home/pz10on/Work/ws01_plumbing/install/base_interfaces_demo/include/base_interfaces_demo/base_interfaces_demo/msg/rosidl_typesupport_fastrtps_cpp__visibility_control.h
[2.495s] -- Up-to-date: /home/pz10on/Work/ws01_plumbing/install/base_interfaces_demo/include/base_interfaces_demo/base_interfaces_demo/srv
[2.495s] -- Up-to-date: /home/pz10on/Work/ws01_plumbing/install/base_interfaces_demo/include/base_interfaces_demo/base_interfaces_demo/srv/detail
[2.495s] -- Installing: /home/pz10on/Work/ws01_plumbing/install/base_interfaces_demo/include/base_interfaces_demo/base_interfaces_demo/srv/detail/addint__rosidl_typesupport_fastrtps_cpp.hpp
[2.495s] -- Installing: /home/pz10on/Work/ws01_plumbing/install/base_interfaces_demo/include/base_interfaces_demo/base_interfaces_demo/srv/detail/dds_fastrtps
[2.495s] -- Installing: /home/pz10on/Work/ws01_plumbing/install/base_interfaces_demo/lib/libbase_interfaces_demo__rosidl_typesupport_fastrtps_cpp.so
[2.495s] -- Set runtime path of "/home/pz10on/Work/ws01_plumbing/install/base_interfaces_demo/lib/libbase_interfaces_demo__rosidl_typesupport_fastrtps_cpp.so" to ""
[2.495s] -- Up-to-date: /home/pz10on/Work/ws01_plumbing/install/base_interfaces_demo/include/base_interfaces_demo/base_interfaces_demo
[2.495s] -- Up-to-date: /home/pz10on/Work/ws01_plumbing/install/base_interfaces_demo/include/base_interfaces_demo/base_interfaces_demo/msg
[2.495s] -- Up-to-date: /home/pz10on/Work/ws01_plumbing/install/base_interfaces_demo/include/base_interfaces_demo/base_interfaces_demo/msg/detail
[2.495s] -- Installing: /home/pz10on/Work/ws01_plumbing/install/base_interfaces_demo/include/base_interfaces_demo/base_interfaces_demo/msg/detail/student__type_support.cpp
[2.495s] -- Installing: /home/pz10on/Work/ws01_plumbing/install/base_interfaces_demo/include/base_interfaces_demo/base_interfaces_demo/msg/detail/student__rosidl_typesupport_introspection_cpp.hpp
[2.495s] -- Up-to-date: /home/pz10on/Work/ws01_plumbing/install/base_interfaces_demo/include/base_interfaces_demo/base_interfaces_demo/srv
[2.495s] -- Up-to-date: /home/pz10on/Work/ws01_plumbing/install/base_interfaces_demo/include/base_interfaces_demo/base_interfaces_demo/srv/detail
[2.496s] -- Installing: /home/pz10on/Work/ws01_plumbing/install/base_interfaces_demo/include/base_interfaces_demo/base_interfaces_demo/srv/detail/addint__type_support.cpp
[2.496s] -- Installing: /home/pz10on/Work/ws01_plumbing/install/base_interfaces_demo/include/base_interfaces_demo/base_interfaces_demo/srv/detail/addint__rosidl_typesupport_introspection_cpp.hpp
[2.496s] -- Installing: /home/pz10on/Work/ws01_plumbing/install/base_interfaces_demo/lib/libbase_interfaces_demo__rosidl_typesupport_introspection_cpp.so
[2.496s] -- Set runtime path of "/home/pz10on/Work/ws01_plumbing/install/base_interfaces_demo/lib/libbase_interfaces_demo__rosidl_typesupport_introspection_cpp.so" to ""
[2.496s] -- Installing: /home/pz10on/Work/ws01_plumbing/install/base_interfaces_demo/lib/libbase_interfaces_demo__rosidl_typesupport_cpp.so
[2.496s] -- Set runtime path of "/home/pz10on/Work/ws01_plumbing/install/base_interfaces_demo/lib/libbase_interfaces_demo__rosidl_typesupport_cpp.so" to ""
[2.496s] -- Up-to-date: /home/pz10on/Work/ws01_plumbing/install/base_interfaces_demo/share/base_interfaces_demo/environment/pythonpath.sh
[2.496s] -- Installing: /home/pz10on/Work/ws01_plumbing/install/base_interfaces_demo/share/base_interfaces_demo/environment/pythonpath.dsv
[2.496s] -- Up-to-date: /home/pz10on/Work/ws01_plumbing/install/base_interfaces_demo/local/lib/python3.10/dist-packages/base_interfaces_demo-0.0.0-py3.10.egg-info
[2.496s] -- Installing: /home/pz10on/Work/ws01_plumbing/install/base_interfaces_demo/local/lib/python3.10/dist-packages/base_interfaces_demo-0.0.0-py3.10.egg-info/SOURCES.txt
[2.496s] -- Installing: /home/pz10on/Work/ws01_plumbing/install/base_interfaces_demo/local/lib/python3.10/dist-packages/base_interfaces_demo-0.0.0-py3.10.egg-info/PKG-INFO
[2.496s] -- Installing: /home/pz10on/Work/ws01_plumbing/install/base_interfaces_demo/local/lib/python3.10/dist-packages/base_interfaces_demo-0.0.0-py3.10.egg-info/top_level.txt
[2.496s] -- Installing: /home/pz10on/Work/ws01_plumbing/install/base_interfaces_demo/local/lib/python3.10/dist-packages/base_interfaces_demo-0.0.0-py3.10.egg-info/dependency_links.txt
[2.497s] -- Up-to-date: /home/pz10on/Work/ws01_plumbing/install/base_interfaces_demo/local/lib/python3.10/dist-packages/base_interfaces_demo
[2.497s] -- Up-to-date: /home/pz10on/Work/ws01_plumbing/install/base_interfaces_demo/local/lib/python3.10/dist-packages/base_interfaces_demo/msg
[2.497s] -- Installing: /home/pz10on/Work/ws01_plumbing/install/base_interfaces_demo/local/lib/python3.10/dist-packages/base_interfaces_demo/msg/_student.py
[2.497s] -- Installing: /home/pz10on/Work/ws01_plumbing/install/base_interfaces_demo/local/lib/python3.10/dist-packages/base_interfaces_demo/msg/_student_s.c
[2.497s] -- Installing: /home/pz10on/Work/ws01_plumbing/install/base_interfaces_demo/local/lib/python3.10/dist-packages/base_interfaces_demo/msg/__init__.py
[2.497s] -- Installing: /home/pz10on/Work/ws01_plumbing/install/base_interfaces_demo/local/lib/python3.10/dist-packages/base_interfaces_demo/_base_interfaces_demo_s.ep.rosidl_typesupport_c.c
[2.497s] -- Installing: /home/pz10on/Work/ws01_plumbing/install/base_interfaces_demo/local/lib/python3.10/dist-packages/base_interfaces_demo/srv
[2.497s] -- Installing: /home/pz10on/Work/ws01_plumbing/install/base_interfaces_demo/local/lib/python3.10/dist-packages/base_interfaces_demo/srv/_addint_s.c
[2.497s] -- Installing: /home/pz10on/Work/ws01_plumbing/install/base_interfaces_demo/local/lib/python3.10/dist-packages/base_interfaces_demo/srv/_addint.py
[2.497s] -- Installing: /home/pz10on/Work/ws01_plumbing/install/base_interfaces_demo/local/lib/python3.10/dist-packages/base_interfaces_demo/srv/__init__.py
[2.497s] -- Installing: /home/pz10on/Work/ws01_plumbing/install/base_interfaces_demo/local/lib/python3.10/dist-packages/base_interfaces_demo/base_interfaces_demo_s__rosidl_typesupport_fastrtps_c.cpython-310-x86_64-linux-gnu.so
[2.497s] -- Installing: /home/pz10on/Work/ws01_plumbing/install/base_interfaces_demo/local/lib/python3.10/dist-packages/base_interfaces_demo/base_interfaces_demo_s__rosidl_typesupport_c.cpython-310-x86_64-linux-gnu.so
[2.497s] -- Installing: /home/pz10on/Work/ws01_plumbing/install/base_interfaces_demo/local/lib/python3.10/dist-packages/base_interfaces_demo/libbase_interfaces_demo__rosidl_generator_py.so
[2.497s] -- Installing: /home/pz10on/Work/ws01_plumbing/install/base_interfaces_demo/local/lib/python3.10/dist-packages/base_interfaces_demo/_base_interfaces_demo_s.ep.rosidl_typesupport_introspection_c.c
[2.497s] -- Installing: /home/pz10on/Work/ws01_plumbing/install/base_interfaces_demo/local/lib/python3.10/dist-packages/base_interfaces_demo/__init__.py
[2.498s] -- Installing: /home/pz10on/Work/ws01_plumbing/install/base_interfaces_demo/local/lib/python3.10/dist-packages/base_interfaces_demo/base_interfaces_demo_s__rosidl_typesupport_introspection_c.cpython-310-x86_64-linux-gnu.so
[2.498s] -- Installing: /home/pz10on/Work/ws01_plumbing/install/base_interfaces_demo/local/lib/python3.10/dist-packages/base_interfaces_demo/_base_interfaces_demo_s.ep.rosidl_typesupport_fastrtps_c.c
[2.522s] Listing '/home/pz10on/Work/ws01_plumbing/install/base_interfaces_demo/local/lib/python3.10/dist-packages/base_interfaces_demo'...
[2.522s] Compiling '/home/pz10on/Work/ws01_plumbing/install/base_interfaces_demo/local/lib/python3.10/dist-packages/base_interfaces_demo/__init__.py'...
[2.522s] Listing '/home/pz10on/Work/ws01_plumbing/install/base_interfaces_demo/local/lib/python3.10/dist-packages/base_interfaces_demo/msg'...
[2.522s] Compiling '/home/pz10on/Work/ws01_plumbing/install/base_interfaces_demo/local/lib/python3.10/dist-packages/base_interfaces_demo/msg/__init__.py'...
[2.522s] Compiling '/home/pz10on/Work/ws01_plumbing/install/base_interfaces_demo/local/lib/python3.10/dist-packages/base_interfaces_demo/msg/_student.py'...
[2.522s] Listing '/home/pz10on/Work/ws01_plumbing/install/base_interfaces_demo/local/lib/python3.10/dist-packages/base_interfaces_demo/srv'...
[2.522s] Compiling '/home/pz10on/Work/ws01_plumbing/install/base_interfaces_demo/local/lib/python3.10/dist-packages/base_interfaces_demo/srv/__init__.py'...
[2.522s] Compiling '/home/pz10on/Work/ws01_plumbing/install/base_interfaces_demo/local/lib/python3.10/dist-packages/base_interfaces_demo/srv/_addint.py'...
[2.526s] -- Installing: /home/pz10on/Work/ws01_plumbing/install/base_interfaces_demo/local/lib/python3.10/dist-packages/base_interfaces_demo/base_interfaces_demo_s__rosidl_typesupport_fastrtps_c.cpython-310-x86_64-linux-gnu.so
[2.526s] -- Set runtime path of "/home/pz10on/Work/ws01_plumbing/install/base_interfaces_demo/local/lib/python3.10/dist-packages/base_interfaces_demo/base_interfaces_demo_s__rosidl_typesupport_fastrtps_c.cpython-310-x86_64-linux-gnu.so" to ""
[2.526s] -- Installing: /home/pz10on/Work/ws01_plumbing/install/base_interfaces_demo/local/lib/python3.10/dist-packages/base_interfaces_demo/base_interfaces_demo_s__rosidl_typesupport_introspection_c.cpython-310-x86_64-linux-gnu.so
[2.526s] -- Set runtime path of "/home/pz10on/Work/ws01_plumbing/install/base_interfaces_demo/local/lib/python3.10/dist-packages/base_interfaces_demo/base_interfaces_demo_s__rosidl_typesupport_introspection_c.cpython-310-x86_64-linux-gnu.so" to ""
[2.526s] -- Installing: /home/pz10on/Work/ws01_plumbing/install/base_interfaces_demo/local/lib/python3.10/dist-packages/base_interfaces_demo/base_interfaces_demo_s__rosidl_typesupport_c.cpython-310-x86_64-linux-gnu.so
[2.526s] -- Set runtime path of "/home/pz10on/Work/ws01_plumbing/install/base_interfaces_demo/local/lib/python3.10/dist-packages/base_interfaces_demo/base_interfaces_demo_s__rosidl_typesupport_c.cpython-310-x86_64-linux-gnu.so" to ""
[2.527s] -- Installing: /home/pz10on/Work/ws01_plumbing/install/base_interfaces_demo/lib/libbase_interfaces_demo__rosidl_generator_py.so
[2.527s] -- Set runtime path of "/home/pz10on/Work/ws01_plumbing/install/base_interfaces_demo/lib/libbase_interfaces_demo__rosidl_generator_py.so" to ""
[2.527s] -- Up-to-date: /home/pz10on/Work/ws01_plumbing/install/base_interfaces_demo/share/base_interfaces_demo/msg/Student.idl
[2.527s] -- Installing: /home/pz10on/Work/ws01_plumbing/install/base_interfaces_demo/share/base_interfaces_demo/srv/Addint.idl
[2.527s] -- Up-to-date: /home/pz10on/Work/ws01_plumbing/install/base_interfaces_demo/share/base_interfaces_demo/msg/Student.msg
[2.527s] -- Installing: /home/pz10on/Work/ws01_plumbing/install/base_interfaces_demo/share/base_interfaces_demo/srv/Addint.srv
[2.527s] -- Installing: /home/pz10on/Work/ws01_plumbing/install/base_interfaces_demo/share/base_interfaces_demo/srv/Addint_Request.msg
[2.527s] -- Installing: /home/pz10on/Work/ws01_plumbing/install/base_interfaces_demo/share/base_interfaces_demo/srv/Addint_Response.msg
[2.527s] -- Up-to-date: /home/pz10on/Work/ws01_plumbing/install/base_interfaces_demo/share/ament_index/resource_index/package_run_dependencies/base_interfaces_demo
[2.527s] -- Installing: /home/pz10on/Work/ws01_plumbing/install/base_interfaces_demo/share/ament_index/resource_index/parent_prefix_path/base_interfaces_demo
[2.527s] -- Up-to-date: /home/pz10on/Work/ws01_plumbing/install/base_interfaces_demo/share/base_interfaces_demo/environment/ament_prefix_path.sh
[2.527s] -- Installing: /home/pz10on/Work/ws01_plumbing/install/base_interfaces_demo/share/base_interfaces_demo/environment/ament_prefix_path.dsv
[2.528s] -- Up-to-date: /home/pz10on/Work/ws01_plumbing/install/base_interfaces_demo/share/base_interfaces_demo/environment/path.sh
[2.528s] -- Installing: /home/pz10on/Work/ws01_plumbing/install/base_interfaces_demo/share/base_interfaces_demo/environment/path.dsv
[2.528s] -- Up-to-date: /home/pz10on/Work/ws01_plumbing/install/base_interfaces_demo/share/base_interfaces_demo/local_setup.bash
[2.528s] -- Up-to-date: /home/pz10on/Work/ws01_plumbing/install/base_interfaces_demo/share/base_interfaces_demo/local_setup.sh
[2.528s] -- Up-to-date: /home/pz10on/Work/ws01_plumbing/install/base_interfaces_demo/share/base_interfaces_demo/local_setup.zsh
[2.528s] -- Installing: /home/pz10on/Work/ws01_plumbing/install/base_interfaces_demo/share/base_interfaces_demo/local_setup.dsv
[2.528s] -- Installing: /home/pz10on/Work/ws01_plumbing/install/base_interfaces_demo/share/base_interfaces_demo/package.dsv
[2.528s] -- Up-to-date: /home/pz10on/Work/ws01_plumbing/install/base_interfaces_demo/share/ament_index/resource_index/packages/base_interfaces_demo
[2.528s] -- Up-to-date: /home/pz10on/Work/ws01_plumbing/install/base_interfaces_demo/share/base_interfaces_demo/cmake/export_base_interfaces_demo__rosidl_generator_cExport.cmake
[2.528s] -- Up-to-date: /home/pz10on/Work/ws01_plumbing/install/base_interfaces_demo/share/base_interfaces_demo/cmake/export_base_interfaces_demo__rosidl_generator_cExport-noconfig.cmake
[2.528s] -- Up-to-date: /home/pz10on/Work/ws01_plumbing/install/base_interfaces_demo/share/base_interfaces_demo/cmake/export_base_interfaces_demo__rosidl_typesupport_fastrtps_cExport.cmake
[2.528s] -- Up-to-date: /home/pz10on/Work/ws01_plumbing/install/base_interfaces_demo/share/base_interfaces_demo/cmake/export_base_interfaces_demo__rosidl_typesupport_fastrtps_cExport-noconfig.cmake
[2.528s] -- Up-to-date: /home/pz10on/Work/ws01_plumbing/install/base_interfaces_demo/share/base_interfaces_demo/cmake/base_interfaces_demo__rosidl_typesupport_introspection_cExport.cmake
[2.528s] -- Up-to-date: /home/pz10on/Work/ws01_plumbing/install/base_interfaces_demo/share/base_interfaces_demo/cmake/base_interfaces_demo__rosidl_typesupport_introspection_cExport-noconfig.cmake
[2.528s] -- Up-to-date: /home/pz10on/Work/ws01_plumbing/install/base_interfaces_demo/share/base_interfaces_demo/cmake/base_interfaces_demo__rosidl_typesupport_cExport.cmake
[2.528s] -- Up-to-date: /home/pz10on/Work/ws01_plumbing/install/base_interfaces_demo/share/base_interfaces_demo/cmake/base_interfaces_demo__rosidl_typesupport_cExport-noconfig.cmake
[2.528s] -- Up-to-date: /home/pz10on/Work/ws01_plumbing/install/base_interfaces_demo/share/base_interfaces_demo/cmake/export_base_interfaces_demo__rosidl_generator_cppExport.cmake
[2.528s] -- Up-to-date: /home/pz10on/Work/ws01_plumbing/install/base_interfaces_demo/share/base_interfaces_demo/cmake/export_base_interfaces_demo__rosidl_typesupport_fastrtps_cppExport.cmake
[2.528s] -- Up-to-date: /home/pz10on/Work/ws01_plumbing/install/base_interfaces_demo/share/base_interfaces_demo/cmake/export_base_interfaces_demo__rosidl_typesupport_fastrtps_cppExport-noconfig.cmake
[2.529s] -- Up-to-date: /home/pz10on/Work/ws01_plumbing/install/base_interfaces_demo/share/base_interfaces_demo/cmake/base_interfaces_demo__rosidl_typesupport_introspection_cppExport.cmake
[2.529s] -- Up-to-date: /home/pz10on/Work/ws01_plumbing/install/base_interfaces_demo/share/base_interfaces_demo/cmake/base_interfaces_demo__rosidl_typesupport_introspection_cppExport-noconfig.cmake
[2.529s] -- Up-to-date: /home/pz10on/Work/ws01_plumbing/install/base_interfaces_demo/share/base_interfaces_demo/cmake/base_interfaces_demo__rosidl_typesupport_cppExport.cmake
[2.529s] -- Up-to-date: /home/pz10on/Work/ws01_plumbing/install/base_interfaces_demo/share/base_interfaces_demo/cmake/base_interfaces_demo__rosidl_typesupport_cppExport-noconfig.cmake
[2.529s] -- Up-to-date: /home/pz10on/Work/ws01_plumbing/install/base_interfaces_demo/share/base_interfaces_demo/cmake/export_base_interfaces_demo__rosidl_generator_pyExport.cmake
[2.529s] -- Up-to-date: /home/pz10on/Work/ws01_plumbing/install/base_interfaces_demo/share/base_interfaces_demo/cmake/export_base_interfaces_demo__rosidl_generator_pyExport-noconfig.cmake
[2.529s] -- Installing: /home/pz10on/Work/ws01_plumbing/install/base_interfaces_demo/share/base_interfaces_demo/cmake/rosidl_cmake-extras.cmake
[2.529s] -- Up-to-date: /home/pz10on/Work/ws01_plumbing/install/base_interfaces_demo/share/base_interfaces_demo/cmake/ament_cmake_export_include_directories-extras.cmake
[2.529s] -- Up-to-date: /home/pz10on/Work/ws01_plumbing/install/base_interfaces_demo/share/base_interfaces_demo/cmake/ament_cmake_export_libraries-extras.cmake
[2.529s] -- Up-to-date: /home/pz10on/Work/ws01_plumbing/install/base_interfaces_demo/share/base_interfaces_demo/cmake/ament_cmake_export_targets-extras.cmake
[2.529s] -- Up-to-date: /home/pz10on/Work/ws01_plumbing/install/base_interfaces_demo/share/base_interfaces_demo/cmake/rosidl_cmake_export_typesupport_targets-extras.cmake
[2.529s] -- Up-to-date: /home/pz10on/Work/ws01_plumbing/install/base_interfaces_demo/share/base_interfaces_demo/cmake/ament_cmake_export_dependencies-extras.cmake
[2.529s] -- Up-to-date: /home/pz10on/Work/ws01_plumbing/install/base_interfaces_demo/share/base_interfaces_demo/cmake/rosidl_cmake_export_typesupport_libraries-extras.cmake
[2.529s] -- Up-to-date: /home/pz10on/Work/ws01_plumbing/install/base_interfaces_demo/share/base_interfaces_demo/cmake/base_interfaces_demoConfig.cmake
[2.529s] -- Up-to-date: /home/pz10on/Work/ws01_plumbing/install/base_interfaces_demo/share/base_interfaces_demo/cmake/base_interfaces_demoConfig-version.cmake
[2.529s] -- Up-to-date: /home/pz10on/Work/ws01_plumbing/install/base_interfaces_demo/share/base_interfaces_demo/package.xml
[2.531s] Invoked command in '/home/pz10on/Work/ws01_plumbing/build/base_interfaces_demo' returned '0': CMAKE_PREFIX_PATH=/opt/ros/humble /usr/bin/cmake --install /home/pz10on/Work/ws01_plumbing/build/base_interfaces_demo
