[0.011s] Invoking command in '/home/pz10on/Work/ws01_plumbing/src/build/cpp07_exercise01': CMAKE_PREFIX_PATH=${CMAKE_PREFIX_PATH}:/opt/ros/humble /usr/bin/cmake /home/pz10on/Work/ws01_plumbing/src/cpp07_exercise01 -DCMAKE_INSTALL_PREFIX=/home/pz10on/Work/ws01_plumbing/src/install/cpp07_exercise01
[0.050s] -- The C compiler identification is GNU 11.4.0
[0.085s] -- The CXX compiler identification is GNU 11.4.0
[0.090s] -- Detecting C compiler ABI info
[0.136s] -- Detecting C compiler ABI info - done
[0.141s] -- Check for working C compiler: /usr/bin/cc - skipped
[0.141s] -- Detecting C compile features
[0.141s] -- Detecting C compile features - done
[0.143s] -- Detecting CXX compiler ABI info
[0.195s] -- Detecting CXX compiler ABI info - done
[0.200s] -- Check for working CXX compiler: /usr/bin/c++ - skipped
[0.200s] -- Detecting CXX compile features
[0.200s] -- Detecting CXX compile features - done
[0.202s] -- Found ament_cmake: 1.3.5 (/opt/ros/humble/share/ament_cmake/cmake)
[0.320s] -- Found Python3: /usr/bin/python3.10 (found version "3.10.12") found components: Interpreter 
[0.382s] -- Found rclcpp: 16.0.5 (/opt/ros/humble/share/rclcpp/cmake)
[0.411s] -- Found rosidl_generator_c: 3.1.5 (/opt/ros/humble/share/rosidl_generator_c/cmake)
[0.414s] -- Found rosidl_adapter: 3.1.5 (/opt/ros/humble/share/rosidl_adapter/cmake)
[0.420s] -- Found rosidl_generator_cpp: 3.1.5 (/opt/ros/humble/share/rosidl_generator_cpp/cmake)
[0.429s] -- Using all available rosidl_typesupport_c: rosidl_typesupport_fastrtps_c;rosidl_typesupport_introspection_c
[0.443s] -- Using all available rosidl_typesupport_cpp: rosidl_typesupport_fastrtps_cpp;rosidl_typesupport_introspection_cpp
[0.488s] -- Found rmw_implementation_cmake: 6.1.1 (/opt/ros/humble/share/rmw_implementation_cmake/cmake)
[0.489s] -- Found rmw_fastrtps_cpp: 6.2.3 (/opt/ros/humble/share/rmw_fastrtps_cpp/cmake)
[0.553s] -- Found OpenSSL: /usr/lib/x86_64-linux-gnu/libcrypto.so (found version "3.0.2")  
[0.570s] -- Found FastRTPS: /opt/ros/humble/include  
[0.601s] -- Using RMW implementation 'rmw_fastrtps_cpp' as default
[0.608s] -- Looking for pthread.h
[0.657s] -- Looking for pthread.h - found
[0.657s] -- Performing Test CMAKE_HAVE_LIBC_PTHREAD
[0.706s] -- Performing Test CMAKE_HAVE_LIBC_PTHREAD - Success
[0.707s] -- Found Threads: TRUE  
[0.815s] -- Found rclcpp_action: 16.0.5 (/opt/ros/humble/share/rclcpp_action/cmake)
[0.879s] -- Found base_interfaces_demo: 0.0.0 (/home/pz10on/Work/ws01_plumbing/install/base_interfaces_demo/share/base_interfaces_demo/cmake)
[0.918s] [31mCMake Error at CMakeLists.txt:13 (find_package):
[0.918s]   By not providing "Findgeomrtry_msgs.cmake" in CMAKE_MODULE_PATH this
[0.918s]   project has asked CMake to find a package configuration file provided by
[0.918s]   "geomrtry_msgs", but CMake did not find one.
[0.918s] 
[0.918s]   Could not find a package configuration file provided by "geomrtry_msgs"
[0.918s]   with any of the following names:
[0.918s] 
[0.918s]     geomrtry_msgsConfig.cmake
[0.918s]     geomrtry_msgs-config.cmake
[0.918s] 
[0.918s]   Add the installation prefix of "geomrtry_msgs" to CMAKE_PREFIX_PATH or set
[0.918s]   "geomrtry_msgs_DIR" to a directory containing one of the above files.  If
[0.918s]   "geomrtry_msgs" provides a separate development package or SDK, be sure it
[0.919s]   has been installed.
[0.919s] 
[0.919s] [0m
[0.919s] -- Configuring incomplete, errors occurred!
[0.919s] See also "/home/pz10on/Work/ws01_plumbing/src/build/cpp07_exercise01/CMakeFiles/CMakeOutput.log".
[0.925s] Invoked command in '/home/pz10on/Work/ws01_plumbing/src/build/cpp07_exercise01' returned '1': CMAKE_PREFIX_PATH=${CMAKE_PREFIX_PATH}:/opt/ros/humble /usr/bin/cmake /home/pz10on/Work/ws01_plumbing/src/cpp07_exercise01 -DCMAKE_INSTALL_PREFIX=/home/pz10on/Work/ws01_plumbing/src/install/cpp07_exercise01
