[0.010s] Invoking command in '/home/pz10on/Work/ws01_plumbing/build/base_interfaces_demo': CMAKE_PREFIX_PATH=${CMAKE_PREFIX_PATH}:/opt/ros/humble /usr/bin/cmake --build /home/pz10on/Work/ws01_plumbing/build/base_interfaces_demo -- -j12 -l12
[0.040s] [35m[1mConsolidate compiler generated dependencies of target base_interfaces_demo__rosidl_generator_c[0m
[0.047s] [  1%] Built target base_interfaces_demo__cpp
[0.049s] [ 12%] Built target base_interfaces_demo__rosidl_generator_c
[0.055s] [ 12%] Built target ament_cmake_python_copy_base_interfaces_demo
[0.055s] [35m[1mConsolidate compiler generated dependencies of target base_interfaces_demo__rosidl_typesupport_c[0m
[0.056s] [35m[1mConsolidate compiler generated dependencies of target base_interfaces_demo__rosidl_typesupport_introspection_cpp[0m
[0.056s] [35m[1mConsolidate compiler generated dependencies of target base_interfaces_demo__rosidl_typesupport_fastrtps_cpp[0m
[0.056s] [35m[1mConsolidate compiler generated dependencies of target base_interfaces_demo__rosidl_typesupport_cpp[0m
[0.057s] [35m[1mConsolidate compiler generated dependencies of target base_interfaces_demo__rosidl_typesupport_fastrtps_c[0m
[0.059s] [35m[1mConsolidate compiler generated dependencies of target base_interfaces_demo__rosidl_typesupport_introspection_c[0m
[0.064s] [ 23%] Built target base_interfaces_demo__rosidl_typesupport_c
[0.069s] [ 34%] Built target base_interfaces_demo__rosidl_typesupport_fastrtps_cpp
[0.070s] [ 46%] Built target base_interfaces_demo__rosidl_typesupport_introspection_c
[0.070s] [ 57%] Built target base_interfaces_demo__rosidl_typesupport_cpp
[0.070s] [ 68%] Built target base_interfaces_demo__rosidl_typesupport_fastrtps_c
[0.072s] [ 79%] Built target base_interfaces_demo__rosidl_typesupport_introspection_cpp
[0.086s] [ 79%] Built target base_interfaces_demo
[0.100s] [ 80%] Built target base_interfaces_demo__py
[0.109s] [35m[1mConsolidate compiler generated dependencies of target base_interfaces_demo__rosidl_generator_py[0m
[0.121s] [ 90%] Built target base_interfaces_demo__rosidl_generator_py
[0.129s] [35m[1mConsolidate compiler generated dependencies of target base_interfaces_demo__rosidl_typesupport_fastrtps_c__pyext[0m
[0.129s] [35m[1mConsolidate compiler generated dependencies of target base_interfaces_demo__rosidl_typesupport_c__pyext[0m
[0.129s] [35m[1mConsolidate compiler generated dependencies of target base_interfaces_demo__rosidl_typesupport_introspection_c__pyext[0m
[0.139s] [ 98%] Built target base_interfaces_demo__rosidl_typesupport_introspection_c__pyext
[0.139s] [ 98%] Built target base_interfaces_demo__rosidl_typesupport_fastrtps_c__pyext
[0.139s] [100%] Built target base_interfaces_demo__rosidl_typesupport_c__pyext
[0.207s] running egg_info
[0.208s] writing base_interfaces_demo.egg-info/PKG-INFO
[0.208s] writing dependency_links to base_interfaces_demo.egg-info/dependency_links.txt
[0.208s] writing top-level names to base_interfaces_demo.egg-info/top_level.txt
[0.210s] reading manifest file 'base_interfaces_demo.egg-info/SOURCES.txt'
[0.210s] writing manifest file 'base_interfaces_demo.egg-info/SOURCES.txt'
[0.232s] [100%] Built target ament_cmake_python_build_base_interfaces_demo_egg
[0.241s] Invoked command in '/home/pz10on/Work/ws01_plumbing/build/base_interfaces_demo' returned '0': CMAKE_PREFIX_PATH=${CMAKE_PREFIX_PATH}:/opt/ros/humble /usr/bin/cmake --build /home/pz10on/Work/ws01_plumbing/build/base_interfaces_demo -- -j12 -l12
[0.330s] Invoking command in '/home/pz10on/Work/ws01_plumbing/build/base_interfaces_demo': CMAKE_PREFIX_PATH=${CMAKE_PREFIX_PATH}:/opt/ros/humble /usr/bin/cmake --install /home/pz10on/Work/ws01_plumbing/build/base_interfaces_demo
[0.336s] -- Install configuration: ""
[0.336s] -- Up-to-date: /home/pz10on/Work/ws01_plumbing/install/base_interfaces_demo/share/ament_index/resource_index/rosidl_interfaces/base_interfaces_demo
[0.337s] -- Up-to-date: /home/pz10on/Work/ws01_plumbing/install/base_interfaces_demo/include/base_interfaces_demo/base_interfaces_demo
[0.337s] -- Up-to-date: /home/pz10on/Work/ws01_plumbing/install/base_interfaces_demo/include/base_interfaces_demo/base_interfaces_demo/msg
[0.337s] -- Up-to-date: /home/pz10on/Work/ws01_plumbing/install/base_interfaces_demo/include/base_interfaces_demo/base_interfaces_demo/msg/detail
[0.337s] -- Up-to-date: /home/pz10on/Work/ws01_plumbing/install/base_interfaces_demo/include/base_interfaces_demo/base_interfaces_demo/msg/detail/student__functions.h
[0.337s] -- Up-to-date: /home/pz10on/Work/ws01_plumbing/install/base_interfaces_demo/include/base_interfaces_demo/base_interfaces_demo/msg/detail/student__type_support.h
[0.337s] -- Up-to-date: /home/pz10on/Work/ws01_plumbing/install/base_interfaces_demo/include/base_interfaces_demo/base_interfaces_demo/msg/detail/student__functions.c
[0.337s] -- Up-to-date: /home/pz10on/Work/ws01_plumbing/install/base_interfaces_demo/include/base_interfaces_demo/base_interfaces_demo/msg/detail/student__struct.h
[0.337s] -- Up-to-date: /home/pz10on/Work/ws01_plumbing/install/base_interfaces_demo/include/base_interfaces_demo/base_interfaces_demo/msg/rosidl_generator_c__visibility_control.h
[0.337s] -- Up-to-date: /home/pz10on/Work/ws01_plumbing/install/base_interfaces_demo/include/base_interfaces_demo/base_interfaces_demo/msg/student.h
[0.337s] -- Up-to-date: /home/pz10on/Work/ws01_plumbing/install/base_interfaces_demo/include/base_interfaces_demo/base_interfaces_demo/srv
[0.337s] -- Up-to-date: /home/pz10on/Work/ws01_plumbing/install/base_interfaces_demo/include/base_interfaces_demo/base_interfaces_demo/srv/detail
[0.337s] -- Up-to-date: /home/pz10on/Work/ws01_plumbing/install/base_interfaces_demo/include/base_interfaces_demo/base_interfaces_demo/srv/detail/distance__functions.c
[0.337s] -- Up-to-date: /home/pz10on/Work/ws01_plumbing/install/base_interfaces_demo/include/base_interfaces_demo/base_interfaces_demo/srv/detail/addint__type_support.h
[0.337s] -- Up-to-date: /home/pz10on/Work/ws01_plumbing/install/base_interfaces_demo/include/base_interfaces_demo/base_interfaces_demo/srv/detail/distance__struct.h
[0.337s] -- Up-to-date: /home/pz10on/Work/ws01_plumbing/install/base_interfaces_demo/include/base_interfaces_demo/base_interfaces_demo/srv/detail/distance__functions.h
[0.337s] -- Up-to-date: /home/pz10on/Work/ws01_plumbing/install/base_interfaces_demo/include/base_interfaces_demo/base_interfaces_demo/srv/detail/distance__type_support.h
[0.337s] -- Up-to-date: /home/pz10on/Work/ws01_plumbing/install/base_interfaces_demo/include/base_interfaces_demo/base_interfaces_demo/srv/detail/addint__functions.h
[0.337s] -- Up-to-date: /home/pz10on/Work/ws01_plumbing/install/base_interfaces_demo/include/base_interfaces_demo/base_interfaces_demo/srv/detail/addint__struct.h
[0.337s] -- Up-to-date: /home/pz10on/Work/ws01_plumbing/install/base_interfaces_demo/include/base_interfaces_demo/base_interfaces_demo/srv/detail/addint__functions.c
[0.337s] -- Up-to-date: /home/pz10on/Work/ws01_plumbing/install/base_interfaces_demo/include/base_interfaces_demo/base_interfaces_demo/srv/distance.h
[0.338s] -- Up-to-date: /home/pz10on/Work/ws01_plumbing/install/base_interfaces_demo/include/base_interfaces_demo/base_interfaces_demo/srv/addint.h
[0.338s] -- Up-to-date: /home/pz10on/Work/ws01_plumbing/install/base_interfaces_demo/include/base_interfaces_demo/base_interfaces_demo/action
[0.338s] -- Up-to-date: /home/pz10on/Work/ws01_plumbing/install/base_interfaces_demo/include/base_interfaces_demo/base_interfaces_demo/action/detail
[0.338s] -- Up-to-date: /home/pz10on/Work/ws01_plumbing/install/base_interfaces_demo/include/base_interfaces_demo/base_interfaces_demo/action/detail/progress__type_support.h
[0.338s] -- Up-to-date: /home/pz10on/Work/ws01_plumbing/install/base_interfaces_demo/include/base_interfaces_demo/base_interfaces_demo/action/detail/progress__struct.h
[0.338s] -- Up-to-date: /home/pz10on/Work/ws01_plumbing/install/base_interfaces_demo/include/base_interfaces_demo/base_interfaces_demo/action/detail/nav__functions.c
[0.338s] -- Up-to-date: /home/pz10on/Work/ws01_plumbing/install/base_interfaces_demo/include/base_interfaces_demo/base_interfaces_demo/action/detail/progress__functions.h
[0.338s] -- Up-to-date: /home/pz10on/Work/ws01_plumbing/install/base_interfaces_demo/include/base_interfaces_demo/base_interfaces_demo/action/detail/nav__struct.h
[0.338s] -- Up-to-date: /home/pz10on/Work/ws01_plumbing/install/base_interfaces_demo/include/base_interfaces_demo/base_interfaces_demo/action/detail/nav__type_support.h
[0.338s] -- Up-to-date: /home/pz10on/Work/ws01_plumbing/install/base_interfaces_demo/include/base_interfaces_demo/base_interfaces_demo/action/detail/progress__functions.c
[0.338s] -- Up-to-date: /home/pz10on/Work/ws01_plumbing/install/base_interfaces_demo/include/base_interfaces_demo/base_interfaces_demo/action/detail/nav__functions.h
[0.338s] -- Up-to-date: /home/pz10on/Work/ws01_plumbing/install/base_interfaces_demo/include/base_interfaces_demo/base_interfaces_demo/action/progress.h
[0.338s] -- Up-to-date: /home/pz10on/Work/ws01_plumbing/install/base_interfaces_demo/include/base_interfaces_demo/base_interfaces_demo/action/nav.h
[0.338s] -- Up-to-date: /home/pz10on/Work/ws01_plumbing/install/base_interfaces_demo/share/base_interfaces_demo/environment/library_path.sh
[0.338s] -- Up-to-date: /home/pz10on/Work/ws01_plumbing/install/base_interfaces_demo/share/base_interfaces_demo/environment/library_path.dsv
[0.338s] -- Up-to-date: /home/pz10on/Work/ws01_plumbing/install/base_interfaces_demo/lib/libbase_interfaces_demo__rosidl_generator_c.so
[0.338s] -- Up-to-date: /home/pz10on/Work/ws01_plumbing/install/base_interfaces_demo/include/base_interfaces_demo/base_interfaces_demo
[0.338s] -- Up-to-date: /home/pz10on/Work/ws01_plumbing/install/base_interfaces_demo/include/base_interfaces_demo/base_interfaces_demo/msg
[0.338s] -- Up-to-date: /home/pz10on/Work/ws01_plumbing/install/base_interfaces_demo/include/base_interfaces_demo/base_interfaces_demo/msg/detail
[0.338s] -- Up-to-date: /home/pz10on/Work/ws01_plumbing/install/base_interfaces_demo/include/base_interfaces_demo/base_interfaces_demo/msg/detail/student__rosidl_typesupport_fastrtps_c.h
[0.339s] -- Up-to-date: /home/pz10on/Work/ws01_plumbing/install/base_interfaces_demo/include/base_interfaces_demo/base_interfaces_demo/msg/rosidl_typesupport_fastrtps_c__visibility_control.h
[0.339s] -- Up-to-date: /home/pz10on/Work/ws01_plumbing/install/base_interfaces_demo/include/base_interfaces_demo/base_interfaces_demo/srv
[0.339s] -- Up-to-date: /home/pz10on/Work/ws01_plumbing/install/base_interfaces_demo/include/base_interfaces_demo/base_interfaces_demo/srv/detail
[0.339s] -- Up-to-date: /home/pz10on/Work/ws01_plumbing/install/base_interfaces_demo/include/base_interfaces_demo/base_interfaces_demo/srv/detail/distance__rosidl_typesupport_fastrtps_c.h
[0.339s] -- Up-to-date: /home/pz10on/Work/ws01_plumbing/install/base_interfaces_demo/include/base_interfaces_demo/base_interfaces_demo/srv/detail/addint__rosidl_typesupport_fastrtps_c.h
[0.339s] -- Up-to-date: /home/pz10on/Work/ws01_plumbing/install/base_interfaces_demo/include/base_interfaces_demo/base_interfaces_demo/action
[0.339s] -- Up-to-date: /home/pz10on/Work/ws01_plumbing/install/base_interfaces_demo/include/base_interfaces_demo/base_interfaces_demo/action/detail
[0.339s] -- Up-to-date: /home/pz10on/Work/ws01_plumbing/install/base_interfaces_demo/include/base_interfaces_demo/base_interfaces_demo/action/detail/nav__rosidl_typesupport_fastrtps_c.h
[0.339s] -- Up-to-date: /home/pz10on/Work/ws01_plumbing/install/base_interfaces_demo/include/base_interfaces_demo/base_interfaces_demo/action/detail/progress__rosidl_typesupport_fastrtps_c.h
[0.339s] -- Up-to-date: /home/pz10on/Work/ws01_plumbing/install/base_interfaces_demo/lib/libbase_interfaces_demo__rosidl_typesupport_fastrtps_c.so
[0.339s] -- Up-to-date: /home/pz10on/Work/ws01_plumbing/install/base_interfaces_demo/include/base_interfaces_demo/base_interfaces_demo
[0.339s] -- Up-to-date: /home/pz10on/Work/ws01_plumbing/install/base_interfaces_demo/include/base_interfaces_demo/base_interfaces_demo/msg
[0.339s] -- Up-to-date: /home/pz10on/Work/ws01_plumbing/install/base_interfaces_demo/include/base_interfaces_demo/base_interfaces_demo/msg/detail
[0.339s] -- Up-to-date: /home/pz10on/Work/ws01_plumbing/install/base_interfaces_demo/include/base_interfaces_demo/base_interfaces_demo/msg/detail/student__type_support.c
[0.340s] -- Up-to-date: /home/pz10on/Work/ws01_plumbing/install/base_interfaces_demo/include/base_interfaces_demo/base_interfaces_demo/msg/detail/student__rosidl_typesupport_introspection_c.h
[0.340s] -- Up-to-date: /home/pz10on/Work/ws01_plumbing/install/base_interfaces_demo/include/base_interfaces_demo/base_interfaces_demo/msg/rosidl_typesupport_introspection_c__visibility_control.h
[0.340s] -- Up-to-date: /home/pz10on/Work/ws01_plumbing/install/base_interfaces_demo/include/base_interfaces_demo/base_interfaces_demo/srv
[0.340s] -- Up-to-date: /home/pz10on/Work/ws01_plumbing/install/base_interfaces_demo/include/base_interfaces_demo/base_interfaces_demo/srv/detail
[0.340s] -- Up-to-date: /home/pz10on/Work/ws01_plumbing/install/base_interfaces_demo/include/base_interfaces_demo/base_interfaces_demo/srv/detail/addint__type_support.c
[0.340s] -- Up-to-date: /home/pz10on/Work/ws01_plumbing/install/base_interfaces_demo/include/base_interfaces_demo/base_interfaces_demo/srv/detail/addint__rosidl_typesupport_introspection_c.h
[0.340s] -- Up-to-date: /home/pz10on/Work/ws01_plumbing/install/base_interfaces_demo/include/base_interfaces_demo/base_interfaces_demo/srv/detail/distance__rosidl_typesupport_introspection_c.h
[0.340s] -- Up-to-date: /home/pz10on/Work/ws01_plumbing/install/base_interfaces_demo/include/base_interfaces_demo/base_interfaces_demo/srv/detail/distance__type_support.c
[0.340s] -- Up-to-date: /home/pz10on/Work/ws01_plumbing/install/base_interfaces_demo/include/base_interfaces_demo/base_interfaces_demo/action
[0.340s] -- Up-to-date: /home/pz10on/Work/ws01_plumbing/install/base_interfaces_demo/include/base_interfaces_demo/base_interfaces_demo/action/detail
[0.340s] -- Up-to-date: /home/pz10on/Work/ws01_plumbing/install/base_interfaces_demo/include/base_interfaces_demo/base_interfaces_demo/action/detail/nav__rosidl_typesupport_introspection_c.h
[0.340s] -- Up-to-date: /home/pz10on/Work/ws01_plumbing/install/base_interfaces_demo/include/base_interfaces_demo/base_interfaces_demo/action/detail/progress__rosidl_typesupport_introspection_c.h
[0.340s] -- Up-to-date: /home/pz10on/Work/ws01_plumbing/install/base_interfaces_demo/include/base_interfaces_demo/base_interfaces_demo/action/detail/nav__type_support.c
[0.340s] -- Up-to-date: /home/pz10on/Work/ws01_plumbing/install/base_interfaces_demo/include/base_interfaces_demo/base_interfaces_demo/action/detail/progress__type_support.c
[0.340s] -- Up-to-date: /home/pz10on/Work/ws01_plumbing/install/base_interfaces_demo/lib/libbase_interfaces_demo__rosidl_typesupport_introspection_c.so
[0.340s] -- Up-to-date: /home/pz10on/Work/ws01_plumbing/install/base_interfaces_demo/lib/libbase_interfaces_demo__rosidl_typesupport_c.so
[0.340s] -- Up-to-date: /home/pz10on/Work/ws01_plumbing/install/base_interfaces_demo/include/base_interfaces_demo/base_interfaces_demo
[0.340s] -- Up-to-date: /home/pz10on/Work/ws01_plumbing/install/base_interfaces_demo/include/base_interfaces_demo/base_interfaces_demo/msg
[0.340s] -- Up-to-date: /home/pz10on/Work/ws01_plumbing/install/base_interfaces_demo/include/base_interfaces_demo/base_interfaces_demo/msg/student.hpp
[0.341s] -- Up-to-date: /home/pz10on/Work/ws01_plumbing/install/base_interfaces_demo/include/base_interfaces_demo/base_interfaces_demo/msg/detail
[0.341s] -- Up-to-date: /home/pz10on/Work/ws01_plumbing/install/base_interfaces_demo/include/base_interfaces_demo/base_interfaces_demo/msg/detail/student__struct.hpp
[0.341s] -- Up-to-date: /home/pz10on/Work/ws01_plumbing/install/base_interfaces_demo/include/base_interfaces_demo/base_interfaces_demo/msg/detail/student__traits.hpp
[0.341s] -- Up-to-date: /home/pz10on/Work/ws01_plumbing/install/base_interfaces_demo/include/base_interfaces_demo/base_interfaces_demo/msg/detail/student__builder.hpp
[0.341s] -- Up-to-date: /home/pz10on/Work/ws01_plumbing/install/base_interfaces_demo/include/base_interfaces_demo/base_interfaces_demo/srv
[0.341s] -- Up-to-date: /home/pz10on/Work/ws01_plumbing/install/base_interfaces_demo/include/base_interfaces_demo/base_interfaces_demo/srv/addint.hpp
[0.341s] -- Up-to-date: /home/pz10on/Work/ws01_plumbing/install/base_interfaces_demo/include/base_interfaces_demo/base_interfaces_demo/srv/detail
[0.341s] -- Up-to-date: /home/pz10on/Work/ws01_plumbing/install/base_interfaces_demo/include/base_interfaces_demo/base_interfaces_demo/srv/detail/distance__struct.hpp
[0.341s] -- Up-to-date: /home/pz10on/Work/ws01_plumbing/install/base_interfaces_demo/include/base_interfaces_demo/base_interfaces_demo/srv/detail/addint__builder.hpp
[0.341s] -- Up-to-date: /home/pz10on/Work/ws01_plumbing/install/base_interfaces_demo/include/base_interfaces_demo/base_interfaces_demo/srv/detail/distance__builder.hpp
[0.341s] -- Up-to-date: /home/pz10on/Work/ws01_plumbing/install/base_interfaces_demo/include/base_interfaces_demo/base_interfaces_demo/srv/detail/distance__traits.hpp
[0.341s] -- Up-to-date: /home/pz10on/Work/ws01_plumbing/install/base_interfaces_demo/include/base_interfaces_demo/base_interfaces_demo/srv/detail/addint__struct.hpp
[0.341s] -- Up-to-date: /home/pz10on/Work/ws01_plumbing/install/base_interfaces_demo/include/base_interfaces_demo/base_interfaces_demo/srv/detail/addint__traits.hpp
[0.341s] -- Up-to-date: /home/pz10on/Work/ws01_plumbing/install/base_interfaces_demo/include/base_interfaces_demo/base_interfaces_demo/srv/distance.hpp
[0.341s] -- Up-to-date: /home/pz10on/Work/ws01_plumbing/install/base_interfaces_demo/include/base_interfaces_demo/base_interfaces_demo/action
[0.341s] -- Up-to-date: /home/pz10on/Work/ws01_plumbing/install/base_interfaces_demo/include/base_interfaces_demo/base_interfaces_demo/action/detail
[0.341s] -- Up-to-date: /home/pz10on/Work/ws01_plumbing/install/base_interfaces_demo/include/base_interfaces_demo/base_interfaces_demo/action/detail/nav__struct.hpp
[0.341s] -- Up-to-date: /home/pz10on/Work/ws01_plumbing/install/base_interfaces_demo/include/base_interfaces_demo/base_interfaces_demo/action/detail/progress__traits.hpp
[0.341s] -- Up-to-date: /home/pz10on/Work/ws01_plumbing/install/base_interfaces_demo/include/base_interfaces_demo/base_interfaces_demo/action/detail/progress__builder.hpp
[0.341s] -- Up-to-date: /home/pz10on/Work/ws01_plumbing/install/base_interfaces_demo/include/base_interfaces_demo/base_interfaces_demo/action/detail/progress__struct.hpp
[0.341s] -- Up-to-date: /home/pz10on/Work/ws01_plumbing/install/base_interfaces_demo/include/base_interfaces_demo/base_interfaces_demo/action/detail/nav__builder.hpp
[0.341s] -- Up-to-date: /home/pz10on/Work/ws01_plumbing/install/base_interfaces_demo/include/base_interfaces_demo/base_interfaces_demo/action/detail/nav__traits.hpp
[0.341s] -- Up-to-date: /home/pz10on/Work/ws01_plumbing/install/base_interfaces_demo/include/base_interfaces_demo/base_interfaces_demo/action/progress.hpp
[0.341s] -- Up-to-date: /home/pz10on/Work/ws01_plumbing/install/base_interfaces_demo/include/base_interfaces_demo/base_interfaces_demo/action/nav.hpp
[0.341s] -- Up-to-date: /home/pz10on/Work/ws01_plumbing/install/base_interfaces_demo/include/base_interfaces_demo/base_interfaces_demo
[0.341s] -- Up-to-date: /home/pz10on/Work/ws01_plumbing/install/base_interfaces_demo/include/base_interfaces_demo/base_interfaces_demo/msg
[0.341s] -- Up-to-date: /home/pz10on/Work/ws01_plumbing/install/base_interfaces_demo/include/base_interfaces_demo/base_interfaces_demo/msg/detail
[0.342s] -- Up-to-date: /home/pz10on/Work/ws01_plumbing/install/base_interfaces_demo/include/base_interfaces_demo/base_interfaces_demo/msg/detail/student__rosidl_typesupport_fastrtps_cpp.hpp
[0.342s] -- Up-to-date: /home/pz10on/Work/ws01_plumbing/install/base_interfaces_demo/include/base_interfaces_demo/base_interfaces_demo/msg/detail/dds_fastrtps
[0.342s] -- Up-to-date: /home/pz10on/Work/ws01_plumbing/install/base_interfaces_demo/include/base_interfaces_demo/base_interfaces_demo/msg/rosidl_typesupport_fastrtps_cpp__visibility_control.h
[0.342s] -- Up-to-date: /home/pz10on/Work/ws01_plumbing/install/base_interfaces_demo/include/base_interfaces_demo/base_interfaces_demo/srv
[0.342s] -- Up-to-date: /home/pz10on/Work/ws01_plumbing/install/base_interfaces_demo/include/base_interfaces_demo/base_interfaces_demo/srv/detail
[0.342s] -- Up-to-date: /home/pz10on/Work/ws01_plumbing/install/base_interfaces_demo/include/base_interfaces_demo/base_interfaces_demo/srv/detail/distance__rosidl_typesupport_fastrtps_cpp.hpp
[0.342s] -- Up-to-date: /home/pz10on/Work/ws01_plumbing/install/base_interfaces_demo/include/base_interfaces_demo/base_interfaces_demo/srv/detail/addint__rosidl_typesupport_fastrtps_cpp.hpp
[0.342s] -- Up-to-date: /home/pz10on/Work/ws01_plumbing/install/base_interfaces_demo/include/base_interfaces_demo/base_interfaces_demo/srv/detail/dds_fastrtps
[0.342s] -- Up-to-date: /home/pz10on/Work/ws01_plumbing/install/base_interfaces_demo/include/base_interfaces_demo/base_interfaces_demo/action
[0.342s] -- Up-to-date: /home/pz10on/Work/ws01_plumbing/install/base_interfaces_demo/include/base_interfaces_demo/base_interfaces_demo/action/detail
[0.342s] -- Up-to-date: /home/pz10on/Work/ws01_plumbing/install/base_interfaces_demo/include/base_interfaces_demo/base_interfaces_demo/action/detail/progress__rosidl_typesupport_fastrtps_cpp.hpp
[0.342s] -- Up-to-date: /home/pz10on/Work/ws01_plumbing/install/base_interfaces_demo/include/base_interfaces_demo/base_interfaces_demo/action/detail/nav__rosidl_typesupport_fastrtps_cpp.hpp
[0.342s] -- Up-to-date: /home/pz10on/Work/ws01_plumbing/install/base_interfaces_demo/include/base_interfaces_demo/base_interfaces_demo/action/detail/dds_fastrtps
[0.342s] -- Up-to-date: /home/pz10on/Work/ws01_plumbing/install/base_interfaces_demo/lib/libbase_interfaces_demo__rosidl_typesupport_fastrtps_cpp.so
[0.342s] -- Up-to-date: /home/pz10on/Work/ws01_plumbing/install/base_interfaces_demo/include/base_interfaces_demo/base_interfaces_demo
[0.342s] -- Up-to-date: /home/pz10on/Work/ws01_plumbing/install/base_interfaces_demo/include/base_interfaces_demo/base_interfaces_demo/msg
[0.342s] -- Up-to-date: /home/pz10on/Work/ws01_plumbing/install/base_interfaces_demo/include/base_interfaces_demo/base_interfaces_demo/msg/detail
[0.342s] -- Up-to-date: /home/pz10on/Work/ws01_plumbing/install/base_interfaces_demo/include/base_interfaces_demo/base_interfaces_demo/msg/detail/student__type_support.cpp
[0.342s] -- Up-to-date: /home/pz10on/Work/ws01_plumbing/install/base_interfaces_demo/include/base_interfaces_demo/base_interfaces_demo/msg/detail/student__rosidl_typesupport_introspection_cpp.hpp
[0.342s] -- Up-to-date: /home/pz10on/Work/ws01_plumbing/install/base_interfaces_demo/include/base_interfaces_demo/base_interfaces_demo/srv
[0.342s] -- Up-to-date: /home/pz10on/Work/ws01_plumbing/install/base_interfaces_demo/include/base_interfaces_demo/base_interfaces_demo/srv/detail
[0.342s] -- Up-to-date: /home/pz10on/Work/ws01_plumbing/install/base_interfaces_demo/include/base_interfaces_demo/base_interfaces_demo/srv/detail/addint__type_support.cpp
[0.342s] -- Up-to-date: /home/pz10on/Work/ws01_plumbing/install/base_interfaces_demo/include/base_interfaces_demo/base_interfaces_demo/srv/detail/distance__rosidl_typesupport_introspection_cpp.hpp
[0.342s] -- Up-to-date: /home/pz10on/Work/ws01_plumbing/install/base_interfaces_demo/include/base_interfaces_demo/base_interfaces_demo/srv/detail/distance__type_support.cpp
[0.342s] -- Up-to-date: /home/pz10on/Work/ws01_plumbing/install/base_interfaces_demo/include/base_interfaces_demo/base_interfaces_demo/srv/detail/addint__rosidl_typesupport_introspection_cpp.hpp
[0.342s] -- Up-to-date: /home/pz10on/Work/ws01_plumbing/install/base_interfaces_demo/include/base_interfaces_demo/base_interfaces_demo/action
[0.342s] -- Up-to-date: /home/pz10on/Work/ws01_plumbing/install/base_interfaces_demo/include/base_interfaces_demo/base_interfaces_demo/action/detail
[0.342s] -- Up-to-date: /home/pz10on/Work/ws01_plumbing/install/base_interfaces_demo/include/base_interfaces_demo/base_interfaces_demo/action/detail/progress__rosidl_typesupport_introspection_cpp.hpp
[0.343s] -- Up-to-date: /home/pz10on/Work/ws01_plumbing/install/base_interfaces_demo/include/base_interfaces_demo/base_interfaces_demo/action/detail/nav__rosidl_typesupport_introspection_cpp.hpp
[0.343s] -- Up-to-date: /home/pz10on/Work/ws01_plumbing/install/base_interfaces_demo/include/base_interfaces_demo/base_interfaces_demo/action/detail/nav__type_support.cpp
[0.343s] -- Up-to-date: /home/pz10on/Work/ws01_plumbing/install/base_interfaces_demo/include/base_interfaces_demo/base_interfaces_demo/action/detail/progress__type_support.cpp
[0.343s] -- Up-to-date: /home/pz10on/Work/ws01_plumbing/install/base_interfaces_demo/lib/libbase_interfaces_demo__rosidl_typesupport_introspection_cpp.so
[0.343s] -- Up-to-date: /home/pz10on/Work/ws01_plumbing/install/base_interfaces_demo/lib/libbase_interfaces_demo__rosidl_typesupport_cpp.so
[0.343s] -- Up-to-date: /home/pz10on/Work/ws01_plumbing/install/base_interfaces_demo/share/base_interfaces_demo/environment/pythonpath.sh
[0.343s] -- Up-to-date: /home/pz10on/Work/ws01_plumbing/install/base_interfaces_demo/share/base_interfaces_demo/environment/pythonpath.dsv
[0.343s] -- Up-to-date: /home/pz10on/Work/ws01_plumbing/install/base_interfaces_demo/local/lib/python3.10/dist-packages/base_interfaces_demo-0.0.0-py3.10.egg-info
[0.343s] -- Installing: /home/pz10on/Work/ws01_plumbing/install/base_interfaces_demo/local/lib/python3.10/dist-packages/base_interfaces_demo-0.0.0-py3.10.egg-info/SOURCES.txt
[0.343s] -- Installing: /home/pz10on/Work/ws01_plumbing/install/base_interfaces_demo/local/lib/python3.10/dist-packages/base_interfaces_demo-0.0.0-py3.10.egg-info/PKG-INFO
[0.343s] -- Installing: /home/pz10on/Work/ws01_plumbing/install/base_interfaces_demo/local/lib/python3.10/dist-packages/base_interfaces_demo-0.0.0-py3.10.egg-info/top_level.txt
[0.343s] -- Installing: /home/pz10on/Work/ws01_plumbing/install/base_interfaces_demo/local/lib/python3.10/dist-packages/base_interfaces_demo-0.0.0-py3.10.egg-info/dependency_links.txt
[0.343s] -- Up-to-date: /home/pz10on/Work/ws01_plumbing/install/base_interfaces_demo/local/lib/python3.10/dist-packages/base_interfaces_demo
[0.343s] -- Up-to-date: /home/pz10on/Work/ws01_plumbing/install/base_interfaces_demo/local/lib/python3.10/dist-packages/base_interfaces_demo/msg
[0.343s] -- Up-to-date: /home/pz10on/Work/ws01_plumbing/install/base_interfaces_demo/local/lib/python3.10/dist-packages/base_interfaces_demo/msg/_student.py
[0.343s] -- Up-to-date: /home/pz10on/Work/ws01_plumbing/install/base_interfaces_demo/local/lib/python3.10/dist-packages/base_interfaces_demo/msg/_student_s.c
[0.343s] -- Up-to-date: /home/pz10on/Work/ws01_plumbing/install/base_interfaces_demo/local/lib/python3.10/dist-packages/base_interfaces_demo/msg/__init__.py
[0.343s] -- Up-to-date: /home/pz10on/Work/ws01_plumbing/install/base_interfaces_demo/local/lib/python3.10/dist-packages/base_interfaces_demo/_base_interfaces_demo_s.ep.rosidl_typesupport_c.c
[0.343s] -- Up-to-date: /home/pz10on/Work/ws01_plumbing/install/base_interfaces_demo/local/lib/python3.10/dist-packages/base_interfaces_demo/srv
[0.343s] -- Up-to-date: /home/pz10on/Work/ws01_plumbing/install/base_interfaces_demo/local/lib/python3.10/dist-packages/base_interfaces_demo/srv/_distance_s.c
[0.343s] -- Up-to-date: /home/pz10on/Work/ws01_plumbing/install/base_interfaces_demo/local/lib/python3.10/dist-packages/base_interfaces_demo/srv/_addint_s.c
[0.343s] -- Up-to-date: /home/pz10on/Work/ws01_plumbing/install/base_interfaces_demo/local/lib/python3.10/dist-packages/base_interfaces_demo/srv/_distance.py
[0.343s] -- Up-to-date: /home/pz10on/Work/ws01_plumbing/install/base_interfaces_demo/local/lib/python3.10/dist-packages/base_interfaces_demo/srv/_addint.py
[0.343s] -- Up-to-date: /home/pz10on/Work/ws01_plumbing/install/base_interfaces_demo/local/lib/python3.10/dist-packages/base_interfaces_demo/srv/__init__.py
[0.343s] -- Up-to-date: /home/pz10on/Work/ws01_plumbing/install/base_interfaces_demo/local/lib/python3.10/dist-packages/base_interfaces_demo/base_interfaces_demo_s__rosidl_typesupport_fastrtps_c.cpython-310-x86_64-linux-gnu.so
[0.343s] -- Up-to-date: /home/pz10on/Work/ws01_plumbing/install/base_interfaces_demo/local/lib/python3.10/dist-packages/base_interfaces_demo/base_interfaces_demo_s__rosidl_typesupport_c.cpython-310-x86_64-linux-gnu.so
[0.343s] -- Up-to-date: /home/pz10on/Work/ws01_plumbing/install/base_interfaces_demo/local/lib/python3.10/dist-packages/base_interfaces_demo/libbase_interfaces_demo__rosidl_generator_py.so
[0.344s] -- Up-to-date: /home/pz10on/Work/ws01_plumbing/install/base_interfaces_demo/local/lib/python3.10/dist-packages/base_interfaces_demo/_base_interfaces_demo_s.ep.rosidl_typesupport_introspection_c.c
[0.344s] -- Up-to-date: /home/pz10on/Work/ws01_plumbing/install/base_interfaces_demo/local/lib/python3.10/dist-packages/base_interfaces_demo/__init__.py
[0.344s] -- Up-to-date: /home/pz10on/Work/ws01_plumbing/install/base_interfaces_demo/local/lib/python3.10/dist-packages/base_interfaces_demo/base_interfaces_demo_s__rosidl_typesupport_introspection_c.cpython-310-x86_64-linux-gnu.so
[0.344s] -- Up-to-date: /home/pz10on/Work/ws01_plumbing/install/base_interfaces_demo/local/lib/python3.10/dist-packages/base_interfaces_demo/_base_interfaces_demo_s.ep.rosidl_typesupport_fastrtps_c.c
[0.344s] -- Up-to-date: /home/pz10on/Work/ws01_plumbing/install/base_interfaces_demo/local/lib/python3.10/dist-packages/base_interfaces_demo/action
[0.344s] -- Up-to-date: /home/pz10on/Work/ws01_plumbing/install/base_interfaces_demo/local/lib/python3.10/dist-packages/base_interfaces_demo/action/_progress_s.c
[0.344s] -- Up-to-date: /home/pz10on/Work/ws01_plumbing/install/base_interfaces_demo/local/lib/python3.10/dist-packages/base_interfaces_demo/action/_progress.py
[0.344s] -- Up-to-date: /home/pz10on/Work/ws01_plumbing/install/base_interfaces_demo/local/lib/python3.10/dist-packages/base_interfaces_demo/action/_nav.py
[0.344s] -- Up-to-date: /home/pz10on/Work/ws01_plumbing/install/base_interfaces_demo/local/lib/python3.10/dist-packages/base_interfaces_demo/action/_nav_s.c
[0.344s] -- Up-to-date: /home/pz10on/Work/ws01_plumbing/install/base_interfaces_demo/local/lib/python3.10/dist-packages/base_interfaces_demo/action/__init__.py
[0.361s] Listing '/home/pz10on/Work/ws01_plumbing/install/base_interfaces_demo/local/lib/python3.10/dist-packages/base_interfaces_demo'...
[0.361s] Listing '/home/pz10on/Work/ws01_plumbing/install/base_interfaces_demo/local/lib/python3.10/dist-packages/base_interfaces_demo/action'...
[0.361s] Listing '/home/pz10on/Work/ws01_plumbing/install/base_interfaces_demo/local/lib/python3.10/dist-packages/base_interfaces_demo/msg'...
[0.361s] Listing '/home/pz10on/Work/ws01_plumbing/install/base_interfaces_demo/local/lib/python3.10/dist-packages/base_interfaces_demo/srv'...
[0.365s] -- Up-to-date: /home/pz10on/Work/ws01_plumbing/install/base_interfaces_demo/local/lib/python3.10/dist-packages/base_interfaces_demo/base_interfaces_demo_s__rosidl_typesupport_fastrtps_c.cpython-310-x86_64-linux-gnu.so
[0.365s] -- Up-to-date: /home/pz10on/Work/ws01_plumbing/install/base_interfaces_demo/local/lib/python3.10/dist-packages/base_interfaces_demo/base_interfaces_demo_s__rosidl_typesupport_introspection_c.cpython-310-x86_64-linux-gnu.so
[0.365s] -- Up-to-date: /home/pz10on/Work/ws01_plumbing/install/base_interfaces_demo/local/lib/python3.10/dist-packages/base_interfaces_demo/base_interfaces_demo_s__rosidl_typesupport_c.cpython-310-x86_64-linux-gnu.so
[0.365s] -- Up-to-date: /home/pz10on/Work/ws01_plumbing/install/base_interfaces_demo/lib/libbase_interfaces_demo__rosidl_generator_py.so
[0.365s] -- Up-to-date: /home/pz10on/Work/ws01_plumbing/install/base_interfaces_demo/share/base_interfaces_demo/msg/Student.idl
[0.365s] -- Up-to-date: /home/pz10on/Work/ws01_plumbing/install/base_interfaces_demo/share/base_interfaces_demo/srv/Addint.idl
[0.365s] -- Up-to-date: /home/pz10on/Work/ws01_plumbing/install/base_interfaces_demo/share/base_interfaces_demo/action/Progress.idl
[0.365s] -- Up-to-date: /home/pz10on/Work/ws01_plumbing/install/base_interfaces_demo/share/base_interfaces_demo/srv/Distance.idl
[0.365s] -- Up-to-date: /home/pz10on/Work/ws01_plumbing/install/base_interfaces_demo/share/base_interfaces_demo/action/Nav.idl
[0.365s] -- Up-to-date: /home/pz10on/Work/ws01_plumbing/install/base_interfaces_demo/share/base_interfaces_demo/msg/Student.msg
[0.366s] -- Up-to-date: /home/pz10on/Work/ws01_plumbing/install/base_interfaces_demo/share/base_interfaces_demo/srv/Addint.srv
[0.366s] -- Up-to-date: /home/pz10on/Work/ws01_plumbing/install/base_interfaces_demo/share/base_interfaces_demo/srv/Addint_Request.msg
[0.366s] -- Up-to-date: /home/pz10on/Work/ws01_plumbing/install/base_interfaces_demo/share/base_interfaces_demo/srv/Addint_Response.msg
[0.366s] -- Up-to-date: /home/pz10on/Work/ws01_plumbing/install/base_interfaces_demo/share/base_interfaces_demo/action/Progress.action
[0.366s] -- Up-to-date: /home/pz10on/Work/ws01_plumbing/install/base_interfaces_demo/share/base_interfaces_demo/srv/Distance.srv
[0.366s] -- Up-to-date: /home/pz10on/Work/ws01_plumbing/install/base_interfaces_demo/share/base_interfaces_demo/srv/Distance_Request.msg
[0.366s] -- Up-to-date: /home/pz10on/Work/ws01_plumbing/install/base_interfaces_demo/share/base_interfaces_demo/srv/Distance_Response.msg
[0.366s] -- Up-to-date: /home/pz10on/Work/ws01_plumbing/install/base_interfaces_demo/share/base_interfaces_demo/action/Nav.action
[0.366s] -- Up-to-date: /home/pz10on/Work/ws01_plumbing/install/base_interfaces_demo/share/ament_index/resource_index/package_run_dependencies/base_interfaces_demo
[0.366s] -- Up-to-date: /home/pz10on/Work/ws01_plumbing/install/base_interfaces_demo/share/ament_index/resource_index/parent_prefix_path/base_interfaces_demo
[0.366s] -- Up-to-date: /home/pz10on/Work/ws01_plumbing/install/base_interfaces_demo/share/base_interfaces_demo/environment/ament_prefix_path.sh
[0.366s] -- Up-to-date: /home/pz10on/Work/ws01_plumbing/install/base_interfaces_demo/share/base_interfaces_demo/environment/ament_prefix_path.dsv
[0.366s] -- Up-to-date: /home/pz10on/Work/ws01_plumbing/install/base_interfaces_demo/share/base_interfaces_demo/environment/path.sh
[0.366s] -- Up-to-date: /home/pz10on/Work/ws01_plumbing/install/base_interfaces_demo/share/base_interfaces_demo/environment/path.dsv
[0.366s] -- Up-to-date: /home/pz10on/Work/ws01_plumbing/install/base_interfaces_demo/share/base_interfaces_demo/local_setup.bash
[0.366s] -- Up-to-date: /home/pz10on/Work/ws01_plumbing/install/base_interfaces_demo/share/base_interfaces_demo/local_setup.sh
[0.366s] -- Up-to-date: /home/pz10on/Work/ws01_plumbing/install/base_interfaces_demo/share/base_interfaces_demo/local_setup.zsh
[0.366s] -- Up-to-date: /home/pz10on/Work/ws01_plumbing/install/base_interfaces_demo/share/base_interfaces_demo/local_setup.dsv
[0.366s] -- Installing: /home/pz10on/Work/ws01_plumbing/install/base_interfaces_demo/share/base_interfaces_demo/package.dsv
[0.367s] -- Up-to-date: /home/pz10on/Work/ws01_plumbing/install/base_interfaces_demo/share/ament_index/resource_index/packages/base_interfaces_demo
[0.367s] -- Up-to-date: /home/pz10on/Work/ws01_plumbing/install/base_interfaces_demo/share/base_interfaces_demo/cmake/export_base_interfaces_demo__rosidl_generator_cExport.cmake
[0.367s] -- Up-to-date: /home/pz10on/Work/ws01_plumbing/install/base_interfaces_demo/share/base_interfaces_demo/cmake/export_base_interfaces_demo__rosidl_generator_cExport-noconfig.cmake
[0.367s] -- Up-to-date: /home/pz10on/Work/ws01_plumbing/install/base_interfaces_demo/share/base_interfaces_demo/cmake/export_base_interfaces_demo__rosidl_typesupport_fastrtps_cExport.cmake
[0.367s] -- Up-to-date: /home/pz10on/Work/ws01_plumbing/install/base_interfaces_demo/share/base_interfaces_demo/cmake/export_base_interfaces_demo__rosidl_typesupport_fastrtps_cExport-noconfig.cmake
[0.367s] -- Up-to-date: /home/pz10on/Work/ws01_plumbing/install/base_interfaces_demo/share/base_interfaces_demo/cmake/base_interfaces_demo__rosidl_typesupport_introspection_cExport.cmake
[0.367s] -- Up-to-date: /home/pz10on/Work/ws01_plumbing/install/base_interfaces_demo/share/base_interfaces_demo/cmake/base_interfaces_demo__rosidl_typesupport_introspection_cExport-noconfig.cmake
[0.367s] -- Up-to-date: /home/pz10on/Work/ws01_plumbing/install/base_interfaces_demo/share/base_interfaces_demo/cmake/base_interfaces_demo__rosidl_typesupport_cExport.cmake
[0.367s] -- Up-to-date: /home/pz10on/Work/ws01_plumbing/install/base_interfaces_demo/share/base_interfaces_demo/cmake/base_interfaces_demo__rosidl_typesupport_cExport-noconfig.cmake
[0.367s] -- Up-to-date: /home/pz10on/Work/ws01_plumbing/install/base_interfaces_demo/share/base_interfaces_demo/cmake/export_base_interfaces_demo__rosidl_generator_cppExport.cmake
[0.367s] -- Up-to-date: /home/pz10on/Work/ws01_plumbing/install/base_interfaces_demo/share/base_interfaces_demo/cmake/export_base_interfaces_demo__rosidl_typesupport_fastrtps_cppExport.cmake
[0.367s] -- Up-to-date: /home/pz10on/Work/ws01_plumbing/install/base_interfaces_demo/share/base_interfaces_demo/cmake/export_base_interfaces_demo__rosidl_typesupport_fastrtps_cppExport-noconfig.cmake
[0.367s] -- Up-to-date: /home/pz10on/Work/ws01_plumbing/install/base_interfaces_demo/share/base_interfaces_demo/cmake/base_interfaces_demo__rosidl_typesupport_introspection_cppExport.cmake
[0.367s] -- Up-to-date: /home/pz10on/Work/ws01_plumbing/install/base_interfaces_demo/share/base_interfaces_demo/cmake/base_interfaces_demo__rosidl_typesupport_introspection_cppExport-noconfig.cmake
[0.367s] -- Up-to-date: /home/pz10on/Work/ws01_plumbing/install/base_interfaces_demo/share/base_interfaces_demo/cmake/base_interfaces_demo__rosidl_typesupport_cppExport.cmake
[0.367s] -- Up-to-date: /home/pz10on/Work/ws01_plumbing/install/base_interfaces_demo/share/base_interfaces_demo/cmake/base_interfaces_demo__rosidl_typesupport_cppExport-noconfig.cmake
[0.367s] -- Up-to-date: /home/pz10on/Work/ws01_plumbing/install/base_interfaces_demo/share/base_interfaces_demo/cmake/export_base_interfaces_demo__rosidl_generator_pyExport.cmake
[0.367s] -- Up-to-date: /home/pz10on/Work/ws01_plumbing/install/base_interfaces_demo/share/base_interfaces_demo/cmake/export_base_interfaces_demo__rosidl_generator_pyExport-noconfig.cmake
[0.367s] -- Up-to-date: /home/pz10on/Work/ws01_plumbing/install/base_interfaces_demo/share/base_interfaces_demo/cmake/rosidl_cmake-extras.cmake
[0.367s] -- Up-to-date: /home/pz10on/Work/ws01_plumbing/install/base_interfaces_demo/share/base_interfaces_demo/cmake/ament_cmake_export_dependencies-extras.cmake
[0.367s] -- Up-to-date: /home/pz10on/Work/ws01_plumbing/install/base_interfaces_demo/share/base_interfaces_demo/cmake/ament_cmake_export_include_directories-extras.cmake
[0.367s] -- Up-to-date: /home/pz10on/Work/ws01_plumbing/install/base_interfaces_demo/share/base_interfaces_demo/cmake/ament_cmake_export_libraries-extras.cmake
[0.367s] -- Up-to-date: /home/pz10on/Work/ws01_plumbing/install/base_interfaces_demo/share/base_interfaces_demo/cmake/ament_cmake_export_targets-extras.cmake
[0.368s] -- Up-to-date: /home/pz10on/Work/ws01_plumbing/install/base_interfaces_demo/share/base_interfaces_demo/cmake/rosidl_cmake_export_typesupport_targets-extras.cmake
[0.368s] -- Up-to-date: /home/pz10on/Work/ws01_plumbing/install/base_interfaces_demo/share/base_interfaces_demo/cmake/rosidl_cmake_export_typesupport_libraries-extras.cmake
[0.368s] -- Up-to-date: /home/pz10on/Work/ws01_plumbing/install/base_interfaces_demo/share/base_interfaces_demo/cmake/base_interfaces_demoConfig.cmake
[0.368s] -- Up-to-date: /home/pz10on/Work/ws01_plumbing/install/base_interfaces_demo/share/base_interfaces_demo/cmake/base_interfaces_demoConfig-version.cmake
[0.368s] -- Up-to-date: /home/pz10on/Work/ws01_plumbing/install/base_interfaces_demo/share/base_interfaces_demo/package.xml
[0.369s] Invoked command in '/home/pz10on/Work/ws01_plumbing/build/base_interfaces_demo' returned '0': CMAKE_PREFIX_PATH=${CMAKE_PREFIX_PATH}:/opt/ros/humble /usr/bin/cmake --install /home/pz10on/Work/ws01_plumbing/build/base_interfaces_demo
