[0.011s] Invoking command in '/home/pz10on/Work/ws01_plumbing/build/cpp07_exercise01': AMENT_PREFIX_PATH=/home/pz10on/Work/ws01_plumbing/install/base_interfaces_demo:${AMENT_PREFIX_PATH} CMAKE_PREFIX_PATH=/home/pz10on/Work/ws01_plumbing/install/base_interfaces_demo:/opt/ros/humble LD_LIBRARY_PATH=/home/pz10on/Work/ws01_plumbing/install/base_interfaces_demo/lib:${LD_LIBRARY_PATH} PYTHONPATH=/home/pz10on/Work/ws01_plumbing/install/base_interfaces_demo/local/lib/python3.10/dist-packages:${PYTHONPATH} /usr/bin/cmake --build /home/pz10on/Work/ws01_plumbing/build/cpp07_exercise01 -- -j12 -l12
[0.043s] [35m[1mConsolidate compiler generated dependencies of target exer02_server[0m
[0.051s] [ 66%] Built target exer01_pub_sub
[0.051s] [ 66%] Built target exer03_client
[0.056s] [ 83%] [32mBuilding CXX object CMakeFiles/exer02_server.dir/src/exer02_server.cpp.o[0m
[1.776s] In file included from [01m[K/usr/include/c++/11/pstl/glue_algorithm_defs.h:13[m[K,
[1.776s]                  from [01m[K/usr/include/c++/11/algorithm:74[m[K,
[1.776s]                  from [01m[K/home/pz10on/Work/ws01_plumbing/install/base_interfaces_demo/include/base_interfaces_demo/base_interfaces_demo/srv/detail/distance__struct.hpp:8[m[K,
[1.776s]                  from [01m[K/home/pz10on/Work/ws01_plumbing/install/base_interfaces_demo/include/base_interfaces_demo/base_interfaces_demo/srv/distance.hpp:7[m[K,
[1.776s]                  from [01m[K/home/pz10on/Work/ws01_plumbing/src/cpp07_exercise01/src/exer02_server.cpp:14[m[K:
[1.776s] /usr/include/c++/11/functional: In instantiation of ‘[01m[Kstruct std::_Bind_check_arity<void (Exe02Server::*)(std::shared_ptr<turtlesim::msg::Pose_<std::allocator<void> > >), const std::_Placeholder<1>&>[m[K’:
[1.776s] [01m[K/usr/include/c++/11/functional:768:12:[m[K   required from ‘[01m[Kstruct std::_Bind_helper<false, void (Exe02Server::*)(std::shared_ptr<turtlesim::msg::Pose_<std::allocator<void> > >), const std::_Placeholder<1>&>[m[K’
[1.776s] [01m[K/usr/include/c++/11/functional:789:5:[m[K   required by substitution of ‘[01m[Ktemplate<class _Func, class ... _BoundArgs> typename std::_Bind_helper<std::__is_socketlike<_Func>::value, _Func, _BoundArgs ...>::type std::bind(_Func&&, _BoundArgs&& ...) [with _Func = void (Exe02Server::*)(std::shared_ptr<turtlesim::msg::Pose_<std::allocator<void> > >); _BoundArgs = {const std::_Placeholder<1>&}][m[K’
[1.777s] [01m[K/home/pz10on/Work/ws01_plumbing/src/cpp07_exercise01/src/exer02_server.cpp:29:43:[m[K   required from here
[1.777s] [01m[K/usr/include/c++/11/functional:756:21:[m[K [01;31m[Kerror: [m[Kstatic assertion failed: Wrong number of arguments for pointer-to-member
[1.777s]   755 |       static_assert(_Varargs::[01;31m[Kvalue[m[K
[1.777s]       |                               [01;31m[K~~~~~[m[K
[1.777s]   756 | [01;31m[K                    ? sizeof...(_BoundArgs) >= _Arity::value + 1[m[K
[1.777s]       |                     [01;31m[K^~~~~~~~~~~~~~~~~~~~~~~~~~~~~~~~~~~~~~~~~~~~[m[K
[1.777s]   757 | [01;31m[K                    : sizeof...(_BoundArgs) == _Arity::value + 1[m[K,
[1.777s]       |                     [01;31m[K~~~~~~~~~~~~~~~~~~~~~~~~~~~~~~~~~~~~~~~~~~~~[m[K
[1.777s] [01m[K/usr/include/c++/11/functional:756:21:[m[K [01;36m[Knote: [m[K‘[01m[K(false ? (1 >= (((long unsigned int)std::integral_constant<long unsigned int, 1>::value) + 1)) : (1 == (((long unsigned int)std::integral_constant<long unsigned int, 1>::value) + 1)))[m[K’ evaluates to false
[1.779s] /usr/include/c++/11/functional: In instantiation of ‘[01m[Kstruct std::_Bind_check_arity<void (Exe02Server::*)(std::shared_ptr<base_interfaces_demo::srv::Distance_Request_<std::allocator<void> > >, std::shared_ptr<base_interfaces_demo::srv::Distance_Response_<std::allocator<void> > >), const std::_Placeholder<1>&, const std::_Placeholder<2>&>[m[K’:
[1.779s] [01m[K/usr/include/c++/11/functional:768:12:[m[K   required from ‘[01m[Kstruct std::_Bind_helper<false, void (Exe02Server::*)(std::shared_ptr<base_interfaces_demo::srv::Distance_Request_<std::allocator<void> > >, std::shared_ptr<base_interfaces_demo::srv::Distance_Response_<std::allocator<void> > >), const std::_Placeholder<1>&, const std::_Placeholder<2>&>[m[K’
[1.779s] [01m[K/usr/include/c++/11/functional:789:5:[m[K   required by substitution of ‘[01m[Ktemplate<class _Func, class ... _BoundArgs> typename std::_Bind_helper<std::__is_socketlike<_Func>::value, _Func, _BoundArgs ...>::type std::bind(_Func&&, _BoundArgs&& ...) [with _Func = void (Exe02Server::*)(std::shared_ptr<base_interfaces_demo::srv::Distance_Request_<std::allocator<void> > >, std::shared_ptr<base_interfaces_demo::srv::Distance_Response_<std::allocator<void> > >); _BoundArgs = {const std::_Placeholder<1>&, const std::_Placeholder<2>&}][m[K’
[1.779s] [01m[K/home/pz10on/Work/ws01_plumbing/src/cpp07_exercise01/src/exer02_server.cpp:33:39:[m[K   required from here
[1.779s] [01m[K/usr/include/c++/11/functional:756:21:[m[K [01;31m[Kerror: [m[Kstatic assertion failed: Wrong number of arguments for pointer-to-member
[1.780s] [01m[K/usr/include/c++/11/functional:756:21:[m[K [01;36m[Knote: [m[K‘[01m[K(false ? (2 >= (((long unsigned int)std::integral_constant<long unsigned int, 2>::value) + 1)) : (2 == (((long unsigned int)std::integral_constant<long unsigned int, 2>::value) + 1)))[m[K’ evaluates to false
[1.787s] [01m[K/home/pz10on/Work/ws01_plumbing/src/cpp07_exercise01/src/exer02_server.cpp:[m[K In member function ‘[01m[Kvoid Exe02Server::distance_cb(base_interfaces_demo::srv::Distance_Request_<std::allocator<void> >::SharedPtr, base_interfaces_demo::srv::Distance_Response_<std::allocator<void> >::SharedPtr)[m[K’:
[1.788s] [01m[K/home/pz10on/Work/ws01_plumbing/src/cpp07_exercise01/src/exer02_server.cpp:49:15:[m[K [01;35m[Kwarning: [m[Kunused variable ‘[01m[Kgoal_y[m[K’ [[01;35m[K]8;;https://gcc.gnu.org/onlinedocs/gcc/Warning-Options.html#index-Wunused-variable-Wunused-variable]8;;[m[K]
[1.788s]    49 |         float [01;35m[Kgoal_y[m[K = req->y;
[1.788s]       |               [01;35m[K^~~~~~[m[K
[1.999s] In file included from [01m[K/opt/ros/humble/include/rclcpp/rclcpp/service.hpp:36[m[K,
[1.999s]                  from [01m[K/opt/ros/humble/include/rclcpp/rclcpp/callback_group.hpp:28[m[K,
[1.999s]                  from [01m[K/opt/ros/humble/include/rclcpp/rclcpp/any_executable.hpp:20[m[K,
[1.999s]                  from [01m[K/opt/ros/humble/include/rclcpp/rclcpp/memory_strategy.hpp:25[m[K,
[1.999s]                  from [01m[K/opt/ros/humble/include/rclcpp/rclcpp/memory_strategies.hpp:18[m[K,
[1.999s]                  from [01m[K/opt/ros/humble/include/rclcpp/rclcpp/executor_options.hpp:20[m[K,
[1.999s]                  from [01m[K/opt/ros/humble/include/rclcpp/rclcpp/executor.hpp:37[m[K,
[1.999s]                  from [01m[K/opt/ros/humble/include/rclcpp/rclcpp/executors/multi_threaded_executor.hpp:25[m[K,
[1.999s]                  from [01m[K/opt/ros/humble/include/rclcpp/rclcpp/executors.hpp:21[m[K,
[1.999s]                  from [01m[K/opt/ros/humble/include/rclcpp/rclcpp/rclcpp.hpp:155[m[K,
[1.999s]                  from [01m[K/home/pz10on/Work/ws01_plumbing/src/cpp07_exercise01/src/exer02_server.cpp:15[m[K:
[2.000s] /opt/ros/humble/include/rclcpp/rclcpp/any_service_callback.hpp: In instantiation of ‘[01m[Kvoid rclcpp::AnyServiceCallback<ServiceT>::set(CallbackT&&) [with CallbackT = std::_Bind<void (Exe02Server::*(std::_Placeholder<1>, std::_Placeholder<2>))(std::shared_ptr<base_interfaces_demo::srv::Distance_Request_<std::allocator<void> > >, std::shared_ptr<base_interfaces_demo::srv::Distance_Response_<std::allocator<void> > >)>; typename std::enable_if<(! rclcpp::detail::can_be_nullptr<CallbackT>::value), int>::type <anonymous> = 0; ServiceT = base_interfaces_demo::srv::Distance][m[K’:
[2.000s] [01m[K/opt/ros/humble/include/rclcpp/rclcpp/create_service.hpp:43:27:[m[K   required from ‘[01m[Ktypename rclcpp::Service<ServiceT>::SharedPtr rclcpp::create_service(std::shared_ptr<rclcpp::node_interfaces::NodeBaseInterface>, std::shared_ptr<rclcpp::node_interfaces::NodeServicesInterface>, const string&, CallbackT&&, const rmw_qos_profile_t&, rclcpp::CallbackGroup::SharedPtr) [with ServiceT = base_interfaces_demo::srv::Distance; CallbackT = std::_Bind<void (Exe02Server::*(std::_Placeholder<1>, std::_Placeholder<2>))(std::shared_ptr<base_interfaces_demo::srv::Distance_Request_<std::allocator<void> > >, std::shared_ptr<base_interfaces_demo::srv::Distance_Response_<std::allocator<void> > >)>; typename rclcpp::Service<ServiceT>::SharedPtr = std::shared_ptr<rclcpp::Service<base_interfaces_demo::srv::Distance> >; std::string = std::__cxx11::basic_string<char>; rmw_qos_profile_t = rmw_qos_profile_s; rclcpp::CallbackGroup::SharedPtr = std::shared_ptr<rclcpp::CallbackGroup>][m[K’
[2.000s] [01m[K/opt/ros/humble/include/rclcpp/rclcpp/node_impl.hpp:147:53:[m[K   required from ‘[01m[Ktypename rclcpp::Service<ServiceT>::SharedPtr rclcpp::Node::create_service(const string&, CallbackT&&, const rmw_qos_profile_t&, rclcpp::CallbackGroup::SharedPtr) [with ServiceT = base_interfaces_demo::srv::Distance; CallbackT = std::_Bind<void (Exe02Server::*(std::_Placeholder<1>, std::_Placeholder<2>))(std::shared_ptr<base_interfaces_demo::srv::Distance_Request_<std::allocator<void> > >, std::shared_ptr<base_interfaces_demo::srv::Distance_Response_<std::allocator<void> > >)>; typename rclcpp::Service<ServiceT>::SharedPtr = std::shared_ptr<rclcpp::Service<base_interfaces_demo::srv::Distance> >; std::string = std::__cxx11::basic_string<char>; rmw_qos_profile_t = rmw_qos_profile_s; rclcpp::CallbackGroup::SharedPtr = std::shared_ptr<rclcpp::CallbackGroup>][m[K’
[2.000s] [01m[K/home/pz10on/Work/ws01_plumbing/src/cpp07_exercise01/src/exer02_server.cpp:32:49:[m[K   required from here
[2.000s] [01m[K/opt/ros/humble/include/rclcpp/rclcpp/any_service_callback.hpp:78:52:[m[K [01;31m[Kerror: [m[Kno matching function for call to ‘[01m[Kstd::variant<std::monostate, std::function<void(std::shared_ptr<base_interfaces_demo::srv::Distance_Request_<std::allocator<void> > >, std::shared_ptr<base_interfaces_demo::srv::Distance_Response_<std::allocator<void> > >)>, std::function<void(std::shared_ptr<rmw_request_id_s>, std::shared_ptr<base_interfaces_demo::srv::Distance_Request_<std::allocator<void> > >, std::shared_ptr<base_interfaces_demo::srv::Distance_Response_<std::allocator<void> > >)>, std::function<void(std::shared_ptr<rmw_request_id_s>, std::shared_ptr<base_interfaces_demo::srv::Distance_Request_<std::allocator<void> > >)>, std::function<void(std::shared_ptr<rclcpp::Service<base_interfaces_demo::srv::Distance> >, std::shared_ptr<rmw_request_id_s>, std::shared_ptr<base_interfaces_demo::srv::Distance_Request_<std::allocator<void> > >)> >::emplace<rclcpp::AnyServiceCallback<base_interfaces_demo::srv::Distance>::SharedPtrCallback>(std::_Bind<void (Exe02Server::*(std::_Placeholder<1>, std::_Placeholder<2>))(std::shared_ptr<base_interfaces_demo::srv::Distance_Request_<std::allocator<void> > >, std::shared_ptr<base_interfaces_demo::srv::Distance_Response_<std::allocator<void> > >)>&)[m[K’
[2.000s]    78 |       [01;31m[Kcallback_.template emplace<SharedPtrCallback>(callback)[m[K;
[2.000s]       |       [01;31m[K~~~~~~~~~~~~~~~~~~~~~~~~~~~~~~~~~~~~~~~~~~~~~^~~~~~~~~~[m[K
[2.000s] In file included from [01m[K/opt/ros/humble/include/rclcpp/rclcpp/client.hpp:28[m[K,
[2.000s]                  from [01m[K/opt/ros/humble/include/rclcpp/rclcpp/callback_group.hpp:24[m[K,
[2.000s]                  from [01m[K/opt/ros/humble/include/rclcpp/rclcpp/any_executable.hpp:20[m[K,
[2.000s]                  from [01m[K/opt/ros/humble/include/rclcpp/rclcpp/memory_strategy.hpp:25[m[K,
[2.000s]                  from [01m[K/opt/ros/humble/include/rclcpp/rclcpp/memory_strategies.hpp:18[m[K,
[2.000s]                  from [01m[K/opt/ros/humble/include/rclcpp/rclcpp/executor_options.hpp:20[m[K,
[2.000s]                  from [01m[K/opt/ros/humble/include/rclcpp/rclcpp/executor.hpp:37[m[K,
[2.000s]                  from [01m[K/opt/ros/humble/include/rclcpp/rclcpp/executors/multi_threaded_executor.hpp:25[m[K,
[2.000s]                  from [01m[K/opt/ros/humble/include/rclcpp/rclcpp/executors.hpp:21[m[K,
[2.000s]                  from [01m[K/opt/ros/humble/include/rclcpp/rclcpp/rclcpp.hpp:155[m[K,
[2.000s]                  from [01m[K/home/pz10on/Work/ws01_plumbing/src/cpp07_exercise01/src/exer02_server.cpp:15[m[K:
[2.000s] [01m[K/usr/include/c++/11/variant:1485:9:[m[K [01;36m[Knote: [m[Kcandidate: ‘[01m[Ktemplate<class _Tp, class ... _Args> std::enable_if_t<(is_constructible_v<_Tp, _Args ...> && __exactly_once<_Tp>), _Tp&> std::variant<_Types>::emplace(_Args&& ...) [with _Tp = _Tp; _Args = {_Args ...}; _Types = {std::monostate, std::function<void(std::shared_ptr<base_interfaces_demo::srv::Distance_Request_<std::allocator<void> > >, std::shared_ptr<base_interfaces_demo::srv::Distance_Response_<std::allocator<void> > >)>, std::function<void(std::shared_ptr<rmw_request_id_s>, std::shared_ptr<base_interfaces_demo::srv::Distance_Request_<std::allocator<void> > >, std::shared_ptr<base_interfaces_demo::srv::Distance_Response_<std::allocator<void> > >)>, std::function<void(std::shared_ptr<rmw_request_id_s>, std::shared_ptr<base_interfaces_demo::srv::Distance_Request_<std::allocator<void> > >)>, std::function<void(std::shared_ptr<rclcpp::Service<base_interfaces_demo::srv::Distance> >, std::shared_ptr<rmw_request_id_s>, std::shared_ptr<base_interfaces_demo::srv::Distance_Request_<std::allocator<void> > >)>}][m[K’
[2.000s]  1485 |         [01;36m[Kemplace[m[K(_Args&&... __args)
[2.000s]       |         [01;36m[K^~~~~~~[m[K
[2.000s] [01m[K/usr/include/c++/11/variant:1485:9:[m[K [01;36m[Knote: [m[K  template argument deduction/substitution failed:
[2.000s] In file included from [01m[K/usr/include/c++/11/bits/move.h:57[m[K,
[2.000s]                  from [01m[K/usr/include/c++/11/bits/stl_pair.h:59[m[K,
[2.000s]                  from [01m[K/usr/include/c++/11/utility:70[m[K,
[2.000s]                  from [01m[K/usr/include/c++/11/algorithm:60[m[K,
[2.001s]                  from [01m[K/home/pz10on/Work/ws01_plumbing/install/base_interfaces_demo/include/base_interfaces_demo/base_interfaces_demo/srv/detail/distance__struct.hpp:8[m[K,
[2.001s]                  from [01m[K/home/pz10on/Work/ws01_plumbing/install/base_interfaces_demo/include/base_interfaces_demo/base_interfaces_demo/srv/distance.hpp:7[m[K,
[2.001s]                  from [01m[K/home/pz10on/Work/ws01_plumbing/src/cpp07_exercise01/src/exer02_server.cpp:14[m[K:
[2.001s] /usr/include/c++/11/type_traits: In substitution of ‘[01m[Ktemplate<bool _Cond, class _Tp> using enable_if_t = typename std::enable_if::type [with bool _Cond = false; _Tp = std::function<void(std::shared_ptr<base_interfaces_demo::srv::Distance_Request_<std::allocator<void> > >, std::shared_ptr<base_interfaces_demo::srv::Distance_Response_<std::allocator<void> > >)>&][m[K’:
[2.001s] [01m[K/usr/include/c++/11/variant:1485:2:[m[K   required by substitution of ‘[01m[Ktemplate<class _Tp, class ... _Args> std::enable_if_t<(is_constructible_v<_Tp, _Args ...> && __exactly_once<_Tp>), _Tp&> std::variant<std::monostate, std::function<void(std::shared_ptr<base_interfaces_demo::srv::Distance_Request_<std::allocator<void> > >, std::shared_ptr<base_interfaces_demo::srv::Distance_Response_<std::allocator<void> > >)>, std::function<void(std::shared_ptr<rmw_request_id_s>, std::shared_ptr<base_interfaces_demo::srv::Distance_Request_<std::allocator<void> > >, std::shared_ptr<base_interfaces_demo::srv::Distance_Response_<std::allocator<void> > >)>, std::function<void(std::shared_ptr<rmw_request_id_s>, std::shared_ptr<base_interfaces_demo::srv::Distance_Request_<std::allocator<void> > >)>, std::function<void(std::shared_ptr<rclcpp::Service<base_interfaces_demo::srv::Distance> >, std::shared_ptr<rmw_request_id_s>, std::shared_ptr<base_interfaces_demo::srv::Distance_Request_<std::allocator<void> > >)> >::emplace<_Tp, _Args ...>(_Args&& ...) [with _Tp = std::function<void(std::shared_ptr<base_interfaces_demo::srv::Distance_Request_<std::allocator<void> > >, std::shared_ptr<base_interfaces_demo::srv::Distance_Response_<std::allocator<void> > >)>; _Args = {std::_Bind<void (Exe02Server::*(std::_Placeholder<1>, std::_Placeholder<2>))(std::shared_ptr<base_interfaces_demo::srv::Distance_Request_<std::allocator<void> > >, std::shared_ptr<base_interfaces_demo::srv::Distance_Response_<std::allocator<void> > >)>&}][m[K’
[2.001s] [01m[K/opt/ros/humble/include/rclcpp/rclcpp/any_service_callback.hpp:78:52:[m[K   required from ‘[01m[Kvoid rclcpp::AnyServiceCallback<ServiceT>::set(CallbackT&&) [with CallbackT = std::_Bind<void (Exe02Server::*(std::_Placeholder<1>, std::_Placeholder<2>))(std::shared_ptr<base_interfaces_demo::srv::Distance_Request_<std::allocator<void> > >, std::shared_ptr<base_interfaces_demo::srv::Distance_Response_<std::allocator<void> > >)>; typename std::enable_if<(! rclcpp::detail::can_be_nullptr<CallbackT>::value), int>::type <anonymous> = 0; ServiceT = base_interfaces_demo::srv::Distance][m[K’
[2.001s] [01m[K/opt/ros/humble/include/rclcpp/rclcpp/create_service.hpp:43:27:[m[K   required from ‘[01m[Ktypename rclcpp::Service<ServiceT>::SharedPtr rclcpp::create_service(std::shared_ptr<rclcpp::node_interfaces::NodeBaseInterface>, std::shared_ptr<rclcpp::node_interfaces::NodeServicesInterface>, const string&, CallbackT&&, const rmw_qos_profile_t&, rclcpp::CallbackGroup::SharedPtr) [with ServiceT = base_interfaces_demo::srv::Distance; CallbackT = std::_Bind<void (Exe02Server::*(std::_Placeholder<1>, std::_Placeholder<2>))(std::shared_ptr<base_interfaces_demo::srv::Distance_Request_<std::allocator<void> > >, std::shared_ptr<base_interfaces_demo::srv::Distance_Response_<std::allocator<void> > >)>; typename rclcpp::Service<ServiceT>::SharedPtr = std::shared_ptr<rclcpp::Service<base_interfaces_demo::srv::Distance> >; std::string = std::__cxx11::basic_string<char>; rmw_qos_profile_t = rmw_qos_profile_s; rclcpp::CallbackGroup::SharedPtr = std::shared_ptr<rclcpp::CallbackGroup>][m[K’
[2.001s] [01m[K/opt/ros/humble/include/rclcpp/rclcpp/node_impl.hpp:147:53:[m[K   required from ‘[01m[Ktypename rclcpp::Service<ServiceT>::SharedPtr rclcpp::Node::create_service(const string&, CallbackT&&, const rmw_qos_profile_t&, rclcpp::CallbackGroup::SharedPtr) [with ServiceT = base_interfaces_demo::srv::Distance; CallbackT = std::_Bind<void (Exe02Server::*(std::_Placeholder<1>, std::_Placeholder<2>))(std::shared_ptr<base_interfaces_demo::srv::Distance_Request_<std::allocator<void> > >, std::shared_ptr<base_interfaces_demo::srv::Distance_Response_<std::allocator<void> > >)>; typename rclcpp::Service<ServiceT>::SharedPtr = std::shared_ptr<rclcpp::Service<base_interfaces_demo::srv::Distance> >; std::string = std::__cxx11::basic_string<char>; rmw_qos_profile_t = rmw_qos_profile_s; rclcpp::CallbackGroup::SharedPtr = std::shared_ptr<rclcpp::CallbackGroup>][m[K’
[2.001s] [01m[K/home/pz10on/Work/ws01_plumbing/src/cpp07_exercise01/src/exer02_server.cpp:32:49:[m[K   required from here
[2.001s] [01m[K/usr/include/c++/11/type_traits:2579:11:[m[K [01;31m[Kerror: [m[Kno type named ‘[01m[Ktype[m[K’ in ‘[01m[Kstruct std::enable_if<false, std::function<void(std::shared_ptr<base_interfaces_demo::srv::Distance_Request_<std::allocator<void> > >, std::shared_ptr<base_interfaces_demo::srv::Distance_Response_<std::allocator<void> > >)>&>[m[K’
[2.001s]  2579 |     using [01;31m[Kenable_if_t[m[K = typename enable_if<_Cond, _Tp>::type;
[2.001s]       |           [01;31m[K^~~~~~~~~~~[m[K
[2.001s] In file included from [01m[K/opt/ros/humble/include/rclcpp/rclcpp/client.hpp:28[m[K,
[2.001s]                  from [01m[K/opt/ros/humble/include/rclcpp/rclcpp/callback_group.hpp:24[m[K,
[2.001s]                  from [01m[K/opt/ros/humble/include/rclcpp/rclcpp/any_executable.hpp:20[m[K,
[2.001s]                  from [01m[K/opt/ros/humble/include/rclcpp/rclcpp/memory_strategy.hpp:25[m[K,
[2.001s]                  from [01m[K/opt/ros/humble/include/rclcpp/rclcpp/memory_strategies.hpp:18[m[K,
[2.001s]                  from [01m[K/opt/ros/humble/include/rclcpp/rclcpp/executor_options.hpp:20[m[K,
[2.001s]                  from [01m[K/opt/ros/humble/include/rclcpp/rclcpp/executor.hpp:37[m[K,
[2.001s]                  from [01m[K/opt/ros/humble/include/rclcpp/rclcpp/executors/multi_threaded_executor.hpp:25[m[K,
[2.001s]                  from [01m[K/opt/ros/humble/include/rclcpp/rclcpp/executors.hpp:21[m[K,
[2.001s]                  from [01m[K/opt/ros/humble/include/rclcpp/rclcpp/rclcpp.hpp:155[m[K,
[2.001s]                  from [01m[K/home/pz10on/Work/ws01_plumbing/src/cpp07_exercise01/src/exer02_server.cpp:15[m[K:
[2.002s] /opt/ros/humble/include/rclcpp/rclcpp/any_service_callback.hpp: In instantiation of ‘[01m[Kvoid rclcpp::AnyServiceCallback<ServiceT>::set(CallbackT&&) [with CallbackT = std::_Bind<void (Exe02Server::*(std::_Placeholder<1>, std::_Placeholder<2>))(std::shared_ptr<base_interfaces_demo::srv::Distance_Request_<std::allocator<void> > >, std::shared_ptr<base_interfaces_demo::srv::Distance_Response_<std::allocator<void> > >)>; typename std::enable_if<(! rclcpp::detail::can_be_nullptr<CallbackT>::value), int>::type <anonymous> = 0; ServiceT = base_interfaces_demo::srv::Distance][m[K’:
[2.002s] [01m[K/opt/ros/humble/include/rclcpp/rclcpp/create_service.hpp:43:27:[m[K   required from ‘[01m[Ktypename rclcpp::Service<ServiceT>::SharedPtr rclcpp::create_service(std::shared_ptr<rclcpp::node_interfaces::NodeBaseInterface>, std::shared_ptr<rclcpp::node_interfaces::NodeServicesInterface>, const string&, CallbackT&&, const rmw_qos_profile_t&, rclcpp::CallbackGroup::SharedPtr) [with ServiceT = base_interfaces_demo::srv::Distance; CallbackT = std::_Bind<void (Exe02Server::*(std::_Placeholder<1>, std::_Placeholder<2>))(std::shared_ptr<base_interfaces_demo::srv::Distance_Request_<std::allocator<void> > >, std::shared_ptr<base_interfaces_demo::srv::Distance_Response_<std::allocator<void> > >)>; typename rclcpp::Service<ServiceT>::SharedPtr = std::shared_ptr<rclcpp::Service<base_interfaces_demo::srv::Distance> >; std::string = std::__cxx11::basic_string<char>; rmw_qos_profile_t = rmw_qos_profile_s; rclcpp::CallbackGroup::SharedPtr = std::shared_ptr<rclcpp::CallbackGroup>][m[K’
[2.002s] [01m[K/opt/ros/humble/include/rclcpp/rclcpp/node_impl.hpp:147:53:[m[K   required from ‘[01m[Ktypename rclcpp::Service<ServiceT>::SharedPtr rclcpp::Node::create_service(const string&, CallbackT&&, const rmw_qos_profile_t&, rclcpp::CallbackGroup::SharedPtr) [with ServiceT = base_interfaces_demo::srv::Distance; CallbackT = std::_Bind<void (Exe02Server::*(std::_Placeholder<1>, std::_Placeholder<2>))(std::shared_ptr<base_interfaces_demo::srv::Distance_Request_<std::allocator<void> > >, std::shared_ptr<base_interfaces_demo::srv::Distance_Response_<std::allocator<void> > >)>; typename rclcpp::Service<ServiceT>::SharedPtr = std::shared_ptr<rclcpp::Service<base_interfaces_demo::srv::Distance> >; std::string = std::__cxx11::basic_string<char>; rmw_qos_profile_t = rmw_qos_profile_s; rclcpp::CallbackGroup::SharedPtr = std::shared_ptr<rclcpp::CallbackGroup>][m[K’
[2.002s] [01m[K/home/pz10on/Work/ws01_plumbing/src/cpp07_exercise01/src/exer02_server.cpp:32:49:[m[K   required from here
[2.002s] [01m[K/usr/include/c++/11/variant:1495:9:[m[K [01;36m[Knote: [m[Kcandidate: ‘[01m[Ktemplate<class _Tp, class _Up, class ... _Args> std::enable_if_t<(is_constructible_v<_Tp, std::initializer_list<_Up>&, _Args ...> && __exactly_once<_Tp>), _Tp&> std::variant<_Types>::emplace(std::initializer_list<_Up>, _Args&& ...) [with _Tp = _Tp; _Up = _Up; _Args = {_Args ...}; _Types = {std::monostate, std::function<void(std::shared_ptr<base_interfaces_demo::srv::Distance_Request_<std::allocator<void> > >, std::shared_ptr<base_interfaces_demo::srv::Distance_Response_<std::allocator<void> > >)>, std::function<void(std::shared_ptr<rmw_request_id_s>, std::shared_ptr<base_interfaces_demo::srv::Distance_Request_<std::allocator<void> > >, std::shared_ptr<base_interfaces_demo::srv::Distance_Response_<std::allocator<void> > >)>, std::function<void(std::shared_ptr<rmw_request_id_s>, std::shared_ptr<base_interfaces_demo::srv::Distance_Request_<std::allocator<void> > >)>, std::function<void(std::shared_ptr<rclcpp::Service<base_interfaces_demo::srv::Distance> >, std::shared_ptr<rmw_request_id_s>, std::shared_ptr<base_interfaces_demo::srv::Distance_Request_<std::allocator<void> > >)>}][m[K’
[2.002s]  1495 |         [01;36m[Kemplace[m[K(initializer_list<_Up> __il, _Args&&... __args)
[2.002s]       |         [01;36m[K^~~~~~~[m[K
[2.002s] [01m[K/usr/include/c++/11/variant:1495:9:[m[K [01;36m[Knote: [m[K  template argument deduction/substitution failed:
[2.002s] In file included from [01m[K/opt/ros/humble/include/rclcpp/rclcpp/service.hpp:36[m[K,
[2.002s]                  from [01m[K/opt/ros/humble/include/rclcpp/rclcpp/callback_group.hpp:28[m[K,
[2.002s]                  from [01m[K/opt/ros/humble/include/rclcpp/rclcpp/any_executable.hpp:20[m[K,
[2.002s]                  from [01m[K/opt/ros/humble/include/rclcpp/rclcpp/memory_strategy.hpp:25[m[K,
[2.002s]                  from [01m[K/opt/ros/humble/include/rclcpp/rclcpp/memory_strategies.hpp:18[m[K,
[2.002s]                  from [01m[K/opt/ros/humble/include/rclcpp/rclcpp/executor_options.hpp:20[m[K,
[2.002s]                  from [01m[K/opt/ros/humble/include/rclcpp/rclcpp/executor.hpp:37[m[K,
[2.002s]                  from [01m[K/opt/ros/humble/include/rclcpp/rclcpp/executors/multi_threaded_executor.hpp:25[m[K,
[2.002s]                  from [01m[K/opt/ros/humble/include/rclcpp/rclcpp/executors.hpp:21[m[K,
[2.002s]                  from [01m[K/opt/ros/humble/include/rclcpp/rclcpp/rclcpp.hpp:155[m[K,
[2.002s]                  from [01m[K/home/pz10on/Work/ws01_plumbing/src/cpp07_exercise01/src/exer02_server.cpp:15[m[K:
[2.002s] [01m[K/opt/ros/humble/include/rclcpp/rclcpp/any_service_callback.hpp:78:52:[m[K [01;36m[Knote: [m[K  ‘[01m[Kstd::_Bind<void (Exe02Server::*(std::_Placeholder<1>, std::_Placeholder<2>))(std::shared_ptr<base_interfaces_demo::srv::Distance_Request_<std::allocator<void> > >, std::shared_ptr<base_interfaces_demo::srv::Distance_Response_<std::allocator<void> > >)>[m[K’ is not derived from ‘[01m[Kstd::initializer_list<_Value>[m[K’
[2.002s]    78 |       [01;36m[Kcallback_.template emplace<SharedPtrCallback>(callback)[m[K;
[2.002s]       |       [01;36m[K~~~~~~~~~~~~~~~~~~~~~~~~~~~~~~~~~~~~~~~~~~~~~^~~~~~~~~~[m[K
[2.003s] In file included from [01m[K/opt/ros/humble/include/rclcpp/rclcpp/client.hpp:28[m[K,
[2.003s]                  from [01m[K/opt/ros/humble/include/rclcpp/rclcpp/callback_group.hpp:24[m[K,
[2.003s]                  from [01m[K/opt/ros/humble/include/rclcpp/rclcpp/any_executable.hpp:20[m[K,
[2.003s]                  from [01m[K/opt/ros/humble/include/rclcpp/rclcpp/memory_strategy.hpp:25[m[K,
[2.003s]                  from [01m[K/opt/ros/humble/include/rclcpp/rclcpp/memory_strategies.hpp:18[m[K,
[2.003s]                  from [01m[K/opt/ros/humble/include/rclcpp/rclcpp/executor_options.hpp:20[m[K,
[2.003s]                  from [01m[K/opt/ros/humble/include/rclcpp/rclcpp/executor.hpp:37[m[K,
[2.003s]                  from [01m[K/opt/ros/humble/include/rclcpp/rclcpp/executors/multi_threaded_executor.hpp:25[m[K,
[2.003s]                  from [01m[K/opt/ros/humble/include/rclcpp/rclcpp/executors.hpp:21[m[K,
[2.003s]                  from [01m[K/opt/ros/humble/include/rclcpp/rclcpp/rclcpp.hpp:155[m[K,
[2.003s]                  from [01m[K/home/pz10on/Work/ws01_plumbing/src/cpp07_exercise01/src/exer02_server.cpp:15[m[K:
[2.003s] [01m[K/usr/include/c++/11/variant:1505:9:[m[K [01;36m[Knote: [m[Kcandidate: ‘[01m[Ktemplate<long unsigned int _Np, class ... _Args> std::enable_if_t<is_constructible_v<typename std::variant_alternative<_Np, std::variant<_Types> >::type, _Args ...>, typename std::variant_alternative<_Np, std::variant<_Types> >::type&> std::variant<_Types>::emplace(_Args&& ...) [with long unsigned int _Np = _Np; _Args = {_Args ...}; _Types = {std::monostate, std::function<void(std::shared_ptr<base_interfaces_demo::srv::Distance_Request_<std::allocator<void> > >, std::shared_ptr<base_interfaces_demo::srv::Distance_Response_<std::allocator<void> > >)>, std::function<void(std::shared_ptr<rmw_request_id_s>, std::shared_ptr<base_interfaces_demo::srv::Distance_Request_<std::allocator<void> > >, std::shared_ptr<base_interfaces_demo::srv::Distance_Response_<std::allocator<void> > >)>, std::function<void(std::shared_ptr<rmw_request_id_s>, std::shared_ptr<base_interfaces_demo::srv::Distance_Request_<std::allocator<void> > >)>, std::function<void(std::shared_ptr<rclcpp::Service<base_interfaces_demo::srv::Distance> >, std::shared_ptr<rmw_request_id_s>, std::shared_ptr<base_interfaces_demo::srv::Distance_Request_<std::allocator<void> > >)>}][m[K’
[2.003s]  1505 |         [01;36m[Kemplace[m[K(_Args&&... __args)
[2.003s]       |         [01;36m[K^~~~~~~[m[K
[2.003s] [01m[K/usr/include/c++/11/variant:1505:9:[m[K [01;36m[Knote: [m[K  template argument deduction/substitution failed:
[2.003s] In file included from [01m[K/opt/ros/humble/include/rclcpp/rclcpp/service.hpp:36[m[K,
[2.003s]                  from [01m[K/opt/ros/humble/include/rclcpp/rclcpp/callback_group.hpp:28[m[K,
[2.003s]                  from [01m[K/opt/ros/humble/include/rclcpp/rclcpp/any_executable.hpp:20[m[K,
[2.003s]                  from [01m[K/opt/ros/humble/include/rclcpp/rclcpp/memory_strategy.hpp:25[m[K,
[2.003s]                  from [01m[K/opt/ros/humble/include/rclcpp/rclcpp/memory_strategies.hpp:18[m[K,
[2.003s]                  from [01m[K/opt/ros/humble/include/rclcpp/rclcpp/executor_options.hpp:20[m[K,
[2.003s]                  from [01m[K/opt/ros/humble/include/rclcpp/rclcpp/executor.hpp:37[m[K,
[2.003s]                  from [01m[K/opt/ros/humble/include/rclcpp/rclcpp/executors/multi_threaded_executor.hpp:25[m[K,
[2.003s]                  from [01m[K/opt/ros/humble/include/rclcpp/rclcpp/executors.hpp:21[m[K,
[2.003s]                  from [01m[K/opt/ros/humble/include/rclcpp/rclcpp/rclcpp.hpp:155[m[K,
[2.003s]                  from [01m[K/home/pz10on/Work/ws01_plumbing/src/cpp07_exercise01/src/exer02_server.cpp:15[m[K:
[2.003s] [01m[K/opt/ros/humble/include/rclcpp/rclcpp/any_service_callback.hpp:78:52:[m[K [01;31m[Kerror: [m[Ktype/value mismatch at argument 1 in template parameter list for ‘[01m[Ktemplate<long unsigned int _Np, class ... _Args> std::enable_if_t<is_constructible_v<typename std::variant_alternative<_Np, std::variant<_Types> >::type, _Args ...>, typename std::variant_alternative<_Np, std::variant<_Types> >::type&> std::variant<_Types>::emplace(_Args&& ...) [with long unsigned int _Np = _Np; _Args = {_Args ...}; _Types = {std::monostate, std::function<void(std::shared_ptr<base_interfaces_demo::srv::Distance_Request_<std::allocator<void> > >, std::shared_ptr<base_interfaces_demo::srv::Distance_Response_<std::allocator<void> > >)>, std::function<void(std::shared_ptr<rmw_request_id_s>, std::shared_ptr<base_interfaces_demo::srv::Distance_Request_<std::allocator<void> > >, std::shared_ptr<base_interfaces_demo::srv::Distance_Response_<std::allocator<void> > >)>, std::function<void(std::shared_ptr<rmw_request_id_s>, std::shared_ptr<base_interfaces_demo::srv::Distance_Request_<std::allocator<void> > >)>, std::function<void(std::shared_ptr<rclcpp::Service<base_interfaces_demo::srv::Distance> >, std::shared_ptr<rmw_request_id_s>, std::shared_ptr<base_interfaces_demo::srv::Distance_Request_<std::allocator<void> > >)>}][m[K’
[2.004s]    78 |       [01;31m[Kcallback_.template emplace<SharedPtrCallback>(callback)[m[K;
[2.004s]       |       [01;31m[K~~~~~~~~~~~~~~~~~~~~~~~~~~~~~~~~~~~~~~~~~~~~~^~~~~~~~~~[m[K
[2.004s] [01m[K/opt/ros/humble/include/rclcpp/rclcpp/any_service_callback.hpp:78:52:[m[K [01;36m[Knote: [m[K  expected a constant of type ‘[01m[Klong unsigned int[m[K’, got ‘[01m[Krclcpp::AnyServiceCallback<base_interfaces_demo::srv::Distance>::SharedPtrCallback[m[K’ {aka ‘[01m[Kstd::function<void(std::shared_ptr<base_interfaces_demo::srv::Distance_Request_<std::allocator<void> > >, std::shared_ptr<base_interfaces_demo::srv::Distance_Response_<std::allocator<void> > >)>[m[K’}
[2.004s] In file included from [01m[K/opt/ros/humble/include/rclcpp/rclcpp/client.hpp:28[m[K,
[2.004s]                  from [01m[K/opt/ros/humble/include/rclcpp/rclcpp/callback_group.hpp:24[m[K,
[2.004s]                  from [01m[K/opt/ros/humble/include/rclcpp/rclcpp/any_executable.hpp:20[m[K,
[2.004s]                  from [01m[K/opt/ros/humble/include/rclcpp/rclcpp/memory_strategy.hpp:25[m[K,
[2.004s]                  from [01m[K/opt/ros/humble/include/rclcpp/rclcpp/memory_strategies.hpp:18[m[K,
[2.004s]                  from [01m[K/opt/ros/humble/include/rclcpp/rclcpp/executor_options.hpp:20[m[K,
[2.004s]                  from [01m[K/opt/ros/humble/include/rclcpp/rclcpp/executor.hpp:37[m[K,
[2.004s]                  from [01m[K/opt/ros/humble/include/rclcpp/rclcpp/executors/multi_threaded_executor.hpp:25[m[K,
[2.004s]                  from [01m[K/opt/ros/humble/include/rclcpp/rclcpp/executors.hpp:21[m[K,
[2.004s]                  from [01m[K/opt/ros/humble/include/rclcpp/rclcpp/rclcpp.hpp:155[m[K,
[2.004s]                  from [01m[K/home/pz10on/Work/ws01_plumbing/src/cpp07_exercise01/src/exer02_server.cpp:15[m[K:
[2.004s] [01m[K/usr/include/c++/11/variant:1551:9:[m[K [01;36m[Knote: [m[Kcandidate: ‘[01m[Ktemplate<long unsigned int _Np, class _Up, class ... _Args> std::enable_if_t<is_constructible_v<typename std::variant_alternative<_Np, std::variant<_Types> >::type, std::initializer_list<_Up>&, _Args ...>, typename std::variant_alternative<_Np, std::variant<_Types> >::type&> std::variant<_Types>::emplace(std::initializer_list<_Up>, _Args&& ...) [with long unsigned int _Np = _Np; _Up = _Up; _Args = {_Args ...}; _Types = {std::monostate, std::function<void(std::shared_ptr<base_interfaces_demo::srv::Distance_Request_<std::allocator<void> > >, std::shared_ptr<base_interfaces_demo::srv::Distance_Response_<std::allocator<void> > >)>, std::function<void(std::shared_ptr<rmw_request_id_s>, std::shared_ptr<base_interfaces_demo::srv::Distance_Request_<std::allocator<void> > >, std::shared_ptr<base_interfaces_demo::srv::Distance_Response_<std::allocator<void> > >)>, std::function<void(std::shared_ptr<rmw_request_id_s>, std::shared_ptr<base_interfaces_demo::srv::Distance_Request_<std::allocator<void> > >)>, std::function<void(std::shared_ptr<rclcpp::Service<base_interfaces_demo::srv::Distance> >, std::shared_ptr<rmw_request_id_s>, std::shared_ptr<base_interfaces_demo::srv::Distance_Request_<std::allocator<void> > >)>}][m[K’
[2.004s]  1551 |         [01;36m[Kemplace[m[K(initializer_list<_Up> __il, _Args&&... __args)
[2.004s]       |         [01;36m[K^~~~~~~[m[K
[2.004s] [01m[K/usr/include/c++/11/variant:1551:9:[m[K [01;36m[Knote: [m[K  template argument deduction/substitution failed:
[2.004s] In file included from [01m[K/opt/ros/humble/include/rclcpp/rclcpp/service.hpp:36[m[K,
[2.004s]                  from [01m[K/opt/ros/humble/include/rclcpp/rclcpp/callback_group.hpp:28[m[K,
[2.004s]                  from [01m[K/opt/ros/humble/include/rclcpp/rclcpp/any_executable.hpp:20[m[K,
[2.004s]                  from [01m[K/opt/ros/humble/include/rclcpp/rclcpp/memory_strategy.hpp:25[m[K,
[2.004s]                  from [01m[K/opt/ros/humble/include/rclcpp/rclcpp/memory_strategies.hpp:18[m[K,
[2.005s]                  from [01m[K/opt/ros/humble/include/rclcpp/rclcpp/executor_options.hpp:20[m[K,
[2.005s]                  from [01m[K/opt/ros/humble/include/rclcpp/rclcpp/executor.hpp:37[m[K,
[2.005s]                  from [01m[K/opt/ros/humble/include/rclcpp/rclcpp/executors/multi_threaded_executor.hpp:25[m[K,
[2.005s]                  from [01m[K/opt/ros/humble/include/rclcpp/rclcpp/executors.hpp:21[m[K,
[2.005s]                  from [01m[K/opt/ros/humble/include/rclcpp/rclcpp/rclcpp.hpp:155[m[K,
[2.005s]                  from [01m[K/home/pz10on/Work/ws01_plumbing/src/cpp07_exercise01/src/exer02_server.cpp:15[m[K:
[2.005s] [01m[K/opt/ros/humble/include/rclcpp/rclcpp/any_service_callback.hpp:78:52:[m[K [01;31m[Kerror: [m[Ktype/value mismatch at argument 1 in template parameter list for ‘[01m[Ktemplate<long unsigned int _Np, class _Up, class ... _Args> std::enable_if_t<is_constructible_v<typename std::variant_alternative<_Np, std::variant<_Types> >::type, std::initializer_list<_Up>&, _Args ...>, typename std::variant_alternative<_Np, std::variant<_Types> >::type&> std::variant<_Types>::emplace(std::initializer_list<_Up>, _Args&& ...) [with long unsigned int _Np = _Np; _Up = _Up; _Args = {_Args ...}; _Types = {std::monostate, std::function<void(std::shared_ptr<base_interfaces_demo::srv::Distance_Request_<std::allocator<void> > >, std::shared_ptr<base_interfaces_demo::srv::Distance_Response_<std::allocator<void> > >)>, std::function<void(std::shared_ptr<rmw_request_id_s>, std::shared_ptr<base_interfaces_demo::srv::Distance_Request_<std::allocator<void> > >, std::shared_ptr<base_interfaces_demo::srv::Distance_Response_<std::allocator<void> > >)>, std::function<void(std::shared_ptr<rmw_request_id_s>, std::shared_ptr<base_interfaces_demo::srv::Distance_Request_<std::allocator<void> > >)>, std::function<void(std::shared_ptr<rclcpp::Service<base_interfaces_demo::srv::Distance> >, std::shared_ptr<rmw_request_id_s>, std::shared_ptr<base_interfaces_demo::srv::Distance_Request_<std::allocator<void> > >)>}][m[K’
[2.005s]    78 |       [01;31m[Kcallback_.template emplace<SharedPtrCallback>(callback)[m[K;
[2.005s]       |       [01;31m[K~~~~~~~~~~~~~~~~~~~~~~~~~~~~~~~~~~~~~~~~~~~~~^~~~~~~~~~[m[K
[2.005s] [01m[K/opt/ros/humble/include/rclcpp/rclcpp/any_service_callback.hpp:78:52:[m[K [01;36m[Knote: [m[K  expected a constant of type ‘[01m[Klong unsigned int[m[K’, got ‘[01m[Krclcpp::AnyServiceCallback<base_interfaces_demo::srv::Distance>::SharedPtrCallback[m[K’ {aka ‘[01m[Kstd::function<void(std::shared_ptr<base_interfaces_demo::srv::Distance_Request_<std::allocator<void> > >, std::shared_ptr<base_interfaces_demo::srv::Distance_Response_<std::allocator<void> > >)>[m[K’}
[2.102s] In file included from [01m[K/opt/ros/humble/include/rclcpp/rclcpp/subscription_base.hpp:32[m[K,
[2.102s]                  from [01m[K/opt/ros/humble/include/rclcpp/rclcpp/callback_group.hpp:29[m[K,
[2.102s]                  from [01m[K/opt/ros/humble/include/rclcpp/rclcpp/any_executable.hpp:20[m[K,
[2.102s]                  from [01m[K/opt/ros/humble/include/rclcpp/rclcpp/memory_strategy.hpp:25[m[K,
[2.102s]                  from [01m[K/opt/ros/humble/include/rclcpp/rclcpp/memory_strategies.hpp:18[m[K,
[2.102s]                  from [01m[K/opt/ros/humble/include/rclcpp/rclcpp/executor_options.hpp:20[m[K,
[2.102s]                  from [01m[K/opt/ros/humble/include/rclcpp/rclcpp/executor.hpp:37[m[K,
[2.102s]                  from [01m[K/opt/ros/humble/include/rclcpp/rclcpp/executors/multi_threaded_executor.hpp:25[m[K,
[2.102s]                  from [01m[K/opt/ros/humble/include/rclcpp/rclcpp/executors.hpp:21[m[K,
[2.102s]                  from [01m[K/opt/ros/humble/include/rclcpp/rclcpp/rclcpp.hpp:155[m[K,
[2.102s]                  from [01m[K/home/pz10on/Work/ws01_plumbing/src/cpp07_exercise01/src/exer02_server.cpp:15[m[K:
[2.102s] /opt/ros/humble/include/rclcpp/rclcpp/any_subscription_callback.hpp: In instantiation of ‘[01m[Krclcpp::AnySubscriptionCallback<MessageT, AllocatorT> rclcpp::AnySubscriptionCallback<MessageT, AllocatorT>::set(CallbackT) [with CallbackT = std::_Bind<void (Exe02Server::*(std::_Placeholder<1>))(std::shared_ptr<turtlesim::msg::Pose_<std::allocator<void> > >)>; MessageT = turtlesim::msg::Pose_<std::allocator<void> >; AllocatorT = std::allocator<void>][m[K’:
[2.102s] [01m[K/opt/ros/humble/include/rclcpp/rclcpp/subscription_factory.hpp:94:32:[m[K   required from ‘[01m[Krclcpp::SubscriptionFactory rclcpp::create_subscription_factory(CallbackT&&, const rclcpp::SubscriptionOptionsWithAllocator<AllocatorT>&, typename MessageMemoryStrategyT::SharedPtr, std::shared_ptr<rclcpp::topic_statistics::SubscriptionTopicStatistics<ROSMessageType> >) [with MessageT = turtlesim::msg::Pose_<std::allocator<void> >; CallbackT = std::_Bind<void (Exe02Server::*(std::_Placeholder<1>))(std::shared_ptr<turtlesim::msg::Pose_<std::allocator<void> > >)>; AllocatorT = std::allocator<void>; SubscriptionT = rclcpp::Subscription<turtlesim::msg::Pose_<std::allocator<void> > >; MessageMemoryStrategyT = rclcpp::message_memory_strategy::MessageMemoryStrategy<turtlesim::msg::Pose_<std::allocator<void> >, std::allocator<void> >; ROSMessageType = turtlesim::msg::Pose_<std::allocator<void> >; typename MessageMemoryStrategyT::SharedPtr = std::shared_ptr<rclcpp::message_memory_strategy::MessageMemoryStrategy<turtlesim::msg::Pose_<std::allocator<void> >, std::allocator<void> > >][m[K’
[2.102s] [01m[K/opt/ros/humble/include/rclcpp/rclcpp/create_subscription.hpp:122:63:[m[K   required from ‘[01m[Kstd::shared_ptr<ROSMessageT> rclcpp::detail::create_subscription(NodeParametersT&, NodeTopicsT&, const string&, const rclcpp::QoS&, CallbackT&&, const rclcpp::SubscriptionOptionsWithAllocator<AllocatorT>&, typename MessageMemoryStrategyT::SharedPtr) [with MessageT = turtlesim::msg::Pose_<std::allocator<void> >; CallbackT = std::_Bind<void (Exe02Server::*(std::_Placeholder<1>))(std::shared_ptr<turtlesim::msg::Pose_<std::allocator<void> > >)>; AllocatorT = std::allocator<void>; SubscriptionT = rclcpp::Subscription<turtlesim::msg::Pose_<std::allocator<void> > >; MessageMemoryStrategyT = rclcpp::message_memory_strategy::MessageMemoryStrategy<turtlesim::msg::Pose_<std::allocator<void> >, std::allocator<void> >; NodeParametersT = rclcpp::Node; NodeTopicsT = rclcpp::Node; ROSMessageType = turtlesim::msg::Pose_<std::allocator<void> >; std::string = std::__cxx11::basic_string<char>; typename MessageMemoryStrategyT::SharedPtr = std::shared_ptr<rclcpp::message_memory_strategy::MessageMemoryStrategy<turtlesim::msg::Pose_<std::allocator<void> >, std::allocator<void> > >][m[K’
[2.102s] [01m[K/opt/ros/humble/include/rclcpp/rclcpp/create_subscription.hpp:191:76:[m[K   required from ‘[01m[Kstd::shared_ptr<ROSMessageT> rclcpp::create_subscription(NodeT&, const string&, const rclcpp::QoS&, CallbackT&&, const rclcpp::SubscriptionOptionsWithAllocator<AllocatorT>&, typename MessageMemoryStrategyT::SharedPtr) [with MessageT = turtlesim::msg::Pose_<std::allocator<void> >; CallbackT = std::_Bind<void (Exe02Server::*(std::_Placeholder<1>))(std::shared_ptr<turtlesim::msg::Pose_<std::allocator<void> > >)>; AllocatorT = std::allocator<void>; SubscriptionT = rclcpp::Subscription<turtlesim::msg::Pose_<std::allocator<void> > >; MessageMemoryStrategyT = rclcpp::message_memory_strategy::MessageMemoryStrategy<turtlesim::msg::Pose_<std::allocator<void> >, std::allocator<void> >; NodeT = rclcpp::Node; std::string = std::__cxx11::basic_string<char>; typename MessageMemoryStrategyT::SharedPtr = std::shared_ptr<rclcpp::message_memory_strategy::MessageMemoryStrategy<turtlesim::msg::Pose_<std::allocator<void> >, std::allocator<void> > >][m[K’
[2.102s] [01m[K/opt/ros/humble/include/rclcpp/rclcpp/node_impl.hpp:99:47:[m[K   required from ‘[01m[Kstd::shared_ptr<ROSMessageT> rclcpp::Node::create_subscription(const string&, const rclcpp::QoS&, CallbackT&&, const rclcpp::SubscriptionOptionsWithAllocator<AllocatorT>&, typename MessageMemoryStrategyT::SharedPtr) [with MessageT = turtlesim::msg::Pose_<std::allocator<void> >; CallbackT = std::_Bind<void (Exe02Server::*(std::_Placeholder<1>))(std::shared_ptr<turtlesim::msg::Pose_<std::allocator<void> > >)>; AllocatorT = std::allocator<void>; SubscriptionT = rclcpp::Subscription<turtlesim::msg::Pose_<std::allocator<void> > >; MessageMemoryStrategyT = rclcpp::message_memory_strategy::MessageMemoryStrategy<turtlesim::msg::Pose_<std::allocator<void> >, std::allocator<void> >; std::string = std::__cxx11::basic_string<char>; typename MessageMemoryStrategyT::SharedPtr = std::shared_ptr<rclcpp::message_memory_strategy::MessageMemoryStrategy<turtlesim::msg::Pose_<std::allocator<void> >, std::allocator<void> > >][m[K’
[2.102s] [01m[K/home/pz10on/Work/ws01_plumbing/src/cpp07_exercise01/src/exer02_server.cpp:28:70:[m[K   required from here
[2.102s] [01m[K/opt/ros/humble/include/rclcpp/rclcpp/any_subscription_callback.hpp:391:22:[m[K [01;31m[Kerror: [m[Kno matching function for call to ‘[01m[Kstd::function<void(std::shared_ptr<turtlesim::msg::Pose_<std::allocator<void> > >)>::function(std::_Bind<void (Exe02Server::*(std::_Placeholder<1>))(std::shared_ptr<turtlesim::msg::Pose_<std::allocator<void> > >)>&)[m[K’
[2.102s]   391 |       set_deprecated([01;31m[Kstatic_cast<typename scbth::callback_type>(callback)[m[K);
[2.102s]       |                      [01;31m[K^~~~~~~~~~~~~~~~~~~~~~~~~~~~~~~~~~~~~~~~~~~~~~~~~~~~[m[K
[2.102s] In file included from [01m[K/usr/include/c++/11/functional:59[m[K,
[2.103s]                  from [01m[K/usr/include/c++/11/pstl/glue_algorithm_defs.h:13[m[K,
[2.103s]                  from [01m[K/usr/include/c++/11/algorithm:74[m[K,
[2.103s]                  from [01m[K/home/pz10on/Work/ws01_plumbing/install/base_interfaces_demo/include/base_interfaces_demo/base_interfaces_demo/srv/detail/distance__struct.hpp:8[m[K,
[2.103s]                  from [01m[K/home/pz10on/Work/ws01_plumbing/install/base_interfaces_demo/include/base_interfaces_demo/base_interfaces_demo/srv/distance.hpp:7[m[K,
[2.103s]                  from [01m[K/home/pz10on/Work/ws01_plumbing/src/cpp07_exercise01/src/exer02_server.cpp:14[m[K:
[2.103s] [01m[K/usr/include/c++/11/bits/std_function.h:435:9:[m[K [01;36m[Knote: [m[Kcandidate: ‘[01m[Ktemplate<class _Functor, class _Constraints> std::function<_Res(_ArgTypes ...)>::function(_Functor&&) [with _Functor = _Functor; _Constraints = _Constraints; _Res = void; _ArgTypes = {std::shared_ptr<turtlesim::msg::Pose_<std::allocator<void> > >}][m[K’
[2.103s]   435 |         [01;36m[Kfunction[m[K(_Functor&& __f)
[2.103s]       |         [01;36m[K^~~~~~~~[m[K
[2.103s] [01m[K/usr/include/c++/11/bits/std_function.h:435:9:[m[K [01;36m[Knote: [m[K  template argument deduction/substitution failed:
[2.103s] In file included from [01m[K/usr/include/c++/11/bits/move.h:57[m[K,
[2.103s]                  from [01m[K/usr/include/c++/11/bits/stl_pair.h:59[m[K,
[2.103s]                  from [01m[K/usr/include/c++/11/utility:70[m[K,
[2.103s]                  from [01m[K/usr/include/c++/11/algorithm:60[m[K,
[2.103s]                  from [01m[K/home/pz10on/Work/ws01_plumbing/install/base_interfaces_demo/include/base_interfaces_demo/base_interfaces_demo/srv/detail/distance__struct.hpp:8[m[K,
[2.103s]                  from [01m[K/home/pz10on/Work/ws01_plumbing/install/base_interfaces_demo/include/base_interfaces_demo/base_interfaces_demo/srv/distance.hpp:7[m[K,
[2.103s]                  from [01m[K/home/pz10on/Work/ws01_plumbing/src/cpp07_exercise01/src/exer02_server.cpp:14[m[K:
[2.103s] /usr/include/c++/11/type_traits: In substitution of ‘[01m[Ktemplate<bool _Cond, class _Tp> using __enable_if_t = typename std::enable_if::type [with bool _Cond = false; _Tp = void][m[K’:
[2.103s] [01m[K/usr/include/c++/11/bits/std_function.h:353:8:[m[K   required by substitution of ‘[01m[Ktemplate<class _Res, class ... _ArgTypes> template<class _Cond, class _Tp> using _Requires = std::__enable_if_t<_Cond::value, _Tp> [with _Cond = std::function<void(std::shared_ptr<turtlesim::msg::Pose_<std::allocator<void> > >)>::_Callable<std::_Bind<void (Exe02Server::*(std::_Placeholder<1>))(std::shared_ptr<turtlesim::msg::Pose_<std::allocator<void> > >)>&, std::_Bind<void (Exe02Server::*(std::_Placeholder<1>))(std::shared_ptr<turtlesim::msg::Pose_<std::allocator<void> > >)>, std::__invoke_result<std::_Bind<void (Exe02Server::*(std::_Placeholder<1>))(std::shared_ptr<turtlesim::msg::Pose_<std::allocator<void> > >)>&, std::shared_ptr<turtlesim::msg::Pose_<std::allocator<void> > > > >; _Tp = void; _Res = void; _ArgTypes = {std::shared_ptr<turtlesim::msg::Pose_<std::allocator<void> > >}][m[K’
[2.103s] [01m[K/usr/include/c++/11/bits/std_function.h:434:9:[m[K   required from ‘[01m[Krclcpp::AnySubscriptionCallback<MessageT, AllocatorT> rclcpp::AnySubscriptionCallback<MessageT, AllocatorT>::set(CallbackT) [with CallbackT = std::_Bind<void (Exe02Server::*(std::_Placeholder<1>))(std::shared_ptr<turtlesim::msg::Pose_<std::allocator<void> > >)>; MessageT = turtlesim::msg::Pose_<std::allocator<void> >; AllocatorT = std::allocator<void>][m[K’
[2.103s] [01m[K/opt/ros/humble/include/rclcpp/rclcpp/subscription_factory.hpp:94:32:[m[K   required from ‘[01m[Krclcpp::SubscriptionFactory rclcpp::create_subscription_factory(CallbackT&&, const rclcpp::SubscriptionOptionsWithAllocator<AllocatorT>&, typename MessageMemoryStrategyT::SharedPtr, std::shared_ptr<rclcpp::topic_statistics::SubscriptionTopicStatistics<ROSMessageType> >) [with MessageT = turtlesim::msg::Pose_<std::allocator<void> >; CallbackT = std::_Bind<void (Exe02Server::*(std::_Placeholder<1>))(std::shared_ptr<turtlesim::msg::Pose_<std::allocator<void> > >)>; AllocatorT = std::allocator<void>; SubscriptionT = rclcpp::Subscription<turtlesim::msg::Pose_<std::allocator<void> > >; MessageMemoryStrategyT = rclcpp::message_memory_strategy::MessageMemoryStrategy<turtlesim::msg::Pose_<std::allocator<void> >, std::allocator<void> >; ROSMessageType = turtlesim::msg::Pose_<std::allocator<void> >; typename MessageMemoryStrategyT::SharedPtr = std::shared_ptr<rclcpp::message_memory_strategy::MessageMemoryStrategy<turtlesim::msg::Pose_<std::allocator<void> >, std::allocator<void> > >][m[K’
[2.103s] [01m[K/opt/ros/humble/include/rclcpp/rclcpp/create_subscription.hpp:122:63:[m[K   required from ‘[01m[Kstd::shared_ptr<ROSMessageT> rclcpp::detail::create_subscription(NodeParametersT&, NodeTopicsT&, const string&, const rclcpp::QoS&, CallbackT&&, const rclcpp::SubscriptionOptionsWithAllocator<AllocatorT>&, typename MessageMemoryStrategyT::SharedPtr) [with MessageT = turtlesim::msg::Pose_<std::allocator<void> >; CallbackT = std::_Bind<void (Exe02Server::*(std::_Placeholder<1>))(std::shared_ptr<turtlesim::msg::Pose_<std::allocator<void> > >)>; AllocatorT = std::allocator<void>; SubscriptionT = rclcpp::Subscription<turtlesim::msg::Pose_<std::allocator<void> > >; MessageMemoryStrategyT = rclcpp::message_memory_strategy::MessageMemoryStrategy<turtlesim::msg::Pose_<std::allocator<void> >, std::allocator<void> >; NodeParametersT = rclcpp::Node; NodeTopicsT = rclcpp::Node; ROSMessageType = turtlesim::msg::Pose_<std::allocator<void> >; std::string = std::__cxx11::basic_string<char>; typename MessageMemoryStrategyT::SharedPtr = std::shared_ptr<rclcpp::message_memory_strategy::MessageMemoryStrategy<turtlesim::msg::Pose_<std::allocator<void> >, std::allocator<void> > >][m[K’
[2.103s] [01m[K/opt/ros/humble/include/rclcpp/rclcpp/create_subscription.hpp:191:76:[m[K   required from ‘[01m[Kstd::shared_ptr<ROSMessageT> rclcpp::create_subscription(NodeT&, const string&, const rclcpp::QoS&, CallbackT&&, const rclcpp::SubscriptionOptionsWithAllocator<AllocatorT>&, typename MessageMemoryStrategyT::SharedPtr) [with MessageT = turtlesim::msg::Pose_<std::allocator<void> >; CallbackT = std::_Bind<void (Exe02Server::*(std::_Placeholder<1>))(std::shared_ptr<turtlesim::msg::Pose_<std::allocator<void> > >)>; AllocatorT = std::allocator<void>; SubscriptionT = rclcpp::Subscription<turtlesim::msg::Pose_<std::allocator<void> > >; MessageMemoryStrategyT = rclcpp::message_memory_strategy::MessageMemoryStrategy<turtlesim::msg::Pose_<std::allocator<void> >, std::allocator<void> >; NodeT = rclcpp::Node; std::string = std::__cxx11::basic_string<char>; typename MessageMemoryStrategyT::SharedPtr = std::shared_ptr<rclcpp::message_memory_strategy::MessageMemoryStrategy<turtlesim::msg::Pose_<std::allocator<void> >, std::allocator<void> > >][m[K’
[2.103s] [01m[K/opt/ros/humble/include/rclcpp/rclcpp/node_impl.hpp:99:47:[m[K   required from ‘[01m[Kstd::shared_ptr<ROSMessageT> rclcpp::Node::create_subscription(const string&, const rclcpp::QoS&, CallbackT&&, const rclcpp::SubscriptionOptionsWithAllocator<AllocatorT>&, typename MessageMemoryStrategyT::SharedPtr) [with MessageT = turtlesim::msg::Pose_<std::allocator<void> >; CallbackT = std::_Bind<void (Exe02Server::*(std::_Placeholder<1>))(std::shared_ptr<turtlesim::msg::Pose_<std::allocator<void> > >)>; AllocatorT = std::allocator<void>; SubscriptionT = rclcpp::Subscription<turtlesim::msg::Pose_<std::allocator<void> > >; MessageMemoryStrategyT = rclcpp::message_memory_strategy::MessageMemoryStrategy<turtlesim::msg::Pose_<std::allocator<void> >, std::allocator<void> >; std::string = std::__cxx11::basic_string<char>; typename MessageMemoryStrategyT::SharedPtr = std::shared_ptr<rclcpp::message_memory_strategy::MessageMemoryStrategy<turtlesim::msg::Pose_<std::allocator<void> >, std::allocator<void> > >][m[K’
[2.103s] [01m[K/home/pz10on/Work/ws01_plumbing/src/cpp07_exercise01/src/exer02_server.cpp:28:70:[m[K   required from here
[2.103s] [01m[K/usr/include/c++/11/type_traits:2205:11:[m[K [01;31m[Kerror: [m[Kno type named ‘[01m[Ktype[m[K’ in ‘[01m[Kstruct std::enable_if<false, void>[m[K’
[2.103s]  2205 |     using [01;31m[K__enable_if_t[m[K = typename enable_if<_Cond, _Tp>::type;
[2.104s]       |           [01;31m[K^~~~~~~~~~~~~[m[K
[2.104s] In file included from [01m[K/usr/include/c++/11/functional:59[m[K,
[2.104s]                  from [01m[K/usr/include/c++/11/pstl/glue_algorithm_defs.h:13[m[K,
[2.104s]                  from [01m[K/usr/include/c++/11/algorithm:74[m[K,
[2.104s]                  from [01m[K/home/pz10on/Work/ws01_plumbing/install/base_interfaces_demo/include/base_interfaces_demo/base_interfaces_demo/srv/detail/distance__struct.hpp:8[m[K,
[2.104s]                  from [01m[K/home/pz10on/Work/ws01_plumbing/install/base_interfaces_demo/include/base_interfaces_demo/base_interfaces_demo/srv/distance.hpp:7[m[K,
[2.104s]                  from [01m[K/home/pz10on/Work/ws01_plumbing/src/cpp07_exercise01/src/exer02_server.cpp:14[m[K:
[2.104s] /opt/ros/humble/include/rclcpp/rclcpp/any_subscription_callback.hpp: In instantiation of ‘[01m[Krclcpp::AnySubscriptionCallback<MessageT, AllocatorT> rclcpp::AnySubscriptionCallback<MessageT, AllocatorT>::set(CallbackT) [with CallbackT = std::_Bind<void (Exe02Server::*(std::_Placeholder<1>))(std::shared_ptr<turtlesim::msg::Pose_<std::allocator<void> > >)>; MessageT = turtlesim::msg::Pose_<std::allocator<void> >; AllocatorT = std::allocator<void>][m[K’:
[2.104s] [01m[K/opt/ros/humble/include/rclcpp/rclcpp/subscription_factory.hpp:94:32:[m[K   required from ‘[01m[Krclcpp::SubscriptionFactory rclcpp::create_subscription_factory(CallbackT&&, const rclcpp::SubscriptionOptionsWithAllocator<AllocatorT>&, typename MessageMemoryStrategyT::SharedPtr, std::shared_ptr<rclcpp::topic_statistics::SubscriptionTopicStatistics<ROSMessageType> >) [with MessageT = turtlesim::msg::Pose_<std::allocator<void> >; CallbackT = std::_Bind<void (Exe02Server::*(std::_Placeholder<1>))(std::shared_ptr<turtlesim::msg::Pose_<std::allocator<void> > >)>; AllocatorT = std::allocator<void>; SubscriptionT = rclcpp::Subscription<turtlesim::msg::Pose_<std::allocator<void> > >; MessageMemoryStrategyT = rclcpp::message_memory_strategy::MessageMemoryStrategy<turtlesim::msg::Pose_<std::allocator<void> >, std::allocator<void> >; ROSMessageType = turtlesim::msg::Pose_<std::allocator<void> >; typename MessageMemoryStrategyT::SharedPtr = std::shared_ptr<rclcpp::message_memory_strategy::MessageMemoryStrategy<turtlesim::msg::Pose_<std::allocator<void> >, std::allocator<void> > >][m[K’
[2.104s] [01m[K/opt/ros/humble/include/rclcpp/rclcpp/create_subscription.hpp:122:63:[m[K   required from ‘[01m[Kstd::shared_ptr<ROSMessageT> rclcpp::detail::create_subscription(NodeParametersT&, NodeTopicsT&, const string&, const rclcpp::QoS&, CallbackT&&, const rclcpp::SubscriptionOptionsWithAllocator<AllocatorT>&, typename MessageMemoryStrategyT::SharedPtr) [with MessageT = turtlesim::msg::Pose_<std::allocator<void> >; CallbackT = std::_Bind<void (Exe02Server::*(std::_Placeholder<1>))(std::shared_ptr<turtlesim::msg::Pose_<std::allocator<void> > >)>; AllocatorT = std::allocator<void>; SubscriptionT = rclcpp::Subscription<turtlesim::msg::Pose_<std::allocator<void> > >; MessageMemoryStrategyT = rclcpp::message_memory_strategy::MessageMemoryStrategy<turtlesim::msg::Pose_<std::allocator<void> >, std::allocator<void> >; NodeParametersT = rclcpp::Node; NodeTopicsT = rclcpp::Node; ROSMessageType = turtlesim::msg::Pose_<std::allocator<void> >; std::string = std::__cxx11::basic_string<char>; typename MessageMemoryStrategyT::SharedPtr = std::shared_ptr<rclcpp::message_memory_strategy::MessageMemoryStrategy<turtlesim::msg::Pose_<std::allocator<void> >, std::allocator<void> > >][m[K’
[2.104s] [01m[K/opt/ros/humble/include/rclcpp/rclcpp/create_subscription.hpp:191:76:[m[K   required from ‘[01m[Kstd::shared_ptr<ROSMessageT> rclcpp::create_subscription(NodeT&, const string&, const rclcpp::QoS&, CallbackT&&, const rclcpp::SubscriptionOptionsWithAllocator<AllocatorT>&, typename MessageMemoryStrategyT::SharedPtr) [with MessageT = turtlesim::msg::Pose_<std::allocator<void> >; CallbackT = std::_Bind<void (Exe02Server::*(std::_Placeholder<1>))(std::shared_ptr<turtlesim::msg::Pose_<std::allocator<void> > >)>; AllocatorT = std::allocator<void>; SubscriptionT = rclcpp::Subscription<turtlesim::msg::Pose_<std::allocator<void> > >; MessageMemoryStrategyT = rclcpp::message_memory_strategy::MessageMemoryStrategy<turtlesim::msg::Pose_<std::allocator<void> >, std::allocator<void> >; NodeT = rclcpp::Node; std::string = std::__cxx11::basic_string<char>; typename MessageMemoryStrategyT::SharedPtr = std::shared_ptr<rclcpp::message_memory_strategy::MessageMemoryStrategy<turtlesim::msg::Pose_<std::allocator<void> >, std::allocator<void> > >][m[K’
[2.104s] [01m[K/opt/ros/humble/include/rclcpp/rclcpp/node_impl.hpp:99:47:[m[K   required from ‘[01m[Kstd::shared_ptr<ROSMessageT> rclcpp::Node::create_subscription(const string&, const rclcpp::QoS&, CallbackT&&, const rclcpp::SubscriptionOptionsWithAllocator<AllocatorT>&, typename MessageMemoryStrategyT::SharedPtr) [with MessageT = turtlesim::msg::Pose_<std::allocator<void> >; CallbackT = std::_Bind<void (Exe02Server::*(std::_Placeholder<1>))(std::shared_ptr<turtlesim::msg::Pose_<std::allocator<void> > >)>; AllocatorT = std::allocator<void>; SubscriptionT = rclcpp::Subscription<turtlesim::msg::Pose_<std::allocator<void> > >; MessageMemoryStrategyT = rclcpp::message_memory_strategy::MessageMemoryStrategy<turtlesim::msg::Pose_<std::allocator<void> >, std::allocator<void> >; std::string = std::__cxx11::basic_string<char>; typename MessageMemoryStrategyT::SharedPtr = std::shared_ptr<rclcpp::message_memory_strategy::MessageMemoryStrategy<turtlesim::msg::Pose_<std::allocator<void> >, std::allocator<void> > >][m[K’
[2.104s] [01m[K/home/pz10on/Work/ws01_plumbing/src/cpp07_exercise01/src/exer02_server.cpp:28:70:[m[K   required from here
[2.104s] [01m[K/usr/include/c++/11/bits/std_function.h:404:7:[m[K [01;36m[Knote: [m[Kcandidate: ‘[01m[Kstd::function<_Res(_ArgTypes ...)>::function(std::function<_Res(_ArgTypes ...)>&&) [with _Res = void; _ArgTypes = {std::shared_ptr<turtlesim::msg::Pose_<std::allocator<void> > >}][m[K’
[2.104s]   404 |       [01;36m[Kfunction[m[K(function&& __x) noexcept
[2.104s]       |       [01;36m[K^~~~~~~~[m[K
[2.104s] [01m[K/usr/include/c++/11/bits/std_function.h:404:27:[m[K [01;36m[Knote: [m[K  no known conversion for argument 1 from ‘[01m[Kstd::_Bind<void (Exe02Server::*(std::_Placeholder<1>))(std::shared_ptr<turtlesim::msg::Pose_<std::allocator<void> > >)>[m[K’ to ‘[01m[Kstd::function<void(std::shared_ptr<turtlesim::msg::Pose_<std::allocator<void> > >)>&&[m[K’
[2.104s]   404 |       function([01;36m[Kfunction&& __x[m[K) noexcept
[2.104s]       |                [01;36m[K~~~~~~~~~~~^~~[m[K
[2.104s] [01m[K/usr/include/c++/11/bits/std_function.h:386:7:[m[K [01;36m[Knote: [m[Kcandidate: ‘[01m[Kstd::function<_Res(_ArgTypes ...)>::function(const std::function<_Res(_ArgTypes ...)>&) [with _Res = void; _ArgTypes = {std::shared_ptr<turtlesim::msg::Pose_<std::allocator<void> > >}][m[K’
[2.104s]   386 |       [01;36m[Kfunction[m[K(const function& __x)
[2.104s]       |       [01;36m[K^~~~~~~~[m[K
[2.105s] [01m[K/usr/include/c++/11/bits/std_function.h:386:32:[m[K [01;36m[Knote: [m[K  no known conversion for argument 1 from ‘[01m[Kstd::_Bind<void (Exe02Server::*(std::_Placeholder<1>))(std::shared_ptr<turtlesim::msg::Pose_<std::allocator<void> > >)>[m[K’ to ‘[01m[Kconst std::function<void(std::shared_ptr<turtlesim::msg::Pose_<std::allocator<void> > >)>&[m[K’
[2.105s]   386 |       function([01;36m[Kconst function& __x[m[K)
[2.105s]       |                [01;36m[K~~~~~~~~~~~~~~~~^~~[m[K
[2.105s] [01m[K/usr/include/c++/11/bits/std_function.h:375:7:[m[K [01;36m[Knote: [m[Kcandidate: ‘[01m[Kstd::function<_Res(_ArgTypes ...)>::function(std::nullptr_t) [with _Res = void; _ArgTypes = {std::shared_ptr<turtlesim::msg::Pose_<std::allocator<void> > >}; std::nullptr_t = std::nullptr_t][m[K’
[2.105s]   375 |       [01;36m[Kfunction[m[K(nullptr_t) noexcept
[2.105s]       |       [01;36m[K^~~~~~~~[m[K
[2.105s] [01m[K/usr/include/c++/11/bits/std_function.h:375:16:[m[K [01;36m[Knote: [m[K  no known conversion for argument 1 from ‘[01m[Kstd::_Bind<void (Exe02Server::*(std::_Placeholder<1>))(std::shared_ptr<turtlesim::msg::Pose_<std::allocator<void> > >)>[m[K’ to ‘[01m[Kstd::nullptr_t[m[K’
[2.105s]   375 |       function([01;36m[Knullptr_t[m[K) noexcept
[2.105s]       |                [01;36m[K^~~~~~~~~[m[K
[2.105s] [01m[K/usr/include/c++/11/bits/std_function.h:368:7:[m[K [01;36m[Knote: [m[Kcandidate: ‘[01m[Kstd::function<_Res(_ArgTypes ...)>::function() [with _Res = void; _ArgTypes = {std::shared_ptr<turtlesim::msg::Pose_<std::allocator<void> > >}][m[K’
[2.105s]   368 |       [01;36m[Kfunction[m[K() noexcept
[2.105s]       |       [01;36m[K^~~~~~~~[m[K
[2.105s] [01m[K/usr/include/c++/11/bits/std_function.h:368:7:[m[K [01;36m[Knote: [m[K  candidate expects 0 arguments, 1 provided
[3.648s] gmake[2]: *** [CMakeFiles/exer02_server.dir/build.make:76: CMakeFiles/exer02_server.dir/src/exer02_server.cpp.o] Error 1
[3.648s] gmake[1]: *** [CMakeFiles/Makefile2:167: CMakeFiles/exer02_server.dir/all] Error 2
[3.648s] gmake: *** [Makefile:146: all] Error 2
[3.650s] Invoked command in '/home/pz10on/Work/ws01_plumbing/build/cpp07_exercise01' returned '2': AMENT_PREFIX_PATH=/home/pz10on/Work/ws01_plumbing/install/base_interfaces_demo:${AMENT_PREFIX_PATH} CMAKE_PREFIX_PATH=/home/pz10on/Work/ws01_plumbing/install/base_interfaces_demo:/opt/ros/humble LD_LIBRARY_PATH=/home/pz10on/Work/ws01_plumbing/install/base_interfaces_demo/lib:${LD_LIBRARY_PATH} PYTHONPATH=/home/pz10on/Work/ws01_plumbing/install/base_interfaces_demo/local/lib/python3.10/dist-packages:${PYTHONPATH} /usr/bin/cmake --build /home/pz10on/Work/ws01_plumbing/build/cpp07_exercise01 -- -j12 -l12
