[0.012s] Invoking command in '/home/pz10on/Work/ws01_plumbing/build/cpp02_service': CMAKE_PREFIX_PATH=/home/pz10on/Work/ws01_plumbing/install/base_interfaces_demo:/home/pz10on/Work/ws01_plumbing/install/cpp02_service:/home/pz10on/Work/ws01_plumbing/install/cpp01_topic:/opt/ros/humble /usr/bin/cmake --build /home/pz10on/Work/ws01_plumbing/build/cpp02_service -- -j12 -l12
[0.040s] [35m[1mConsolidate compiler generated dependencies of target demo01_server[0m
[0.049s] [ 25%] [32mBuilding CXX object CMakeFiles/demo02_client.dir/src/demo02_client.cpp.o[0m
[0.052s] [ 50%] [32mBuilding CXX object CMakeFiles/demo01_server.dir/src/demo01_server.cpp.o[0m
[2.504s] [ 75%] [32m[1mLinking CXX executable demo02_client[0m
[2.593s] [ 75%] Built target demo02_client
[2.985s] [100%] [32m[1mLinking CXX executable demo01_server[0m
[3.124s] [100%] Built target demo01_server
[3.135s] Invoked command in '/home/pz10on/Work/ws01_plumbing/build/cpp02_service' returned '0': CMAKE_PREFIX_PATH=/home/pz10on/Work/ws01_plumbing/install/base_interfaces_demo:/home/pz10on/Work/ws01_plumbing/install/cpp02_service:/home/pz10on/Work/ws01_plumbing/install/cpp01_topic:/opt/ros/humble /usr/bin/cmake --build /home/pz10on/Work/ws01_plumbing/build/cpp02_service -- -j12 -l12
[3.165s] Invoking command in '/home/pz10on/Work/ws01_plumbing/build/cpp02_service': CMAKE_PREFIX_PATH=/home/pz10on/Work/ws01_plumbing/install/base_interfaces_demo:/home/pz10on/Work/ws01_plumbing/install/cpp02_service:/home/pz10on/Work/ws01_plumbing/install/cpp01_topic:/opt/ros/humble /usr/bin/cmake --install /home/pz10on/Work/ws01_plumbing/build/cpp02_service
[3.172s] -- Install configuration: ""
[3.172s] -- Installing: /home/pz10on/Work/ws01_plumbing/install/cpp02_service/lib/cpp02_service/demo01_server
[3.173s] -- Set runtime path of "/home/pz10on/Work/ws01_plumbing/install/cpp02_service/lib/cpp02_service/demo01_server" to ""
[3.173s] -- Installing: /home/pz10on/Work/ws01_plumbing/install/cpp02_service/lib/cpp02_service/demo02_client
[3.173s] -- Set runtime path of "/home/pz10on/Work/ws01_plumbing/install/cpp02_service/lib/cpp02_service/demo02_client" to ""
[3.173s] -- Up-to-date: /home/pz10on/Work/ws01_plumbing/install/cpp02_service/share/ament_index/resource_index/package_run_dependencies/cpp02_service
[3.173s] -- Up-to-date: /home/pz10on/Work/ws01_plumbing/install/cpp02_service/share/ament_index/resource_index/parent_prefix_path/cpp02_service
[3.173s] -- Up-to-date: /home/pz10on/Work/ws01_plumbing/install/cpp02_service/share/cpp02_service/environment/ament_prefix_path.sh
[3.173s] -- Up-to-date: /home/pz10on/Work/ws01_plumbing/install/cpp02_service/share/cpp02_service/environment/ament_prefix_path.dsv
[3.173s] -- Up-to-date: /home/pz10on/Work/ws01_plumbing/install/cpp02_service/share/cpp02_service/environment/path.sh
[3.173s] -- Up-to-date: /home/pz10on/Work/ws01_plumbing/install/cpp02_service/share/cpp02_service/environment/path.dsv
[3.173s] -- Up-to-date: /home/pz10on/Work/ws01_plumbing/install/cpp02_service/share/cpp02_service/local_setup.bash
[3.173s] -- Up-to-date: /home/pz10on/Work/ws01_plumbing/install/cpp02_service/share/cpp02_service/local_setup.sh
[3.173s] -- Up-to-date: /home/pz10on/Work/ws01_plumbing/install/cpp02_service/share/cpp02_service/local_setup.zsh
[3.173s] -- Up-to-date: /home/pz10on/Work/ws01_plumbing/install/cpp02_service/share/cpp02_service/local_setup.dsv
[3.173s] -- Installing: /home/pz10on/Work/ws01_plumbing/install/cpp02_service/share/cpp02_service/package.dsv
[3.173s] -- Up-to-date: /home/pz10on/Work/ws01_plumbing/install/cpp02_service/share/ament_index/resource_index/packages/cpp02_service
[3.174s] -- Up-to-date: /home/pz10on/Work/ws01_plumbing/install/cpp02_service/share/cpp02_service/cmake/cpp02_serviceConfig.cmake
[3.174s] -- Up-to-date: /home/pz10on/Work/ws01_plumbing/install/cpp02_service/share/cpp02_service/cmake/cpp02_serviceConfig-version.cmake
[3.174s] -- Up-to-date: /home/pz10on/Work/ws01_plumbing/install/cpp02_service/share/cpp02_service/package.xml
[3.175s] Invoked command in '/home/pz10on/Work/ws01_plumbing/build/cpp02_service' returned '0': CMAKE_PREFIX_PATH=/home/pz10on/Work/ws01_plumbing/install/base_interfaces_demo:/home/pz10on/Work/ws01_plumbing/install/cpp02_service:/home/pz10on/Work/ws01_plumbing/install/cpp01_topic:/opt/ros/humble /usr/bin/cmake --install /home/pz10on/Work/ws01_plumbing/build/cpp02_service
