[0.004s] Invoking command in '/home/pz10on/Work/ws01_plumbing/build/cpp01_topic': AMENT_PREFIX_PATH=/home/pz10on/Work/ws01_plumbing/install/base_interfaces_demo:${AMENT_PREFIX_PATH} CMAKE_PREFIX_PATH=/home/pz10on/Work/ws01_plumbing/install/base_interfaces_demo:/opt/ros/humble /usr/bin/cmake /home/pz10on/Work/ws01_plumbing/src/cpp01_topic -DCMAKE_INSTALL_PREFIX=/home/pz10on/Work/ws01_plumbing/install/cpp01_topic
[0.042s] -- The C compiler identification is GNU 11.4.0
[0.078s] -- The CXX compiler identification is GNU 11.4.0
[0.083s] -- Detecting C compiler ABI info
[0.129s] -- Detecting C compiler ABI info - done
[0.135s] -- Check for working C compiler: /usr/bin/cc - skipped
[0.135s] -- Detecting C compile features
[0.135s] -- Detecting C compile features - done
[0.137s] -- Detecting CXX compiler ABI info
[0.189s] -- Detecting CXX compiler ABI info - done
[0.194s] -- Check for working CXX compiler: /usr/bin/c++ - skipped
[0.194s] -- Detecting CXX compile features
[0.194s] -- Detecting CXX compile features - done
[0.196s] -- Found ament_cmake: 1.3.5 (/opt/ros/humble/share/ament_cmake/cmake)
[0.320s] -- Found Python3: /usr/bin/python3.10 (found version "3.10.12") found components: Interpreter 
[0.383s] -- Found rclcpp: 16.0.5 (/opt/ros/humble/share/rclcpp/cmake)
[0.418s] -- Found rosidl_generator_c: 3.1.5 (/opt/ros/humble/share/rosidl_generator_c/cmake)
[0.422s] -- Found rosidl_adapter: 3.1.5 (/opt/ros/humble/share/rosidl_adapter/cmake)
[0.430s] -- Found rosidl_generator_cpp: 3.1.5 (/opt/ros/humble/share/rosidl_generator_cpp/cmake)
[0.442s] -- Using all available rosidl_typesupport_c: rosidl_typesupport_fastrtps_c;rosidl_typesupport_introspection_c
[0.457s] -- Using all available rosidl_typesupport_cpp: rosidl_typesupport_fastrtps_cpp;rosidl_typesupport_introspection_cpp
[0.518s] -- Found rmw_implementation_cmake: 6.1.1 (/opt/ros/humble/share/rmw_implementation_cmake/cmake)
[0.520s] -- Found rmw_fastrtps_cpp: 6.2.3 (/opt/ros/humble/share/rmw_fastrtps_cpp/cmake)
[0.621s] -- Found OpenSSL: /usr/lib/x86_64-linux-gnu/libcrypto.so (found version "3.0.2")  
[0.641s] -- Found FastRTPS: /opt/ros/humble/include  
[0.673s] -- Using RMW implementation 'rmw_fastrtps_cpp' as default
[0.681s] -- Looking for pthread.h
[0.732s] -- Looking for pthread.h - found
[0.732s] -- Performing Test CMAKE_HAVE_LIBC_PTHREAD
[0.784s] -- Performing Test CMAKE_HAVE_LIBC_PTHREAD - Success
[0.785s] -- Found Threads: TRUE  
[0.908s] -- Found base_interfaces_demo: 0.0.0 (/home/pz10on/Work/ws01_plumbing/install/base_interfaces_demo/share/base_interfaces_demo/cmake)
[0.910s] -- Found ament_lint_auto: 0.12.7 (/opt/ros/humble/share/ament_lint_auto/cmake)
[0.964s] -- Added test 'cppcheck' to perform static code analysis on C / C++ code
[0.964s] -- Configured cppcheck include dirs: $<BUILD_INTERFACE:/home/pz10on/Work/ws01_plumbing/src/cpp01_topic/include>
[0.964s] -- Configured cppcheck exclude dirs and/or files: 
[0.964s] -- Added test 'lint_cmake' to check CMake code style
[0.965s] -- Added test 'uncrustify' to check C / C++ code style
[0.965s] -- Configured uncrustify additional arguments: 
[0.965s] -- Added test 'xmllint' to check XML markup files
[0.966s] -- Configuring done
[0.972s] -- Generating done
[0.973s] -- Build files have been written to: /home/pz10on/Work/ws01_plumbing/build/cpp01_topic
[0.981s] Invoked command in '/home/pz10on/Work/ws01_plumbing/build/cpp01_topic' returned '0': AMENT_PREFIX_PATH=/home/pz10on/Work/ws01_plumbing/install/base_interfaces_demo:${AMENT_PREFIX_PATH} CMAKE_PREFIX_PATH=/home/pz10on/Work/ws01_plumbing/install/base_interfaces_demo:/opt/ros/humble /usr/bin/cmake /home/pz10on/Work/ws01_plumbing/src/cpp01_topic -DCMAKE_INSTALL_PREFIX=/home/pz10on/Work/ws01_plumbing/install/cpp01_topic
[0.982s] Invoking command in '/home/pz10on/Work/ws01_plumbing/build/cpp01_topic': AMENT_PREFIX_PATH=/home/pz10on/Work/ws01_plumbing/install/base_interfaces_demo:${AMENT_PREFIX_PATH} CMAKE_PREFIX_PATH=/home/pz10on/Work/ws01_plumbing/install/base_interfaces_demo:/opt/ros/humble /usr/bin/cmake --build /home/pz10on/Work/ws01_plumbing/build/cpp01_topic -- -j12 -l12
[1.021s] [ 50%] [32mBuilding CXX object CMakeFiles/demo01_talker_str.dir/src/demo01_talker_str.cpp.o[0m
[3.184s] [100%] [32m[1mLinking CXX executable demo01_talker_str[0m
[3.280s] [100%] Built target demo01_talker_str
[3.287s] Invoked command in '/home/pz10on/Work/ws01_plumbing/build/cpp01_topic' returned '0': AMENT_PREFIX_PATH=/home/pz10on/Work/ws01_plumbing/install/base_interfaces_demo:${AMENT_PREFIX_PATH} CMAKE_PREFIX_PATH=/home/pz10on/Work/ws01_plumbing/install/base_interfaces_demo:/opt/ros/humble /usr/bin/cmake --build /home/pz10on/Work/ws01_plumbing/build/cpp01_topic -- -j12 -l12
[3.303s] Invoking command in '/home/pz10on/Work/ws01_plumbing/build/cpp01_topic': AMENT_PREFIX_PATH=/home/pz10on/Work/ws01_plumbing/install/base_interfaces_demo:${AMENT_PREFIX_PATH} CMAKE_PREFIX_PATH=/home/pz10on/Work/ws01_plumbing/install/base_interfaces_demo:/opt/ros/humble /usr/bin/cmake --install /home/pz10on/Work/ws01_plumbing/build/cpp01_topic
[3.308s] -- Install configuration: ""
[3.309s] -- Installing: /home/pz10on/Work/ws01_plumbing/install/cpp01_topic/lib/cpp01_topic/demo01_talker_str
[3.309s] -- Set runtime path of "/home/pz10on/Work/ws01_plumbing/install/cpp01_topic/lib/cpp01_topic/demo01_talker_str" to ""
[3.309s] -- Installing: /home/pz10on/Work/ws01_plumbing/install/cpp01_topic/share/ament_index/resource_index/package_run_dependencies/cpp01_topic
[3.309s] -- Installing: /home/pz10on/Work/ws01_plumbing/install/cpp01_topic/share/ament_index/resource_index/parent_prefix_path/cpp01_topic
[3.309s] -- Installing: /home/pz10on/Work/ws01_plumbing/install/cpp01_topic/share/cpp01_topic/environment/ament_prefix_path.sh
[3.309s] -- Installing: /home/pz10on/Work/ws01_plumbing/install/cpp01_topic/share/cpp01_topic/environment/ament_prefix_path.dsv
[3.309s] -- Installing: /home/pz10on/Work/ws01_plumbing/install/cpp01_topic/share/cpp01_topic/environment/path.sh
[3.310s] -- Installing: /home/pz10on/Work/ws01_plumbing/install/cpp01_topic/share/cpp01_topic/environment/path.dsv
[3.310s] -- Installing: /home/pz10on/Work/ws01_plumbing/install/cpp01_topic/share/cpp01_topic/local_setup.bash
[3.310s] -- Installing: /home/pz10on/Work/ws01_plumbing/install/cpp01_topic/share/cpp01_topic/local_setup.sh
[3.310s] -- Installing: /home/pz10on/Work/ws01_plumbing/install/cpp01_topic/share/cpp01_topic/local_setup.zsh
[3.310s] -- Installing: /home/pz10on/Work/ws01_plumbing/install/cpp01_topic/share/cpp01_topic/local_setup.dsv
[3.310s] -- Installing: /home/pz10on/Work/ws01_plumbing/install/cpp01_topic/share/cpp01_topic/package.dsv
[3.310s] -- Installing: /home/pz10on/Work/ws01_plumbing/install/cpp01_topic/share/ament_index/resource_index/packages/cpp01_topic
[3.310s] -- Installing: /home/pz10on/Work/ws01_plumbing/install/cpp01_topic/share/cpp01_topic/cmake/cpp01_topicConfig.cmake
[3.310s] -- Installing: /home/pz10on/Work/ws01_plumbing/install/cpp01_topic/share/cpp01_topic/cmake/cpp01_topicConfig-version.cmake
[3.310s] -- Installing: /home/pz10on/Work/ws01_plumbing/install/cpp01_topic/share/cpp01_topic/package.xml
[3.313s] Invoked command in '/home/pz10on/Work/ws01_plumbing/build/cpp01_topic' returned '0': AMENT_PREFIX_PATH=/home/pz10on/Work/ws01_plumbing/install/base_interfaces_demo:${AMENT_PREFIX_PATH} CMAKE_PREFIX_PATH=/home/pz10on/Work/ws01_plumbing/install/base_interfaces_demo:/opt/ros/humble /usr/bin/cmake --install /home/pz10on/Work/ws01_plumbing/build/cpp01_topic
