[0.012s] Invoking command in '/home/pz10on/Work/ws01_plumbing/build/cpp03_action': AMENT_PREFIX_PATH=/home/pz10on/Work/ws01_plumbing/install/base_interfaces_demo:${AMENT_PREFIX_PATH} CMAKE_PREFIX_PATH=/home/pz10on/Work/ws01_plumbing/install/base_interfaces_demo:/opt/ros/humble LD_LIBRARY_PATH=/home/pz10on/Work/ws01_plumbing/install/base_interfaces_demo/lib:${LD_LIBRARY_PATH} PYTHONPATH=/home/pz10on/Work/ws01_plumbing/install/base_interfaces_demo/local/lib/python3.10/dist-packages:${PYTHONPATH} /usr/bin/cmake --build /home/pz10on/Work/ws01_plumbing/build/cpp03_action -- -j12 -l12
[0.051s] [35m[1mConsolidate compiler generated dependencies of target demo01_action_server[0m
[0.051s] [35m[1mConsolidate compiler generated dependencies of target demo02_action_client[0m
[0.064s] [ 50%] [32mBuilding CXX object CMakeFiles/demo02_action_client.dir/src/demo02_action_client.cpp.o[0m
[0.064s] [ 50%] [32mBuilding CXX object CMakeFiles/demo01_action_server.dir/src/demo01_action_server.cpp.o[0m
[2.941s] [ 75%] [32m[1mLinking CXX executable demo01_action_server[0m
[3.048s] [100%] [32m[1mLinking CXX executable demo02_action_client[0m
[3.081s] [100%] Built target demo01_action_server
[3.160s] [100%] Built target demo02_action_client
[3.168s] Invoked command in '/home/pz10on/Work/ws01_plumbing/build/cpp03_action' returned '0': AMENT_PREFIX_PATH=/home/pz10on/Work/ws01_plumbing/install/base_interfaces_demo:${AMENT_PREFIX_PATH} CMAKE_PREFIX_PATH=/home/pz10on/Work/ws01_plumbing/install/base_interfaces_demo:/opt/ros/humble LD_LIBRARY_PATH=/home/pz10on/Work/ws01_plumbing/install/base_interfaces_demo/lib:${LD_LIBRARY_PATH} PYTHONPATH=/home/pz10on/Work/ws01_plumbing/install/base_interfaces_demo/local/lib/python3.10/dist-packages:${PYTHONPATH} /usr/bin/cmake --build /home/pz10on/Work/ws01_plumbing/build/cpp03_action -- -j12 -l12
[3.190s] Invoking command in '/home/pz10on/Work/ws01_plumbing/build/cpp03_action': AMENT_PREFIX_PATH=/home/pz10on/Work/ws01_plumbing/install/base_interfaces_demo:${AMENT_PREFIX_PATH} CMAKE_PREFIX_PATH=/home/pz10on/Work/ws01_plumbing/install/base_interfaces_demo:/opt/ros/humble LD_LIBRARY_PATH=/home/pz10on/Work/ws01_plumbing/install/base_interfaces_demo/lib:${LD_LIBRARY_PATH} PYTHONPATH=/home/pz10on/Work/ws01_plumbing/install/base_interfaces_demo/local/lib/python3.10/dist-packages:${PYTHONPATH} /usr/bin/cmake --install /home/pz10on/Work/ws01_plumbing/build/cpp03_action
[3.195s] -- Install configuration: ""
[3.195s] -- Installing: /home/pz10on/Work/ws01_plumbing/install/cpp03_action/lib/cpp03_action/demo01_action_server
[3.196s] -- Set runtime path of "/home/pz10on/Work/ws01_plumbing/install/cpp03_action/lib/cpp03_action/demo01_action_server" to ""
[3.196s] -- Installing: /home/pz10on/Work/ws01_plumbing/install/cpp03_action/lib/cpp03_action/demo02_action_client
[3.197s] -- Set runtime path of "/home/pz10on/Work/ws01_plumbing/install/cpp03_action/lib/cpp03_action/demo02_action_client" to ""
[3.197s] -- Up-to-date: /home/pz10on/Work/ws01_plumbing/install/cpp03_action/share/ament_index/resource_index/package_run_dependencies/cpp03_action
[3.197s] -- Up-to-date: /home/pz10on/Work/ws01_plumbing/install/cpp03_action/share/ament_index/resource_index/parent_prefix_path/cpp03_action
[3.197s] -- Up-to-date: /home/pz10on/Work/ws01_plumbing/install/cpp03_action/share/cpp03_action/environment/ament_prefix_path.sh
[3.197s] -- Up-to-date: /home/pz10on/Work/ws01_plumbing/install/cpp03_action/share/cpp03_action/environment/ament_prefix_path.dsv
[3.197s] -- Up-to-date: /home/pz10on/Work/ws01_plumbing/install/cpp03_action/share/cpp03_action/environment/path.sh
[3.197s] -- Up-to-date: /home/pz10on/Work/ws01_plumbing/install/cpp03_action/share/cpp03_action/environment/path.dsv
[3.198s] -- Up-to-date: /home/pz10on/Work/ws01_plumbing/install/cpp03_action/share/cpp03_action/local_setup.bash
[3.198s] -- Up-to-date: /home/pz10on/Work/ws01_plumbing/install/cpp03_action/share/cpp03_action/local_setup.sh
[3.198s] -- Up-to-date: /home/pz10on/Work/ws01_plumbing/install/cpp03_action/share/cpp03_action/local_setup.zsh
[3.198s] -- Up-to-date: /home/pz10on/Work/ws01_plumbing/install/cpp03_action/share/cpp03_action/local_setup.dsv
[3.198s] -- Installing: /home/pz10on/Work/ws01_plumbing/install/cpp03_action/share/cpp03_action/package.dsv
[3.198s] -- Up-to-date: /home/pz10on/Work/ws01_plumbing/install/cpp03_action/share/ament_index/resource_index/packages/cpp03_action
[3.198s] -- Up-to-date: /home/pz10on/Work/ws01_plumbing/install/cpp03_action/share/cpp03_action/cmake/cpp03_actionConfig.cmake
[3.198s] -- Up-to-date: /home/pz10on/Work/ws01_plumbing/install/cpp03_action/share/cpp03_action/cmake/cpp03_actionConfig-version.cmake
[3.198s] -- Up-to-date: /home/pz10on/Work/ws01_plumbing/install/cpp03_action/share/cpp03_action/package.xml
[3.199s] Invoked command in '/home/pz10on/Work/ws01_plumbing/build/cpp03_action' returned '0': AMENT_PREFIX_PATH=/home/pz10on/Work/ws01_plumbing/install/base_interfaces_demo:${AMENT_PREFIX_PATH} CMAKE_PREFIX_PATH=/home/pz10on/Work/ws01_plumbing/install/base_interfaces_demo:/opt/ros/humble LD_LIBRARY_PATH=/home/pz10on/Work/ws01_plumbing/install/base_interfaces_demo/lib:${LD_LIBRARY_PATH} PYTHONPATH=/home/pz10on/Work/ws01_plumbing/install/base_interfaces_demo/local/lib/python3.10/dist-packages:${PYTHONPATH} /usr/bin/cmake --install /home/pz10on/Work/ws01_plumbing/build/cpp03_action
