[0.010s] Invoking command in '/home/pz10on/Work/ws01_plumbing/build/cpp04_param': CMAKE_PREFIX_PATH=${CMAKE_PREFIX_PATH}:/opt/ros/humble /usr/bin/cmake --build /home/pz10on/Work/ws01_plumbing/build/cpp04_param -- -j12 -l12
[0.028s] -- Found ament_cmake: 1.3.5 (/opt/ros/humble/share/ament_cmake/cmake)
[0.131s] -- Found rclcpp: 16.0.5 (/opt/ros/humble/share/rclcpp/cmake)
[0.149s] -- Found rosidl_generator_c: 3.1.5 (/opt/ros/humble/share/rosidl_generator_c/cmake)
[0.151s] -- Found rosidl_adapter: 3.1.5 (/opt/ros/humble/share/rosidl_adapter/cmake)
[0.155s] -- Found rosidl_generator_cpp: 3.1.5 (/opt/ros/humble/share/rosidl_generator_cpp/cmake)
[0.162s] -- Using all available rosidl_typesupport_c: rosidl_typesupport_fastrtps_c;rosidl_typesupport_introspection_c
[0.172s] -- Using all available rosidl_typesupport_cpp: rosidl_typesupport_fastrtps_cpp;rosidl_typesupport_introspection_cpp
[0.211s] -- Found rmw_implementation_cmake: 6.1.1 (/opt/ros/humble/share/rmw_implementation_cmake/cmake)
[0.212s] -- Found rmw_fastrtps_cpp: 6.2.3 (/opt/ros/humble/share/rmw_fastrtps_cpp/cmake)
[0.289s] -- Using RMW implementation 'rmw_fastrtps_cpp' as default
[0.409s] -- Found ament_lint_auto: 0.12.7 (/opt/ros/humble/share/ament_lint_auto/cmake)
[0.458s] -- Added test 'cppcheck' to perform static code analysis on C / C++ code
[0.458s] -- Configured cppcheck include dirs: $<BUILD_INTERFACE:/home/pz10on/Work/ws01_plumbing/src/cpp04_param/include>
[0.458s] -- Configured cppcheck exclude dirs and/or files: 
[0.458s] -- Added test 'lint_cmake' to check CMake code style
[0.459s] -- Added test 'uncrustify' to check C / C++ code style
[0.459s] -- Configured uncrustify additional arguments: 
[0.459s] -- Added test 'xmllint' to check XML markup files
[0.460s] -- Configuring done
[0.465s] -- Generating done
[0.466s] -- Build files have been written to: /home/pz10on/Work/ws01_plumbing/build/cpp04_param
[0.485s] [35m[1mConsolidate compiler generated dependencies of target demo00_param[0m
[0.497s] [ 50%] [32mBuilding CXX object CMakeFiles/demo00_param.dir/src/demo00_param.cpp.o[0m
[2.549s] [100%] [32m[1mLinking CXX executable demo00_param[0m
[2.629s] [100%] Built target demo00_param
[2.638s] Invoked command in '/home/pz10on/Work/ws01_plumbing/build/cpp04_param' returned '0': CMAKE_PREFIX_PATH=${CMAKE_PREFIX_PATH}:/opt/ros/humble /usr/bin/cmake --build /home/pz10on/Work/ws01_plumbing/build/cpp04_param -- -j12 -l12
[2.661s] Invoking command in '/home/pz10on/Work/ws01_plumbing/build/cpp04_param': CMAKE_PREFIX_PATH=${CMAKE_PREFIX_PATH}:/opt/ros/humble /usr/bin/cmake --install /home/pz10on/Work/ws01_plumbing/build/cpp04_param
[2.666s] -- Install configuration: ""
[2.666s] -- Installing: /home/pz10on/Work/ws01_plumbing/install/cpp04_param/lib/cpp04_param/demo00_param
[2.667s] -- Set runtime path of "/home/pz10on/Work/ws01_plumbing/install/cpp04_param/lib/cpp04_param/demo00_param" to ""
[2.667s] -- Up-to-date: /home/pz10on/Work/ws01_plumbing/install/cpp04_param/share/ament_index/resource_index/package_run_dependencies/cpp04_param
[2.667s] -- Installing: /home/pz10on/Work/ws01_plumbing/install/cpp04_param/share/ament_index/resource_index/parent_prefix_path/cpp04_param
[2.667s] -- Up-to-date: /home/pz10on/Work/ws01_plumbing/install/cpp04_param/share/cpp04_param/environment/ament_prefix_path.sh
[2.667s] -- Installing: /home/pz10on/Work/ws01_plumbing/install/cpp04_param/share/cpp04_param/environment/ament_prefix_path.dsv
[2.667s] -- Up-to-date: /home/pz10on/Work/ws01_plumbing/install/cpp04_param/share/cpp04_param/environment/path.sh
[2.667s] -- Installing: /home/pz10on/Work/ws01_plumbing/install/cpp04_param/share/cpp04_param/environment/path.dsv
[2.667s] -- Up-to-date: /home/pz10on/Work/ws01_plumbing/install/cpp04_param/share/cpp04_param/local_setup.bash
[2.667s] -- Up-to-date: /home/pz10on/Work/ws01_plumbing/install/cpp04_param/share/cpp04_param/local_setup.sh
[2.667s] -- Up-to-date: /home/pz10on/Work/ws01_plumbing/install/cpp04_param/share/cpp04_param/local_setup.zsh
[2.667s] -- Installing: /home/pz10on/Work/ws01_plumbing/install/cpp04_param/share/cpp04_param/local_setup.dsv
[2.667s] -- Installing: /home/pz10on/Work/ws01_plumbing/install/cpp04_param/share/cpp04_param/package.dsv
[2.667s] -- Up-to-date: /home/pz10on/Work/ws01_plumbing/install/cpp04_param/share/ament_index/resource_index/packages/cpp04_param
[2.667s] -- Up-to-date: /home/pz10on/Work/ws01_plumbing/install/cpp04_param/share/cpp04_param/cmake/cpp04_paramConfig.cmake
[2.667s] -- Up-to-date: /home/pz10on/Work/ws01_plumbing/install/cpp04_param/share/cpp04_param/cmake/cpp04_paramConfig-version.cmake
[2.667s] -- Up-to-date: /home/pz10on/Work/ws01_plumbing/install/cpp04_param/share/cpp04_param/package.xml
[2.669s] Invoked command in '/home/pz10on/Work/ws01_plumbing/build/cpp04_param' returned '0': CMAKE_PREFIX_PATH=${CMAKE_PREFIX_PATH}:/opt/ros/humble /usr/bin/cmake --install /home/pz10on/Work/ws01_plumbing/build/cpp04_param
