[0.009s] Invoking command in '/home/pz10on/Work/ws01_plumbing/build/cpp06_time': CMAKE_PREFIX_PATH=${CMAKE_PREFIX_PATH}:/opt/ros/humble /usr/bin/cmake --build /home/pz10on/Work/ws01_plumbing/build/cpp06_time -- -j12 -l12
[0.037s] [35m[1mConsolidate compiler generated dependencies of target demo01_time[0m
[0.049s] [ 50%] [32mBuilding CXX object CMakeFiles/demo01_time.dir/src/demo01_time.cpp.o[0m
[1.626s] In file included from [01m[K/opt/ros/humble/include/rclcpp/rclcpp/logging.hpp:24[m[K,
[1.626s]                  from [01m[K/opt/ros/humble/include/rclcpp/rclcpp/client.hpp:40[m[K,
[1.626s]                  from [01m[K/opt/ros/humble/include/rclcpp/rclcpp/callback_group.hpp:24[m[K,
[1.626s]                  from [01m[K/opt/ros/humble/include/rclcpp/rclcpp/any_executable.hpp:20[m[K,
[1.626s]                  from [01m[K/opt/ros/humble/include/rclcpp/rclcpp/memory_strategy.hpp:25[m[K,
[1.626s]                  from [01m[K/opt/ros/humble/include/rclcpp/rclcpp/memory_strategies.hpp:18[m[K,
[1.626s]                  from [01m[K/opt/ros/humble/include/rclcpp/rclcpp/executor_options.hpp:20[m[K,
[1.626s]                  from [01m[K/opt/ros/humble/include/rclcpp/rclcpp/executor.hpp:37[m[K,
[1.626s]                  from [01m[K/opt/ros/humble/include/rclcpp/rclcpp/executors/multi_threaded_executor.hpp:25[m[K,
[1.626s]                  from [01m[K/opt/ros/humble/include/rclcpp/rclcpp/executors.hpp:21[m[K,
[1.626s]                  from [01m[K/opt/ros/humble/include/rclcpp/rclcpp/rclcpp.hpp:155[m[K,
[1.626s]                  from [01m[K/home/pz10on/Work/ws01_plumbing/src/cpp06_time/src/demo01_time.cpp:11[m[K:
[1.626s] [01m[K/home/pz10on/Work/ws01_plumbing/src/cpp06_time/src/demo01_time.cpp:[m[K In member function ‘[01m[Kvoid MyNode::demo_opt()[m[K’:
[1.626s] [01m[K/home/pz10on/Work/ws01_plumbing/src/cpp06_time/src/demo01_time.cpp:86:41:[m[K [01;35m[Kwarning: [m[Kformat ‘[01m[K%d[m[K’ expects argument of type ‘[01m[Kint[m[K’, but argument 5 has type ‘[01m[Kdouble[m[K’ [[01;35m[K]8;;https://gcc.gnu.org/onlinedocs/gcc/Warning-Options.html#index-Wformat=-Wformat=]8;;[m[K]
[1.626s]    86 |         RCLCPP_INFO(this->get_logger(), [01;35m[K"du5 = t4 - t3 = %d"[m[K,[32m[Kdu5.seconds()[m[K);
[1.626s]       |                                         [01;35m[K^~~~~~~~~~~~~~~~~~~~[m[K [32m[K~~~~~~~~~~~~~[m[K
[1.626s]       |                                                                         [32m[K|[m[K
[1.626s]       |                                                                         [32m[Kdouble[m[K
[1.633s] [01m[K/home/pz10on/Work/ws01_plumbing/src/cpp06_time/src/demo01_time.cpp:86:59:[m[K [01;36m[Knote: [m[Kformat string is defined here
[1.633s]    86 |         RCLCPP_INFO(this->get_logger(), "du5 = t4 - t3 = [01;36m[K%d[m[K",du5.seconds());
[1.633s]       |                                                          [01;36m[K~^[m[K
[1.633s]       |                                                           [01;36m[K|[m[K
[1.633s]       |                                                           [01;36m[Kint[m[K
[1.633s]       |                                                          [32m[K%f[m[K
[2.030s] [100%] [32m[1mLinking CXX executable demo01_time[0m
[2.114s] [100%] Built target demo01_time
[2.123s] Invoked command in '/home/pz10on/Work/ws01_plumbing/build/cpp06_time' returned '0': CMAKE_PREFIX_PATH=${CMAKE_PREFIX_PATH}:/opt/ros/humble /usr/bin/cmake --build /home/pz10on/Work/ws01_plumbing/build/cpp06_time -- -j12 -l12
[2.147s] Invoking command in '/home/pz10on/Work/ws01_plumbing/build/cpp06_time': CMAKE_PREFIX_PATH=${CMAKE_PREFIX_PATH}:/opt/ros/humble /usr/bin/cmake --install /home/pz10on/Work/ws01_plumbing/build/cpp06_time
[2.153s] -- Install configuration: ""
[2.153s] -- Installing: /home/pz10on/Work/ws01_plumbing/install/cpp06_time/lib/cpp06_time/demo01_time
[2.153s] -- Set runtime path of "/home/pz10on/Work/ws01_plumbing/install/cpp06_time/lib/cpp06_time/demo01_time" to ""
[2.153s] -- Up-to-date: /home/pz10on/Work/ws01_plumbing/install/cpp06_time/share/ament_index/resource_index/package_run_dependencies/cpp06_time
[2.153s] -- Up-to-date: /home/pz10on/Work/ws01_plumbing/install/cpp06_time/share/ament_index/resource_index/parent_prefix_path/cpp06_time
[2.153s] -- Up-to-date: /home/pz10on/Work/ws01_plumbing/install/cpp06_time/share/cpp06_time/environment/ament_prefix_path.sh
[2.153s] -- Up-to-date: /home/pz10on/Work/ws01_plumbing/install/cpp06_time/share/cpp06_time/environment/ament_prefix_path.dsv
[2.153s] -- Up-to-date: /home/pz10on/Work/ws01_plumbing/install/cpp06_time/share/cpp06_time/environment/path.sh
[2.153s] -- Up-to-date: /home/pz10on/Work/ws01_plumbing/install/cpp06_time/share/cpp06_time/environment/path.dsv
[2.153s] -- Up-to-date: /home/pz10on/Work/ws01_plumbing/install/cpp06_time/share/cpp06_time/local_setup.bash
[2.153s] -- Up-to-date: /home/pz10on/Work/ws01_plumbing/install/cpp06_time/share/cpp06_time/local_setup.sh
[2.154s] -- Up-to-date: /home/pz10on/Work/ws01_plumbing/install/cpp06_time/share/cpp06_time/local_setup.zsh
[2.154s] -- Up-to-date: /home/pz10on/Work/ws01_plumbing/install/cpp06_time/share/cpp06_time/local_setup.dsv
[2.154s] -- Installing: /home/pz10on/Work/ws01_plumbing/install/cpp06_time/share/cpp06_time/package.dsv
[2.154s] -- Up-to-date: /home/pz10on/Work/ws01_plumbing/install/cpp06_time/share/ament_index/resource_index/packages/cpp06_time
[2.154s] -- Up-to-date: /home/pz10on/Work/ws01_plumbing/install/cpp06_time/share/cpp06_time/cmake/cpp06_timeConfig.cmake
[2.154s] -- Up-to-date: /home/pz10on/Work/ws01_plumbing/install/cpp06_time/share/cpp06_time/cmake/cpp06_timeConfig-version.cmake
[2.154s] -- Up-to-date: /home/pz10on/Work/ws01_plumbing/install/cpp06_time/share/cpp06_time/package.xml
[2.155s] Invoked command in '/home/pz10on/Work/ws01_plumbing/build/cpp06_time' returned '0': CMAKE_PREFIX_PATH=${CMAKE_PREFIX_PATH}:/opt/ros/humble /usr/bin/cmake --install /home/pz10on/Work/ws01_plumbing/build/cpp06_time
