[0.020s] Invoking command in '/home/pz10on/Work/ws01_plumbing/build/cpp04_param': CMAKE_PREFIX_PATH=${CMAKE_PREFIX_PATH}:/opt/ros/humble /usr/bin/cmake --build /home/pz10on/Work/ws01_plumbing/build/cpp04_param -- -j12 -l12
[0.050s] [35m[1mConsolidate compiler generated dependencies of target demo02_param_client[0m
[0.061s] [ 33%] Built target demo00_param
[0.061s] [ 66%] Built target demo01_param_server
[0.069s] [100%] Built target demo02_param_client
[0.078s] Invoked command in '/home/pz10on/Work/ws01_plumbing/build/cpp04_param' returned '0': CMAKE_PREFIX_PATH=${CMAKE_PREFIX_PATH}:/opt/ros/humble /usr/bin/cmake --build /home/pz10on/Work/ws01_plumbing/build/cpp04_param -- -j12 -l12
[0.102s] Invoking command in '/home/pz10on/Work/ws01_plumbing/build/cpp04_param': CMAKE_PREFIX_PATH=${CMAKE_PREFIX_PATH}:/opt/ros/humble /usr/bin/cmake --install /home/pz10on/Work/ws01_plumbing/build/cpp04_param
[0.106s] -- Install configuration: ""
[0.106s] -- Up-to-date: /home/pz10on/Work/ws01_plumbing/install/cpp04_param/lib/cpp04_param/demo00_param
[0.106s] -- Up-to-date: /home/pz10on/Work/ws01_plumbing/install/cpp04_param/lib/cpp04_param/demo01_param_server
[0.107s] -- Installing: /home/pz10on/Work/ws01_plumbing/install/cpp04_param/lib/cpp04_param/demo02_param_client
[0.107s] -- Set runtime path of "/home/pz10on/Work/ws01_plumbing/install/cpp04_param/lib/cpp04_param/demo02_param_client" to ""
[0.108s] -- Up-to-date: /home/pz10on/Work/ws01_plumbing/install/cpp04_param/share/ament_index/resource_index/package_run_dependencies/cpp04_param
[0.108s] -- Up-to-date: /home/pz10on/Work/ws01_plumbing/install/cpp04_param/share/ament_index/resource_index/parent_prefix_path/cpp04_param
[0.108s] -- Up-to-date: /home/pz10on/Work/ws01_plumbing/install/cpp04_param/share/cpp04_param/environment/ament_prefix_path.sh
[0.108s] -- Up-to-date: /home/pz10on/Work/ws01_plumbing/install/cpp04_param/share/cpp04_param/environment/ament_prefix_path.dsv
[0.109s] -- Up-to-date: /home/pz10on/Work/ws01_plumbing/install/cpp04_param/share/cpp04_param/environment/path.sh
[0.109s] -- Up-to-date: /home/pz10on/Work/ws01_plumbing/install/cpp04_param/share/cpp04_param/environment/path.dsv
[0.110s] -- Up-to-date: /home/pz10on/Work/ws01_plumbing/install/cpp04_param/share/cpp04_param/local_setup.bash
[0.110s] -- Up-to-date: /home/pz10on/Work/ws01_plumbing/install/cpp04_param/share/cpp04_param/local_setup.sh
[0.110s] -- Up-to-date: /home/pz10on/Work/ws01_plumbing/install/cpp04_param/share/cpp04_param/local_setup.zsh
[0.110s] -- Up-to-date: /home/pz10on/Work/ws01_plumbing/install/cpp04_param/share/cpp04_param/local_setup.dsv
[0.111s] -- Installing: /home/pz10on/Work/ws01_plumbing/install/cpp04_param/share/cpp04_param/package.dsv
[0.111s] -- Up-to-date: /home/pz10on/Work/ws01_plumbing/install/cpp04_param/share/ament_index/resource_index/packages/cpp04_param
[0.111s] -- Up-to-date: /home/pz10on/Work/ws01_plumbing/install/cpp04_param/share/cpp04_param/cmake/cpp04_paramConfig.cmake
[0.111s] -- Up-to-date: /home/pz10on/Work/ws01_plumbing/install/cpp04_param/share/cpp04_param/cmake/cpp04_paramConfig-version.cmake
[0.111s] -- Up-to-date: /home/pz10on/Work/ws01_plumbing/install/cpp04_param/share/cpp04_param/package.xml
[0.123s] Invoked command in '/home/pz10on/Work/ws01_plumbing/build/cpp04_param' returned '0': CMAKE_PREFIX_PATH=${CMAKE_PREFIX_PATH}:/opt/ros/humble /usr/bin/cmake --install /home/pz10on/Work/ws01_plumbing/build/cpp04_param
