[0.310s] DEBUG:colcon:Command line arguments: ['/usr/bin/colcon', 'build', '--packages-select', 'cpp01_topic']
[0.310s] DEBUG:colcon:Parsed command line arguments: Namespace(log_base=None, log_level=None, verb_name='build', build_base='build', install_base='install', merge_install=False, symlink_install=False, test_result_base=None, continue_on_error=False, executor='parallel', parallel_workers=12, event_handlers=None, ignore_user_meta=False, metas=['./colcon.meta'], base_paths=['.'], packages_ignore=None, packages_ignore_regex=None, paths=None, packages_up_to=None, packages_up_to_regex=None, packages_above=None, packages_above_and_dependencies=None, packages_above_depth=None, packages_select_by_dep=None, packages_skip_by_dep=None, packages_skip_up_to=None, packages_select_build_failed=False, packages_skip_build_finished=False, packages_select_test_failures=False, packages_skip_test_passed=False, packages_select=['cpp01_topic'], packages_skip=None, packages_select_regex=None, packages_skip_regex=None, packages_start=None, packages_end=None, allow_overriding=[], cmake_args=None, cmake_target=None, cmake_target_skip_unavailable=False, cmake_clean_cache=False, cmake_clean_first=False, cmake_force_configure=False, ament_cmake_args=None, catkin_cmake_args=None, catkin_skip_building_tests=False, verb_parser=<colcon_defaults.argument_parser.defaults.DefaultArgumentsDecorator object at 0x7ff9712b5c90>, verb_extension=<colcon_core.verb.build.BuildVerb object at 0x7ff971ab4df0>, main=<bound method BuildVerb.main of <colcon_core.verb.build.BuildVerb object at 0x7ff971ab4df0>>)
[0.344s] Level 1:colcon.colcon_core.package_discovery:discover_packages(colcon_meta) check parameters
[0.345s] Level 1:colcon.colcon_core.package_discovery:discover_packages(recursive) check parameters
[0.345s] Level 1:colcon.colcon_core.package_discovery:discover_packages(ignore) check parameters
[0.345s] Level 1:colcon.colcon_core.package_discovery:discover_packages(path) check parameters
[0.345s] Level 1:colcon.colcon_core.package_discovery:discover_packages(colcon_meta) discover
[0.345s] Level 1:colcon.colcon_core.package_discovery:discover_packages(recursive) discover
[0.345s] INFO:colcon.colcon_core.package_discovery:Crawling recursively for packages in '/home/pz10on/Work/ws01_plumbing'
[0.345s] Level 1:colcon.colcon_core.package_identification:_identify(.) by extensions ['ignore', 'ignore_ament_install']
[0.345s] Level 1:colcon.colcon_core.package_identification:_identify(.) by extension 'ignore'
[0.345s] Level 1:colcon.colcon_core.package_identification:_identify(.) by extension 'ignore_ament_install'
[0.345s] Level 1:colcon.colcon_core.package_identification:_identify(.) by extensions ['colcon_pkg']
[0.345s] Level 1:colcon.colcon_core.package_identification:_identify(.) by extension 'colcon_pkg'
[0.345s] Level 1:colcon.colcon_core.package_identification:_identify(.) by extensions ['colcon_meta']
[0.345s] Level 1:colcon.colcon_core.package_identification:_identify(.) by extension 'colcon_meta'
[0.345s] Level 1:colcon.colcon_core.package_identification:_identify(.) by extensions ['ros']
[0.345s] Level 1:colcon.colcon_core.package_identification:_identify(.) by extension 'ros'
[0.354s] Level 1:colcon.colcon_core.package_identification:_identify(.) by extensions ['cmake', 'python']
[0.354s] Level 1:colcon.colcon_core.package_identification:_identify(.) by extension 'cmake'
[0.354s] Level 1:colcon.colcon_core.package_identification:_identify(.) by extension 'python'
[0.354s] Level 1:colcon.colcon_core.package_identification:_identify(.) by extensions ['python_setup_py']
[0.354s] Level 1:colcon.colcon_core.package_identification:_identify(.) by extension 'python_setup_py'
[0.354s] Level 1:colcon.colcon_core.package_identification:_identify(build) by extensions ['ignore', 'ignore_ament_install']
[0.355s] Level 1:colcon.colcon_core.package_identification:_identify(build) by extension 'ignore'
[0.355s] Level 1:colcon.colcon_core.package_identification:_identify(build) ignored
[0.355s] Level 1:colcon.colcon_core.package_identification:_identify(install) by extensions ['ignore', 'ignore_ament_install']
[0.355s] Level 1:colcon.colcon_core.package_identification:_identify(install) by extension 'ignore'
[0.355s] Level 1:colcon.colcon_core.package_identification:_identify(install) ignored
[0.355s] Level 1:colcon.colcon_core.package_identification:_identify(log) by extensions ['ignore', 'ignore_ament_install']
[0.355s] Level 1:colcon.colcon_core.package_identification:_identify(log) by extension 'ignore'
[0.355s] Level 1:colcon.colcon_core.package_identification:_identify(log) ignored
[0.355s] Level 1:colcon.colcon_core.package_identification:_identify(src) by extensions ['ignore', 'ignore_ament_install']
[0.355s] Level 1:colcon.colcon_core.package_identification:_identify(src) by extension 'ignore'
[0.355s] Level 1:colcon.colcon_core.package_identification:_identify(src) by extension 'ignore_ament_install'
[0.355s] Level 1:colcon.colcon_core.package_identification:_identify(src) by extensions ['colcon_pkg']
[0.355s] Level 1:colcon.colcon_core.package_identification:_identify(src) by extension 'colcon_pkg'
[0.355s] Level 1:colcon.colcon_core.package_identification:_identify(src) by extensions ['colcon_meta']
[0.355s] Level 1:colcon.colcon_core.package_identification:_identify(src) by extension 'colcon_meta'
[0.355s] Level 1:colcon.colcon_core.package_identification:_identify(src) by extensions ['ros']
[0.355s] Level 1:colcon.colcon_core.package_identification:_identify(src) by extension 'ros'
[0.355s] Level 1:colcon.colcon_core.package_identification:_identify(src) by extensions ['cmake', 'python']
[0.355s] Level 1:colcon.colcon_core.package_identification:_identify(src) by extension 'cmake'
[0.355s] Level 1:colcon.colcon_core.package_identification:_identify(src) by extension 'python'
[0.355s] Level 1:colcon.colcon_core.package_identification:_identify(src) by extensions ['python_setup_py']
[0.355s] Level 1:colcon.colcon_core.package_identification:_identify(src) by extension 'python_setup_py'
[0.355s] Level 1:colcon.colcon_core.package_identification:_identify(src/base_interfaces_demo) by extensions ['ignore', 'ignore_ament_install']
[0.355s] Level 1:colcon.colcon_core.package_identification:_identify(src/base_interfaces_demo) by extension 'ignore'
[0.355s] Level 1:colcon.colcon_core.package_identification:_identify(src/base_interfaces_demo) by extension 'ignore_ament_install'
[0.355s] Level 1:colcon.colcon_core.package_identification:_identify(src/base_interfaces_demo) by extensions ['colcon_pkg']
[0.355s] Level 1:colcon.colcon_core.package_identification:_identify(src/base_interfaces_demo) by extension 'colcon_pkg'
[0.355s] Level 1:colcon.colcon_core.package_identification:_identify(src/base_interfaces_demo) by extensions ['colcon_meta']
[0.355s] Level 1:colcon.colcon_core.package_identification:_identify(src/base_interfaces_demo) by extension 'colcon_meta'
[0.356s] Level 1:colcon.colcon_core.package_identification:_identify(src/base_interfaces_demo) by extensions ['ros']
[0.356s] Level 1:colcon.colcon_core.package_identification:_identify(src/base_interfaces_demo) by extension 'ros'
[0.358s] DEBUG:colcon.colcon_core.package_identification:Package 'src/base_interfaces_demo' with type 'ros.ament_cmake' and name 'base_interfaces_demo'
[0.358s] Level 1:colcon.colcon_core.package_identification:_identify(src/cpp01_topic) by extensions ['ignore', 'ignore_ament_install']
[0.358s] Level 1:colcon.colcon_core.package_identification:_identify(src/cpp01_topic) by extension 'ignore'
[0.358s] Level 1:colcon.colcon_core.package_identification:_identify(src/cpp01_topic) by extension 'ignore_ament_install'
[0.358s] Level 1:colcon.colcon_core.package_identification:_identify(src/cpp01_topic) by extensions ['colcon_pkg']
[0.358s] Level 1:colcon.colcon_core.package_identification:_identify(src/cpp01_topic) by extension 'colcon_pkg'
[0.358s] Level 1:colcon.colcon_core.package_identification:_identify(src/cpp01_topic) by extensions ['colcon_meta']
[0.358s] Level 1:colcon.colcon_core.package_identification:_identify(src/cpp01_topic) by extension 'colcon_meta'
[0.358s] Level 1:colcon.colcon_core.package_identification:_identify(src/cpp01_topic) by extensions ['ros']
[0.358s] Level 1:colcon.colcon_core.package_identification:_identify(src/cpp01_topic) by extension 'ros'
[0.358s] DEBUG:colcon.colcon_core.package_identification:Package 'src/cpp01_topic' with type 'ros.ament_cmake' and name 'cpp01_topic'
[0.358s] Level 1:colcon.colcon_core.package_discovery:discover_packages(recursive) using defaults
[0.358s] Level 1:colcon.colcon_core.package_discovery:discover_packages(ignore) discover
[0.358s] Level 1:colcon.colcon_core.package_discovery:discover_packages(ignore) using defaults
[0.358s] Level 1:colcon.colcon_core.package_discovery:discover_packages(path) discover
[0.358s] Level 1:colcon.colcon_core.package_discovery:discover_packages(path) using defaults
[0.379s] INFO:colcon.colcon_core.package_selection:Skipping not selected package 'base_interfaces_demo' in 'src/base_interfaces_demo'
[0.380s] Level 1:colcon.colcon_core.package_discovery:discover_packages(prefix_path) check parameters
[0.380s] Level 1:colcon.colcon_core.package_discovery:discover_packages(prefix_path) discover
[0.384s] DEBUG:colcon.colcon_installed_package_information.package_discovery:Found 270 installed packages in /opt/ros/humble
[0.385s] Level 1:colcon.colcon_core.package_discovery:discover_packages(prefix_path) using defaults
[0.423s] Level 5:colcon.colcon_core.verb:set package 'cpp01_topic' build argument 'cmake_args' from command line to 'None'
[0.423s] Level 5:colcon.colcon_core.verb:set package 'cpp01_topic' build argument 'cmake_target' from command line to 'None'
[0.423s] Level 5:colcon.colcon_core.verb:set package 'cpp01_topic' build argument 'cmake_target_skip_unavailable' from command line to 'False'
[0.423s] Level 5:colcon.colcon_core.verb:set package 'cpp01_topic' build argument 'cmake_clean_cache' from command line to 'False'
[0.423s] Level 5:colcon.colcon_core.verb:set package 'cpp01_topic' build argument 'cmake_clean_first' from command line to 'False'
[0.423s] Level 5:colcon.colcon_core.verb:set package 'cpp01_topic' build argument 'cmake_force_configure' from command line to 'False'
[0.423s] Level 5:colcon.colcon_core.verb:set package 'cpp01_topic' build argument 'ament_cmake_args' from command line to 'None'
[0.423s] Level 5:colcon.colcon_core.verb:set package 'cpp01_topic' build argument 'catkin_cmake_args' from command line to 'None'
[0.423s] Level 5:colcon.colcon_core.verb:set package 'cpp01_topic' build argument 'catkin_skip_building_tests' from command line to 'False'
[0.423s] DEBUG:colcon.colcon_core.verb:Building package 'cpp01_topic' with the following arguments: {'ament_cmake_args': None, 'build_base': '/home/pz10on/Work/ws01_plumbing/build/cpp01_topic', 'catkin_cmake_args': None, 'catkin_skip_building_tests': False, 'cmake_args': None, 'cmake_clean_cache': False, 'cmake_clean_first': False, 'cmake_force_configure': False, 'cmake_target': None, 'cmake_target_skip_unavailable': False, 'install_base': '/home/pz10on/Work/ws01_plumbing/install/cpp01_topic', 'merge_install': False, 'path': '/home/pz10on/Work/ws01_plumbing/src/cpp01_topic', 'symlink_install': False, 'test_result_base': None}
[0.423s] INFO:colcon.colcon_core.executor:Executing jobs using 'parallel' executor
[0.425s] DEBUG:colcon.colcon_parallel_executor.executor.parallel:run_until_complete
[0.426s] INFO:colcon.colcon_ros.task.ament_cmake.build:Building ROS package in '/home/pz10on/Work/ws01_plumbing/src/cpp01_topic' with build type 'ament_cmake'
[0.426s] INFO:colcon.colcon_cmake.task.cmake.build:Building CMake package in '/home/pz10on/Work/ws01_plumbing/src/cpp01_topic'
[0.431s] INFO:colcon.colcon_core.plugin_system:Skipping extension 'colcon_core.shell.bat': Not used on non-Windows systems
[0.431s] INFO:colcon.colcon_core.shell:Skip shell extension 'powershell' for command environment: Not usable outside of PowerShell
[0.431s] DEBUG:colcon.colcon_core.shell:Skip shell extension 'dsv' for command environment
[0.438s] DEBUG:colcon.colcon_core.event_handler.log_command:Invoking command in '/home/pz10on/Work/ws01_plumbing/build/cpp01_topic': AMENT_PREFIX_PATH=/home/pz10on/Work/ws01_plumbing/install/base_interfaces_demo:${AMENT_PREFIX_PATH} CMAKE_PREFIX_PATH=/home/pz10on/Work/ws01_plumbing/install/base_interfaces_demo:/opt/ros/humble /usr/bin/cmake --build /home/pz10on/Work/ws01_plumbing/build/cpp01_topic -- -j12 -l12
[4.048s] DEBUG:colcon.colcon_core.event_handler.log_command:Invoked command in '/home/pz10on/Work/ws01_plumbing/build/cpp01_topic' returned '0': AMENT_PREFIX_PATH=/home/pz10on/Work/ws01_plumbing/install/base_interfaces_demo:${AMENT_PREFIX_PATH} CMAKE_PREFIX_PATH=/home/pz10on/Work/ws01_plumbing/install/base_interfaces_demo:/opt/ros/humble /usr/bin/cmake --build /home/pz10on/Work/ws01_plumbing/build/cpp01_topic -- -j12 -l12
[4.071s] DEBUG:colcon.colcon_core.event_handler.log_command:Invoking command in '/home/pz10on/Work/ws01_plumbing/build/cpp01_topic': AMENT_PREFIX_PATH=/home/pz10on/Work/ws01_plumbing/install/base_interfaces_demo:${AMENT_PREFIX_PATH} CMAKE_PREFIX_PATH=/home/pz10on/Work/ws01_plumbing/install/base_interfaces_demo:/opt/ros/humble /usr/bin/cmake --install /home/pz10on/Work/ws01_plumbing/build/cpp01_topic
[4.078s] Level 1:colcon.colcon_core.environment:create_environment_scripts_only(cpp01_topic)
[4.079s] DEBUG:colcon.colcon_core.event_handler.log_command:Invoked command in '/home/pz10on/Work/ws01_plumbing/build/cpp01_topic' returned '0': AMENT_PREFIX_PATH=/home/pz10on/Work/ws01_plumbing/install/base_interfaces_demo:${AMENT_PREFIX_PATH} CMAKE_PREFIX_PATH=/home/pz10on/Work/ws01_plumbing/install/base_interfaces_demo:/opt/ros/humble /usr/bin/cmake --install /home/pz10on/Work/ws01_plumbing/build/cpp01_topic
[4.084s] Level 1:colcon.colcon_core.environment:checking '/home/pz10on/Work/ws01_plumbing/install/cpp01_topic' for CMake module files
[4.084s] Level 1:colcon.colcon_core.environment:checking '/home/pz10on/Work/ws01_plumbing/install/cpp01_topic' for CMake config files
[4.084s] Level 1:colcon.colcon_core.shell:create_environment_hook('cpp01_topic', 'cmake_prefix_path')
[4.085s] INFO:colcon.colcon_core.shell:Creating environment hook '/home/pz10on/Work/ws01_plumbing/install/cpp01_topic/share/cpp01_topic/hook/cmake_prefix_path.ps1'
[4.086s] INFO:colcon.colcon_core.shell:Creating environment descriptor '/home/pz10on/Work/ws01_plumbing/install/cpp01_topic/share/cpp01_topic/hook/cmake_prefix_path.dsv'
[4.086s] INFO:colcon.colcon_core.shell:Creating environment hook '/home/pz10on/Work/ws01_plumbing/install/cpp01_topic/share/cpp01_topic/hook/cmake_prefix_path.sh'
[4.087s] Level 1:colcon.colcon_core.environment:checking '/home/pz10on/Work/ws01_plumbing/install/cpp01_topic/lib'
[4.087s] Level 1:colcon.colcon_core.environment:checking '/home/pz10on/Work/ws01_plumbing/install/cpp01_topic/bin'
[4.087s] Level 1:colcon.colcon_core.environment:checking '/home/pz10on/Work/ws01_plumbing/install/cpp01_topic/lib/pkgconfig/cpp01_topic.pc'
[4.088s] Level 1:colcon.colcon_core.environment:checking '/home/pz10on/Work/ws01_plumbing/install/cpp01_topic/lib/python3.10/site-packages'
[4.088s] Level 1:colcon.colcon_core.environment:checking '/home/pz10on/Work/ws01_plumbing/install/cpp01_topic/bin'
[4.089s] INFO:colcon.colcon_core.shell:Creating package script '/home/pz10on/Work/ws01_plumbing/install/cpp01_topic/share/cpp01_topic/package.ps1'
[4.090s] INFO:colcon.colcon_core.shell:Creating package descriptor '/home/pz10on/Work/ws01_plumbing/install/cpp01_topic/share/cpp01_topic/package.dsv'
[4.091s] INFO:colcon.colcon_core.shell:Creating package script '/home/pz10on/Work/ws01_plumbing/install/cpp01_topic/share/cpp01_topic/package.sh'
[4.092s] INFO:colcon.colcon_core.shell:Creating package script '/home/pz10on/Work/ws01_plumbing/install/cpp01_topic/share/cpp01_topic/package.bash'
[4.093s] INFO:colcon.colcon_core.shell:Creating package script '/home/pz10on/Work/ws01_plumbing/install/cpp01_topic/share/cpp01_topic/package.zsh'
[4.093s] Level 1:colcon.colcon_core.environment:create_file_with_runtime_dependencies(/home/pz10on/Work/ws01_plumbing/install/cpp01_topic/share/colcon-core/packages/cpp01_topic)
[4.110s] Level 1:colcon.colcon_core.environment:create_environment_scripts_only(cpp01_topic)
[4.112s] Level 1:colcon.colcon_core.environment:checking '/home/pz10on/Work/ws01_plumbing/install/cpp01_topic' for CMake module files
[4.113s] Level 1:colcon.colcon_core.environment:checking '/home/pz10on/Work/ws01_plumbing/install/cpp01_topic' for CMake config files
[4.113s] Level 1:colcon.colcon_core.shell:create_environment_hook('cpp01_topic', 'cmake_prefix_path')
[4.114s] INFO:colcon.colcon_core.shell:Creating environment hook '/home/pz10on/Work/ws01_plumbing/install/cpp01_topic/share/cpp01_topic/hook/cmake_prefix_path.ps1'
[4.115s] INFO:colcon.colcon_core.shell:Creating environment descriptor '/home/pz10on/Work/ws01_plumbing/install/cpp01_topic/share/cpp01_topic/hook/cmake_prefix_path.dsv'
[4.115s] INFO:colcon.colcon_core.shell:Creating environment hook '/home/pz10on/Work/ws01_plumbing/install/cpp01_topic/share/cpp01_topic/hook/cmake_prefix_path.sh'
[4.116s] Level 1:colcon.colcon_core.environment:checking '/home/pz10on/Work/ws01_plumbing/install/cpp01_topic/lib'
[4.116s] Level 1:colcon.colcon_core.environment:checking '/home/pz10on/Work/ws01_plumbing/install/cpp01_topic/bin'
[4.116s] Level 1:colcon.colcon_core.environment:checking '/home/pz10on/Work/ws01_plumbing/install/cpp01_topic/lib/pkgconfig/cpp01_topic.pc'
[4.116s] Level 1:colcon.colcon_core.environment:checking '/home/pz10on/Work/ws01_plumbing/install/cpp01_topic/lib/python3.10/site-packages'
[4.116s] Level 1:colcon.colcon_core.environment:checking '/home/pz10on/Work/ws01_plumbing/install/cpp01_topic/bin'
[4.118s] INFO:colcon.colcon_core.shell:Creating package script '/home/pz10on/Work/ws01_plumbing/install/cpp01_topic/share/cpp01_topic/package.ps1'
[4.118s] INFO:colcon.colcon_core.shell:Creating package descriptor '/home/pz10on/Work/ws01_plumbing/install/cpp01_topic/share/cpp01_topic/package.dsv'
[4.119s] INFO:colcon.colcon_core.shell:Creating package script '/home/pz10on/Work/ws01_plumbing/install/cpp01_topic/share/cpp01_topic/package.sh'
[4.119s] INFO:colcon.colcon_core.shell:Creating package script '/home/pz10on/Work/ws01_plumbing/install/cpp01_topic/share/cpp01_topic/package.bash'
[4.119s] INFO:colcon.colcon_core.shell:Creating package script '/home/pz10on/Work/ws01_plumbing/install/cpp01_topic/share/cpp01_topic/package.zsh'
[4.120s] Level 1:colcon.colcon_core.environment:create_file_with_runtime_dependencies(/home/pz10on/Work/ws01_plumbing/install/cpp01_topic/share/colcon-core/packages/cpp01_topic)
[4.120s] DEBUG:colcon.colcon_parallel_executor.executor.parallel:closing loop
[4.120s] DEBUG:colcon.colcon_parallel_executor.executor.parallel:loop closed
[4.120s] DEBUG:colcon.colcon_parallel_executor.executor.parallel:run_until_complete finished with '0'
[4.120s] DEBUG:colcon.colcon_core.event_reactor:joining thread
[4.127s] INFO:colcon.colcon_core.plugin_system:Skipping extension 'colcon_notification.desktop_notification.terminal_notifier': Not used on non-Darwin systems
[4.127s] INFO:colcon.colcon_core.plugin_system:Skipping extension 'colcon_notification.desktop_notification.win32': Not used on non-Windows systems
[4.127s] INFO:colcon.colcon_notification.desktop_notification:Sending desktop notification using 'notify2'
[4.143s] DEBUG:colcon.colcon_core.event_reactor:joined thread
[4.145s] INFO:colcon.colcon_core.shell:Creating prefix script '/home/pz10on/Work/ws01_plumbing/install/local_setup.ps1'
[4.146s] INFO:colcon.colcon_core.shell:Creating prefix util module '/home/pz10on/Work/ws01_plumbing/install/_local_setup_util_ps1.py'
[4.148s] INFO:colcon.colcon_core.shell:Creating prefix chain script '/home/pz10on/Work/ws01_plumbing/install/setup.ps1'
[4.150s] INFO:colcon.colcon_core.shell:Creating prefix script '/home/pz10on/Work/ws01_plumbing/install/local_setup.sh'
[4.150s] INFO:colcon.colcon_core.shell:Creating prefix util module '/home/pz10on/Work/ws01_plumbing/install/_local_setup_util_sh.py'
[4.151s] INFO:colcon.colcon_core.shell:Creating prefix chain script '/home/pz10on/Work/ws01_plumbing/install/setup.sh'
[4.152s] INFO:colcon.colcon_core.shell:Creating prefix script '/home/pz10on/Work/ws01_plumbing/install/local_setup.bash'
[4.153s] INFO:colcon.colcon_core.shell:Creating prefix chain script '/home/pz10on/Work/ws01_plumbing/install/setup.bash'
[4.154s] INFO:colcon.colcon_core.shell:Creating prefix script '/home/pz10on/Work/ws01_plumbing/install/local_setup.zsh'
[4.154s] INFO:colcon.colcon_core.shell:Creating prefix chain script '/home/pz10on/Work/ws01_plumbing/install/setup.zsh'
