[0.010s] Invoking command in '/home/pz10on/Work/ws01_plumbing/build/cpp03_action': AMENT_PREFIX_PATH=/home/pz10on/Work/ws01_plumbing/install/base_interfaces_demo:${AMENT_PREFIX_PATH} CMAKE_PREFIX_PATH=/home/pz10on/Work/ws01_plumbing/install/base_interfaces_demo:/opt/ros/humble LD_LIBRARY_PATH=/home/pz10on/Work/ws01_plumbing/install/base_interfaces_demo/lib:${LD_LIBRARY_PATH} PYTHONPATH=/home/pz10on/Work/ws01_plumbing/install/base_interfaces_demo/local/lib/python3.10/dist-packages:${PYTHONPATH} /usr/bin/cmake --build /home/pz10on/Work/ws01_plumbing/build/cpp03_action -- -j12 -l12
[0.040s] [35m[1mConsolidate compiler generated dependencies of target demo02_action_client[0m
[0.049s] [ 50%] Built target demo01_action_server
[0.052s] [ 75%] [32mBuilding CXX object CMakeFiles/demo02_action_client.dir/src/demo02_action_client.cpp.o[0m
[1.812s] [01m[K/home/pz10on/Work/ws01_plumbing/src/cpp03_action/src/demo02_action_client.cpp:[m[K In member function ‘[01m[Kvoid ProgressActionClient::result_callback(const rclcpp_action::ClientGoalHandle<base_interfaces_demo::action::Progress>::WrappedResult&)[m[K’:
[1.812s] [01m[K/home/pz10on/Work/ws01_plumbing/src/cpp03_action/src/demo02_action_client.cpp:106:91:[m[K [01;35m[Kwarning: [m[Kunused parameter ‘[01m[Kresult[m[K’ [[01;35m[K]8;;https://gcc.gnu.org/onlinedocs/gcc/Warning-Options.html#index-Wunused-parameter-Wunused-parameter]8;;[m[K]
[1.812s]   106 |     void result_callback([01;35m[Kconst rclcpp_action::ClientGoalHandle<Progress>::WrappedResult & result[m[K) {}
[1.812s]       |                          [01;35m[K~~~~~~~~~~~~~~~~~~~~~~~~~~~~~~~~~~~~~~~~~~~~~~~~~~~~~~~~~~~~~~~~~^~~~~~[m[K
[2.826s] [100%] [32m[1mLinking CXX executable demo02_action_client[0m
[2.943s] [100%] Built target demo02_action_client
[2.952s] Invoked command in '/home/pz10on/Work/ws01_plumbing/build/cpp03_action' returned '0': AMENT_PREFIX_PATH=/home/pz10on/Work/ws01_plumbing/install/base_interfaces_demo:${AMENT_PREFIX_PATH} CMAKE_PREFIX_PATH=/home/pz10on/Work/ws01_plumbing/install/base_interfaces_demo:/opt/ros/humble LD_LIBRARY_PATH=/home/pz10on/Work/ws01_plumbing/install/base_interfaces_demo/lib:${LD_LIBRARY_PATH} PYTHONPATH=/home/pz10on/Work/ws01_plumbing/install/base_interfaces_demo/local/lib/python3.10/dist-packages:${PYTHONPATH} /usr/bin/cmake --build /home/pz10on/Work/ws01_plumbing/build/cpp03_action -- -j12 -l12
[2.979s] Invoking command in '/home/pz10on/Work/ws01_plumbing/build/cpp03_action': AMENT_PREFIX_PATH=/home/pz10on/Work/ws01_plumbing/install/base_interfaces_demo:${AMENT_PREFIX_PATH} CMAKE_PREFIX_PATH=/home/pz10on/Work/ws01_plumbing/install/base_interfaces_demo:/opt/ros/humble LD_LIBRARY_PATH=/home/pz10on/Work/ws01_plumbing/install/base_interfaces_demo/lib:${LD_LIBRARY_PATH} PYTHONPATH=/home/pz10on/Work/ws01_plumbing/install/base_interfaces_demo/local/lib/python3.10/dist-packages:${PYTHONPATH} /usr/bin/cmake --install /home/pz10on/Work/ws01_plumbing/build/cpp03_action
[2.984s] -- Install configuration: ""
[2.984s] -- Up-to-date: /home/pz10on/Work/ws01_plumbing/install/cpp03_action/lib/cpp03_action/demo01_action_server
[2.984s] -- Installing: /home/pz10on/Work/ws01_plumbing/install/cpp03_action/lib/cpp03_action/demo02_action_client
[2.985s] -- Set runtime path of "/home/pz10on/Work/ws01_plumbing/install/cpp03_action/lib/cpp03_action/demo02_action_client" to ""
[2.985s] -- Up-to-date: /home/pz10on/Work/ws01_plumbing/install/cpp03_action/share/ament_index/resource_index/package_run_dependencies/cpp03_action
[2.986s] -- Up-to-date: /home/pz10on/Work/ws01_plumbing/install/cpp03_action/share/ament_index/resource_index/parent_prefix_path/cpp03_action
[2.986s] -- Up-to-date: /home/pz10on/Work/ws01_plumbing/install/cpp03_action/share/cpp03_action/environment/ament_prefix_path.sh
[2.986s] -- Up-to-date: /home/pz10on/Work/ws01_plumbing/install/cpp03_action/share/cpp03_action/environment/ament_prefix_path.dsv
[2.986s] -- Up-to-date: /home/pz10on/Work/ws01_plumbing/install/cpp03_action/share/cpp03_action/environment/path.sh
[2.986s] -- Up-to-date: /home/pz10on/Work/ws01_plumbing/install/cpp03_action/share/cpp03_action/environment/path.dsv
[2.986s] -- Up-to-date: /home/pz10on/Work/ws01_plumbing/install/cpp03_action/share/cpp03_action/local_setup.bash
[2.986s] -- Up-to-date: /home/pz10on/Work/ws01_plumbing/install/cpp03_action/share/cpp03_action/local_setup.sh
[2.986s] -- Up-to-date: /home/pz10on/Work/ws01_plumbing/install/cpp03_action/share/cpp03_action/local_setup.zsh
[2.986s] -- Up-to-date: /home/pz10on/Work/ws01_plumbing/install/cpp03_action/share/cpp03_action/local_setup.dsv
[2.986s] -- Installing: /home/pz10on/Work/ws01_plumbing/install/cpp03_action/share/cpp03_action/package.dsv
[2.986s] -- Up-to-date: /home/pz10on/Work/ws01_plumbing/install/cpp03_action/share/ament_index/resource_index/packages/cpp03_action
[2.986s] -- Up-to-date: /home/pz10on/Work/ws01_plumbing/install/cpp03_action/share/cpp03_action/cmake/cpp03_actionConfig.cmake
[2.986s] -- Up-to-date: /home/pz10on/Work/ws01_plumbing/install/cpp03_action/share/cpp03_action/cmake/cpp03_actionConfig-version.cmake
[2.986s] -- Up-to-date: /home/pz10on/Work/ws01_plumbing/install/cpp03_action/share/cpp03_action/package.xml
[2.988s] Invoked command in '/home/pz10on/Work/ws01_plumbing/build/cpp03_action' returned '0': AMENT_PREFIX_PATH=/home/pz10on/Work/ws01_plumbing/install/base_interfaces_demo:${AMENT_PREFIX_PATH} CMAKE_PREFIX_PATH=/home/pz10on/Work/ws01_plumbing/install/base_interfaces_demo:/opt/ros/humble LD_LIBRARY_PATH=/home/pz10on/Work/ws01_plumbing/install/base_interfaces_demo/lib:${LD_LIBRARY_PATH} PYTHONPATH=/home/pz10on/Work/ws01_plumbing/install/base_interfaces_demo/local/lib/python3.10/dist-packages:${PYTHONPATH} /usr/bin/cmake --install /home/pz10on/Work/ws01_plumbing/build/cpp03_action
