[0.012s] Invoking command in '/home/pz10on/Work/ws01_plumbing/build/cpp02_service': CMAKE_PREFIX_PATH=/home/pz10on/Work/ws01_plumbing/install/base_interfaces_demo:/home/pz10on/Work/ws01_plumbing/install/cpp02_service:/home/pz10on/Work/ws01_plumbing/install/cpp01_topic:/opt/ros/humble /usr/bin/cmake --build /home/pz10on/Work/ws01_plumbing/build/cpp02_service -- -j12 -l12
[0.040s] [35m[1mConsolidate compiler generated dependencies of target demo02_client[0m
[0.049s] [ 50%] Built target demo01_server
[0.053s] [ 75%] [32mBuilding CXX object CMakeFiles/demo02_client.dir/src/demo02_client.cpp.o[0m
[2.382s] [100%] [32m[1mLinking CXX executable demo02_client[0m
[2.480s] [100%] Built target demo02_client
[2.487s] Invoked command in '/home/pz10on/Work/ws01_plumbing/build/cpp02_service' returned '0': CMAKE_PREFIX_PATH=/home/pz10on/Work/ws01_plumbing/install/base_interfaces_demo:/home/pz10on/Work/ws01_plumbing/install/cpp02_service:/home/pz10on/Work/ws01_plumbing/install/cpp01_topic:/opt/ros/humble /usr/bin/cmake --build /home/pz10on/Work/ws01_plumbing/build/cpp02_service -- -j12 -l12
[2.511s] Invoking command in '/home/pz10on/Work/ws01_plumbing/build/cpp02_service': CMAKE_PREFIX_PATH=/home/pz10on/Work/ws01_plumbing/install/base_interfaces_demo:/home/pz10on/Work/ws01_plumbing/install/cpp02_service:/home/pz10on/Work/ws01_plumbing/install/cpp01_topic:/opt/ros/humble /usr/bin/cmake --install /home/pz10on/Work/ws01_plumbing/build/cpp02_service
[2.516s] -- Install configuration: ""
[2.516s] -- Up-to-date: /home/pz10on/Work/ws01_plumbing/install/cpp02_service/lib/cpp02_service/demo01_server
[2.516s] -- Installing: /home/pz10on/Work/ws01_plumbing/install/cpp02_service/lib/cpp02_service/demo02_client
[2.517s] -- Set runtime path of "/home/pz10on/Work/ws01_plumbing/install/cpp02_service/lib/cpp02_service/demo02_client" to ""
[2.517s] -- Up-to-date: /home/pz10on/Work/ws01_plumbing/install/cpp02_service/share/ament_index/resource_index/package_run_dependencies/cpp02_service
[2.517s] -- Up-to-date: /home/pz10on/Work/ws01_plumbing/install/cpp02_service/share/ament_index/resource_index/parent_prefix_path/cpp02_service
[2.517s] -- Up-to-date: /home/pz10on/Work/ws01_plumbing/install/cpp02_service/share/cpp02_service/environment/ament_prefix_path.sh
[2.517s] -- Up-to-date: /home/pz10on/Work/ws01_plumbing/install/cpp02_service/share/cpp02_service/environment/ament_prefix_path.dsv
[2.517s] -- Up-to-date: /home/pz10on/Work/ws01_plumbing/install/cpp02_service/share/cpp02_service/environment/path.sh
[2.517s] -- Up-to-date: /home/pz10on/Work/ws01_plumbing/install/cpp02_service/share/cpp02_service/environment/path.dsv
[2.517s] -- Up-to-date: /home/pz10on/Work/ws01_plumbing/install/cpp02_service/share/cpp02_service/local_setup.bash
[2.518s] -- Up-to-date: /home/pz10on/Work/ws01_plumbing/install/cpp02_service/share/cpp02_service/local_setup.sh
[2.518s] -- Up-to-date: /home/pz10on/Work/ws01_plumbing/install/cpp02_service/share/cpp02_service/local_setup.zsh
[2.518s] -- Up-to-date: /home/pz10on/Work/ws01_plumbing/install/cpp02_service/share/cpp02_service/local_setup.dsv
[2.518s] -- Installing: /home/pz10on/Work/ws01_plumbing/install/cpp02_service/share/cpp02_service/package.dsv
[2.518s] -- Up-to-date: /home/pz10on/Work/ws01_plumbing/install/cpp02_service/share/ament_index/resource_index/packages/cpp02_service
[2.518s] -- Up-to-date: /home/pz10on/Work/ws01_plumbing/install/cpp02_service/share/cpp02_service/cmake/cpp02_serviceConfig.cmake
[2.518s] -- Up-to-date: /home/pz10on/Work/ws01_plumbing/install/cpp02_service/share/cpp02_service/cmake/cpp02_serviceConfig-version.cmake
[2.518s] -- Up-to-date: /home/pz10on/Work/ws01_plumbing/install/cpp02_service/share/cpp02_service/package.xml
[2.519s] Invoked command in '/home/pz10on/Work/ws01_plumbing/build/cpp02_service' returned '0': CMAKE_PREFIX_PATH=/home/pz10on/Work/ws01_plumbing/install/base_interfaces_demo:/home/pz10on/Work/ws01_plumbing/install/cpp02_service:/home/pz10on/Work/ws01_plumbing/install/cpp01_topic:/opt/ros/humble /usr/bin/cmake --install /home/pz10on/Work/ws01_plumbing/build/cpp02_service
