[0.017s] Invoking command in '/home/pz10on/Work/ws01_plumbing/build/myfirst_matepkg': CMAKE_PREFIX_PATH=/home/pz10on/Work/ws01_plumbing/install/cpp03_action:/home/pz10on/Work/ws01_plumbing/install/cpp02_service:/home/pz10on/Work/ws01_plumbing/install/cpp01_topic:/home/pz10on/Work/ws01_plumbing/install/cpp04_param:/home/pz10on/Work/ws01_plumbing/install/base_interfaces_demo:/home/pz10on/Work/ws01_plumbing/install/myfirst_matepkg:/home/pz10on/Work/ws01_plumbing/install/cpp07_exercise01:/home/pz10on/Work/ws01_plumbing/install/cpp06_time:/home/pz10on/Work/ws01_plumbing/install/cpp05_names:/opt/ros/humble /usr/bin/cmake --build /home/pz10on/Work/ws01_plumbing/build/myfirst_matepkg -- -j12 -l12
[0.044s] Invoked command in '/home/pz10on/Work/ws01_plumbing/build/myfirst_matepkg' returned '0': CMAKE_PREFIX_PATH=/home/pz10on/Work/ws01_plumbing/install/cpp03_action:/home/pz10on/Work/ws01_plumbing/install/cpp02_service:/home/pz10on/Work/ws01_plumbing/install/cpp01_topic:/home/pz10on/Work/ws01_plumbing/install/cpp04_param:/home/pz10on/Work/ws01_plumbing/install/base_interfaces_demo:/home/pz10on/Work/ws01_plumbing/install/myfirst_matepkg:/home/pz10on/Work/ws01_plumbing/install/cpp07_exercise01:/home/pz10on/Work/ws01_plumbing/install/cpp06_time:/home/pz10on/Work/ws01_plumbing/install/cpp05_names:/opt/ros/humble /usr/bin/cmake --build /home/pz10on/Work/ws01_plumbing/build/myfirst_matepkg -- -j12 -l12
[0.060s] Invoking command in '/home/pz10on/Work/ws01_plumbing/build/myfirst_matepkg': CMAKE_PREFIX_PATH=/home/pz10on/Work/ws01_plumbing/install/cpp03_action:/home/pz10on/Work/ws01_plumbing/install/cpp02_service:/home/pz10on/Work/ws01_plumbing/install/cpp01_topic:/home/pz10on/Work/ws01_plumbing/install/cpp04_param:/home/pz10on/Work/ws01_plumbing/install/base_interfaces_demo:/home/pz10on/Work/ws01_plumbing/install/myfirst_matepkg:/home/pz10on/Work/ws01_plumbing/install/cpp07_exercise01:/home/pz10on/Work/ws01_plumbing/install/cpp06_time:/home/pz10on/Work/ws01_plumbing/install/cpp05_names:/opt/ros/humble /usr/bin/cmake --install /home/pz10on/Work/ws01_plumbing/build/myfirst_matepkg
[0.065s] -- Install configuration: ""
[0.065s] -- Up-to-date: /home/pz10on/Work/ws01_plumbing/install/myfirst_matepkg/share/ament_index/resource_index/package_run_dependencies/myfirst_matepkg
[0.065s] -- Up-to-date: /home/pz10on/Work/ws01_plumbing/install/myfirst_matepkg/share/ament_index/resource_index/parent_prefix_path/myfirst_matepkg
[0.065s] -- Up-to-date: /home/pz10on/Work/ws01_plumbing/install/myfirst_matepkg/share/myfirst_matepkg/environment/ament_prefix_path.sh
[0.065s] -- Up-to-date: /home/pz10on/Work/ws01_plumbing/install/myfirst_matepkg/share/myfirst_matepkg/environment/ament_prefix_path.dsv
[0.066s] -- Up-to-date: /home/pz10on/Work/ws01_plumbing/install/myfirst_matepkg/share/myfirst_matepkg/environment/path.sh
[0.066s] -- Up-to-date: /home/pz10on/Work/ws01_plumbing/install/myfirst_matepkg/share/myfirst_matepkg/environment/path.dsv
[0.066s] -- Up-to-date: /home/pz10on/Work/ws01_plumbing/install/myfirst_matepkg/share/myfirst_matepkg/local_setup.bash
[0.066s] -- Up-to-date: /home/pz10on/Work/ws01_plumbing/install/myfirst_matepkg/share/myfirst_matepkg/local_setup.sh
[0.066s] -- Up-to-date: /home/pz10on/Work/ws01_plumbing/install/myfirst_matepkg/share/myfirst_matepkg/local_setup.zsh
[0.066s] -- Up-to-date: /home/pz10on/Work/ws01_plumbing/install/myfirst_matepkg/share/myfirst_matepkg/local_setup.dsv
[0.066s] -- Up-to-date: /home/pz10on/Work/ws01_plumbing/install/myfirst_matepkg/share/myfirst_matepkg/package.dsv
[0.066s] -- Up-to-date: /home/pz10on/Work/ws01_plumbing/install/myfirst_matepkg/share/ament_index/resource_index/packages/myfirst_matepkg
[0.066s] -- Up-to-date: /home/pz10on/Work/ws01_plumbing/install/myfirst_matepkg/share/myfirst_matepkg/cmake/myfirst_matepkgConfig.cmake
[0.066s] -- Up-to-date: /home/pz10on/Work/ws01_plumbing/install/myfirst_matepkg/share/myfirst_matepkg/cmake/myfirst_matepkgConfig-version.cmake
[0.066s] -- Up-to-date: /home/pz10on/Work/ws01_plumbing/install/myfirst_matepkg/share/myfirst_matepkg/package.xml
[0.068s] Invoked command in '/home/pz10on/Work/ws01_plumbing/build/myfirst_matepkg' returned '0': CMAKE_PREFIX_PATH=/home/pz10on/Work/ws01_plumbing/install/cpp03_action:/home/pz10on/Work/ws01_plumbing/install/cpp02_service:/home/pz10on/Work/ws01_plumbing/install/cpp01_topic:/home/pz10on/Work/ws01_plumbing/install/cpp04_param:/home/pz10on/Work/ws01_plumbing/install/base_interfaces_demo:/home/pz10on/Work/ws01_plumbing/install/myfirst_matepkg:/home/pz10on/Work/ws01_plumbing/install/cpp07_exercise01:/home/pz10on/Work/ws01_plumbing/install/cpp06_time:/home/pz10on/Work/ws01_plumbing/install/cpp05_names:/opt/ros/humble /usr/bin/cmake --install /home/pz10on/Work/ws01_plumbing/build/myfirst_matepkg
