[0.027s] Invoking command in '/home/pz10on/Work/ws01_plumbing/build/cpp01_topic': CMAKE_PREFIX_PATH=/home/pz10on/Work/ws01_plumbing/install/base_interfaces_demo:/home/pz10on/Work/ws01_plumbing/install/myfirst_matepkg:/home/pz10on/Work/ws01_plumbing/install/cpp07_exercise01:/home/pz10on/Work/ws01_plumbing/install/cpp06_time:/home/pz10on/Work/ws01_plumbing/install/cpp05_names:/home/pz10on/Work/ws01_plumbing/install/cpp04_param:/home/pz10on/Work/ws01_plumbing/install/cpp03_action:/home/pz10on/Work/ws01_plumbing/install/cpp02_service:/home/pz10on/Work/ws01_plumbing/install/cpp01_topic:/opt/ros/humble /usr/bin/cmake --build /home/pz10on/Work/ws01_plumbing/build/cpp01_topic -- -j12 -l12
[0.066s] [35m[1mConsolidate compiler generated dependencies of target demo02_listener_str[0m
[0.078s] [ 25%] Built target demo01_talker_str
[0.081s] [ 62%] Built target demo03_talker_stu
[0.082s] [ 75%] Built target demo04_listener_stu
[0.088s] [100%] Built target demo02_listener_str
[0.100s] Invoked command in '/home/pz10on/Work/ws01_plumbing/build/cpp01_topic' returned '0': CMAKE_PREFIX_PATH=/home/pz10on/Work/ws01_plumbing/install/base_interfaces_demo:/home/pz10on/Work/ws01_plumbing/install/myfirst_matepkg:/home/pz10on/Work/ws01_plumbing/install/cpp07_exercise01:/home/pz10on/Work/ws01_plumbing/install/cpp06_time:/home/pz10on/Work/ws01_plumbing/install/cpp05_names:/home/pz10on/Work/ws01_plumbing/install/cpp04_param:/home/pz10on/Work/ws01_plumbing/install/cpp03_action:/home/pz10on/Work/ws01_plumbing/install/cpp02_service:/home/pz10on/Work/ws01_plumbing/install/cpp01_topic:/opt/ros/humble /usr/bin/cmake --build /home/pz10on/Work/ws01_plumbing/build/cpp01_topic -- -j12 -l12
[0.122s] Invoking command in '/home/pz10on/Work/ws01_plumbing/build/cpp01_topic': CMAKE_PREFIX_PATH=/home/pz10on/Work/ws01_plumbing/install/base_interfaces_demo:/home/pz10on/Work/ws01_plumbing/install/myfirst_matepkg:/home/pz10on/Work/ws01_plumbing/install/cpp07_exercise01:/home/pz10on/Work/ws01_plumbing/install/cpp06_time:/home/pz10on/Work/ws01_plumbing/install/cpp05_names:/home/pz10on/Work/ws01_plumbing/install/cpp04_param:/home/pz10on/Work/ws01_plumbing/install/cpp03_action:/home/pz10on/Work/ws01_plumbing/install/cpp02_service:/home/pz10on/Work/ws01_plumbing/install/cpp01_topic:/opt/ros/humble /usr/bin/cmake --install /home/pz10on/Work/ws01_plumbing/build/cpp01_topic
[0.131s] -- Install configuration: ""
[0.131s] -- Up-to-date: /home/pz10on/Work/ws01_plumbing/install/cpp01_topic/lib/cpp01_topic/demo01_talker_str
[0.131s] -- Up-to-date: /home/pz10on/Work/ws01_plumbing/install/cpp01_topic/lib/cpp01_topic/demo02_listener_str
[0.131s] -- Up-to-date: /home/pz10on/Work/ws01_plumbing/install/cpp01_topic/lib/cpp01_topic/demo03_talker_stu
[0.131s] -- Up-to-date: /home/pz10on/Work/ws01_plumbing/install/cpp01_topic/lib/cpp01_topic/demo04_listener_stu
[0.131s] -- Up-to-date: /home/pz10on/Work/ws01_plumbing/install/cpp01_topic/share/ament_index/resource_index/package_run_dependencies/cpp01_topic
[0.131s] -- Up-to-date: /home/pz10on/Work/ws01_plumbing/install/cpp01_topic/share/ament_index/resource_index/parent_prefix_path/cpp01_topic
[0.131s] -- Up-to-date: /home/pz10on/Work/ws01_plumbing/install/cpp01_topic/share/cpp01_topic/environment/ament_prefix_path.sh
[0.131s] -- Up-to-date: /home/pz10on/Work/ws01_plumbing/install/cpp01_topic/share/cpp01_topic/environment/ament_prefix_path.dsv
[0.132s] -- Up-to-date: /home/pz10on/Work/ws01_plumbing/install/cpp01_topic/share/cpp01_topic/environment/path.sh
[0.132s] -- Up-to-date: /home/pz10on/Work/ws01_plumbing/install/cpp01_topic/share/cpp01_topic/environment/path.dsv
[0.133s] -- Up-to-date: /home/pz10on/Work/ws01_plumbing/install/cpp01_topic/share/cpp01_topic/local_setup.bash
[0.134s] -- Up-to-date: /home/pz10on/Work/ws01_plumbing/install/cpp01_topic/share/cpp01_topic/local_setup.sh
[0.134s] -- Up-to-date: /home/pz10on/Work/ws01_plumbing/install/cpp01_topic/share/cpp01_topic/local_setup.zsh
[0.134s] -- Up-to-date: /home/pz10on/Work/ws01_plumbing/install/cpp01_topic/share/cpp01_topic/local_setup.dsv
[0.134s] -- Installing: /home/pz10on/Work/ws01_plumbing/install/cpp01_topic/share/cpp01_topic/package.dsv
[0.134s] -- Up-to-date: /home/pz10on/Work/ws01_plumbing/install/cpp01_topic/share/ament_index/resource_index/packages/cpp01_topic
[0.134s] -- Up-to-date: /home/pz10on/Work/ws01_plumbing/install/cpp01_topic/share/cpp01_topic/cmake/cpp01_topicConfig.cmake
[0.134s] -- Up-to-date: /home/pz10on/Work/ws01_plumbing/install/cpp01_topic/share/cpp01_topic/cmake/cpp01_topicConfig-version.cmake
[0.134s] -- Up-to-date: /home/pz10on/Work/ws01_plumbing/install/cpp01_topic/share/cpp01_topic/package.xml
[0.145s] Invoked command in '/home/pz10on/Work/ws01_plumbing/build/cpp01_topic' returned '0': CMAKE_PREFIX_PATH=/home/pz10on/Work/ws01_plumbing/install/base_interfaces_demo:/home/pz10on/Work/ws01_plumbing/install/myfirst_matepkg:/home/pz10on/Work/ws01_plumbing/install/cpp07_exercise01:/home/pz10on/Work/ws01_plumbing/install/cpp06_time:/home/pz10on/Work/ws01_plumbing/install/cpp05_names:/home/pz10on/Work/ws01_plumbing/install/cpp04_param:/home/pz10on/Work/ws01_plumbing/install/cpp03_action:/home/pz10on/Work/ws01_plumbing/install/cpp02_service:/home/pz10on/Work/ws01_plumbing/install/cpp01_topic:/opt/ros/humble /usr/bin/cmake --install /home/pz10on/Work/ws01_plumbing/build/cpp01_topic
