[0.027s] Invoking command in '/home/pz10on/Work/ws01_plumbing/build/cpp02_service': CMAKE_PREFIX_PATH=/home/pz10on/Work/ws01_plumbing/install/base_interfaces_demo:/home/pz10on/Work/ws01_plumbing/install/myfirst_matepkg:/home/pz10on/Work/ws01_plumbing/install/cpp07_exercise01:/home/pz10on/Work/ws01_plumbing/install/cpp06_time:/home/pz10on/Work/ws01_plumbing/install/cpp05_names:/home/pz10on/Work/ws01_plumbing/install/cpp04_param:/home/pz10on/Work/ws01_plumbing/install/cpp03_action:/home/pz10on/Work/ws01_plumbing/install/cpp02_service:/home/pz10on/Work/ws01_plumbing/install/cpp01_topic:/opt/ros/humble /usr/bin/cmake --build /home/pz10on/Work/ws01_plumbing/build/cpp02_service -- -j12 -l12
[0.066s] [35m[1mConsolidate compiler generated dependencies of target demo02_client[0m
[0.078s] [ 50%] Built target demo01_server
[0.085s] [100%] Built target demo02_client
[0.093s] Invoked command in '/home/pz10on/Work/ws01_plumbing/build/cpp02_service' returned '0': CMAKE_PREFIX_PATH=/home/pz10on/Work/ws01_plumbing/install/base_interfaces_demo:/home/pz10on/Work/ws01_plumbing/install/myfirst_matepkg:/home/pz10on/Work/ws01_plumbing/install/cpp07_exercise01:/home/pz10on/Work/ws01_plumbing/install/cpp06_time:/home/pz10on/Work/ws01_plumbing/install/cpp05_names:/home/pz10on/Work/ws01_plumbing/install/cpp04_param:/home/pz10on/Work/ws01_plumbing/install/cpp03_action:/home/pz10on/Work/ws01_plumbing/install/cpp02_service:/home/pz10on/Work/ws01_plumbing/install/cpp01_topic:/opt/ros/humble /usr/bin/cmake --build /home/pz10on/Work/ws01_plumbing/build/cpp02_service -- -j12 -l12
[0.113s] Invoking command in '/home/pz10on/Work/ws01_plumbing/build/cpp02_service': CMAKE_PREFIX_PATH=/home/pz10on/Work/ws01_plumbing/install/base_interfaces_demo:/home/pz10on/Work/ws01_plumbing/install/myfirst_matepkg:/home/pz10on/Work/ws01_plumbing/install/cpp07_exercise01:/home/pz10on/Work/ws01_plumbing/install/cpp06_time:/home/pz10on/Work/ws01_plumbing/install/cpp05_names:/home/pz10on/Work/ws01_plumbing/install/cpp04_param:/home/pz10on/Work/ws01_plumbing/install/cpp03_action:/home/pz10on/Work/ws01_plumbing/install/cpp02_service:/home/pz10on/Work/ws01_plumbing/install/cpp01_topic:/opt/ros/humble /usr/bin/cmake --install /home/pz10on/Work/ws01_plumbing/build/cpp02_service
[0.120s] -- Install configuration: ""
[0.121s] -- Up-to-date: /home/pz10on/Work/ws01_plumbing/install/cpp02_service/lib/cpp02_service/demo01_server
[0.121s] -- Up-to-date: /home/pz10on/Work/ws01_plumbing/install/cpp02_service/lib/cpp02_service/demo02_client
[0.121s] -- Up-to-date: /home/pz10on/Work/ws01_plumbing/install/cpp02_service/share/ament_index/resource_index/package_run_dependencies/cpp02_service
[0.121s] -- Up-to-date: /home/pz10on/Work/ws01_plumbing/install/cpp02_service/share/ament_index/resource_index/parent_prefix_path/cpp02_service
[0.121s] -- Up-to-date: /home/pz10on/Work/ws01_plumbing/install/cpp02_service/share/cpp02_service/environment/ament_prefix_path.sh
[0.121s] -- Up-to-date: /home/pz10on/Work/ws01_plumbing/install/cpp02_service/share/cpp02_service/environment/ament_prefix_path.dsv
[0.121s] -- Up-to-date: /home/pz10on/Work/ws01_plumbing/install/cpp02_service/share/cpp02_service/environment/path.sh
[0.121s] -- Up-to-date: /home/pz10on/Work/ws01_plumbing/install/cpp02_service/share/cpp02_service/environment/path.dsv
[0.122s] -- Up-to-date: /home/pz10on/Work/ws01_plumbing/install/cpp02_service/share/cpp02_service/local_setup.bash
[0.122s] -- Up-to-date: /home/pz10on/Work/ws01_plumbing/install/cpp02_service/share/cpp02_service/local_setup.sh
[0.122s] -- Up-to-date: /home/pz10on/Work/ws01_plumbing/install/cpp02_service/share/cpp02_service/local_setup.zsh
[0.125s] -- Up-to-date: /home/pz10on/Work/ws01_plumbing/install/cpp02_service/share/cpp02_service/local_setup.dsv
[0.125s] -- Installing: /home/pz10on/Work/ws01_plumbing/install/cpp02_service/share/cpp02_service/package.dsv
[0.125s] -- Up-to-date: /home/pz10on/Work/ws01_plumbing/install/cpp02_service/share/ament_index/resource_index/packages/cpp02_service
[0.126s] -- Up-to-date: /home/pz10on/Work/ws01_plumbing/install/cpp02_service/share/cpp02_service/cmake/cpp02_serviceConfig.cmake
[0.126s] -- Up-to-date: /home/pz10on/Work/ws01_plumbing/install/cpp02_service/share/cpp02_service/cmake/cpp02_serviceConfig-version.cmake
[0.126s] -- Up-to-date: /home/pz10on/Work/ws01_plumbing/install/cpp02_service/share/cpp02_service/package.xml
[0.126s] Invoked command in '/home/pz10on/Work/ws01_plumbing/build/cpp02_service' returned '0': CMAKE_PREFIX_PATH=/home/pz10on/Work/ws01_plumbing/install/base_interfaces_demo:/home/pz10on/Work/ws01_plumbing/install/myfirst_matepkg:/home/pz10on/Work/ws01_plumbing/install/cpp07_exercise01:/home/pz10on/Work/ws01_plumbing/install/cpp06_time:/home/pz10on/Work/ws01_plumbing/install/cpp05_names:/home/pz10on/Work/ws01_plumbing/install/cpp04_param:/home/pz10on/Work/ws01_plumbing/install/cpp03_action:/home/pz10on/Work/ws01_plumbing/install/cpp02_service:/home/pz10on/Work/ws01_plumbing/install/cpp01_topic:/opt/ros/humble /usr/bin/cmake --install /home/pz10on/Work/ws01_plumbing/build/cpp02_service
