[0.010s] Invoking command in '/home/pz10on/Work/ws01_plumbing/src/build/cpp07_exer01': CMAKE_PREFIX_PATH=${CMAKE_PREFIX_PATH}:/opt/ros/humble /usr/bin/cmake /home/pz10on/Work/ws01_plumbing/src/cpp07_exer01 -DCMAKE_INSTALL_PREFIX=/home/pz10on/Work/ws01_plumbing/src/install/cpp07_exer01
[0.019s] -- Found ament_cmake: 1.3.5 (/opt/ros/humble/share/ament_cmake/cmake)
[0.119s] -- Found rclcpp: 16.0.5 (/opt/ros/humble/share/rclcpp/cmake)
[0.138s] -- Found rosidl_generator_c: 3.1.5 (/opt/ros/humble/share/rosidl_generator_c/cmake)
[0.139s] -- Found rosidl_adapter: 3.1.5 (/opt/ros/humble/share/rosidl_adapter/cmake)
[0.143s] -- Found rosidl_generator_cpp: 3.1.5 (/opt/ros/humble/share/rosidl_generator_cpp/cmake)
[0.150s] -- Using all available rosidl_typesupport_c: rosidl_typesupport_fastrtps_c;rosidl_typesupport_introspection_c
[0.160s] -- Using all available rosidl_typesupport_cpp: rosidl_typesupport_fastrtps_cpp;rosidl_typesupport_introspection_cpp
[0.196s] -- Found rmw_implementation_cmake: 6.1.1 (/opt/ros/humble/share/rmw_implementation_cmake/cmake)
[0.197s] -- Found rmw_fastrtps_cpp: 6.2.3 (/opt/ros/humble/share/rmw_fastrtps_cpp/cmake)
[0.274s] -- Using RMW implementation 'rmw_fastrtps_cpp' as default
[0.373s] -- Found turtlesim: 1.4.2 (/opt/ros/humble/share/turtlesim/cmake)
[0.453s] -- Found base_interfaces_demo: 0.0.0 (/home/pz10on/Work/ws01_plumbing/install/base_interfaces_demo/share/base_interfaces_demo/cmake)
[0.484s] -- Found geometry_msgs: 4.2.3 (/opt/ros/humble/share/geometry_msgs/cmake)
[0.516s] [31mCMake Error at CMakeLists.txt:14 (find_package):
[0.516s]   By not providing "Findrclcpp_aciton.cmake" in CMAKE_MODULE_PATH this
[0.517s]   project has asked CMake to find a package configuration file provided by
[0.517s]   "rclcpp_aciton", but CMake did not find one.
[0.517s] 
[0.517s]   Could not find a package configuration file provided by "rclcpp_aciton"
[0.517s]   with any of the following names:
[0.517s] 
[0.517s]     rclcpp_acitonConfig.cmake
[0.517s]     rclcpp_aciton-config.cmake
[0.517s] 
[0.517s]   Add the installation prefix of "rclcpp_aciton" to CMAKE_PREFIX_PATH or set
[0.517s]   "rclcpp_aciton_DIR" to a directory containing one of the above files.  If
[0.517s]   "rclcpp_aciton" provides a separate development package or SDK, be sure it
[0.517s]   has been installed.
[0.517s] 
[0.517s] [0m
[0.517s] -- Configuring incomplete, errors occurred!
[0.517s] See also "/home/pz10on/Work/ws01_plumbing/src/build/cpp07_exer01/CMakeFiles/CMakeOutput.log".
[0.522s] Invoked command in '/home/pz10on/Work/ws01_plumbing/src/build/cpp07_exer01' returned '1': CMAKE_PREFIX_PATH=${CMAKE_PREFIX_PATH}:/opt/ros/humble /usr/bin/cmake /home/pz10on/Work/ws01_plumbing/src/cpp07_exer01 -DCMAKE_INSTALL_PREFIX=/home/pz10on/Work/ws01_plumbing/src/install/cpp07_exer01
