[0.014s] Invoking command in '/home/pz10on/Work/ws01_plumbing/build/cpp07_exercise01': CMAKE_PREFIX_PATH=/home/pz10on/Work/ws01_plumbing/install/base_interfaces_demo:/home/pz10on/Work/ws01_plumbing/install/myfirst_matepkg:/home/pz10on/Work/ws01_plumbing/install/cpp07_exercise01:/home/pz10on/Work/ws01_plumbing/install/cpp06_time:/home/pz10on/Work/ws01_plumbing/install/cpp05_names:/home/pz10on/Work/ws01_plumbing/install/cpp04_param:/home/pz10on/Work/ws01_plumbing/install/cpp03_action:/home/pz10on/Work/ws01_plumbing/install/cpp02_service:/home/pz10on/Work/ws01_plumbing/install/cpp01_topic:/opt/ros/humble /usr/bin/cmake --build /home/pz10on/Work/ws01_plumbing/build/cpp07_exercise01 -- -j12 -l12
[0.033s] -- Found ament_cmake: 1.3.5 (/opt/ros/humble/share/ament_cmake/cmake)
[0.138s] -- Found rclcpp: 16.0.5 (/opt/ros/humble/share/rclcpp/cmake)
[0.158s] -- Found rosidl_generator_c: 3.1.5 (/opt/ros/humble/share/rosidl_generator_c/cmake)
[0.160s] -- Found rosidl_adapter: 3.1.5 (/opt/ros/humble/share/rosidl_adapter/cmake)
[0.164s] -- Found rosidl_generator_cpp: 3.1.5 (/opt/ros/humble/share/rosidl_generator_cpp/cmake)
[0.171s] -- Using all available rosidl_typesupport_c: rosidl_typesupport_fastrtps_c;rosidl_typesupport_introspection_c
[0.182s] -- Using all available rosidl_typesupport_cpp: rosidl_typesupport_fastrtps_cpp;rosidl_typesupport_introspection_cpp
[0.223s] -- Found rmw_implementation_cmake: 6.1.1 (/opt/ros/humble/share/rmw_implementation_cmake/cmake)
[0.224s] -- Found rmw_fastrtps_cpp: 6.2.3 (/opt/ros/humble/share/rmw_fastrtps_cpp/cmake)
[0.309s] -- Using RMW implementation 'rmw_fastrtps_cpp' as default
[0.427s] -- Found rclcpp_action: 16.0.5 (/opt/ros/humble/share/rclcpp_action/cmake)
[0.498s] -- Found base_interfaces_demo: 0.0.0 (/home/pz10on/Work/ws01_plumbing/install/base_interfaces_demo/share/base_interfaces_demo/cmake)
[0.536s] -- Found geometry_msgs: 4.2.3 (/opt/ros/humble/share/geometry_msgs/cmake)
[0.570s] -- Found turtlesim: 1.4.2 (/opt/ros/humble/share/turtlesim/cmake)
[0.616s] -- Found ament_lint_auto: 0.12.7 (/opt/ros/humble/share/ament_lint_auto/cmake)
[0.692s] -- Added test 'cppcheck' to perform static code analysis on C / C++ code
[0.692s] -- Configured cppcheck include dirs: $<BUILD_INTERFACE:/home/pz10on/Work/ws01_plumbing/src/cpp07_exercise01/include>
[0.692s] -- Configured cppcheck exclude dirs and/or files: 
[0.692s] -- Added test 'flake8' to check Python code syntax and style conventions
[0.693s] -- Added test 'lint_cmake' to check CMake code style
[0.693s] -- Added test 'pep257' to check Python code against some of the docstring style conventions in PEP 257
[0.693s] -- Added test 'uncrustify' to check C / C++ code style
[0.693s] -- Configured uncrustify additional arguments: 
[0.694s] -- Added test 'xmllint' to check XML markup files
[0.694s] -- Configuring done
[0.711s] -- Generating done
[0.712s] -- Build files have been written to: /home/pz10on/Work/ws01_plumbing/build/cpp07_exercise01
[0.737s] [35m[1mConsolidate compiler generated dependencies of target exer01_pub_sub[0m
[0.745s] [ 16%] [32mBuilding CXX object CMakeFiles/exer03_client.dir/src/exer03_client.cpp.o[0m
[0.748s] [ 33%] [32mBuilding CXX object CMakeFiles/exer02_server.dir/src/exer02_server.cpp.o[0m
[0.751s] [ 50%] [32m[1mLinking CXX executable exer01_pub_sub[0m
[1.157s] [ 66%] Built target exer01_pub_sub
[3.023s] [ 83%] [32m[1mLinking CXX executable exer03_client[0m
[3.113s] [ 83%] Built target exer03_client
[3.128s] [100%] [32m[1mLinking CXX executable exer02_server[0m
[3.215s] [100%] Built target exer02_server
[3.224s] Invoked command in '/home/pz10on/Work/ws01_plumbing/build/cpp07_exercise01' returned '0': CMAKE_PREFIX_PATH=/home/pz10on/Work/ws01_plumbing/install/base_interfaces_demo:/home/pz10on/Work/ws01_plumbing/install/myfirst_matepkg:/home/pz10on/Work/ws01_plumbing/install/cpp07_exercise01:/home/pz10on/Work/ws01_plumbing/install/cpp06_time:/home/pz10on/Work/ws01_plumbing/install/cpp05_names:/home/pz10on/Work/ws01_plumbing/install/cpp04_param:/home/pz10on/Work/ws01_plumbing/install/cpp03_action:/home/pz10on/Work/ws01_plumbing/install/cpp02_service:/home/pz10on/Work/ws01_plumbing/install/cpp01_topic:/opt/ros/humble /usr/bin/cmake --build /home/pz10on/Work/ws01_plumbing/build/cpp07_exercise01 -- -j12 -l12
[3.251s] Invoking command in '/home/pz10on/Work/ws01_plumbing/build/cpp07_exercise01': CMAKE_PREFIX_PATH=/home/pz10on/Work/ws01_plumbing/install/base_interfaces_demo:/home/pz10on/Work/ws01_plumbing/install/myfirst_matepkg:/home/pz10on/Work/ws01_plumbing/install/cpp07_exercise01:/home/pz10on/Work/ws01_plumbing/install/cpp06_time:/home/pz10on/Work/ws01_plumbing/install/cpp05_names:/home/pz10on/Work/ws01_plumbing/install/cpp04_param:/home/pz10on/Work/ws01_plumbing/install/cpp03_action:/home/pz10on/Work/ws01_plumbing/install/cpp02_service:/home/pz10on/Work/ws01_plumbing/install/cpp01_topic:/opt/ros/humble /usr/bin/cmake --install /home/pz10on/Work/ws01_plumbing/build/cpp07_exercise01
[3.256s] -- Install configuration: ""
[3.256s] -- Installing: /home/pz10on/Work/ws01_plumbing/install/cpp07_exercise01/lib/cpp07_exercise01/exer01_pub_sub
[3.259s] -- Set runtime path of "/home/pz10on/Work/ws01_plumbing/install/cpp07_exercise01/lib/cpp07_exercise01/exer01_pub_sub" to ""
[3.259s] -- Installing: /home/pz10on/Work/ws01_plumbing/install/cpp07_exercise01/lib/cpp07_exercise01/exer02_server
[3.259s] -- Set runtime path of "/home/pz10on/Work/ws01_plumbing/install/cpp07_exercise01/lib/cpp07_exercise01/exer02_server" to ""
[3.259s] -- Installing: /home/pz10on/Work/ws01_plumbing/install/cpp07_exercise01/lib/cpp07_exercise01/exer03_client
[3.260s] -- Set runtime path of "/home/pz10on/Work/ws01_plumbing/install/cpp07_exercise01/lib/cpp07_exercise01/exer03_client" to ""
[3.260s] -- Up-to-date: /home/pz10on/Work/ws01_plumbing/install/cpp07_exercise01/share/cpp07_exercise01/launch
[3.260s] -- Up-to-date: /home/pz10on/Work/ws01_plumbing/install/cpp07_exercise01/share/cpp07_exercise01/launch/exer01_pub_sub_launch.py
[3.260s] -- Up-to-date: /home/pz10on/Work/ws01_plumbing/install/cpp07_exercise01/share/ament_index/resource_index/package_run_dependencies/cpp07_exercise01
[3.260s] -- Installing: /home/pz10on/Work/ws01_plumbing/install/cpp07_exercise01/share/ament_index/resource_index/parent_prefix_path/cpp07_exercise01
[3.260s] -- Up-to-date: /home/pz10on/Work/ws01_plumbing/install/cpp07_exercise01/share/cpp07_exercise01/environment/ament_prefix_path.sh
[3.260s] -- Installing: /home/pz10on/Work/ws01_plumbing/install/cpp07_exercise01/share/cpp07_exercise01/environment/ament_prefix_path.dsv
[3.260s] -- Up-to-date: /home/pz10on/Work/ws01_plumbing/install/cpp07_exercise01/share/cpp07_exercise01/environment/path.sh
[3.260s] -- Installing: /home/pz10on/Work/ws01_plumbing/install/cpp07_exercise01/share/cpp07_exercise01/environment/path.dsv
[3.260s] -- Up-to-date: /home/pz10on/Work/ws01_plumbing/install/cpp07_exercise01/share/cpp07_exercise01/local_setup.bash
[3.260s] -- Up-to-date: /home/pz10on/Work/ws01_plumbing/install/cpp07_exercise01/share/cpp07_exercise01/local_setup.sh
[3.260s] -- Up-to-date: /home/pz10on/Work/ws01_plumbing/install/cpp07_exercise01/share/cpp07_exercise01/local_setup.zsh
[3.260s] -- Installing: /home/pz10on/Work/ws01_plumbing/install/cpp07_exercise01/share/cpp07_exercise01/local_setup.dsv
[3.260s] -- Installing: /home/pz10on/Work/ws01_plumbing/install/cpp07_exercise01/share/cpp07_exercise01/package.dsv
[3.260s] -- Up-to-date: /home/pz10on/Work/ws01_plumbing/install/cpp07_exercise01/share/ament_index/resource_index/packages/cpp07_exercise01
[3.260s] -- Up-to-date: /home/pz10on/Work/ws01_plumbing/install/cpp07_exercise01/share/cpp07_exercise01/cmake/cpp07_exercise01Config.cmake
[3.260s] -- Up-to-date: /home/pz10on/Work/ws01_plumbing/install/cpp07_exercise01/share/cpp07_exercise01/cmake/cpp07_exercise01Config-version.cmake
[3.260s] -- Up-to-date: /home/pz10on/Work/ws01_plumbing/install/cpp07_exercise01/share/cpp07_exercise01/package.xml
[3.262s] Invoked command in '/home/pz10on/Work/ws01_plumbing/build/cpp07_exercise01' returned '0': CMAKE_PREFIX_PATH=/home/pz10on/Work/ws01_plumbing/install/base_interfaces_demo:/home/pz10on/Work/ws01_plumbing/install/myfirst_matepkg:/home/pz10on/Work/ws01_plumbing/install/cpp07_exercise01:/home/pz10on/Work/ws01_plumbing/install/cpp06_time:/home/pz10on/Work/ws01_plumbing/install/cpp05_names:/home/pz10on/Work/ws01_plumbing/install/cpp04_param:/home/pz10on/Work/ws01_plumbing/install/cpp03_action:/home/pz10on/Work/ws01_plumbing/install/cpp02_service:/home/pz10on/Work/ws01_plumbing/install/cpp01_topic:/opt/ros/humble /usr/bin/cmake --install /home/pz10on/Work/ws01_plumbing/build/cpp07_exercise01
