[0.010s] Invoking command in '/home/pz10on/Work/ws01_plumbing/build/cpp01_topic': AMENT_PREFIX_PATH=/home/pz10on/Work/ws01_plumbing/install/base_interfaces_demo:${AMENT_PREFIX_PATH} CMAKE_PREFIX_PATH=/home/pz10on/Work/ws01_plumbing/install/base_interfaces_demo:/opt/ros/humble LD_LIBRARY_PATH=/home/pz10on/Work/ws01_plumbing/install/base_interfaces_demo/lib:${LD_LIBRARY_PATH} PYTHONPATH=/home/pz10on/Work/ws01_plumbing/install/base_interfaces_demo/local/lib/python3.10/dist-packages:${PYTHONPATH} /usr/bin/cmake --build /home/pz10on/Work/ws01_plumbing/build/cpp01_topic -- -j12 -l12
[0.028s] -- Found ament_cmake: 1.3.5 (/opt/ros/humble/share/ament_cmake/cmake)
[0.120s] -- Found rclcpp: 16.0.5 (/opt/ros/humble/share/rclcpp/cmake)
[0.142s] -- Found rosidl_generator_c: 3.1.5 (/opt/ros/humble/share/rosidl_generator_c/cmake)
[0.143s] -- Found rosidl_adapter: 3.1.5 (/opt/ros/humble/share/rosidl_adapter/cmake)
[0.147s] -- Found rosidl_generator_cpp: 3.1.5 (/opt/ros/humble/share/rosidl_generator_cpp/cmake)
[0.154s] -- Using all available rosidl_typesupport_c: rosidl_typesupport_fastrtps_c;rosidl_typesupport_introspection_c
[0.164s] -- Using all available rosidl_typesupport_cpp: rosidl_typesupport_fastrtps_cpp;rosidl_typesupport_introspection_cpp
[0.206s] -- Found rmw_implementation_cmake: 6.1.1 (/opt/ros/humble/share/rmw_implementation_cmake/cmake)
[0.208s] -- Found rmw_fastrtps_cpp: 6.2.3 (/opt/ros/humble/share/rmw_fastrtps_cpp/cmake)
[0.288s] -- Using RMW implementation 'rmw_fastrtps_cpp' as default
[0.398s] -- Found base_interfaces_demo: 0.0.0 (/home/pz10on/Work/ws01_plumbing/install/base_interfaces_demo/share/base_interfaces_demo/cmake)
[0.409s] -- Found ament_lint_auto: 0.12.7 (/opt/ros/humble/share/ament_lint_auto/cmake)
[0.457s] -- Added test 'cppcheck' to perform static code analysis on C / C++ code
[0.457s] -- Configured cppcheck include dirs: $<BUILD_INTERFACE:/home/pz10on/Work/ws01_plumbing/src/cpp01_topic/include>
[0.457s] -- Configured cppcheck exclude dirs and/or files: 
[0.457s] -- Added test 'lint_cmake' to check CMake code style
[0.458s] -- Added test 'uncrustify' to check C / C++ code style
[0.458s] -- Configured uncrustify additional arguments: 
[0.458s] -- Added test 'xmllint' to check XML markup files
[0.459s] -- Configuring done
[0.470s] -- Generating done
[0.471s] -- Build files have been written to: /home/pz10on/Work/ws01_plumbing/build/cpp01_topic
[0.489s] [35m[1mConsolidate compiler generated dependencies of target demo04_listener_stu[0m
[0.489s] [35m[1mConsolidate compiler generated dependencies of target demo02_listener_str[0m
[0.489s] [35m[1mConsolidate compiler generated dependencies of target demo01_talker_str[0m
[0.490s] [35m[1mConsolidate compiler generated dependencies of target demo03_talker_stu[0m
[0.502s] [ 50%] [32mBuilding CXX object CMakeFiles/demo03_talker_stu.dir/src/demo03_talker_stu.cpp.o[0m
[0.502s] [ 50%] [32mBuilding CXX object CMakeFiles/demo04_listener_stu.dir/src/demo04_listener_stu.cpp.o[0m
[0.502s] [ 50%] [32m[1mLinking CXX executable demo01_talker_str[0m
[0.503s] [ 50%] [32m[1mLinking CXX executable demo02_listener_str[0m
[0.664s] [ 62%] Built target demo01_talker_str
[0.813s] [ 75%] Built target demo02_listener_str
[3.782s] [ 87%] [32m[1mLinking CXX executable demo03_talker_stu[0m
[3.919s] [ 87%] Built target demo03_talker_stu
[6.523s] [100%] [32m[1mLinking CXX executable demo04_listener_stu[0m
[6.779s] [100%] Built target demo04_listener_stu
[6.788s] Invoked command in '/home/pz10on/Work/ws01_plumbing/build/cpp01_topic' returned '0': AMENT_PREFIX_PATH=/home/pz10on/Work/ws01_plumbing/install/base_interfaces_demo:${AMENT_PREFIX_PATH} CMAKE_PREFIX_PATH=/home/pz10on/Work/ws01_plumbing/install/base_interfaces_demo:/opt/ros/humble LD_LIBRARY_PATH=/home/pz10on/Work/ws01_plumbing/install/base_interfaces_demo/lib:${LD_LIBRARY_PATH} PYTHONPATH=/home/pz10on/Work/ws01_plumbing/install/base_interfaces_demo/local/lib/python3.10/dist-packages:${PYTHONPATH} /usr/bin/cmake --build /home/pz10on/Work/ws01_plumbing/build/cpp01_topic -- -j12 -l12
[6.816s] Invoking command in '/home/pz10on/Work/ws01_plumbing/build/cpp01_topic': AMENT_PREFIX_PATH=/home/pz10on/Work/ws01_plumbing/install/base_interfaces_demo:${AMENT_PREFIX_PATH} CMAKE_PREFIX_PATH=/home/pz10on/Work/ws01_plumbing/install/base_interfaces_demo:/opt/ros/humble LD_LIBRARY_PATH=/home/pz10on/Work/ws01_plumbing/install/base_interfaces_demo/lib:${LD_LIBRARY_PATH} PYTHONPATH=/home/pz10on/Work/ws01_plumbing/install/base_interfaces_demo/local/lib/python3.10/dist-packages:${PYTHONPATH} /usr/bin/cmake --install /home/pz10on/Work/ws01_plumbing/build/cpp01_topic
[6.821s] -- Install configuration: ""
[6.821s] -- Installing: /home/pz10on/Work/ws01_plumbing/install/cpp01_topic/lib/cpp01_topic/demo01_talker_str
[6.822s] -- Set runtime path of "/home/pz10on/Work/ws01_plumbing/install/cpp01_topic/lib/cpp01_topic/demo01_talker_str" to ""
[6.822s] -- Installing: /home/pz10on/Work/ws01_plumbing/install/cpp01_topic/lib/cpp01_topic/demo02_listener_str
[6.826s] -- Set runtime path of "/home/pz10on/Work/ws01_plumbing/install/cpp01_topic/lib/cpp01_topic/demo02_listener_str" to ""
[6.826s] -- Installing: /home/pz10on/Work/ws01_plumbing/install/cpp01_topic/lib/cpp01_topic/demo03_talker_stu
[6.827s] -- Set runtime path of "/home/pz10on/Work/ws01_plumbing/install/cpp01_topic/lib/cpp01_topic/demo03_talker_stu" to ""
[6.828s] -- Installing: /home/pz10on/Work/ws01_plumbing/install/cpp01_topic/lib/cpp01_topic/demo04_listener_stu
[6.831s] -- Set runtime path of "/home/pz10on/Work/ws01_plumbing/install/cpp01_topic/lib/cpp01_topic/demo04_listener_stu" to ""
[6.831s] -- Up-to-date: /home/pz10on/Work/ws01_plumbing/install/cpp01_topic/share/ament_index/resource_index/package_run_dependencies/cpp01_topic
[6.831s] -- Installing: /home/pz10on/Work/ws01_plumbing/install/cpp01_topic/share/ament_index/resource_index/parent_prefix_path/cpp01_topic
[6.831s] -- Up-to-date: /home/pz10on/Work/ws01_plumbing/install/cpp01_topic/share/cpp01_topic/environment/ament_prefix_path.sh
[6.831s] -- Installing: /home/pz10on/Work/ws01_plumbing/install/cpp01_topic/share/cpp01_topic/environment/ament_prefix_path.dsv
[6.831s] -- Up-to-date: /home/pz10on/Work/ws01_plumbing/install/cpp01_topic/share/cpp01_topic/environment/path.sh
[6.832s] -- Installing: /home/pz10on/Work/ws01_plumbing/install/cpp01_topic/share/cpp01_topic/environment/path.dsv
[6.832s] -- Up-to-date: /home/pz10on/Work/ws01_plumbing/install/cpp01_topic/share/cpp01_topic/local_setup.bash
[6.832s] -- Up-to-date: /home/pz10on/Work/ws01_plumbing/install/cpp01_topic/share/cpp01_topic/local_setup.sh
[6.832s] -- Up-to-date: /home/pz10on/Work/ws01_plumbing/install/cpp01_topic/share/cpp01_topic/local_setup.zsh
[6.832s] -- Installing: /home/pz10on/Work/ws01_plumbing/install/cpp01_topic/share/cpp01_topic/local_setup.dsv
[6.832s] -- Installing: /home/pz10on/Work/ws01_plumbing/install/cpp01_topic/share/cpp01_topic/package.dsv
[6.832s] -- Up-to-date: /home/pz10on/Work/ws01_plumbing/install/cpp01_topic/share/ament_index/resource_index/packages/cpp01_topic
[6.832s] -- Up-to-date: /home/pz10on/Work/ws01_plumbing/install/cpp01_topic/share/cpp01_topic/cmake/cpp01_topicConfig.cmake
[6.832s] -- Up-to-date: /home/pz10on/Work/ws01_plumbing/install/cpp01_topic/share/cpp01_topic/cmake/cpp01_topicConfig-version.cmake
[6.832s] -- Up-to-date: /home/pz10on/Work/ws01_plumbing/install/cpp01_topic/share/cpp01_topic/package.xml
[6.834s] Invoked command in '/home/pz10on/Work/ws01_plumbing/build/cpp01_topic' returned '0': AMENT_PREFIX_PATH=/home/pz10on/Work/ws01_plumbing/install/base_interfaces_demo:${AMENT_PREFIX_PATH} CMAKE_PREFIX_PATH=/home/pz10on/Work/ws01_plumbing/install/base_interfaces_demo:/opt/ros/humble LD_LIBRARY_PATH=/home/pz10on/Work/ws01_plumbing/install/base_interfaces_demo/lib:${LD_LIBRARY_PATH} PYTHONPATH=/home/pz10on/Work/ws01_plumbing/install/base_interfaces_demo/local/lib/python3.10/dist-packages:${PYTHONPATH} /usr/bin/cmake --install /home/pz10on/Work/ws01_plumbing/build/cpp01_topic
