[0.025s] Invoking command in '/home/pz10on/Work/ws01_plumbing/build/base_interfaces_demo': CMAKE_PREFIX_PATH=${CMAKE_PREFIX_PATH}:/opt/ros/humble /usr/bin/cmake --build /home/pz10on/Work/ws01_plumbing/build/base_interfaces_demo -- -j12 -l12
[0.059s] [35m[1mConsolidate compiler generated dependencies of target base_interfaces_demo__rosidl_generator_c[0m
[0.066s] [  2%] Built target base_interfaces_demo__cpp
[0.070s] [ 12%] Built target base_interfaces_demo__rosidl_generator_c
[0.074s] [ 12%] Built target ament_cmake_python_copy_base_interfaces_demo
[0.075s] [35m[1mConsolidate compiler generated dependencies of target base_interfaces_demo__rosidl_typesupport_cpp[0m
[0.078s] [35m[1mConsolidate compiler generated dependencies of target base_interfaces_demo__rosidl_typesupport_fastrtps_cpp[0m
[0.079s] [35m[1mConsolidate compiler generated dependencies of target base_interfaces_demo__rosidl_typesupport_introspection_cpp[0m
[0.082s] [35m[1mConsolidate compiler generated dependencies of target base_interfaces_demo__rosidl_typesupport_introspection_c[0m
[0.082s] [35m[1mConsolidate compiler generated dependencies of target base_interfaces_demo__rosidl_typesupport_c[0m
[0.083s] [35m[1mConsolidate compiler generated dependencies of target base_interfaces_demo__rosidl_typesupport_fastrtps_c[0m
[0.091s] [ 23%] Built target base_interfaces_demo__rosidl_typesupport_cpp
[0.093s] [ 44%] Built target base_interfaces_demo__rosidl_typesupport_introspection_c
[0.093s] [ 44%] Built target base_interfaces_demo__rosidl_typesupport_c
[0.093s] [ 55%] Built target base_interfaces_demo__rosidl_typesupport_introspection_cpp
[0.095s] [ 65%] Built target base_interfaces_demo__rosidl_typesupport_fastrtps_cpp
[0.099s] [ 76%] Built target base_interfaces_demo__rosidl_typesupport_fastrtps_c
[0.115s] [ 76%] Built target base_interfaces_demo
[0.133s] [ 78%] Built target base_interfaces_demo__py
[0.140s] [35m[1mConsolidate compiler generated dependencies of target base_interfaces_demo__rosidl_generator_py[0m
[0.150s] [ 87%] Built target base_interfaces_demo__rosidl_generator_py
[0.158s] [35m[1mConsolidate compiler generated dependencies of target base_interfaces_demo__rosidl_typesupport_introspection_c__pyext[0m
[0.158s] [35m[1mConsolidate compiler generated dependencies of target base_interfaces_demo__rosidl_typesupport_c__pyext[0m
[0.160s] [35m[1mConsolidate compiler generated dependencies of target base_interfaces_demo__rosidl_typesupport_fastrtps_c__pyext[0m
[0.168s] [ 91%] Built target base_interfaces_demo__rosidl_typesupport_c__pyext
[0.168s] [ 95%] Built target base_interfaces_demo__rosidl_typesupport_introspection_c__pyext
[0.172s] [100%] Built target base_interfaces_demo__rosidl_typesupport_fastrtps_c__pyext
[0.245s] running egg_info
[0.245s] writing base_interfaces_demo.egg-info/PKG-INFO
[0.246s] writing dependency_links to base_interfaces_demo.egg-info/dependency_links.txt
[0.246s] writing top-level names to base_interfaces_demo.egg-info/top_level.txt
[0.248s] reading manifest file 'base_interfaces_demo.egg-info/SOURCES.txt'
[0.248s] writing manifest file 'base_interfaces_demo.egg-info/SOURCES.txt'
[0.269s] [100%] Built target ament_cmake_python_build_base_interfaces_demo_egg
[0.278s] Invoked command in '/home/pz10on/Work/ws01_plumbing/build/base_interfaces_demo' returned '0': CMAKE_PREFIX_PATH=${CMAKE_PREFIX_PATH}:/opt/ros/humble /usr/bin/cmake --build /home/pz10on/Work/ws01_plumbing/build/base_interfaces_demo -- -j12 -l12
[0.339s] Invoking command in '/home/pz10on/Work/ws01_plumbing/build/base_interfaces_demo': CMAKE_PREFIX_PATH=${CMAKE_PREFIX_PATH}:/opt/ros/humble /usr/bin/cmake --install /home/pz10on/Work/ws01_plumbing/build/base_interfaces_demo
[0.345s] -- Install configuration: ""
[0.345s] -- Up-to-date: /home/pz10on/Work/ws01_plumbing/install/base_interfaces_demo/share/ament_index/resource_index/rosidl_interfaces/base_interfaces_demo
[0.345s] -- Up-to-date: /home/pz10on/Work/ws01_plumbing/install/base_interfaces_demo/include/base_interfaces_demo/base_interfaces_demo
[0.345s] -- Up-to-date: /home/pz10on/Work/ws01_plumbing/install/base_interfaces_demo/include/base_interfaces_demo/base_interfaces_demo/msg
[0.345s] -- Up-to-date: /home/pz10on/Work/ws01_plumbing/install/base_interfaces_demo/include/base_interfaces_demo/base_interfaces_demo/msg/detail
[0.345s] -- Up-to-date: /home/pz10on/Work/ws01_plumbing/install/base_interfaces_demo/include/base_interfaces_demo/base_interfaces_demo/msg/detail/student__functions.h
[0.346s] -- Up-to-date: /home/pz10on/Work/ws01_plumbing/install/base_interfaces_demo/include/base_interfaces_demo/base_interfaces_demo/msg/detail/student__type_support.h
[0.346s] -- Up-to-date: /home/pz10on/Work/ws01_plumbing/install/base_interfaces_demo/include/base_interfaces_demo/base_interfaces_demo/msg/detail/student__functions.c
[0.346s] -- Up-to-date: /home/pz10on/Work/ws01_plumbing/install/base_interfaces_demo/include/base_interfaces_demo/base_interfaces_demo/msg/detail/student__struct.h
[0.346s] -- Up-to-date: /home/pz10on/Work/ws01_plumbing/install/base_interfaces_demo/include/base_interfaces_demo/base_interfaces_demo/msg/rosidl_generator_c__visibility_control.h
[0.346s] -- Up-to-date: /home/pz10on/Work/ws01_plumbing/install/base_interfaces_demo/include/base_interfaces_demo/base_interfaces_demo/msg/student.h
[0.346s] -- Up-to-date: /home/pz10on/Work/ws01_plumbing/install/base_interfaces_demo/include/base_interfaces_demo/base_interfaces_demo/srv
[0.346s] -- Up-to-date: /home/pz10on/Work/ws01_plumbing/install/base_interfaces_demo/include/base_interfaces_demo/base_interfaces_demo/srv/detail
[0.346s] -- Up-to-date: /home/pz10on/Work/ws01_plumbing/install/base_interfaces_demo/include/base_interfaces_demo/base_interfaces_demo/srv/detail/addint__type_support.h
[0.346s] -- Up-to-date: /home/pz10on/Work/ws01_plumbing/install/base_interfaces_demo/include/base_interfaces_demo/base_interfaces_demo/srv/detail/addint__functions.h
[0.346s] -- Up-to-date: /home/pz10on/Work/ws01_plumbing/install/base_interfaces_demo/include/base_interfaces_demo/base_interfaces_demo/srv/detail/addint__struct.h
[0.346s] -- Up-to-date: /home/pz10on/Work/ws01_plumbing/install/base_interfaces_demo/include/base_interfaces_demo/base_interfaces_demo/srv/detail/addint__functions.c
[0.346s] -- Up-to-date: /home/pz10on/Work/ws01_plumbing/install/base_interfaces_demo/include/base_interfaces_demo/base_interfaces_demo/srv/addint.h
[0.346s] -- Up-to-date: /home/pz10on/Work/ws01_plumbing/install/base_interfaces_demo/include/base_interfaces_demo/base_interfaces_demo/action
[0.346s] -- Up-to-date: /home/pz10on/Work/ws01_plumbing/install/base_interfaces_demo/include/base_interfaces_demo/base_interfaces_demo/action/detail
[0.346s] -- Up-to-date: /home/pz10on/Work/ws01_plumbing/install/base_interfaces_demo/include/base_interfaces_demo/base_interfaces_demo/action/detail/progress__type_support.h
[0.346s] -- Up-to-date: /home/pz10on/Work/ws01_plumbing/install/base_interfaces_demo/include/base_interfaces_demo/base_interfaces_demo/action/detail/progress__struct.h
[0.346s] -- Up-to-date: /home/pz10on/Work/ws01_plumbing/install/base_interfaces_demo/include/base_interfaces_demo/base_interfaces_demo/action/detail/progress__functions.h
[0.346s] -- Up-to-date: /home/pz10on/Work/ws01_plumbing/install/base_interfaces_demo/include/base_interfaces_demo/base_interfaces_demo/action/detail/progress__functions.c
[0.346s] -- Up-to-date: /home/pz10on/Work/ws01_plumbing/install/base_interfaces_demo/include/base_interfaces_demo/base_interfaces_demo/action/progress.h
[0.346s] -- Up-to-date: /home/pz10on/Work/ws01_plumbing/install/base_interfaces_demo/share/base_interfaces_demo/environment/library_path.sh
[0.347s] -- Up-to-date: /home/pz10on/Work/ws01_plumbing/install/base_interfaces_demo/share/base_interfaces_demo/environment/library_path.dsv
[0.347s] -- Up-to-date: /home/pz10on/Work/ws01_plumbing/install/base_interfaces_demo/lib/libbase_interfaces_demo__rosidl_generator_c.so
[0.347s] -- Up-to-date: /home/pz10on/Work/ws01_plumbing/install/base_interfaces_demo/include/base_interfaces_demo/base_interfaces_demo
[0.347s] -- Up-to-date: /home/pz10on/Work/ws01_plumbing/install/base_interfaces_demo/include/base_interfaces_demo/base_interfaces_demo/msg
[0.347s] -- Up-to-date: /home/pz10on/Work/ws01_plumbing/install/base_interfaces_demo/include/base_interfaces_demo/base_interfaces_demo/msg/detail
[0.347s] -- Up-to-date: /home/pz10on/Work/ws01_plumbing/install/base_interfaces_demo/include/base_interfaces_demo/base_interfaces_demo/msg/detail/student__rosidl_typesupport_fastrtps_c.h
[0.347s] -- Up-to-date: /home/pz10on/Work/ws01_plumbing/install/base_interfaces_demo/include/base_interfaces_demo/base_interfaces_demo/msg/rosidl_typesupport_fastrtps_c__visibility_control.h
[0.347s] -- Up-to-date: /home/pz10on/Work/ws01_plumbing/install/base_interfaces_demo/include/base_interfaces_demo/base_interfaces_demo/srv
[0.347s] -- Up-to-date: /home/pz10on/Work/ws01_plumbing/install/base_interfaces_demo/include/base_interfaces_demo/base_interfaces_demo/srv/detail
[0.347s] -- Up-to-date: /home/pz10on/Work/ws01_plumbing/install/base_interfaces_demo/include/base_interfaces_demo/base_interfaces_demo/srv/detail/addint__rosidl_typesupport_fastrtps_c.h
[0.347s] -- Up-to-date: /home/pz10on/Work/ws01_plumbing/install/base_interfaces_demo/include/base_interfaces_demo/base_interfaces_demo/action
[0.347s] -- Up-to-date: /home/pz10on/Work/ws01_plumbing/install/base_interfaces_demo/include/base_interfaces_demo/base_interfaces_demo/action/detail
[0.347s] -- Up-to-date: /home/pz10on/Work/ws01_plumbing/install/base_interfaces_demo/include/base_interfaces_demo/base_interfaces_demo/action/detail/progress__rosidl_typesupport_fastrtps_c.h
[0.347s] -- Up-to-date: /home/pz10on/Work/ws01_plumbing/install/base_interfaces_demo/lib/libbase_interfaces_demo__rosidl_typesupport_fastrtps_c.so
[0.347s] -- Up-to-date: /home/pz10on/Work/ws01_plumbing/install/base_interfaces_demo/include/base_interfaces_demo/base_interfaces_demo
[0.347s] -- Up-to-date: /home/pz10on/Work/ws01_plumbing/install/base_interfaces_demo/include/base_interfaces_demo/base_interfaces_demo/msg
[0.347s] -- Up-to-date: /home/pz10on/Work/ws01_plumbing/install/base_interfaces_demo/include/base_interfaces_demo/base_interfaces_demo/msg/detail
[0.348s] -- Up-to-date: /home/pz10on/Work/ws01_plumbing/install/base_interfaces_demo/include/base_interfaces_demo/base_interfaces_demo/msg/detail/student__type_support.c
[0.348s] -- Up-to-date: /home/pz10on/Work/ws01_plumbing/install/base_interfaces_demo/include/base_interfaces_demo/base_interfaces_demo/msg/detail/student__rosidl_typesupport_introspection_c.h
[0.348s] -- Up-to-date: /home/pz10on/Work/ws01_plumbing/install/base_interfaces_demo/include/base_interfaces_demo/base_interfaces_demo/msg/rosidl_typesupport_introspection_c__visibility_control.h
[0.348s] -- Up-to-date: /home/pz10on/Work/ws01_plumbing/install/base_interfaces_demo/include/base_interfaces_demo/base_interfaces_demo/srv
[0.348s] -- Up-to-date: /home/pz10on/Work/ws01_plumbing/install/base_interfaces_demo/include/base_interfaces_demo/base_interfaces_demo/srv/detail
[0.348s] -- Up-to-date: /home/pz10on/Work/ws01_plumbing/install/base_interfaces_demo/include/base_interfaces_demo/base_interfaces_demo/srv/detail/addint__type_support.c
[0.348s] -- Up-to-date: /home/pz10on/Work/ws01_plumbing/install/base_interfaces_demo/include/base_interfaces_demo/base_interfaces_demo/srv/detail/addint__rosidl_typesupport_introspection_c.h
[0.348s] -- Up-to-date: /home/pz10on/Work/ws01_plumbing/install/base_interfaces_demo/include/base_interfaces_demo/base_interfaces_demo/action
[0.348s] -- Up-to-date: /home/pz10on/Work/ws01_plumbing/install/base_interfaces_demo/include/base_interfaces_demo/base_interfaces_demo/action/detail
[0.348s] -- Up-to-date: /home/pz10on/Work/ws01_plumbing/install/base_interfaces_demo/include/base_interfaces_demo/base_interfaces_demo/action/detail/progress__rosidl_typesupport_introspection_c.h
[0.348s] -- Up-to-date: /home/pz10on/Work/ws01_plumbing/install/base_interfaces_demo/include/base_interfaces_demo/base_interfaces_demo/action/detail/progress__type_support.c
[0.348s] -- Up-to-date: /home/pz10on/Work/ws01_plumbing/install/base_interfaces_demo/lib/libbase_interfaces_demo__rosidl_typesupport_introspection_c.so
[0.348s] -- Up-to-date: /home/pz10on/Work/ws01_plumbing/install/base_interfaces_demo/lib/libbase_interfaces_demo__rosidl_typesupport_c.so
[0.348s] -- Up-to-date: /home/pz10on/Work/ws01_plumbing/install/base_interfaces_demo/include/base_interfaces_demo/base_interfaces_demo
[0.348s] -- Up-to-date: /home/pz10on/Work/ws01_plumbing/install/base_interfaces_demo/include/base_interfaces_demo/base_interfaces_demo/msg
[0.348s] -- Up-to-date: /home/pz10on/Work/ws01_plumbing/install/base_interfaces_demo/include/base_interfaces_demo/base_interfaces_demo/msg/student.hpp
[0.348s] -- Up-to-date: /home/pz10on/Work/ws01_plumbing/install/base_interfaces_demo/include/base_interfaces_demo/base_interfaces_demo/msg/detail
[0.348s] -- Up-to-date: /home/pz10on/Work/ws01_plumbing/install/base_interfaces_demo/include/base_interfaces_demo/base_interfaces_demo/msg/detail/student__struct.hpp
[0.349s] -- Up-to-date: /home/pz10on/Work/ws01_plumbing/install/base_interfaces_demo/include/base_interfaces_demo/base_interfaces_demo/msg/detail/student__traits.hpp
[0.349s] -- Up-to-date: /home/pz10on/Work/ws01_plumbing/install/base_interfaces_demo/include/base_interfaces_demo/base_interfaces_demo/msg/detail/student__builder.hpp
[0.349s] -- Up-to-date: /home/pz10on/Work/ws01_plumbing/install/base_interfaces_demo/include/base_interfaces_demo/base_interfaces_demo/srv
[0.349s] -- Up-to-date: /home/pz10on/Work/ws01_plumbing/install/base_interfaces_demo/include/base_interfaces_demo/base_interfaces_demo/srv/addint.hpp
[0.349s] -- Up-to-date: /home/pz10on/Work/ws01_plumbing/install/base_interfaces_demo/include/base_interfaces_demo/base_interfaces_demo/srv/detail
[0.349s] -- Up-to-date: /home/pz10on/Work/ws01_plumbing/install/base_interfaces_demo/include/base_interfaces_demo/base_interfaces_demo/srv/detail/addint__builder.hpp
[0.349s] -- Up-to-date: /home/pz10on/Work/ws01_plumbing/install/base_interfaces_demo/include/base_interfaces_demo/base_interfaces_demo/srv/detail/addint__struct.hpp
[0.349s] -- Up-to-date: /home/pz10on/Work/ws01_plumbing/install/base_interfaces_demo/include/base_interfaces_demo/base_interfaces_demo/srv/detail/addint__traits.hpp
[0.349s] -- Up-to-date: /home/pz10on/Work/ws01_plumbing/install/base_interfaces_demo/include/base_interfaces_demo/base_interfaces_demo/action
[0.349s] -- Up-to-date: /home/pz10on/Work/ws01_plumbing/install/base_interfaces_demo/include/base_interfaces_demo/base_interfaces_demo/action/detail
[0.349s] -- Up-to-date: /home/pz10on/Work/ws01_plumbing/install/base_interfaces_demo/include/base_interfaces_demo/base_interfaces_demo/action/detail/progress__traits.hpp
[0.349s] -- Up-to-date: /home/pz10on/Work/ws01_plumbing/install/base_interfaces_demo/include/base_interfaces_demo/base_interfaces_demo/action/detail/progress__builder.hpp
[0.349s] -- Up-to-date: /home/pz10on/Work/ws01_plumbing/install/base_interfaces_demo/include/base_interfaces_demo/base_interfaces_demo/action/detail/progress__struct.hpp
[0.349s] -- Up-to-date: /home/pz10on/Work/ws01_plumbing/install/base_interfaces_demo/include/base_interfaces_demo/base_interfaces_demo/action/progress.hpp
[0.349s] -- Up-to-date: /home/pz10on/Work/ws01_plumbing/install/base_interfaces_demo/include/base_interfaces_demo/base_interfaces_demo
[0.349s] -- Up-to-date: /home/pz10on/Work/ws01_plumbing/install/base_interfaces_demo/include/base_interfaces_demo/base_interfaces_demo/msg
[0.349s] -- Up-to-date: /home/pz10on/Work/ws01_plumbing/install/base_interfaces_demo/include/base_interfaces_demo/base_interfaces_demo/msg/detail
[0.349s] -- Up-to-date: /home/pz10on/Work/ws01_plumbing/install/base_interfaces_demo/include/base_interfaces_demo/base_interfaces_demo/msg/detail/student__rosidl_typesupport_fastrtps_cpp.hpp
[0.349s] -- Up-to-date: /home/pz10on/Work/ws01_plumbing/install/base_interfaces_demo/include/base_interfaces_demo/base_interfaces_demo/msg/detail/dds_fastrtps
[0.349s] -- Up-to-date: /home/pz10on/Work/ws01_plumbing/install/base_interfaces_demo/include/base_interfaces_demo/base_interfaces_demo/msg/rosidl_typesupport_fastrtps_cpp__visibility_control.h
[0.349s] -- Up-to-date: /home/pz10on/Work/ws01_plumbing/install/base_interfaces_demo/include/base_interfaces_demo/base_interfaces_demo/srv
[0.349s] -- Up-to-date: /home/pz10on/Work/ws01_plumbing/install/base_interfaces_demo/include/base_interfaces_demo/base_interfaces_demo/srv/detail
[0.349s] -- Up-to-date: /home/pz10on/Work/ws01_plumbing/install/base_interfaces_demo/include/base_interfaces_demo/base_interfaces_demo/srv/detail/addint__rosidl_typesupport_fastrtps_cpp.hpp
[0.349s] -- Up-to-date: /home/pz10on/Work/ws01_plumbing/install/base_interfaces_demo/include/base_interfaces_demo/base_interfaces_demo/srv/detail/dds_fastrtps
[0.349s] -- Up-to-date: /home/pz10on/Work/ws01_plumbing/install/base_interfaces_demo/include/base_interfaces_demo/base_interfaces_demo/action
[0.349s] -- Up-to-date: /home/pz10on/Work/ws01_plumbing/install/base_interfaces_demo/include/base_interfaces_demo/base_interfaces_demo/action/detail
[0.350s] -- Up-to-date: /home/pz10on/Work/ws01_plumbing/install/base_interfaces_demo/include/base_interfaces_demo/base_interfaces_demo/action/detail/progress__rosidl_typesupport_fastrtps_cpp.hpp
[0.350s] -- Up-to-date: /home/pz10on/Work/ws01_plumbing/install/base_interfaces_demo/include/base_interfaces_demo/base_interfaces_demo/action/detail/dds_fastrtps
[0.350s] -- Up-to-date: /home/pz10on/Work/ws01_plumbing/install/base_interfaces_demo/lib/libbase_interfaces_demo__rosidl_typesupport_fastrtps_cpp.so
[0.350s] -- Up-to-date: /home/pz10on/Work/ws01_plumbing/install/base_interfaces_demo/include/base_interfaces_demo/base_interfaces_demo
[0.350s] -- Up-to-date: /home/pz10on/Work/ws01_plumbing/install/base_interfaces_demo/include/base_interfaces_demo/base_interfaces_demo/msg
[0.350s] -- Up-to-date: /home/pz10on/Work/ws01_plumbing/install/base_interfaces_demo/include/base_interfaces_demo/base_interfaces_demo/msg/detail
[0.350s] -- Up-to-date: /home/pz10on/Work/ws01_plumbing/install/base_interfaces_demo/include/base_interfaces_demo/base_interfaces_demo/msg/detail/student__type_support.cpp
[0.350s] -- Up-to-date: /home/pz10on/Work/ws01_plumbing/install/base_interfaces_demo/include/base_interfaces_demo/base_interfaces_demo/msg/detail/student__rosidl_typesupport_introspection_cpp.hpp
[0.350s] -- Up-to-date: /home/pz10on/Work/ws01_plumbing/install/base_interfaces_demo/include/base_interfaces_demo/base_interfaces_demo/srv
[0.350s] -- Up-to-date: /home/pz10on/Work/ws01_plumbing/install/base_interfaces_demo/include/base_interfaces_demo/base_interfaces_demo/srv/detail
[0.350s] -- Up-to-date: /home/pz10on/Work/ws01_plumbing/install/base_interfaces_demo/include/base_interfaces_demo/base_interfaces_demo/srv/detail/addint__type_support.cpp
[0.350s] -- Up-to-date: /home/pz10on/Work/ws01_plumbing/install/base_interfaces_demo/include/base_interfaces_demo/base_interfaces_demo/srv/detail/addint__rosidl_typesupport_introspection_cpp.hpp
[0.350s] -- Up-to-date: /home/pz10on/Work/ws01_plumbing/install/base_interfaces_demo/include/base_interfaces_demo/base_interfaces_demo/action
[0.350s] -- Up-to-date: /home/pz10on/Work/ws01_plumbing/install/base_interfaces_demo/include/base_interfaces_demo/base_interfaces_demo/action/detail
[0.350s] -- Up-to-date: /home/pz10on/Work/ws01_plumbing/install/base_interfaces_demo/include/base_interfaces_demo/base_interfaces_demo/action/detail/progress__rosidl_typesupport_introspection_cpp.hpp
[0.350s] -- Up-to-date: /home/pz10on/Work/ws01_plumbing/install/base_interfaces_demo/include/base_interfaces_demo/base_interfaces_demo/action/detail/progress__type_support.cpp
[0.350s] -- Up-to-date: /home/pz10on/Work/ws01_plumbing/install/base_interfaces_demo/lib/libbase_interfaces_demo__rosidl_typesupport_introspection_cpp.so
[0.350s] -- Up-to-date: /home/pz10on/Work/ws01_plumbing/install/base_interfaces_demo/lib/libbase_interfaces_demo__rosidl_typesupport_cpp.so
[0.350s] -- Up-to-date: /home/pz10on/Work/ws01_plumbing/install/base_interfaces_demo/share/base_interfaces_demo/environment/pythonpath.sh
[0.350s] -- Up-to-date: /home/pz10on/Work/ws01_plumbing/install/base_interfaces_demo/share/base_interfaces_demo/environment/pythonpath.dsv
[0.350s] -- Up-to-date: /home/pz10on/Work/ws01_plumbing/install/base_interfaces_demo/local/lib/python3.10/dist-packages/base_interfaces_demo-0.0.0-py3.10.egg-info
[0.350s] -- Installing: /home/pz10on/Work/ws01_plumbing/install/base_interfaces_demo/local/lib/python3.10/dist-packages/base_interfaces_demo-0.0.0-py3.10.egg-info/SOURCES.txt
[0.350s] -- Installing: /home/pz10on/Work/ws01_plumbing/install/base_interfaces_demo/local/lib/python3.10/dist-packages/base_interfaces_demo-0.0.0-py3.10.egg-info/PKG-INFO
[0.350s] -- Installing: /home/pz10on/Work/ws01_plumbing/install/base_interfaces_demo/local/lib/python3.10/dist-packages/base_interfaces_demo-0.0.0-py3.10.egg-info/top_level.txt
[0.350s] -- Installing: /home/pz10on/Work/ws01_plumbing/install/base_interfaces_demo/local/lib/python3.10/dist-packages/base_interfaces_demo-0.0.0-py3.10.egg-info/dependency_links.txt
[0.350s] -- Up-to-date: /home/pz10on/Work/ws01_plumbing/install/base_interfaces_demo/local/lib/python3.10/dist-packages/base_interfaces_demo
[0.350s] -- Up-to-date: /home/pz10on/Work/ws01_plumbing/install/base_interfaces_demo/local/lib/python3.10/dist-packages/base_interfaces_demo/msg
[0.351s] -- Up-to-date: /home/pz10on/Work/ws01_plumbing/install/base_interfaces_demo/local/lib/python3.10/dist-packages/base_interfaces_demo/msg/_student.py
[0.351s] -- Up-to-date: /home/pz10on/Work/ws01_plumbing/install/base_interfaces_demo/local/lib/python3.10/dist-packages/base_interfaces_demo/msg/_student_s.c
[0.351s] -- Up-to-date: /home/pz10on/Work/ws01_plumbing/install/base_interfaces_demo/local/lib/python3.10/dist-packages/base_interfaces_demo/msg/__init__.py
[0.351s] -- Up-to-date: /home/pz10on/Work/ws01_plumbing/install/base_interfaces_demo/local/lib/python3.10/dist-packages/base_interfaces_demo/_base_interfaces_demo_s.ep.rosidl_typesupport_c.c
[0.351s] -- Up-to-date: /home/pz10on/Work/ws01_plumbing/install/base_interfaces_demo/local/lib/python3.10/dist-packages/base_interfaces_demo/srv
[0.351s] -- Up-to-date: /home/pz10on/Work/ws01_plumbing/install/base_interfaces_demo/local/lib/python3.10/dist-packages/base_interfaces_demo/srv/_addint_s.c
[0.351s] -- Up-to-date: /home/pz10on/Work/ws01_plumbing/install/base_interfaces_demo/local/lib/python3.10/dist-packages/base_interfaces_demo/srv/_addint.py
[0.351s] -- Up-to-date: /home/pz10on/Work/ws01_plumbing/install/base_interfaces_demo/local/lib/python3.10/dist-packages/base_interfaces_demo/srv/__init__.py
[0.351s] -- Up-to-date: /home/pz10on/Work/ws01_plumbing/install/base_interfaces_demo/local/lib/python3.10/dist-packages/base_interfaces_demo/base_interfaces_demo_s__rosidl_typesupport_fastrtps_c.cpython-310-x86_64-linux-gnu.so
[0.351s] -- Up-to-date: /home/pz10on/Work/ws01_plumbing/install/base_interfaces_demo/local/lib/python3.10/dist-packages/base_interfaces_demo/base_interfaces_demo_s__rosidl_typesupport_c.cpython-310-x86_64-linux-gnu.so
[0.351s] -- Up-to-date: /home/pz10on/Work/ws01_plumbing/install/base_interfaces_demo/local/lib/python3.10/dist-packages/base_interfaces_demo/libbase_interfaces_demo__rosidl_generator_py.so
[0.351s] -- Up-to-date: /home/pz10on/Work/ws01_plumbing/install/base_interfaces_demo/local/lib/python3.10/dist-packages/base_interfaces_demo/_base_interfaces_demo_s.ep.rosidl_typesupport_introspection_c.c
[0.351s] -- Up-to-date: /home/pz10on/Work/ws01_plumbing/install/base_interfaces_demo/local/lib/python3.10/dist-packages/base_interfaces_demo/__init__.py
[0.351s] -- Up-to-date: /home/pz10on/Work/ws01_plumbing/install/base_interfaces_demo/local/lib/python3.10/dist-packages/base_interfaces_demo/base_interfaces_demo_s__rosidl_typesupport_introspection_c.cpython-310-x86_64-linux-gnu.so
[0.351s] -- Up-to-date: /home/pz10on/Work/ws01_plumbing/install/base_interfaces_demo/local/lib/python3.10/dist-packages/base_interfaces_demo/_base_interfaces_demo_s.ep.rosidl_typesupport_fastrtps_c.c
[0.351s] -- Up-to-date: /home/pz10on/Work/ws01_plumbing/install/base_interfaces_demo/local/lib/python3.10/dist-packages/base_interfaces_demo/action
[0.351s] -- Up-to-date: /home/pz10on/Work/ws01_plumbing/install/base_interfaces_demo/local/lib/python3.10/dist-packages/base_interfaces_demo/action/_progress_s.c
[0.351s] -- Up-to-date: /home/pz10on/Work/ws01_plumbing/install/base_interfaces_demo/local/lib/python3.10/dist-packages/base_interfaces_demo/action/_progress.py
[0.351s] -- Up-to-date: /home/pz10on/Work/ws01_plumbing/install/base_interfaces_demo/local/lib/python3.10/dist-packages/base_interfaces_demo/action/__init__.py
[0.370s] Listing '/home/pz10on/Work/ws01_plumbing/install/base_interfaces_demo/local/lib/python3.10/dist-packages/base_interfaces_demo'...
[0.371s] Listing '/home/pz10on/Work/ws01_plumbing/install/base_interfaces_demo/local/lib/python3.10/dist-packages/base_interfaces_demo/action'...
[0.371s] Listing '/home/pz10on/Work/ws01_plumbing/install/base_interfaces_demo/local/lib/python3.10/dist-packages/base_interfaces_demo/msg'...
[0.371s] Listing '/home/pz10on/Work/ws01_plumbing/install/base_interfaces_demo/local/lib/python3.10/dist-packages/base_interfaces_demo/srv'...
[0.374s] -- Up-to-date: /home/pz10on/Work/ws01_plumbing/install/base_interfaces_demo/local/lib/python3.10/dist-packages/base_interfaces_demo/base_interfaces_demo_s__rosidl_typesupport_fastrtps_c.cpython-310-x86_64-linux-gnu.so
[0.374s] -- Up-to-date: /home/pz10on/Work/ws01_plumbing/install/base_interfaces_demo/local/lib/python3.10/dist-packages/base_interfaces_demo/base_interfaces_demo_s__rosidl_typesupport_introspection_c.cpython-310-x86_64-linux-gnu.so
[0.374s] -- Up-to-date: /home/pz10on/Work/ws01_plumbing/install/base_interfaces_demo/local/lib/python3.10/dist-packages/base_interfaces_demo/base_interfaces_demo_s__rosidl_typesupport_c.cpython-310-x86_64-linux-gnu.so
[0.374s] -- Up-to-date: /home/pz10on/Work/ws01_plumbing/install/base_interfaces_demo/lib/libbase_interfaces_demo__rosidl_generator_py.so
[0.374s] -- Up-to-date: /home/pz10on/Work/ws01_plumbing/install/base_interfaces_demo/share/base_interfaces_demo/msg/Student.idl
[0.374s] -- Up-to-date: /home/pz10on/Work/ws01_plumbing/install/base_interfaces_demo/share/base_interfaces_demo/srv/Addint.idl
[0.374s] -- Up-to-date: /home/pz10on/Work/ws01_plumbing/install/base_interfaces_demo/share/base_interfaces_demo/action/Progress.idl
[0.374s] -- Up-to-date: /home/pz10on/Work/ws01_plumbing/install/base_interfaces_demo/share/base_interfaces_demo/msg/Student.msg
[0.374s] -- Up-to-date: /home/pz10on/Work/ws01_plumbing/install/base_interfaces_demo/share/base_interfaces_demo/srv/Addint.srv
[0.374s] -- Up-to-date: /home/pz10on/Work/ws01_plumbing/install/base_interfaces_demo/share/base_interfaces_demo/srv/Addint_Request.msg
[0.374s] -- Up-to-date: /home/pz10on/Work/ws01_plumbing/install/base_interfaces_demo/share/base_interfaces_demo/srv/Addint_Response.msg
[0.374s] -- Up-to-date: /home/pz10on/Work/ws01_plumbing/install/base_interfaces_demo/share/base_interfaces_demo/action/Progress.action
[0.375s] -- Up-to-date: /home/pz10on/Work/ws01_plumbing/install/base_interfaces_demo/share/ament_index/resource_index/package_run_dependencies/base_interfaces_demo
[0.375s] -- Up-to-date: /home/pz10on/Work/ws01_plumbing/install/base_interfaces_demo/share/ament_index/resource_index/parent_prefix_path/base_interfaces_demo
[0.375s] -- Up-to-date: /home/pz10on/Work/ws01_plumbing/install/base_interfaces_demo/share/base_interfaces_demo/environment/ament_prefix_path.sh
[0.375s] -- Up-to-date: /home/pz10on/Work/ws01_plumbing/install/base_interfaces_demo/share/base_interfaces_demo/environment/ament_prefix_path.dsv
[0.375s] -- Up-to-date: /home/pz10on/Work/ws01_plumbing/install/base_interfaces_demo/share/base_interfaces_demo/environment/path.sh
[0.375s] -- Up-to-date: /home/pz10on/Work/ws01_plumbing/install/base_interfaces_demo/share/base_interfaces_demo/environment/path.dsv
[0.375s] -- Up-to-date: /home/pz10on/Work/ws01_plumbing/install/base_interfaces_demo/share/base_interfaces_demo/local_setup.bash
[0.375s] -- Up-to-date: /home/pz10on/Work/ws01_plumbing/install/base_interfaces_demo/share/base_interfaces_demo/local_setup.sh
[0.375s] -- Up-to-date: /home/pz10on/Work/ws01_plumbing/install/base_interfaces_demo/share/base_interfaces_demo/local_setup.zsh
[0.375s] -- Up-to-date: /home/pz10on/Work/ws01_plumbing/install/base_interfaces_demo/share/base_interfaces_demo/local_setup.dsv
[0.375s] -- Installing: /home/pz10on/Work/ws01_plumbing/install/base_interfaces_demo/share/base_interfaces_demo/package.dsv
[0.375s] -- Up-to-date: /home/pz10on/Work/ws01_plumbing/install/base_interfaces_demo/share/ament_index/resource_index/packages/base_interfaces_demo
[0.375s] -- Up-to-date: /home/pz10on/Work/ws01_plumbing/install/base_interfaces_demo/share/base_interfaces_demo/cmake/export_base_interfaces_demo__rosidl_generator_cExport.cmake
[0.375s] -- Up-to-date: /home/pz10on/Work/ws01_plumbing/install/base_interfaces_demo/share/base_interfaces_demo/cmake/export_base_interfaces_demo__rosidl_generator_cExport-noconfig.cmake
[0.375s] -- Up-to-date: /home/pz10on/Work/ws01_plumbing/install/base_interfaces_demo/share/base_interfaces_demo/cmake/export_base_interfaces_demo__rosidl_typesupport_fastrtps_cExport.cmake
[0.375s] -- Up-to-date: /home/pz10on/Work/ws01_plumbing/install/base_interfaces_demo/share/base_interfaces_demo/cmake/export_base_interfaces_demo__rosidl_typesupport_fastrtps_cExport-noconfig.cmake
[0.375s] -- Up-to-date: /home/pz10on/Work/ws01_plumbing/install/base_interfaces_demo/share/base_interfaces_demo/cmake/base_interfaces_demo__rosidl_typesupport_introspection_cExport.cmake
[0.375s] -- Up-to-date: /home/pz10on/Work/ws01_plumbing/install/base_interfaces_demo/share/base_interfaces_demo/cmake/base_interfaces_demo__rosidl_typesupport_introspection_cExport-noconfig.cmake
[0.375s] -- Up-to-date: /home/pz10on/Work/ws01_plumbing/install/base_interfaces_demo/share/base_interfaces_demo/cmake/base_interfaces_demo__rosidl_typesupport_cExport.cmake
[0.375s] -- Up-to-date: /home/pz10on/Work/ws01_plumbing/install/base_interfaces_demo/share/base_interfaces_demo/cmake/base_interfaces_demo__rosidl_typesupport_cExport-noconfig.cmake
[0.375s] -- Up-to-date: /home/pz10on/Work/ws01_plumbing/install/base_interfaces_demo/share/base_interfaces_demo/cmake/export_base_interfaces_demo__rosidl_generator_cppExport.cmake
[0.376s] -- Up-to-date: /home/pz10on/Work/ws01_plumbing/install/base_interfaces_demo/share/base_interfaces_demo/cmake/export_base_interfaces_demo__rosidl_typesupport_fastrtps_cppExport.cmake
[0.376s] -- Up-to-date: /home/pz10on/Work/ws01_plumbing/install/base_interfaces_demo/share/base_interfaces_demo/cmake/export_base_interfaces_demo__rosidl_typesupport_fastrtps_cppExport-noconfig.cmake
[0.376s] -- Up-to-date: /home/pz10on/Work/ws01_plumbing/install/base_interfaces_demo/share/base_interfaces_demo/cmake/base_interfaces_demo__rosidl_typesupport_introspection_cppExport.cmake
[0.376s] -- Up-to-date: /home/pz10on/Work/ws01_plumbing/install/base_interfaces_demo/share/base_interfaces_demo/cmake/base_interfaces_demo__rosidl_typesupport_introspection_cppExport-noconfig.cmake
[0.376s] -- Up-to-date: /home/pz10on/Work/ws01_plumbing/install/base_interfaces_demo/share/base_interfaces_demo/cmake/base_interfaces_demo__rosidl_typesupport_cppExport.cmake
[0.376s] -- Up-to-date: /home/pz10on/Work/ws01_plumbing/install/base_interfaces_demo/share/base_interfaces_demo/cmake/base_interfaces_demo__rosidl_typesupport_cppExport-noconfig.cmake
[0.376s] -- Up-to-date: /home/pz10on/Work/ws01_plumbing/install/base_interfaces_demo/share/base_interfaces_demo/cmake/export_base_interfaces_demo__rosidl_generator_pyExport.cmake
[0.376s] -- Up-to-date: /home/pz10on/Work/ws01_plumbing/install/base_interfaces_demo/share/base_interfaces_demo/cmake/export_base_interfaces_demo__rosidl_generator_pyExport-noconfig.cmake
[0.376s] -- Up-to-date: /home/pz10on/Work/ws01_plumbing/install/base_interfaces_demo/share/base_interfaces_demo/cmake/rosidl_cmake-extras.cmake
[0.376s] -- Up-to-date: /home/pz10on/Work/ws01_plumbing/install/base_interfaces_demo/share/base_interfaces_demo/cmake/ament_cmake_export_dependencies-extras.cmake
[0.376s] -- Up-to-date: /home/pz10on/Work/ws01_plumbing/install/base_interfaces_demo/share/base_interfaces_demo/cmake/ament_cmake_export_include_directories-extras.cmake
[0.376s] -- Up-to-date: /home/pz10on/Work/ws01_plumbing/install/base_interfaces_demo/share/base_interfaces_demo/cmake/ament_cmake_export_libraries-extras.cmake
[0.376s] -- Up-to-date: /home/pz10on/Work/ws01_plumbing/install/base_interfaces_demo/share/base_interfaces_demo/cmake/ament_cmake_export_targets-extras.cmake
[0.376s] -- Up-to-date: /home/pz10on/Work/ws01_plumbing/install/base_interfaces_demo/share/base_interfaces_demo/cmake/rosidl_cmake_export_typesupport_targets-extras.cmake
[0.376s] -- Up-to-date: /home/pz10on/Work/ws01_plumbing/install/base_interfaces_demo/share/base_interfaces_demo/cmake/rosidl_cmake_export_typesupport_libraries-extras.cmake
[0.376s] -- Up-to-date: /home/pz10on/Work/ws01_plumbing/install/base_interfaces_demo/share/base_interfaces_demo/cmake/base_interfaces_demoConfig.cmake
[0.376s] -- Up-to-date: /home/pz10on/Work/ws01_plumbing/install/base_interfaces_demo/share/base_interfaces_demo/cmake/base_interfaces_demoConfig-version.cmake
[0.376s] -- Up-to-date: /home/pz10on/Work/ws01_plumbing/install/base_interfaces_demo/share/base_interfaces_demo/package.xml
[0.379s] Invoked command in '/home/pz10on/Work/ws01_plumbing/build/base_interfaces_demo' returned '0': CMAKE_PREFIX_PATH=${CMAKE_PREFIX_PATH}:/opt/ros/humble /usr/bin/cmake --install /home/pz10on/Work/ws01_plumbing/build/base_interfaces_demo
