[0.013s] Invoking command in '/home/pz10on/Work/ws01_plumbing/build/cpp03_action': CMAKE_PREFIX_PATH=/home/pz10on/Work/ws01_plumbing/install/base_interfaces_demo:/home/pz10on/Work/ws01_plumbing/install/cpp03_action:/home/pz10on/Work/ws01_plumbing/install/cpp02_service:/home/pz10on/Work/ws01_plumbing/install/cpp01_topic:/opt/ros/humble /usr/bin/cmake --build /home/pz10on/Work/ws01_plumbing/build/cpp03_action -- -j12 -l12
[0.046s] [35m[1mConsolidate compiler generated dependencies of target demo01_action_server[0m
[0.055s] [ 50%] Built target demo02_action_client
[0.059s] [ 75%] [32mBuilding CXX object CMakeFiles/demo01_action_server.dir/src/demo01_action_server.cpp.o[0m
[3.068s] [100%] [32m[1mLinking CXX executable demo01_action_server[0m
[3.236s] [100%] Built target demo01_action_server
[3.248s] Invoked command in '/home/pz10on/Work/ws01_plumbing/build/cpp03_action' returned '0': CMAKE_PREFIX_PATH=/home/pz10on/Work/ws01_plumbing/install/base_interfaces_demo:/home/pz10on/Work/ws01_plumbing/install/cpp03_action:/home/pz10on/Work/ws01_plumbing/install/cpp02_service:/home/pz10on/Work/ws01_plumbing/install/cpp01_topic:/opt/ros/humble /usr/bin/cmake --build /home/pz10on/Work/ws01_plumbing/build/cpp03_action -- -j12 -l12
[3.283s] Invoking command in '/home/pz10on/Work/ws01_plumbing/build/cpp03_action': CMAKE_PREFIX_PATH=/home/pz10on/Work/ws01_plumbing/install/base_interfaces_demo:/home/pz10on/Work/ws01_plumbing/install/cpp03_action:/home/pz10on/Work/ws01_plumbing/install/cpp02_service:/home/pz10on/Work/ws01_plumbing/install/cpp01_topic:/opt/ros/humble /usr/bin/cmake --install /home/pz10on/Work/ws01_plumbing/build/cpp03_action
[3.292s] -- Install configuration: ""
[3.292s] -- Installing: /home/pz10on/Work/ws01_plumbing/install/cpp03_action/lib/cpp03_action/demo01_action_server
[3.294s] -- Set runtime path of "/home/pz10on/Work/ws01_plumbing/install/cpp03_action/lib/cpp03_action/demo01_action_server" to ""
[3.294s] -- Up-to-date: /home/pz10on/Work/ws01_plumbing/install/cpp03_action/lib/cpp03_action/demo02_action_client
[3.294s] -- Up-to-date: /home/pz10on/Work/ws01_plumbing/install/cpp03_action/share/ament_index/resource_index/package_run_dependencies/cpp03_action
[3.294s] -- Up-to-date: /home/pz10on/Work/ws01_plumbing/install/cpp03_action/share/ament_index/resource_index/parent_prefix_path/cpp03_action
[3.294s] -- Up-to-date: /home/pz10on/Work/ws01_plumbing/install/cpp03_action/share/cpp03_action/environment/ament_prefix_path.sh
[3.294s] -- Up-to-date: /home/pz10on/Work/ws01_plumbing/install/cpp03_action/share/cpp03_action/environment/ament_prefix_path.dsv
[3.294s] -- Up-to-date: /home/pz10on/Work/ws01_plumbing/install/cpp03_action/share/cpp03_action/environment/path.sh
[3.294s] -- Up-to-date: /home/pz10on/Work/ws01_plumbing/install/cpp03_action/share/cpp03_action/environment/path.dsv
[3.294s] -- Up-to-date: /home/pz10on/Work/ws01_plumbing/install/cpp03_action/share/cpp03_action/local_setup.bash
[3.294s] -- Up-to-date: /home/pz10on/Work/ws01_plumbing/install/cpp03_action/share/cpp03_action/local_setup.sh
[3.294s] -- Up-to-date: /home/pz10on/Work/ws01_plumbing/install/cpp03_action/share/cpp03_action/local_setup.zsh
[3.295s] -- Up-to-date: /home/pz10on/Work/ws01_plumbing/install/cpp03_action/share/cpp03_action/local_setup.dsv
[3.295s] -- Installing: /home/pz10on/Work/ws01_plumbing/install/cpp03_action/share/cpp03_action/package.dsv
[3.295s] -- Up-to-date: /home/pz10on/Work/ws01_plumbing/install/cpp03_action/share/ament_index/resource_index/packages/cpp03_action
[3.295s] -- Up-to-date: /home/pz10on/Work/ws01_plumbing/install/cpp03_action/share/cpp03_action/cmake/cpp03_actionConfig.cmake
[3.295s] -- Up-to-date: /home/pz10on/Work/ws01_plumbing/install/cpp03_action/share/cpp03_action/cmake/cpp03_actionConfig-version.cmake
[3.295s] -- Up-to-date: /home/pz10on/Work/ws01_plumbing/install/cpp03_action/share/cpp03_action/package.xml
[3.298s] Invoked command in '/home/pz10on/Work/ws01_plumbing/build/cpp03_action' returned '0': CMAKE_PREFIX_PATH=/home/pz10on/Work/ws01_plumbing/install/base_interfaces_demo:/home/pz10on/Work/ws01_plumbing/install/cpp03_action:/home/pz10on/Work/ws01_plumbing/install/cpp02_service:/home/pz10on/Work/ws01_plumbing/install/cpp01_topic:/opt/ros/humble /usr/bin/cmake --install /home/pz10on/Work/ws01_plumbing/build/cpp03_action
