-- The C compiler identification is GNU 11.4.0
-- The CXX compiler identification is GNU 11.4.0
-- Detecting C compiler ABI info
-- Detecting C compiler ABI info - done
-- Check for working C compiler: /usr/bin/cc - skipped
-- Detecting C compile features
-- Detecting C compile features - done
-- Detecting CXX compiler ABI info
-- Detecting CXX compiler ABI info - done
-- Check for working CXX compiler: /usr/bin/c++ - skipped
-- Detecting CXX compile features
-- Detecting CXX compile features - done
-- Found ament_cmake: 1.3.5 (/opt/ros/humble/share/ament_cmake/cmake)
-- Found Python3: /usr/bin/python3.10 (found version "3.10.12") found components: Interpreter 
-- Found ament_lint_auto: 0.12.7 (/opt/ros/humble/share/ament_lint_auto/cmake)
-- Configuring done
-- Generating done
-- Build files have been written to: /home/pz10on/Work/ws01_plumbing/build/myfirst_matepkg
-- Install configuration: ""
-- Installing: /home/pz10on/Work/ws01_plumbing/install/myfirst_matepkg/share/ament_index/resource_index/package_run_dependencies/myfirst_matepkg
-- Installing: /home/pz10on/Work/ws01_plumbing/install/myfirst_matepkg/share/ament_index/resource_index/parent_prefix_path/myfirst_matepkg
-- Installing: /home/pz10on/Work/ws01_plumbing/install/myfirst_matepkg/share/myfirst_matepkg/environment/ament_prefix_path.sh
-- Installing: /home/pz10on/Work/ws01_plumbing/install/myfirst_matepkg/share/myfirst_matepkg/environment/ament_prefix_path.dsv
-- Installing: /home/pz10on/Work/ws01_plumbing/install/myfirst_matepkg/share/myfirst_matepkg/environment/path.sh
-- Installing: /home/pz10on/Work/ws01_plumbing/install/myfirst_matepkg/share/myfirst_matepkg/environment/path.dsv
-- Installing: /home/pz10on/Work/ws01_plumbing/install/myfirst_matepkg/share/myfirst_matepkg/local_setup.bash
-- Installing: /home/pz10on/Work/ws01_plumbing/install/myfirst_matepkg/share/myfirst_matepkg/local_setup.sh
-- Installing: /home/pz10on/Work/ws01_plumbing/install/myfirst_matepkg/share/myfirst_matepkg/local_setup.zsh
-- Installing: /home/pz10on/Work/ws01_plumbing/install/myfirst_matepkg/share/myfirst_matepkg/local_setup.dsv
-- Installing: /home/pz10on/Work/ws01_plumbing/install/myfirst_matepkg/share/myfirst_matepkg/package.dsv
-- Installing: /home/pz10on/Work/ws01_plumbing/install/myfirst_matepkg/share/ament_index/resource_index/packages/myfirst_matepkg
-- Installing: /home/pz10on/Work/ws01_plumbing/install/myfirst_matepkg/share/myfirst_matepkg/cmake/myfirst_matepkgConfig.cmake
-- Installing: /home/pz10on/Work/ws01_plumbing/install/myfirst_matepkg/share/myfirst_matepkg/cmake/myfirst_matepkgConfig-version.cmake
-- Installing: /home/pz10on/Work/ws01_plumbing/install/myfirst_matepkg/share/myfirst_matepkg/package.xml
