[0.018s] Invoking command in '/home/pz10on/Work/ws01_plumbing/build/myfirst_matepkg': AMENT_PREFIX_PATH=/home/pz10on/Work/ws01_plumbing/install/cpp03_action:/home/pz10on/Work/ws01_plumbing/install/cpp02_service:/home/pz10on/Work/ws01_plumbing/install/cpp01_topic:/home/pz10on/Work/ws01_plumbing/install/cpp04_param:/home/pz10on/Work/ws01_plumbing/install/base_interfaces_demo:${AMENT_PREFIX_PATH} CMAKE_PREFIX_PATH=/home/pz10on/Work/ws01_plumbing/install/cpp03_action:/home/pz10on/Work/ws01_plumbing/install/cpp02_service:/home/pz10on/Work/ws01_plumbing/install/cpp01_topic:/home/pz10on/Work/ws01_plumbing/install/cpp04_param:/home/pz10on/Work/ws01_plumbing/install/base_interfaces_demo:/opt/ros/humble LD_LIBRARY_PATH=/home/pz10on/Work/ws01_plumbing/install/base_interfaces_demo/lib:${LD_LIBRARY_PATH} PYTHONPATH=/home/pz10on/Work/ws01_plumbing/install/base_interfaces_demo/local/lib/python3.10/dist-packages:${PYTHONPATH} /usr/bin/cmake /home/pz10on/Work/ws01_plumbing/src/myfirst_matepkg -DCMAKE_INSTALL_PREFIX=/home/pz10on/Work/ws01_plumbing/install/myfirst_matepkg
[0.090s] -- The C compiler identification is GNU 11.4.0
[0.143s] -- The CXX compiler identification is GNU 11.4.0
[0.150s] -- Detecting C compiler ABI info
[0.197s] -- Detecting C compiler ABI info - done
[0.202s] -- Check for working C compiler: /usr/bin/cc - skipped
[0.202s] -- Detecting C compile features
[0.203s] -- Detecting C compile features - done
[0.205s] -- Detecting CXX compiler ABI info
[0.259s] -- Detecting CXX compiler ABI info - done
[0.264s] -- Check for working CXX compiler: /usr/bin/c++ - skipped
[0.264s] -- Detecting CXX compile features
[0.265s] -- Detecting CXX compile features - done
[0.269s] -- Found ament_cmake: 1.3.5 (/opt/ros/humble/share/ament_cmake/cmake)
[0.387s] -- Found Python3: /usr/bin/python3.10 (found version "3.10.12") found components: Interpreter 
[0.456s] -- Found ament_lint_auto: 0.12.7 (/opt/ros/humble/share/ament_lint_auto/cmake)
[0.499s] -- Configuring done
[0.500s] -- Generating done
[0.501s] -- Build files have been written to: /home/pz10on/Work/ws01_plumbing/build/myfirst_matepkg
[0.505s] Invoked command in '/home/pz10on/Work/ws01_plumbing/build/myfirst_matepkg' returned '0': AMENT_PREFIX_PATH=/home/pz10on/Work/ws01_plumbing/install/cpp03_action:/home/pz10on/Work/ws01_plumbing/install/cpp02_service:/home/pz10on/Work/ws01_plumbing/install/cpp01_topic:/home/pz10on/Work/ws01_plumbing/install/cpp04_param:/home/pz10on/Work/ws01_plumbing/install/base_interfaces_demo:${AMENT_PREFIX_PATH} CMAKE_PREFIX_PATH=/home/pz10on/Work/ws01_plumbing/install/cpp03_action:/home/pz10on/Work/ws01_plumbing/install/cpp02_service:/home/pz10on/Work/ws01_plumbing/install/cpp01_topic:/home/pz10on/Work/ws01_plumbing/install/cpp04_param:/home/pz10on/Work/ws01_plumbing/install/base_interfaces_demo:/opt/ros/humble LD_LIBRARY_PATH=/home/pz10on/Work/ws01_plumbing/install/base_interfaces_demo/lib:${LD_LIBRARY_PATH} PYTHONPATH=/home/pz10on/Work/ws01_plumbing/install/base_interfaces_demo/local/lib/python3.10/dist-packages:${PYTHONPATH} /usr/bin/cmake /home/pz10on/Work/ws01_plumbing/src/myfirst_matepkg -DCMAKE_INSTALL_PREFIX=/home/pz10on/Work/ws01_plumbing/install/myfirst_matepkg
[0.506s] Invoking command in '/home/pz10on/Work/ws01_plumbing/build/myfirst_matepkg': AMENT_PREFIX_PATH=/home/pz10on/Work/ws01_plumbing/install/cpp03_action:/home/pz10on/Work/ws01_plumbing/install/cpp02_service:/home/pz10on/Work/ws01_plumbing/install/cpp01_topic:/home/pz10on/Work/ws01_plumbing/install/cpp04_param:/home/pz10on/Work/ws01_plumbing/install/base_interfaces_demo:${AMENT_PREFIX_PATH} CMAKE_PREFIX_PATH=/home/pz10on/Work/ws01_plumbing/install/cpp03_action:/home/pz10on/Work/ws01_plumbing/install/cpp02_service:/home/pz10on/Work/ws01_plumbing/install/cpp01_topic:/home/pz10on/Work/ws01_plumbing/install/cpp04_param:/home/pz10on/Work/ws01_plumbing/install/base_interfaces_demo:/opt/ros/humble LD_LIBRARY_PATH=/home/pz10on/Work/ws01_plumbing/install/base_interfaces_demo/lib:${LD_LIBRARY_PATH} PYTHONPATH=/home/pz10on/Work/ws01_plumbing/install/base_interfaces_demo/local/lib/python3.10/dist-packages:${PYTHONPATH} /usr/bin/cmake --build /home/pz10on/Work/ws01_plumbing/build/myfirst_matepkg -- -j12 -l12
[0.532s] Invoked command in '/home/pz10on/Work/ws01_plumbing/build/myfirst_matepkg' returned '0': AMENT_PREFIX_PATH=/home/pz10on/Work/ws01_plumbing/install/cpp03_action:/home/pz10on/Work/ws01_plumbing/install/cpp02_service:/home/pz10on/Work/ws01_plumbing/install/cpp01_topic:/home/pz10on/Work/ws01_plumbing/install/cpp04_param:/home/pz10on/Work/ws01_plumbing/install/base_interfaces_demo:${AMENT_PREFIX_PATH} CMAKE_PREFIX_PATH=/home/pz10on/Work/ws01_plumbing/install/cpp03_action:/home/pz10on/Work/ws01_plumbing/install/cpp02_service:/home/pz10on/Work/ws01_plumbing/install/cpp01_topic:/home/pz10on/Work/ws01_plumbing/install/cpp04_param:/home/pz10on/Work/ws01_plumbing/install/base_interfaces_demo:/opt/ros/humble LD_LIBRARY_PATH=/home/pz10on/Work/ws01_plumbing/install/base_interfaces_demo/lib:${LD_LIBRARY_PATH} PYTHONPATH=/home/pz10on/Work/ws01_plumbing/install/base_interfaces_demo/local/lib/python3.10/dist-packages:${PYTHONPATH} /usr/bin/cmake --build /home/pz10on/Work/ws01_plumbing/build/myfirst_matepkg -- -j12 -l12
[0.552s] Invoking command in '/home/pz10on/Work/ws01_plumbing/build/myfirst_matepkg': AMENT_PREFIX_PATH=/home/pz10on/Work/ws01_plumbing/install/cpp03_action:/home/pz10on/Work/ws01_plumbing/install/cpp02_service:/home/pz10on/Work/ws01_plumbing/install/cpp01_topic:/home/pz10on/Work/ws01_plumbing/install/cpp04_param:/home/pz10on/Work/ws01_plumbing/install/base_interfaces_demo:${AMENT_PREFIX_PATH} CMAKE_PREFIX_PATH=/home/pz10on/Work/ws01_plumbing/install/cpp03_action:/home/pz10on/Work/ws01_plumbing/install/cpp02_service:/home/pz10on/Work/ws01_plumbing/install/cpp01_topic:/home/pz10on/Work/ws01_plumbing/install/cpp04_param:/home/pz10on/Work/ws01_plumbing/install/base_interfaces_demo:/opt/ros/humble LD_LIBRARY_PATH=/home/pz10on/Work/ws01_plumbing/install/base_interfaces_demo/lib:${LD_LIBRARY_PATH} PYTHONPATH=/home/pz10on/Work/ws01_plumbing/install/base_interfaces_demo/local/lib/python3.10/dist-packages:${PYTHONPATH} /usr/bin/cmake --install /home/pz10on/Work/ws01_plumbing/build/myfirst_matepkg
[0.557s] -- Install configuration: ""
[0.557s] -- Installing: /home/pz10on/Work/ws01_plumbing/install/myfirst_matepkg/share/ament_index/resource_index/package_run_dependencies/myfirst_matepkg
[0.557s] -- Installing: /home/pz10on/Work/ws01_plumbing/install/myfirst_matepkg/share/ament_index/resource_index/parent_prefix_path/myfirst_matepkg
[0.557s] -- Installing: /home/pz10on/Work/ws01_plumbing/install/myfirst_matepkg/share/myfirst_matepkg/environment/ament_prefix_path.sh
[0.557s] -- Installing: /home/pz10on/Work/ws01_plumbing/install/myfirst_matepkg/share/myfirst_matepkg/environment/ament_prefix_path.dsv
[0.557s] -- Installing: /home/pz10on/Work/ws01_plumbing/install/myfirst_matepkg/share/myfirst_matepkg/environment/path.sh
[0.557s] -- Installing: /home/pz10on/Work/ws01_plumbing/install/myfirst_matepkg/share/myfirst_matepkg/environment/path.dsv
[0.557s] -- Installing: /home/pz10on/Work/ws01_plumbing/install/myfirst_matepkg/share/myfirst_matepkg/local_setup.bash
[0.557s] -- Installing: /home/pz10on/Work/ws01_plumbing/install/myfirst_matepkg/share/myfirst_matepkg/local_setup.sh
[0.558s] -- Installing: /home/pz10on/Work/ws01_plumbing/install/myfirst_matepkg/share/myfirst_matepkg/local_setup.zsh
[0.558s] -- Installing: /home/pz10on/Work/ws01_plumbing/install/myfirst_matepkg/share/myfirst_matepkg/local_setup.dsv
[0.558s] -- Installing: /home/pz10on/Work/ws01_plumbing/install/myfirst_matepkg/share/myfirst_matepkg/package.dsv
[0.558s] -- Installing: /home/pz10on/Work/ws01_plumbing/install/myfirst_matepkg/share/ament_index/resource_index/packages/myfirst_matepkg
[0.558s] -- Installing: /home/pz10on/Work/ws01_plumbing/install/myfirst_matepkg/share/myfirst_matepkg/cmake/myfirst_matepkgConfig.cmake
[0.558s] -- Installing: /home/pz10on/Work/ws01_plumbing/install/myfirst_matepkg/share/myfirst_matepkg/cmake/myfirst_matepkgConfig-version.cmake
[0.558s] -- Installing: /home/pz10on/Work/ws01_plumbing/install/myfirst_matepkg/share/myfirst_matepkg/package.xml
[0.559s] Invoked command in '/home/pz10on/Work/ws01_plumbing/build/myfirst_matepkg' returned '0': AMENT_PREFIX_PATH=/home/pz10on/Work/ws01_plumbing/install/cpp03_action:/home/pz10on/Work/ws01_plumbing/install/cpp02_service:/home/pz10on/Work/ws01_plumbing/install/cpp01_topic:/home/pz10on/Work/ws01_plumbing/install/cpp04_param:/home/pz10on/Work/ws01_plumbing/install/base_interfaces_demo:${AMENT_PREFIX_PATH} CMAKE_PREFIX_PATH=/home/pz10on/Work/ws01_plumbing/install/cpp03_action:/home/pz10on/Work/ws01_plumbing/install/cpp02_service:/home/pz10on/Work/ws01_plumbing/install/cpp01_topic:/home/pz10on/Work/ws01_plumbing/install/cpp04_param:/home/pz10on/Work/ws01_plumbing/install/base_interfaces_demo:/opt/ros/humble LD_LIBRARY_PATH=/home/pz10on/Work/ws01_plumbing/install/base_interfaces_demo/lib:${LD_LIBRARY_PATH} PYTHONPATH=/home/pz10on/Work/ws01_plumbing/install/base_interfaces_demo/local/lib/python3.10/dist-packages:${PYTHONPATH} /usr/bin/cmake --install /home/pz10on/Work/ws01_plumbing/build/myfirst_matepkg
