[0.013s] Invoking command in '/home/pz10on/Work/ws01_plumbing/build/cpp04_param': CMAKE_PREFIX_PATH=${CMAKE_PREFIX_PATH}:/opt/ros/humble /usr/bin/cmake --build /home/pz10on/Work/ws01_plumbing/build/cpp04_param -- -j12 -l12
[0.043s] [35m[1mConsolidate compiler generated dependencies of target demo02_param_client[0m
[0.051s] [ 66%] Built target demo00_param
[0.051s] [ 66%] Built target demo01_param_server
[0.054s] [ 83%] [32mBuilding CXX object CMakeFiles/demo02_param_client.dir/src/demo02_param_client.cpp.o[0m
[2.167s] [100%] [32m[1mLinking CXX executable demo02_param_client[0m
[2.248s] [100%] Built target demo02_param_client
[2.257s] Invoked command in '/home/pz10on/Work/ws01_plumbing/build/cpp04_param' returned '0': CMAKE_PREFIX_PATH=${CMAKE_PREFIX_PATH}:/opt/ros/humble /usr/bin/cmake --build /home/pz10on/Work/ws01_plumbing/build/cpp04_param -- -j12 -l12
[2.282s] Invoking command in '/home/pz10on/Work/ws01_plumbing/build/cpp04_param': CMAKE_PREFIX_PATH=${CMAKE_PREFIX_PATH}:/opt/ros/humble /usr/bin/cmake --install /home/pz10on/Work/ws01_plumbing/build/cpp04_param
[2.287s] -- Install configuration: ""
[2.287s] -- Up-to-date: /home/pz10on/Work/ws01_plumbing/install/cpp04_param/lib/cpp04_param/demo00_param
[2.287s] -- Up-to-date: /home/pz10on/Work/ws01_plumbing/install/cpp04_param/lib/cpp04_param/demo01_param_server
[2.287s] -- Installing: /home/pz10on/Work/ws01_plumbing/install/cpp04_param/lib/cpp04_param/demo02_param_client
[2.288s] -- Set runtime path of "/home/pz10on/Work/ws01_plumbing/install/cpp04_param/lib/cpp04_param/demo02_param_client" to ""
[2.288s] -- Up-to-date: /home/pz10on/Work/ws01_plumbing/install/cpp04_param/share/ament_index/resource_index/package_run_dependencies/cpp04_param
[2.288s] -- Up-to-date: /home/pz10on/Work/ws01_plumbing/install/cpp04_param/share/ament_index/resource_index/parent_prefix_path/cpp04_param
[2.288s] -- Up-to-date: /home/pz10on/Work/ws01_plumbing/install/cpp04_param/share/cpp04_param/environment/ament_prefix_path.sh
[2.288s] -- Up-to-date: /home/pz10on/Work/ws01_plumbing/install/cpp04_param/share/cpp04_param/environment/ament_prefix_path.dsv
[2.288s] -- Up-to-date: /home/pz10on/Work/ws01_plumbing/install/cpp04_param/share/cpp04_param/environment/path.sh
[2.288s] -- Up-to-date: /home/pz10on/Work/ws01_plumbing/install/cpp04_param/share/cpp04_param/environment/path.dsv
[2.288s] -- Up-to-date: /home/pz10on/Work/ws01_plumbing/install/cpp04_param/share/cpp04_param/local_setup.bash
[2.288s] -- Up-to-date: /home/pz10on/Work/ws01_plumbing/install/cpp04_param/share/cpp04_param/local_setup.sh
[2.288s] -- Up-to-date: /home/pz10on/Work/ws01_plumbing/install/cpp04_param/share/cpp04_param/local_setup.zsh
[2.288s] -- Up-to-date: /home/pz10on/Work/ws01_plumbing/install/cpp04_param/share/cpp04_param/local_setup.dsv
[2.288s] -- Installing: /home/pz10on/Work/ws01_plumbing/install/cpp04_param/share/cpp04_param/package.dsv
[2.288s] -- Up-to-date: /home/pz10on/Work/ws01_plumbing/install/cpp04_param/share/ament_index/resource_index/packages/cpp04_param
[2.288s] -- Up-to-date: /home/pz10on/Work/ws01_plumbing/install/cpp04_param/share/cpp04_param/cmake/cpp04_paramConfig.cmake
[2.289s] -- Up-to-date: /home/pz10on/Work/ws01_plumbing/install/cpp04_param/share/cpp04_param/cmake/cpp04_paramConfig-version.cmake
[2.289s] -- Up-to-date: /home/pz10on/Work/ws01_plumbing/install/cpp04_param/share/cpp04_param/package.xml
[2.290s] Invoked command in '/home/pz10on/Work/ws01_plumbing/build/cpp04_param' returned '0': CMAKE_PREFIX_PATH=${CMAKE_PREFIX_PATH}:/opt/ros/humble /usr/bin/cmake --install /home/pz10on/Work/ws01_plumbing/build/cpp04_param
