[0.010s] Invoking command in '/home/pz10on/Work/ws01_plumbing/src/build/cpp07_exer01': CMAKE_PREFIX_PATH=${CMAKE_PREFIX_PATH}:/opt/ros/humble /usr/bin/cmake /home/pz10on/Work/ws01_plumbing/src/cpp07_exer01 -DCMAKE_INSTALL_PREFIX=/home/pz10on/Work/ws01_plumbing/src/install/cpp07_exer01
[0.045s] -- The C compiler identification is GNU 11.4.0
[0.081s] -- The CXX compiler identification is GNU 11.4.0
[0.085s] -- Detecting C compiler ABI info
[0.133s] -- Detecting C compiler ABI info - done
[0.137s] -- Check for working C compiler: /usr/bin/cc - skipped
[0.137s] -- Detecting C compile features
[0.138s] -- Detecting C compile features - done
[0.140s] -- Detecting CXX compiler ABI info
[0.191s] -- Detecting CXX compiler ABI info - done
[0.195s] -- Check for working CXX compiler: /usr/bin/c++ - skipped
[0.196s] -- Detecting CXX compile features
[0.196s] -- Detecting CXX compile features - done
[0.198s] -- Found ament_cmake: 1.3.5 (/opt/ros/humble/share/ament_cmake/cmake)
[0.316s] -- Found Python3: /usr/bin/python3.10 (found version "3.10.12") found components: Interpreter 
[0.374s] -- Found rclcpp: 16.0.5 (/opt/ros/humble/share/rclcpp/cmake)
[0.402s] -- Found rosidl_generator_c: 3.1.5 (/opt/ros/humble/share/rosidl_generator_c/cmake)
[0.406s] -- Found rosidl_adapter: 3.1.5 (/opt/ros/humble/share/rosidl_adapter/cmake)
[0.412s] -- Found rosidl_generator_cpp: 3.1.5 (/opt/ros/humble/share/rosidl_generator_cpp/cmake)
[0.422s] -- Using all available rosidl_typesupport_c: rosidl_typesupport_fastrtps_c;rosidl_typesupport_introspection_c
[0.435s] -- Using all available rosidl_typesupport_cpp: rosidl_typesupport_fastrtps_cpp;rosidl_typesupport_introspection_cpp
[0.480s] -- Found rmw_implementation_cmake: 6.1.1 (/opt/ros/humble/share/rmw_implementation_cmake/cmake)
[0.482s] -- Found rmw_fastrtps_cpp: 6.2.3 (/opt/ros/humble/share/rmw_fastrtps_cpp/cmake)
[0.546s] -- Found OpenSSL: /usr/lib/x86_64-linux-gnu/libcrypto.so (found version "3.0.2")  
[0.563s] -- Found FastRTPS: /opt/ros/humble/include  
[0.593s] -- Using RMW implementation 'rmw_fastrtps_cpp' as default
[0.599s] -- Looking for pthread.h
[0.647s] -- Looking for pthread.h - found
[0.647s] -- Performing Test CMAKE_HAVE_LIBC_PTHREAD
[0.695s] -- Performing Test CMAKE_HAVE_LIBC_PTHREAD - Success
[0.696s] -- Found Threads: TRUE  
[0.827s] -- Found turtlesim: 1.4.2 (/opt/ros/humble/share/turtlesim/cmake)
[0.921s] -- Found base_interfaces_demo: 0.0.0 (/home/pz10on/Work/ws01_plumbing/install/base_interfaces_demo/share/base_interfaces_demo/cmake)
[0.954s] -- Found geometry_msgs: 4.2.3 (/opt/ros/humble/share/geometry_msgs/cmake)
[0.987s] [31mCMake Error at CMakeLists.txt:14 (find_package):
[0.987s]   By not providing "Findrclcpp_aciton.cmake" in CMAKE_MODULE_PATH this
[0.987s]   project has asked CMake to find a package configuration file provided by
[0.988s]   "rclcpp_aciton", but CMake did not find one.
[0.988s] 
[0.988s]   Could not find a package configuration file provided by "rclcpp_aciton"
[0.988s]   with any of the following names:
[0.988s] 
[0.988s]     rclcpp_acitonConfig.cmake
[0.988s]     rclcpp_aciton-config.cmake
[0.988s] 
[0.988s]   Add the installation prefix of "rclcpp_aciton" to CMAKE_PREFIX_PATH or set
[0.988s]   "rclcpp_aciton_DIR" to a directory containing one of the above files.  If
[0.988s]   "rclcpp_aciton" provides a separate development package or SDK, be sure it
[0.988s]   has been installed.
[0.988s] 
[0.988s] [0m
[0.988s] -- Configuring incomplete, errors occurred!
[0.988s] See also "/home/pz10on/Work/ws01_plumbing/src/build/cpp07_exer01/CMakeFiles/CMakeOutput.log".
[0.994s] Invoked command in '/home/pz10on/Work/ws01_plumbing/src/build/cpp07_exer01' returned '1': CMAKE_PREFIX_PATH=${CMAKE_PREFIX_PATH}:/opt/ros/humble /usr/bin/cmake /home/pz10on/Work/ws01_plumbing/src/cpp07_exer01 -DCMAKE_INSTALL_PREFIX=/home/pz10on/Work/ws01_plumbing/src/install/cpp07_exer01
