[01m[K/home/pz10on/Work/ws01_plumbing/src/cpp07_exercise01/src/exer03_client.cpp:[m[K In member function ‘[01m[Krclcpp::Client<base_interfaces_demo::srv::Distance>::FutureAndRequestId Exe03Client::send_goal(float, float, float)[m[K’:
[01m[K/home/pz10on/Work/ws01_plumbing/src/cpp07_exercise01/src/exer03_client.cpp:42:14:[m[K [01;31m[Kerror: [m[K‘[01m[Kusing element_type = struct base_interfaces_demo::srv::Distance_Request_<std::allocator<void> >[m[K’ {aka ‘[01m[Kstruct base_interfaces_demo::srv::Distance_Request_<std::allocator<void> >[m[K’} has no member named ‘[01m[Kx[m[K’; did you mean ‘[01m[Kx1[m[K’?
   42 |         req->[01;31m[Kx[m[K = x;
      |              [01;31m[K^[m[K
      |              [32m[Kx1[m[K
[01m[K/home/pz10on/Work/ws01_plumbing/src/cpp07_exercise01/src/exer03_client.cpp:43:14:[m[K [01;31m[Kerror: [m[K‘[01m[Kusing element_type = struct base_interfaces_demo::srv::Distance_Request_<std::allocator<void> >[m[K’ {aka ‘[01m[Kstruct base_interfaces_demo::srv::Distance_Request_<std::allocator<void> >[m[K’} has no member named ‘[01m[Ky[m[K’; did you mean ‘[01m[Ky1[m[K’?
   43 |         req->[01;31m[Ky[m[K = y;
      |              [01;31m[K^[m[K
      |              [32m[Ky1[m[K
[01m[K/home/pz10on/Work/ws01_plumbing/src/cpp07_exercise01/src/exer02_server.cpp:[m[K In member function ‘[01m[Kvoid Exe02Server::distance_cb(base_interfaces_demo::srv::Distance_Request_<std::allocator<void> >::SharedPtr, base_interfaces_demo::srv::Distance_Response_<std::allocator<void> >::SharedPtr)[m[K’:
[01m[K/home/pz10on/Work/ws01_plumbing/src/cpp07_exercise01/src/exer02_server.cpp:49:29:[m[K [01;31m[Kerror: [m[K‘[01m[Kusing element_type = struct base_interfaces_demo::srv::Distance_Request_<std::allocator<void> >[m[K’ {aka ‘[01m[Kstruct base_interfaces_demo::srv::Distance_Request_<std::allocator<void> >[m[K’} has no member named ‘[01m[Kx[m[K’; did you mean ‘[01m[Kx1[m[K’?
   49 |         float goal_x = req->[01;31m[Kx[m[K;
      |                             [01;31m[K^[m[K
      |                             [32m[Kx1[m[K
[01m[K/home/pz10on/Work/ws01_plumbing/src/cpp07_exercise01/src/exer02_server.cpp:50:29:[m[K [01;31m[Kerror: [m[K‘[01m[Kusing element_type = struct base_interfaces_demo::srv::Distance_Request_<std::allocator<void> >[m[K’ {aka ‘[01m[Kstruct base_interfaces_demo::srv::Distance_Request_<std::allocator<void> >[m[K’} has no member named ‘[01m[Ky[m[K’; did you mean ‘[01m[Ky1[m[K’?
   50 |         float goal_y = req->[01;31m[Ky[m[K;
      |                             [01;31m[K^[m[K
      |                             [32m[Ky1[m[K
gmake[2]: *** [CMakeFiles/exer03_client.dir/build.make:76: CMakeFiles/exer03_client.dir/src/exer03_client.cpp.o] Error 1
gmake[1]: *** [CMakeFiles/Makefile2:193: CMakeFiles/exer03_client.dir/all] Error 2
gmake[1]: *** Waiting for unfinished jobs....
gmake[2]: *** [CMakeFiles/exer02_server.dir/build.make:76: CMakeFiles/exer02_server.dir/src/exer02_server.cpp.o] Error 1
gmake[1]: *** [CMakeFiles/Makefile2:167: CMakeFiles/exer02_server.dir/all] Error 2
gmake: *** [Makefile:146: all] Error 2
