[0.010s] Invoking command in '/home/pz10on/Work/ws01_plumbing/build/cpp07_exercise01': AMENT_PREFIX_PATH=/home/pz10on/Work/ws01_plumbing/install/base_interfaces_demo:${AMENT_PREFIX_PATH} CMAKE_PREFIX_PATH=/home/pz10on/Work/ws01_plumbing/install/base_interfaces_demo:/opt/ros/humble LD_LIBRARY_PATH=/home/pz10on/Work/ws01_plumbing/install/base_interfaces_demo/lib:${LD_LIBRARY_PATH} PYTHONPATH=/home/pz10on/Work/ws01_plumbing/install/base_interfaces_demo/local/lib/python3.10/dist-packages:${PYTHONPATH} /usr/bin/cmake --build /home/pz10on/Work/ws01_plumbing/build/cpp07_exercise01 -- -j12 -l12
[0.041s] [35m[1mConsolidate compiler generated dependencies of target exer05_action_client[0m
[0.049s] [ 60%] Built target exer03_client
[0.049s] [ 60%] Built target exer02_server
[0.049s] [ 60%] Built target exer04_action_server
[0.049s] [ 80%] Built target exer01_pub_sub
[0.054s] [ 90%] [32mBuilding CXX object CMakeFiles/exer05_action_client.dir/src/exer05_action_client.cpp.o[0m
[3.031s] [100%] [32m[1mLinking CXX executable exer05_action_client[0m
[3.157s] [100%] Built target exer05_action_client
[3.167s] Invoked command in '/home/pz10on/Work/ws01_plumbing/build/cpp07_exercise01' returned '0': AMENT_PREFIX_PATH=/home/pz10on/Work/ws01_plumbing/install/base_interfaces_demo:${AMENT_PREFIX_PATH} CMAKE_PREFIX_PATH=/home/pz10on/Work/ws01_plumbing/install/base_interfaces_demo:/opt/ros/humble LD_LIBRARY_PATH=/home/pz10on/Work/ws01_plumbing/install/base_interfaces_demo/lib:${LD_LIBRARY_PATH} PYTHONPATH=/home/pz10on/Work/ws01_plumbing/install/base_interfaces_demo/local/lib/python3.10/dist-packages:${PYTHONPATH} /usr/bin/cmake --build /home/pz10on/Work/ws01_plumbing/build/cpp07_exercise01 -- -j12 -l12
[3.196s] Invoking command in '/home/pz10on/Work/ws01_plumbing/build/cpp07_exercise01': AMENT_PREFIX_PATH=/home/pz10on/Work/ws01_plumbing/install/base_interfaces_demo:${AMENT_PREFIX_PATH} CMAKE_PREFIX_PATH=/home/pz10on/Work/ws01_plumbing/install/base_interfaces_demo:/opt/ros/humble LD_LIBRARY_PATH=/home/pz10on/Work/ws01_plumbing/install/base_interfaces_demo/lib:${LD_LIBRARY_PATH} PYTHONPATH=/home/pz10on/Work/ws01_plumbing/install/base_interfaces_demo/local/lib/python3.10/dist-packages:${PYTHONPATH} /usr/bin/cmake --install /home/pz10on/Work/ws01_plumbing/build/cpp07_exercise01
[3.202s] -- Install configuration: ""
[3.202s] -- Up-to-date: /home/pz10on/Work/ws01_plumbing/install/cpp07_exercise01/lib/cpp07_exercise01/exer01_pub_sub
[3.202s] -- Up-to-date: /home/pz10on/Work/ws01_plumbing/install/cpp07_exercise01/lib/cpp07_exercise01/exer02_server
[3.202s] -- Up-to-date: /home/pz10on/Work/ws01_plumbing/install/cpp07_exercise01/lib/cpp07_exercise01/exer03_client
[3.202s] -- Up-to-date: /home/pz10on/Work/ws01_plumbing/install/cpp07_exercise01/lib/cpp07_exercise01/exer04_action_server
[3.202s] -- Installing: /home/pz10on/Work/ws01_plumbing/install/cpp07_exercise01/lib/cpp07_exercise01/exer05_action_client
[3.203s] -- Set runtime path of "/home/pz10on/Work/ws01_plumbing/install/cpp07_exercise01/lib/cpp07_exercise01/exer05_action_client" to ""
[3.203s] -- Up-to-date: /home/pz10on/Work/ws01_plumbing/install/cpp07_exercise01/share/cpp07_exercise01/launch
[3.203s] -- Up-to-date: /home/pz10on/Work/ws01_plumbing/install/cpp07_exercise01/share/cpp07_exercise01/launch/exer05_action_client_launch.py
[3.203s] -- Up-to-date: /home/pz10on/Work/ws01_plumbing/install/cpp07_exercise01/share/cpp07_exercise01/launch/exer01_pub_sub_launch.py
[3.203s] -- Up-to-date: /home/pz10on/Work/ws01_plumbing/install/cpp07_exercise01/share/cpp07_exercise01/launch/exer03_client_launch.py
[3.203s] -- Up-to-date: /home/pz10on/Work/ws01_plumbing/install/cpp07_exercise01/share/cpp07_exercise01/launch/exer02_server_launch.py
[3.203s] -- Up-to-date: /home/pz10on/Work/ws01_plumbing/install/cpp07_exercise01/share/cpp07_exercise01/launch/exer04_action_server_launch.py
[3.203s] -- Up-to-date: /home/pz10on/Work/ws01_plumbing/install/cpp07_exercise01/share/ament_index/resource_index/package_run_dependencies/cpp07_exercise01
[3.203s] -- Up-to-date: /home/pz10on/Work/ws01_plumbing/install/cpp07_exercise01/share/ament_index/resource_index/parent_prefix_path/cpp07_exercise01
[3.203s] -- Up-to-date: /home/pz10on/Work/ws01_plumbing/install/cpp07_exercise01/share/cpp07_exercise01/environment/ament_prefix_path.sh
[3.203s] -- Up-to-date: /home/pz10on/Work/ws01_plumbing/install/cpp07_exercise01/share/cpp07_exercise01/environment/ament_prefix_path.dsv
[3.204s] -- Up-to-date: /home/pz10on/Work/ws01_plumbing/install/cpp07_exercise01/share/cpp07_exercise01/environment/path.sh
[3.204s] -- Up-to-date: /home/pz10on/Work/ws01_plumbing/install/cpp07_exercise01/share/cpp07_exercise01/environment/path.dsv
[3.204s] -- Up-to-date: /home/pz10on/Work/ws01_plumbing/install/cpp07_exercise01/share/cpp07_exercise01/local_setup.bash
[3.204s] -- Up-to-date: /home/pz10on/Work/ws01_plumbing/install/cpp07_exercise01/share/cpp07_exercise01/local_setup.sh
[3.204s] -- Up-to-date: /home/pz10on/Work/ws01_plumbing/install/cpp07_exercise01/share/cpp07_exercise01/local_setup.zsh
[3.204s] -- Up-to-date: /home/pz10on/Work/ws01_plumbing/install/cpp07_exercise01/share/cpp07_exercise01/local_setup.dsv
[3.204s] -- Installing: /home/pz10on/Work/ws01_plumbing/install/cpp07_exercise01/share/cpp07_exercise01/package.dsv
[3.204s] -- Up-to-date: /home/pz10on/Work/ws01_plumbing/install/cpp07_exercise01/share/ament_index/resource_index/packages/cpp07_exercise01
[3.204s] -- Up-to-date: /home/pz10on/Work/ws01_plumbing/install/cpp07_exercise01/share/cpp07_exercise01/cmake/cpp07_exercise01Config.cmake
[3.204s] -- Up-to-date: /home/pz10on/Work/ws01_plumbing/install/cpp07_exercise01/share/cpp07_exercise01/cmake/cpp07_exercise01Config-version.cmake
[3.204s] -- Up-to-date: /home/pz10on/Work/ws01_plumbing/install/cpp07_exercise01/share/cpp07_exercise01/package.xml
[3.206s] Invoked command in '/home/pz10on/Work/ws01_plumbing/build/cpp07_exercise01' returned '0': AMENT_PREFIX_PATH=/home/pz10on/Work/ws01_plumbing/install/base_interfaces_demo:${AMENT_PREFIX_PATH} CMAKE_PREFIX_PATH=/home/pz10on/Work/ws01_plumbing/install/base_interfaces_demo:/opt/ros/humble LD_LIBRARY_PATH=/home/pz10on/Work/ws01_plumbing/install/base_interfaces_demo/lib:${LD_LIBRARY_PATH} PYTHONPATH=/home/pz10on/Work/ws01_plumbing/install/base_interfaces_demo/local/lib/python3.10/dist-packages:${PYTHONPATH} /usr/bin/cmake --install /home/pz10on/Work/ws01_plumbing/build/cpp07_exercise01
