[0.012s] Invoking command in '/home/pz10on/Work/ws01_plumbing/build/cpp01_topic': CMAKE_PREFIX_PATH=/home/pz10on/Work/ws01_plumbing/install/base_interfaces_demo:/home/pz10on/Work/ws01_plumbing/install/cpp01_topic:/opt/ros/humble /usr/bin/cmake --build /home/pz10on/Work/ws01_plumbing/build/cpp01_topic -- -j12 -l12
[0.028s] -- Found ament_cmake: 1.3.5 (/opt/ros/humble/share/ament_cmake/cmake)
[0.125s] -- Found rclcpp: 16.0.5 (/opt/ros/humble/share/rclcpp/cmake)
[0.144s] -- Found rosidl_generator_c: 3.1.5 (/opt/ros/humble/share/rosidl_generator_c/cmake)
[0.145s] -- Found rosidl_adapter: 3.1.5 (/opt/ros/humble/share/rosidl_adapter/cmake)
[0.148s] -- Found rosidl_generator_cpp: 3.1.5 (/opt/ros/humble/share/rosidl_generator_cpp/cmake)
[0.155s] -- Using all available rosidl_typesupport_c: rosidl_typesupport_fastrtps_c;rosidl_typesupport_introspection_c
[0.164s] -- Using all available rosidl_typesupport_cpp: rosidl_typesupport_fastrtps_cpp;rosidl_typesupport_introspection_cpp
[0.200s] -- Found rmw_implementation_cmake: 6.1.1 (/opt/ros/humble/share/rmw_implementation_cmake/cmake)
[0.200s] -- Found rmw_fastrtps_cpp: 6.2.3 (/opt/ros/humble/share/rmw_fastrtps_cpp/cmake)
[0.273s] -- Using RMW implementation 'rmw_fastrtps_cpp' as default
[0.377s] -- Found base_interfaces_demo: 0.0.0 (/home/pz10on/Work/ws01_plumbing/install/base_interfaces_demo/share/base_interfaces_demo/cmake)
[0.387s] [31mCMake Error at CMakeLists.txt:16 (add_executable):
[0.387s]   The target name "demo03_talker_stu/demo03_talker_stu.cpp" is reserved or
[0.388s]   not valid for certain CMake features, such as generator expressions, and
[0.388s]   may result in undefined behavior.
[0.388s] 
[0.388s] [0m
[0.388s] [31mCMake Error at CMakeLists.txt:17 (add_executable):
[0.388s]   The target name "demo04_listener_stu/demo04_listener_stu.cpp" is reserved
[0.388s]   or not valid for certain CMake features, such as generator expressions, and
[0.388s]   may result in undefined behavior.
[0.388s] 
[0.388s] [0m
[0.389s] -- Configuring incomplete, errors occurred!
[0.389s] See also "/home/pz10on/Work/ws01_plumbing/build/cpp01_topic/CMakeFiles/CMakeOutput.log".
[0.389s] [31mCMake Error at /opt/ros/humble/share/ament_cmake_target_dependencies/cmake/ament_target_dependencies.cmake:42 (message):
[0.389s]   ament_target_dependencies() the first argument must be a valid target name
[0.389s] Call Stack (most recent call first):
[0.389s]   CMakeLists.txt:34 (ament_target_dependencies)
[0.389s] 
[0.389s] [0m
[0.393s] gmake: *** [Makefile:308: cmake_check_build_system] Error 1
[0.395s] Invoked command in '/home/pz10on/Work/ws01_plumbing/build/cpp01_topic' returned '2': CMAKE_PREFIX_PATH=/home/pz10on/Work/ws01_plumbing/install/base_interfaces_demo:/home/pz10on/Work/ws01_plumbing/install/cpp01_topic:/opt/ros/humble /usr/bin/cmake --build /home/pz10on/Work/ws01_plumbing/build/cpp01_topic -- -j12 -l12
