[0.010s] Invoking command in '/home/pz10on/Work/ws01_plumbing/src/build/cpp07_exercise01': CMAKE_PREFIX_PATH=${CMAKE_PREFIX_PATH}:/opt/ros/humble /usr/bin/cmake /home/pz10on/Work/ws01_plumbing/src/cpp07_exercise01 -DCMAKE_INSTALL_PREFIX=/home/pz10on/Work/ws01_plumbing/src/install/cpp07_exercise01
[0.019s] -- Found ament_cmake: 1.3.5 (/opt/ros/humble/share/ament_cmake/cmake)
[0.120s] -- Found rclcpp: 16.0.5 (/opt/ros/humble/share/rclcpp/cmake)
[0.139s] -- Found rosidl_generator_c: 3.1.5 (/opt/ros/humble/share/rosidl_generator_c/cmake)
[0.140s] -- Found rosidl_adapter: 3.1.5 (/opt/ros/humble/share/rosidl_adapter/cmake)
[0.144s] -- Found rosidl_generator_cpp: 3.1.5 (/opt/ros/humble/share/rosidl_generator_cpp/cmake)
[0.152s] -- Using all available rosidl_typesupport_c: rosidl_typesupport_fastrtps_c;rosidl_typesupport_introspection_c
[0.162s] -- Using all available rosidl_typesupport_cpp: rosidl_typesupport_fastrtps_cpp;rosidl_typesupport_introspection_cpp
[0.198s] -- Found rmw_implementation_cmake: 6.1.1 (/opt/ros/humble/share/rmw_implementation_cmake/cmake)
[0.200s] -- Found rmw_fastrtps_cpp: 6.2.3 (/opt/ros/humble/share/rmw_fastrtps_cpp/cmake)
[0.275s] -- Using RMW implementation 'rmw_fastrtps_cpp' as default
[0.374s] -- Found rclcpp_action: 16.0.5 (/opt/ros/humble/share/rclcpp_action/cmake)
[0.431s] -- Found base_interfaces_demo: 0.0.0 (/home/pz10on/Work/ws01_plumbing/install/base_interfaces_demo/share/base_interfaces_demo/cmake)
[0.463s] -- Found geometry_msgs: 4.2.3 (/opt/ros/humble/share/geometry_msgs/cmake)
[0.492s] -- Found ament_lint_auto: 0.12.7 (/opt/ros/humble/share/ament_lint_auto/cmake)
[0.544s] -- Added test 'cppcheck' to perform static code analysis on C / C++ code
[0.544s] -- Configured cppcheck include dirs: $<BUILD_INTERFACE:/home/pz10on/Work/ws01_plumbing/src/cpp07_exercise01/include>
[0.544s] -- Configured cppcheck exclude dirs and/or files: 
[0.544s] -- Added test 'flake8' to check Python code syntax and style conventions
[0.545s] -- Added test 'lint_cmake' to check CMake code style
[0.545s] -- Added test 'pep257' to check Python code against some of the docstring style conventions in PEP 257
[0.546s] -- Added test 'uncrustify' to check C / C++ code style
[0.546s] -- Configured uncrustify additional arguments: 
[0.546s] -- Added test 'xmllint' to check XML markup files
[0.547s] -- Configuring done
[0.554s] -- Generating done
[0.554s] -- Build files have been written to: /home/pz10on/Work/ws01_plumbing/src/build/cpp07_exercise01
[0.560s] Invoked command in '/home/pz10on/Work/ws01_plumbing/src/build/cpp07_exercise01' returned '0': CMAKE_PREFIX_PATH=${CMAKE_PREFIX_PATH}:/opt/ros/humble /usr/bin/cmake /home/pz10on/Work/ws01_plumbing/src/cpp07_exercise01 -DCMAKE_INSTALL_PREFIX=/home/pz10on/Work/ws01_plumbing/src/install/cpp07_exercise01
[0.562s] Invoking command in '/home/pz10on/Work/ws01_plumbing/src/build/cpp07_exercise01': CMAKE_PREFIX_PATH=${CMAKE_PREFIX_PATH}:/opt/ros/humble /usr/bin/cmake --build /home/pz10on/Work/ws01_plumbing/src/build/cpp07_exercise01 -- -j12 -l12
[0.597s] [ 50%] [32mBuilding CXX object CMakeFiles/exer01_pub_sub.dir/src/exer01_pub_sub.cpp.o[0m
[2.545s] [100%] [32m[1mLinking CXX executable exer01_pub_sub[0m
[2.638s] [100%] Built target exer01_pub_sub
[2.648s] Invoked command in '/home/pz10on/Work/ws01_plumbing/src/build/cpp07_exercise01' returned '0': CMAKE_PREFIX_PATH=${CMAKE_PREFIX_PATH}:/opt/ros/humble /usr/bin/cmake --build /home/pz10on/Work/ws01_plumbing/src/build/cpp07_exercise01 -- -j12 -l12
[2.671s] Invoking command in '/home/pz10on/Work/ws01_plumbing/src/build/cpp07_exercise01': CMAKE_PREFIX_PATH=${CMAKE_PREFIX_PATH}:/opt/ros/humble /usr/bin/cmake --install /home/pz10on/Work/ws01_plumbing/src/build/cpp07_exercise01
[2.676s] -- Install configuration: ""
[2.676s] -- Installing: /home/pz10on/Work/ws01_plumbing/src/install/cpp07_exercise01/lib/cpp07_exercise01/exer01_pub_sub
[2.677s] -- Set runtime path of "/home/pz10on/Work/ws01_plumbing/src/install/cpp07_exercise01/lib/cpp07_exercise01/exer01_pub_sub" to ""
[2.677s] -- Installing: /home/pz10on/Work/ws01_plumbing/src/install/cpp07_exercise01/share/cpp07_exercise01/launch
[2.677s] -- Installing: /home/pz10on/Work/ws01_plumbing/src/install/cpp07_exercise01/share/cpp07_exercise01/launch/exer01_pub_sub_launch.py
[2.677s] -- Installing: /home/pz10on/Work/ws01_plumbing/src/install/cpp07_exercise01/share/ament_index/resource_index/package_run_dependencies/cpp07_exercise01
[2.677s] -- Installing: /home/pz10on/Work/ws01_plumbing/src/install/cpp07_exercise01/share/ament_index/resource_index/parent_prefix_path/cpp07_exercise01
[2.677s] -- Installing: /home/pz10on/Work/ws01_plumbing/src/install/cpp07_exercise01/share/cpp07_exercise01/environment/ament_prefix_path.sh
[2.677s] -- Installing: /home/pz10on/Work/ws01_plumbing/src/install/cpp07_exercise01/share/cpp07_exercise01/environment/ament_prefix_path.dsv
[2.677s] -- Installing: /home/pz10on/Work/ws01_plumbing/src/install/cpp07_exercise01/share/cpp07_exercise01/environment/path.sh
[2.677s] -- Installing: /home/pz10on/Work/ws01_plumbing/src/install/cpp07_exercise01/share/cpp07_exercise01/environment/path.dsv
[2.677s] -- Installing: /home/pz10on/Work/ws01_plumbing/src/install/cpp07_exercise01/share/cpp07_exercise01/local_setup.bash
[2.677s] -- Installing: /home/pz10on/Work/ws01_plumbing/src/install/cpp07_exercise01/share/cpp07_exercise01/local_setup.sh
[2.677s] -- Installing: /home/pz10on/Work/ws01_plumbing/src/install/cpp07_exercise01/share/cpp07_exercise01/local_setup.zsh
[2.678s] -- Installing: /home/pz10on/Work/ws01_plumbing/src/install/cpp07_exercise01/share/cpp07_exercise01/local_setup.dsv
[2.678s] -- Installing: /home/pz10on/Work/ws01_plumbing/src/install/cpp07_exercise01/share/cpp07_exercise01/package.dsv
[2.678s] -- Installing: /home/pz10on/Work/ws01_plumbing/src/install/cpp07_exercise01/share/ament_index/resource_index/packages/cpp07_exercise01
[2.678s] -- Installing: /home/pz10on/Work/ws01_plumbing/src/install/cpp07_exercise01/share/cpp07_exercise01/cmake/cpp07_exercise01Config.cmake
[2.678s] -- Installing: /home/pz10on/Work/ws01_plumbing/src/install/cpp07_exercise01/share/cpp07_exercise01/cmake/cpp07_exercise01Config-version.cmake
[2.678s] -- Installing: /home/pz10on/Work/ws01_plumbing/src/install/cpp07_exercise01/share/cpp07_exercise01/package.xml
[2.679s] Invoked command in '/home/pz10on/Work/ws01_plumbing/src/build/cpp07_exercise01' returned '0': CMAKE_PREFIX_PATH=${CMAKE_PREFIX_PATH}:/opt/ros/humble /usr/bin/cmake --install /home/pz10on/Work/ws01_plumbing/src/build/cpp07_exercise01
