[0.012s] Invoking command in '/home/pz10on/Work/ws01_plumbing/build/cpp07_exec1': CMAKE_PREFIX_PATH=/home/pz10on/Work/ws01_plumbing/install/base_interfaces_demo:/home/pz10on/Work/ws01_plumbing/install/myfirst_matepkg:/home/pz10on/Work/ws01_plumbing/install/cpp06_time:/home/pz10on/Work/ws01_plumbing/install/cpp05_names:/home/pz10on/Work/ws01_plumbing/install/cpp04_param:/home/pz10on/Work/ws01_plumbing/install/cpp03_action:/home/pz10on/Work/ws01_plumbing/install/cpp02_service:/home/pz10on/Work/ws01_plumbing/install/cpp01_topic:/opt/ros/humble /usr/bin/cmake /home/pz10on/Work/ws01_plumbing/src/cpp07_exec1 -DCMAKE_INSTALL_PREFIX=/home/pz10on/Work/ws01_plumbing/install/cpp07_exec1
[0.047s] -- The C compiler identification is GNU 11.4.0
[0.083s] -- The CXX compiler identification is GNU 11.4.0
[0.088s] -- Detecting C compiler ABI info
[0.134s] -- Detecting C compiler ABI info - done
[0.139s] -- Check for working C compiler: /usr/bin/cc - skipped
[0.139s] -- Detecting C compile features
[0.139s] -- Detecting C compile features - done
[0.141s] -- Detecting CXX compiler ABI info
[0.195s] -- Detecting CXX compiler ABI info - done
[0.200s] -- Check for working CXX compiler: /usr/bin/c++ - skipped
[0.200s] -- Detecting CXX compile features
[0.200s] -- Detecting CXX compile features - done
[0.202s] -- Found ament_cmake: 1.3.5 (/opt/ros/humble/share/ament_cmake/cmake)
[0.324s] -- Found Python3: /usr/bin/python3.10 (found version "3.10.12") found components: Interpreter 
[0.389s] -- Found rclcpp: 16.0.5 (/opt/ros/humble/share/rclcpp/cmake)
[0.421s] -- Found rosidl_generator_c: 3.1.5 (/opt/ros/humble/share/rosidl_generator_c/cmake)
[0.425s] -- Found rosidl_adapter: 3.1.5 (/opt/ros/humble/share/rosidl_adapter/cmake)
[0.431s] -- Found rosidl_generator_cpp: 3.1.5 (/opt/ros/humble/share/rosidl_generator_cpp/cmake)
[0.441s] -- Using all available rosidl_typesupport_c: rosidl_typesupport_fastrtps_c;rosidl_typesupport_introspection_c
[0.455s] -- Using all available rosidl_typesupport_cpp: rosidl_typesupport_fastrtps_cpp;rosidl_typesupport_introspection_cpp
[0.506s] -- Found rmw_implementation_cmake: 6.1.1 (/opt/ros/humble/share/rmw_implementation_cmake/cmake)
[0.509s] -- Found rmw_fastrtps_cpp: 6.2.3 (/opt/ros/humble/share/rmw_fastrtps_cpp/cmake)
[0.582s] -- Found OpenSSL: /usr/lib/x86_64-linux-gnu/libcrypto.so (found version "3.0.2")  
[0.602s] -- Found FastRTPS: /opt/ros/humble/include  
[0.639s] -- Using RMW implementation 'rmw_fastrtps_cpp' as default
[0.646s] -- Looking for pthread.h
[0.703s] -- Looking for pthread.h - found
[0.703s] -- Performing Test CMAKE_HAVE_LIBC_PTHREAD
[0.762s] -- Performing Test CMAKE_HAVE_LIBC_PTHREAD - Success
[0.763s] -- Found Threads: TRUE  
[0.886s] -- Found base_interfaces_demo: 0.0.0 (/home/pz10on/Work/ws01_plumbing/install/base_interfaces_demo/share/base_interfaces_demo/cmake)
[1.006s] -- Found geometry_msgs: 4.2.3 (/opt/ros/humble/share/geometry_msgs/cmake)
[1.042s] -- Found rclcpp_action: 16.0.5 (/opt/ros/humble/share/rclcpp_action/cmake)
[1.067s] -- Found ament_lint_auto: 0.12.7 (/opt/ros/humble/share/ament_lint_auto/cmake)
[1.128s] -- Added test 'cppcheck' to perform static code analysis on C / C++ code
[1.128s] -- Configured cppcheck include dirs: $<BUILD_INTERFACE:/home/pz10on/Work/ws01_plumbing/src/cpp07_exec1/include>
[1.128s] -- Configured cppcheck exclude dirs and/or files: 
[1.128s] -- Added test 'flake8' to check Python code syntax and style conventions
[1.128s] -- Added test 'lint_cmake' to check CMake code style
[1.129s] -- Added test 'pep257' to check Python code against some of the docstring style conventions in PEP 257
[1.130s] -- Added test 'uncrustify' to check C / C++ code style
[1.130s] -- Configured uncrustify additional arguments: 
[1.130s] -- Added test 'xmllint' to check XML markup files
[1.131s] -- Configuring done
[1.139s] -- Generating done
[1.139s] -- Build files have been written to: /home/pz10on/Work/ws01_plumbing/build/cpp07_exec1
[1.147s] Invoked command in '/home/pz10on/Work/ws01_plumbing/build/cpp07_exec1' returned '0': CMAKE_PREFIX_PATH=/home/pz10on/Work/ws01_plumbing/install/base_interfaces_demo:/home/pz10on/Work/ws01_plumbing/install/myfirst_matepkg:/home/pz10on/Work/ws01_plumbing/install/cpp06_time:/home/pz10on/Work/ws01_plumbing/install/cpp05_names:/home/pz10on/Work/ws01_plumbing/install/cpp04_param:/home/pz10on/Work/ws01_plumbing/install/cpp03_action:/home/pz10on/Work/ws01_plumbing/install/cpp02_service:/home/pz10on/Work/ws01_plumbing/install/cpp01_topic:/opt/ros/humble /usr/bin/cmake /home/pz10on/Work/ws01_plumbing/src/cpp07_exec1 -DCMAKE_INSTALL_PREFIX=/home/pz10on/Work/ws01_plumbing/install/cpp07_exec1
[1.149s] Invoking command in '/home/pz10on/Work/ws01_plumbing/build/cpp07_exec1': CMAKE_PREFIX_PATH=/home/pz10on/Work/ws01_plumbing/install/base_interfaces_demo:/home/pz10on/Work/ws01_plumbing/install/myfirst_matepkg:/home/pz10on/Work/ws01_plumbing/install/cpp06_time:/home/pz10on/Work/ws01_plumbing/install/cpp05_names:/home/pz10on/Work/ws01_plumbing/install/cpp04_param:/home/pz10on/Work/ws01_plumbing/install/cpp03_action:/home/pz10on/Work/ws01_plumbing/install/cpp02_service:/home/pz10on/Work/ws01_plumbing/install/cpp01_topic:/opt/ros/humble /usr/bin/cmake --build /home/pz10on/Work/ws01_plumbing/build/cpp07_exec1 -- -j12 -l12
[1.189s] [ 50%] [32mBuilding CXX object CMakeFiles/exec1_pub_sub.dir/src/exec1_pub_sub.cpp.o[0m
[3.521s] [100%] [32m[1mLinking CXX executable exec1_pub_sub[0m
[3.609s] [100%] Built target exec1_pub_sub
[3.617s] Invoked command in '/home/pz10on/Work/ws01_plumbing/build/cpp07_exec1' returned '0': CMAKE_PREFIX_PATH=/home/pz10on/Work/ws01_plumbing/install/base_interfaces_demo:/home/pz10on/Work/ws01_plumbing/install/myfirst_matepkg:/home/pz10on/Work/ws01_plumbing/install/cpp06_time:/home/pz10on/Work/ws01_plumbing/install/cpp05_names:/home/pz10on/Work/ws01_plumbing/install/cpp04_param:/home/pz10on/Work/ws01_plumbing/install/cpp03_action:/home/pz10on/Work/ws01_plumbing/install/cpp02_service:/home/pz10on/Work/ws01_plumbing/install/cpp01_topic:/opt/ros/humble /usr/bin/cmake --build /home/pz10on/Work/ws01_plumbing/build/cpp07_exec1 -- -j12 -l12
[3.641s] Invoking command in '/home/pz10on/Work/ws01_plumbing/build/cpp07_exec1': CMAKE_PREFIX_PATH=/home/pz10on/Work/ws01_plumbing/install/base_interfaces_demo:/home/pz10on/Work/ws01_plumbing/install/myfirst_matepkg:/home/pz10on/Work/ws01_plumbing/install/cpp06_time:/home/pz10on/Work/ws01_plumbing/install/cpp05_names:/home/pz10on/Work/ws01_plumbing/install/cpp04_param:/home/pz10on/Work/ws01_plumbing/install/cpp03_action:/home/pz10on/Work/ws01_plumbing/install/cpp02_service:/home/pz10on/Work/ws01_plumbing/install/cpp01_topic:/opt/ros/humble /usr/bin/cmake --install /home/pz10on/Work/ws01_plumbing/build/cpp07_exec1
[3.646s] -- Install configuration: ""
[3.646s] -- Installing: /home/pz10on/Work/ws01_plumbing/install/cpp07_exec1/lib/cpp07_exec1/exec1_pub_sub
[3.647s] -- Set runtime path of "/home/pz10on/Work/ws01_plumbing/install/cpp07_exec1/lib/cpp07_exec1/exec1_pub_sub" to ""
[3.647s] -- Installing: /home/pz10on/Work/ws01_plumbing/install/cpp07_exec1/shere/cpp07_exec1/launch
[3.647s] -- Installing: /home/pz10on/Work/ws01_plumbing/install/cpp07_exec1/shere/cpp07_exec1/launch/exec01_pub_sub_launch.py
[3.647s] -- Installing: /home/pz10on/Work/ws01_plumbing/install/cpp07_exec1/share/ament_index/resource_index/package_run_dependencies/cpp07_exec1
[3.647s] -- Installing: /home/pz10on/Work/ws01_plumbing/install/cpp07_exec1/share/ament_index/resource_index/parent_prefix_path/cpp07_exec1
[3.647s] -- Installing: /home/pz10on/Work/ws01_plumbing/install/cpp07_exec1/share/cpp07_exec1/environment/ament_prefix_path.sh
[3.647s] -- Installing: /home/pz10on/Work/ws01_plumbing/install/cpp07_exec1/share/cpp07_exec1/environment/ament_prefix_path.dsv
[3.647s] -- Installing: /home/pz10on/Work/ws01_plumbing/install/cpp07_exec1/share/cpp07_exec1/environment/path.sh
[3.647s] -- Installing: /home/pz10on/Work/ws01_plumbing/install/cpp07_exec1/share/cpp07_exec1/environment/path.dsv
[3.647s] -- Installing: /home/pz10on/Work/ws01_plumbing/install/cpp07_exec1/share/cpp07_exec1/local_setup.bash
[3.647s] -- Installing: /home/pz10on/Work/ws01_plumbing/install/cpp07_exec1/share/cpp07_exec1/local_setup.sh
[3.647s] -- Installing: /home/pz10on/Work/ws01_plumbing/install/cpp07_exec1/share/cpp07_exec1/local_setup.zsh
[3.648s] -- Installing: /home/pz10on/Work/ws01_plumbing/install/cpp07_exec1/share/cpp07_exec1/local_setup.dsv
[3.648s] -- Installing: /home/pz10on/Work/ws01_plumbing/install/cpp07_exec1/share/cpp07_exec1/package.dsv
[3.648s] -- Installing: /home/pz10on/Work/ws01_plumbing/install/cpp07_exec1/share/ament_index/resource_index/packages/cpp07_exec1
[3.648s] -- Installing: /home/pz10on/Work/ws01_plumbing/install/cpp07_exec1/share/cpp07_exec1/cmake/cpp07_exec1Config.cmake
[3.648s] -- Installing: /home/pz10on/Work/ws01_plumbing/install/cpp07_exec1/share/cpp07_exec1/cmake/cpp07_exec1Config-version.cmake
[3.648s] -- Installing: /home/pz10on/Work/ws01_plumbing/install/cpp07_exec1/share/cpp07_exec1/package.xml
[3.650s] Invoked command in '/home/pz10on/Work/ws01_plumbing/build/cpp07_exec1' returned '0': CMAKE_PREFIX_PATH=/home/pz10on/Work/ws01_plumbing/install/base_interfaces_demo:/home/pz10on/Work/ws01_plumbing/install/myfirst_matepkg:/home/pz10on/Work/ws01_plumbing/install/cpp06_time:/home/pz10on/Work/ws01_plumbing/install/cpp05_names:/home/pz10on/Work/ws01_plumbing/install/cpp04_param:/home/pz10on/Work/ws01_plumbing/install/cpp03_action:/home/pz10on/Work/ws01_plumbing/install/cpp02_service:/home/pz10on/Work/ws01_plumbing/install/cpp01_topic:/opt/ros/humble /usr/bin/cmake --install /home/pz10on/Work/ws01_plumbing/build/cpp07_exec1
