[0.020s] Invoking command in '/home/pz10on/Work/ws01_plumbing/build/cpp05_names': CMAKE_PREFIX_PATH=${CMAKE_PREFIX_PATH}:/opt/ros/humble /usr/bin/cmake --build /home/pz10on/Work/ws01_plumbing/build/cpp05_names -- -j12 -l12
[0.050s] [35m[1mConsolidate compiler generated dependencies of target demo01_names[0m
[0.060s] [100%] Built target demo01_names
[0.075s] Invoked command in '/home/pz10on/Work/ws01_plumbing/build/cpp05_names' returned '0': CMAKE_PREFIX_PATH=${CMAKE_PREFIX_PATH}:/opt/ros/humble /usr/bin/cmake --build /home/pz10on/Work/ws01_plumbing/build/cpp05_names -- -j12 -l12
[0.103s] Invoking command in '/home/pz10on/Work/ws01_plumbing/build/cpp05_names': CMAKE_PREFIX_PATH=${CMAKE_PREFIX_PATH}:/opt/ros/humble /usr/bin/cmake --install /home/pz10on/Work/ws01_plumbing/build/cpp05_names
[0.109s] -- Install configuration: ""
[0.109s] -- Up-to-date: /home/pz10on/Work/ws01_plumbing/install/cpp05_names/share/cpp05_names/launch
[0.110s] -- Installing: /home/pz10on/Work/ws01_plumbing/install/cpp05_names/share/cpp05_names/launch/demo01_names_launch.py
[0.110s] -- Up-to-date: /home/pz10on/Work/ws01_plumbing/install/cpp05_names/lib/cpp05_names/demo01_names
[0.110s] -- Up-to-date: /home/pz10on/Work/ws01_plumbing/install/cpp05_names/share/ament_index/resource_index/package_run_dependencies/cpp05_names
[0.110s] -- Up-to-date: /home/pz10on/Work/ws01_plumbing/install/cpp05_names/share/ament_index/resource_index/parent_prefix_path/cpp05_names
[0.110s] -- Up-to-date: /home/pz10on/Work/ws01_plumbing/install/cpp05_names/share/cpp05_names/environment/ament_prefix_path.sh
[0.110s] -- Up-to-date: /home/pz10on/Work/ws01_plumbing/install/cpp05_names/share/cpp05_names/environment/ament_prefix_path.dsv
[0.110s] -- Up-to-date: /home/pz10on/Work/ws01_plumbing/install/cpp05_names/share/cpp05_names/environment/path.sh
[0.110s] -- Up-to-date: /home/pz10on/Work/ws01_plumbing/install/cpp05_names/share/cpp05_names/environment/path.dsv
[0.110s] -- Up-to-date: /home/pz10on/Work/ws01_plumbing/install/cpp05_names/share/cpp05_names/local_setup.bash
[0.110s] -- Up-to-date: /home/pz10on/Work/ws01_plumbing/install/cpp05_names/share/cpp05_names/local_setup.sh
[0.110s] -- Up-to-date: /home/pz10on/Work/ws01_plumbing/install/cpp05_names/share/cpp05_names/local_setup.zsh
[0.110s] -- Up-to-date: /home/pz10on/Work/ws01_plumbing/install/cpp05_names/share/cpp05_names/local_setup.dsv
[0.111s] -- Up-to-date: /home/pz10on/Work/ws01_plumbing/install/cpp05_names/share/cpp05_names/package.dsv
[0.111s] -- Up-to-date: /home/pz10on/Work/ws01_plumbing/install/cpp05_names/share/ament_index/resource_index/packages/cpp05_names
[0.111s] -- Up-to-date: /home/pz10on/Work/ws01_plumbing/install/cpp05_names/share/cpp05_names/cmake/cpp05_namesConfig.cmake
[0.111s] -- Up-to-date: /home/pz10on/Work/ws01_plumbing/install/cpp05_names/share/cpp05_names/cmake/cpp05_namesConfig-version.cmake
[0.111s] -- Up-to-date: /home/pz10on/Work/ws01_plumbing/install/cpp05_names/share/cpp05_names/package.xml
[0.112s] Invoked command in '/home/pz10on/Work/ws01_plumbing/build/cpp05_names' returned '0': CMAKE_PREFIX_PATH=${CMAKE_PREFIX_PATH}:/opt/ros/humble /usr/bin/cmake --install /home/pz10on/Work/ws01_plumbing/build/cpp05_names
